Log file open, 11/21/17 22:54:01
LogWindows: LoadLibraryWithSearchPaths failed for file aqProf.dll. GetLastError=0
LogWindows: LoadLibraryWithSearchPaths failed for file VtuneApi.dll. GetLastError=0
LogWindows: LoadLibraryWithSearchPaths failed for file VtuneApi32e.dll. GetLastError=0
LogInit: Display: Running engine for game: ProjektX_V0_0
LogPlatformFile: Not using cached read wrapper
LogInit: Display: RandInit(2087133523) SRandInit(2087133523).
LogTaskGraph: Started task graph with 5 named threads and 8 total threads with 3 sets of task threads.
LogStats: Stats thread started at 0.168644
LogD3D11RHI: Aftermath initialized
LogPluginManager: Mounting plugin Paper2D
LogPluginManager: Mounting plugin LightPropagationVolume
LogPluginManager: Mounting plugin CodeLiteSourceCodeAccess
LogPluginManager: Mounting plugin GitSourceControl
LogPluginManager: Mounting plugin KDevelopSourceCodeAccess
LogPluginManager: Mounting plugin NullSourceCodeAccess
LogPluginManager: Mounting plugin PerforceSourceControl
LogPluginManager: Mounting plugin SubversionSourceControl
LogPluginManager: Mounting plugin UObjectPlugin
LogPluginManager: Mounting plugin VisualStudioSourceCodeAccess
LogPluginManager: Mounting plugin XCodeSourceCodeAccess
LogPluginManager: Mounting plugin AssetManagerEditor
LogPluginManager: Mounting plugin AudioCapture
LogPluginManager: Mounting plugin FacialAnimation
LogPluginManager: Mounting plugin GameplayTagsEditor
LogPluginManager: Mounting plugin MobileLauncherProfileWizard
LogPluginManager: Mounting plugin PluginBrowser
LogPluginManager: Mounting plugin SpeedTreeImporter
LogPluginManager: Mounting plugin AlembicImporter
LogPluginManager: Mounting plugin CharacterAI
LogPluginManager: Mounting plugin HTML5Networking
LogPluginManager: Mounting plugin AndroidMedia
LogPluginManager: Mounting plugin AvfMedia
LogPluginManager: Mounting plugin MediaPlayerEditor
LogPluginManager: Mounting plugin WmfMedia
LogPluginManager: Mounting plugin TcpMessaging
LogPluginManager: Mounting plugin UdpMessaging
LogPluginManager: Mounting plugin LevelSequenceEditor
LogPluginManager: Mounting plugin MatineeToLevelSequence
LogPluginManager: Mounting plugin OnlineSubsystemGooglePlay
LogPluginManager: Mounting plugin OnlineSubsystemIOS
LogPluginManager: Mounting plugin OnlineSubsystem
LogPluginManager: Mounting plugin OnlineSubsystemNull
LogPluginManager: Mounting plugin OnlineSubsystemUtils
LogPluginManager: Mounting plugin AndroidDeviceProfileSelector
LogPluginManager: Mounting plugin AndroidMoviePlayer
LogPluginManager: Mounting plugin AndroidPermission
LogPluginManager: Mounting plugin AppleMoviePlayer
LogPluginManager: Mounting plugin ArchVisCharacter
LogPluginManager: Mounting plugin CableComponent
LogPluginManager: Mounting plugin CustomMeshComponent
LogPluginManager: Mounting plugin ExampleDeviceProfileSelector
LogPluginManager: Mounting plugin GoogleCloudMessaging
LogPluginManager: Mounting plugin ImmediatePhysics
LogPluginManager: Mounting plugin IOSDeviceProfileSelector
LogPluginManager: Mounting plugin LinuxDeviceProfileSelector
LogPluginManager: Mounting plugin LocationServicesBPLibrary
LogPluginManager: Mounting plugin MobilePatchingUtils
LogPluginManager: Mounting plugin OculusVR
LogPluginManager: Mounting plugin PhysXVehicles
LogPluginManager: Mounting plugin ProceduralMeshComponent
LogPluginManager: Mounting plugin RuntimePhysXCooking
LogPluginManager: Mounting plugin SteamVR
LogPluginManager: Mounting plugin WindowsMoviePlayer
LogInit: Using libcurl 7.47.1
LogInit:  - built for x86_64-pc-win32
LogInit:  - supports SSL with OpenSSL/1.0.2g
LogInit:  - supports HTTP deflate (compression) using libz 1.2.8
LogInit:  - other features:
LogInit:      CURL_VERSION_SSL
LogInit:      CURL_VERSION_LIBZ
LogInit:      CURL_VERSION_IPV6
LogInit:      CURL_VERSION_ASYNCHDNS
LogInit:      CURL_VERSION_LARGEFILE
LogInit:      CURL_VERSION_IDN
LogInit:  CurlRequestOptions (configurable via config and command line):
LogInit:  - bVerifyPeer = false  - Libcurl will NOT verify peer certificate
LogInit:  - bUseHttpProxy = false  - Libcurl will NOT use HTTP proxy
LogInit:  - bDontReuseConnections = false  - Libcurl will reuse connections
LogInit:  - CertBundlePath = nullptr  - Libcurl will use whatever was configured at build time.
LogInit: Build: ++UE4+Release-4.17-CL-3586342
LogInit: Engine Version: 4.17.1-3586342+++UE4+Release-4.17
LogInit: Compatible Engine Version: 4.17.0-3573198+++UE4+Release-4.17
LogInit: Net CL: 3573198
LogDevObjectVersion: Number of dev versions registered: 16
LogDevObjectVersion:   Dev-Blueprints (B0D832E4-1F89-4F0D-ACCF-7EB736FD4AA2): 10
LogDevObjectVersion:   Dev-Build (E1C64328-A22C-4D53-A36C-8E866417BD8C): 0
LogDevObjectVersion:   Dev-Core (375EC13C-06E4-48FB-B500-84F0262A717E): 2
LogDevObjectVersion:   Dev-Editor (E4B068ED-F494-42E9-A231-DA0B2E46BB41): 20
LogDevObjectVersion:   Dev-Framework (CFFC743F-43B0-4480-9391-14DF171D2073): 28
LogDevObjectVersion:   Dev-Mobile (B02B49B5-BB20-44E9-A304-32B752E40360): 0
LogDevObjectVersion:   Dev-Networking (A4E4105C-59A1-49B5-A7C5-40C4547EDFEE): 0
LogDevObjectVersion:   Dev-Online (39C831C9-5AE6-47DC-9A44-9C173E1C8E7C): 0
LogDevObjectVersion:   Dev-Physics (78F01B33-EBEA-4F98-B9B4-84EACCB95AA2): 0
LogDevObjectVersion:   Dev-Platform (6631380F-2D4D-43E0-8009-CF276956A95A): 0
LogDevObjectVersion:   Dev-Rendering (12F88B9F-8875-4AFC-A67C-D90C383ABD29): 19
LogDevObjectVersion:   Dev-Sequencer (7B5AE74C-D270-4C10-A958-57980B212A5A): 4
LogDevObjectVersion:   Dev-VR (D7296918-1DD6-4BDD-9DE2-64A83CC13884): 0
LogDevObjectVersion:   Dev-LoadTimes (C2A15278-BFE7-4AFE-6C17-90FF531DF755): 1
LogDevObjectVersion:   Private-Geometry (6EACA3D4-40EC-4CC1-B786-8BED09428FC5): 1
LogDevObjectVersion:   Dev-AnimPhys (29E575DD-E0A3-4627-9D10-D276232CDCEA): 7
LogInit: Compiled (64-bit): Aug 15 2017 02:05:26
LogInit: Compiled with Visual C++: 19.00.24215.01
LogInit: Build Configuration: Development
LogInit: Branch Name: ++UE4+Release-4.17
LogInit: Command line:  
LogInit: Base directory: C:/Program Files/Epic Games/UE_4.17/Engine/Binaries/Win64/
LogInit: Installed Engine Build: 1
LogInit: Presizing for max 8388607 objects, including 0 objects not considered by GC, pre-allocating 0 bytes for permanent pool.
LogInit: Object subsystem initialized
[2017.11.21-21.54.03:067][  0]LogInit: Selected Device Profile: [Windows]
[2017.11.21-21.54.03:067][  0]LogInit: Applying CVar settings loaded from the selected device profile: [Windows]
[2017.11.21-21.54.03:084][  0]LogInit: Computer: LEIF
[2017.11.21-21.54.03:084][  0]LogInit: User: Leif
[2017.11.21-21.54.03:084][  0]LogInit: CPU Page size=4096, Cores=2
[2017.11.21-21.54.03:084][  0]LogInit: High frequency timer resolution =2.338337 MHz
[2017.11.21-21.54.03:085][  0]LogMemory: Memory total: Physical=7.9GB (8GB approx)
[2017.11.21-21.54.03:085][  0]LogMemory: Platform Memory Stats for Windows
[2017.11.21-21.54.03:085][  0]LogMemory: Process Physical Memory: 277.79 MB used, 277.79 MB peak
[2017.11.21-21.54.03:085][  0]LogMemory: Process Virtual Memory: 276.13 MB used, 276.13 MB peak
[2017.11.21-21.54.03:085][  0]LogMemory: Physical Memory: 6955.00 MB used,  1139.46 MB free, 8094.46 MB total
[2017.11.21-21.54.03:085][  0]LogMemory: Virtual Memory: 667.30 MB used,  1139.46 MB free, 134217728.00 MB total
[2017.11.21-21.54.03:437][  0]LogInit: Using OS detected language (de-DE).
[2017.11.21-21.54.03:437][  0]LogInit: Using OS detected locale (de-DE).
[2017.11.21-21.54.03:446][  0]LogTextLocalizationManager: No localization for 'de-DE' exists, so 'en' will be used for the language.
[2017.11.21-21.54.03:447][  0]LogTextLocalizationManager: No localization for 'de-DE' exists, so 'en' will be used for the locale.
[2017.11.21-21.54.04:626][  0]LogD3D11RHI: D3D11 adapters:
[2017.11.21-21.54.04:659][  0]LogD3D11RHI:    0. 'NVIDIA GeForce 940M' (Feature Level 11_0)
[2017.11.21-21.54.04:660][  0]LogD3D11RHI:       2019/0/4047 MB DedicatedVideo/DedicatedSystem/SharedSystem, Outputs:1, VendorId:0x10de
[2017.11.21-21.54.04:666][  0]LogD3D11RHI:    1. 'Intel(R) HD Graphics 5500' (Feature Level 11_0)
[2017.11.21-21.54.04:666][  0]LogD3D11RHI:       128/0/4047 MB DedicatedVideo/DedicatedSystem/SharedSystem, Outputs:0, VendorId:0x8086
[2017.11.21-21.54.04:668][  0]LogD3D11RHI:    2. 'Microsoft Basic Render Driver' (Feature Level 11_0)
[2017.11.21-21.54.04:668][  0]LogD3D11RHI:       0/0/4047 MB DedicatedVideo/DedicatedSystem/SharedSystem, Outputs:0, VendorId:0x1414
[2017.11.21-21.54.04:668][  0]LogD3D11RHI: Chosen D3D11 Adapter: 0
[2017.11.21-21.54.04:678][  0]LogD3D11RHI: Creating new Direct3DDevice
[2017.11.21-21.54.04:678][  0]LogD3D11RHI:     GPU DeviceId: 0x1347 (for the marketing name, search the web for "GPU Device Id")
[2017.11.21-21.54.04:678][  0]LogWindows: EnumDisplayDevices:
[2017.11.21-21.54.04:678][  0]LogWindows:    0. 'Intel(R) HD Graphics 5500' (P:1 D:1)
[2017.11.21-21.54.04:678][  0]LogWindows:    1. 'Intel(R) HD Graphics 5500' (P:0 D:0)
[2017.11.21-21.54.04:679][  0]LogWindows:    2. 'Intel(R) HD Graphics 5500' (P:0 D:0)
[2017.11.21-21.54.04:679][  0]LogWindows: DebugString: PrimaryIsNotTheChoosenAdapter PrimaryIsNotTheChoosenAdapter PrimaryIsNotTheChoosenAdapter FoundDriverCount:0 
[2017.11.21-21.54.04:679][  0]LogD3D11RHI:     Adapter Name: NVIDIA GeForce 940M
[2017.11.21-21.54.04:679][  0]LogD3D11RHI:   Driver Version: Unknown (internal:Unknown, unified:Unknown)
[2017.11.21-21.54.04:679][  0]LogD3D11RHI:      Driver Date: Unknown
[2017.11.21-21.54.04:679][  0]LogRHI: Texture pool is 1361 MB (70% of 1945 MB)
[2017.11.21-21.54.04:699][  0]LogD3D11RHI: Async texture creation enabled
[2017.11.21-21.54.04:719][  0]LogD3D11RHI: GPU Timing Frequency: 1000.000000 (Debug: 2 2)
[2017.11.21-21.54.04:720][  0]LogShaderCompilers: Guid format shader working directory is -35 characters bigger than the processId version (../../../../../../Users/Leif/Documents/GitHub/Projekt-B-Projekt-X/ProjektX_V0_1/Intermediate/Shaders/WorkingDirectory/11676/).
[2017.11.21-21.54.04:721][  0]LogShaderCompilers: Cleaned the shader compiler working directory 'C:/Users/Leif/AppData/Local/Temp/UnrealShaderWorkingDir/B86745DB44922A3AFD7C0FAD4F6152A0/'.
[2017.11.21-21.54.04:721][  0]LogShaderCompilers: Display: Using Local Shader Compiler.
[2017.11.21-21.54.06:574][  0]LogTemp: Display: Loaded TP AllDesktopTargetPlatform
[2017.11.21-21.54.06:679][  0]LogTemp: Display: Loaded TP MacClientTargetPlatform
[2017.11.21-21.54.06:789][  0]LogTemp: Display: Loaded TP MacNoEditorTargetPlatform
[2017.11.21-21.54.06:895][  0]LogTemp: Display: Loaded TP MacServerTargetPlatform
[2017.11.21-21.54.07:003][  0]LogTemp: Display: Loaded TP MacTargetPlatform
[2017.11.21-21.54.07:096][  0]LogTemp: Display: Loaded TP WindowsClientTargetPlatform
[2017.11.21-21.54.07:187][  0]LogTemp: Display: Loaded TP WindowsNoEditorTargetPlatform
[2017.11.21-21.54.07:285][  0]LogTemp: Display: Loaded TP WindowsServerTargetPlatform
[2017.11.21-21.54.07:379][  0]LogTemp: Display: Loaded TP WindowsTargetPlatform
[2017.11.21-21.54.07:473][  0]LogTemp: Display: Loaded TP AndroidTargetPlatform
[2017.11.21-21.54.07:560][  0]LogTemp: Display: Loaded TP Android_ASTCTargetPlatform
[2017.11.21-21.54.07:632][  0]LogTemp: Display: Loaded TP Android_ATCTargetPlatform
[2017.11.21-21.54.07:706][  0]LogTemp: Display: Loaded TP Android_DXTTargetPlatform
[2017.11.21-21.54.07:783][  0]LogTemp: Display: Loaded TP Android_ETC1TargetPlatform
[2017.11.21-21.54.07:857][  0]LogTemp: Display: Loaded TP Android_ETC2TargetPlatform
[2017.11.21-21.54.08:010][  0]LogTemp: Display: Loaded TP Android_MultiTargetPlatform
[2017.11.21-21.54.08:010][  0]LogTemp: Display: Loaded TP Android_PVRTCTargetPlatform
[2017.11.21-21.54.08:071][  0]LogTemp: Display: Loaded TP HTML5TargetPlatform
[2017.11.21-21.54.08:198][  0]LogTemp: Display: Loaded TP IOSTargetPlatform
[2017.11.21-21.54.08:241][  0]LogTemp: Display: Loaded TP TVOSTargetPlatform
[2017.11.21-21.54.08:327][  0]LogTemp: Display: Loaded TP LinuxClientTargetPlatform
[2017.11.21-21.54.08:429][  0]LogTemp: Display: Loaded TP LinuxNoEditorTargetPlatform
[2017.11.21-21.54.08:516][  0]LogTemp: Display: Loaded TP LinuxServerTargetPlatform
[2017.11.21-21.54.08:587][  0]LogTemp: Display: Loaded TP LinuxTargetPlatform
[2017.11.21-21.54.08:587][  0]LogTargetPlatformManager: Display: Building Assets For Windows
[2017.11.21-21.54.09:322][  0]LogDerivedDataCache: Display: Max Cache Size: 512 MB
[2017.11.21-21.54.09:481][  0]LogDerivedDataCache: Loaded boot cache 0.16s 93MB C:/Users/Leif/AppData/Local/UnrealEngine/4.17/DerivedDataCache/Boot.ddc.
[2017.11.21-21.54.09:481][  0]LogDerivedDataCache: Display: Loaded Boot cache: C:/Users/Leif/AppData/Local/UnrealEngine/4.17/DerivedDataCache/Boot.ddc
[2017.11.21-21.54.09:482][  0]LogDerivedDataCache: FDerivedDataBackendGraph:  Pak pak cache file ../../../../../../Users/Leif/Documents/GitHub/Projekt-B-Projekt-X/ProjektX_V0_1/DerivedDataCache/DDC.ddp not found, will not use a pak cache.
[2017.11.21-21.54.09:482][  0]LogDerivedDataCache: Unable to find inner node Pak for hierarchical cache Hierarchy.
[2017.11.21-21.54.09:482][  0]LogDerivedDataCache: FDerivedDataBackendGraph:  CompressedPak pak cache file ../../../../../../Users/Leif/Documents/GitHub/Projekt-B-Projekt-X/ProjektX_V0_1/DerivedDataCache/Compressed.ddp not found, will not use a pak cache.
[2017.11.21-21.54.09:482][  0]LogDerivedDataCache: Unable to find inner node CompressedPak for hierarchical cache Hierarchy.
[2017.11.21-21.54.09:513][  0]LogDerivedDataCache: Display: Pak cache opened for reading ../../../Engine/DerivedDataCache/Compressed.ddp.
[2017.11.21-21.54.09:526][  0]LogDerivedDataCache: Using Local data cache path C:/Users/Leif/AppData/Local/UnrealEngine/Common/DerivedDataCache: Writable
[2017.11.21-21.54.09:544][  0]LogMaterial: Verifying Global Shaders for PCD3D_SM5
[2017.11.21-21.54.09:544][  0]LogSlate: Using Freetype 2.6.0
[2017.11.21-21.54.09:545][  0]LogSlate: SlateFontCache - WITH_FREETYPE: 1, WITH_HARFBUZZ: 1
[2017.11.21-21.54.09:545][  0]LogSlate: SlateFontCache - WITH_FREETYPE: 1, WITH_HARFBUZZ: 1
[2017.11.21-21.54.09:960][  0]LogAssetRegistry: FAssetRegistry took 0.0285 seconds to start up
[2017.11.21-21.54.10:157][  0]LogInit: Selected Device Profile: [Windows]
[2017.11.21-21.54.10:352][  0]LogContentStreaming: Texture pool size is 0.00 MB
[2017.11.21-21.54.10:920][  0]LogSimplygon: Simplygon DLL not present - disabling.
[2017.11.21-21.54.10:992][  0]LogMeshReduction: Using SimplygonSwarm for distributed automatic mesh merging
[2017.11.21-21.54.10:992][  0]LogMeshReduction: Using QuadricMeshReduction for automatic static mesh reduction
[2017.11.21-21.54.10:992][  0]LogMeshReduction: No automatic skeletal mesh reduction module available
[2017.11.21-21.54.10:992][  0]LogMeshReduction: No automatic mesh merging module available
[2017.11.21-21.54.10:992][  0]LogMeshMerging: No automatic mesh merging module available
[2017.11.21-21.54.11:491][  0]LogNetVersion: ProjektX_V0_0 , NetCL: 3573198, EngineNetVer: 2, GameNetVer: 0 (Checksum: 2444259609)
[2017.11.21-21.54.11:792][  0]LogPackageLocalizationCache: Processed 5 localized package path(s) for 1 prioritized culture(s) in 0.054088 seconds
[2017.11.21-21.54.11:802][  0]LogUObjectArray: 35825 objects as part of root set at end of initial load.
[2017.11.21-21.54.11:802][  0]LogUObjectAllocator: 7529112 out of 0 bytes used by permanent object pool.
[2017.11.21-21.54.11:802][  0]LogUObjectArray: CloseDisregardForGC: 0/0 objects in disregard for GC pool
[2017.11.21-21.54.11:897][  0]LogInit: WinSock: version 1.1 (2.2), MaxSocks=32767, MaxUdp=65467
[2017.11.21-21.54.16:676][  0]LogTcpMessaging: Initializing TcpMessaging bridge
[2017.11.21-21.54.16:732][  0]LogUdpMessaging: Initializing bridge on interface 0.0.0.0:0 to multicast group 230.0.0.1:6666.
[2017.11.21-21.54.17:690][  0]LogMaterial: Uniform references updated for custom material expression Custom.
[2017.11.21-21.54.18:296][  0]SourceControl: Source control is disabled
[2017.11.21-21.54.20:009][  0]LogAndroidPermission: UAndroidPermissionCallbackProxy::GetInstance
[2017.11.21-21.54.20:438][  0]LogOcInput: OculusInput pre-init called
[2017.11.21-21.54.20:844][  0]LogEngine: Initializing Engine...
[2017.11.21-21.54.20:846][  0]LogHMD: Failed to initialize OpenVR with code 110
[2017.11.21-21.54.21:148][  0]LogStats: UGameplayTagsManager::ConstructGameplayTagTree: Construct from data asset -  0.000 s
[2017.11.21-21.54.21:148][  0]LogStats: UGameplayTagsManager::ConstructGameplayTagTree: GameplayTagTreeChangedEvent.Broadcast -  0.000 s
[2017.11.21-21.54.21:389][  0]LogAIModule: Creating AISystem for world Untitled
[2017.11.21-21.54.21:397][  0]LogInit: XAudio2 using 'Speakers (Conexant SmartAudio HD)' : 2 channels at 48 kHz using 32 bits per sample (channel mask 0x3)
[2017.11.21-21.54.21:419][  0]LogInit: FAudioDevice initialized.
[2017.11.21-21.54.21:533][  0]LogDerivedDataCache: Saved boot cache 0.11s 93MB C:/Users/Leif/AppData/Local/UnrealEngine/4.17/DerivedDataCache/Boot.ddc.
[2017.11.21-21.54.21:550][  0]LogInit: Texture streaming: Enabled
[2017.11.21-21.54.21:738][  0]LogEngineSessionManager: EngineSessionManager initialized
[2017.11.21-21.54.22:104][  0]LogInit: Transaction tracking system initialized
[2017.11.21-21.54.22:669][  0]BlueprintLog: New page: Editor Load
[2017.11.21-21.54.24:387][  0]LocalizationService: Localization service is disabled
[2017.11.21-21.54.25:616][  0]LogConsoleResponse: Display: 
[2017.11.21-21.54.25:897][  0]LogCook: Display: Max memory allowance for cook 16384mb min free memory 0mb
[2017.11.21-21.54.25:897][  0]LogCook: Display: Mobile HDR setting 1
[2017.11.21-21.54.25:897][  0]LogGameplayTags: Display: UGameplayTagsManager::DoneAddingNativeTags. DelegateIsBound: 0
[2017.11.21-21.54.26:388][  0]LogFileCache: Scanning file cache for directory 'C:/Users/Leif/Documents/GitHub/Projekt-B-Projekt-X/ProjektX_V0_1/Content/' took 0.01s
[2017.11.21-21.54.27:449][  0]Cmd: MAP LOAD FILE="../../../../../../Users/Leif/Documents/GitHub/Projekt-B-Projekt-X/ProjektX_V0_1/Content/2DSideScrollerBP/Maps/2DSideScrollerExampleMap.umap" TEMPLATE=0 SHOWPROGRESS=1 FEATURELEVEL=3
[2017.11.21-21.54.27:450][  0]LightingResults: New page: Lighting Build
[2017.11.21-21.54.27:506][  0]MapCheck: New page: Map Check
[2017.11.21-21.54.27:506][  0]LightingResults: New page: Lighting Build
[2017.11.21-21.54.28:073][  0]LogAIModule: Creating AISystem for world 2DSideScrollerExampleMap
[2017.11.21-21.54.28:085][  0]LogEditorServer: Finished looking for orphan Actors (0.000 secs)
[2017.11.21-21.54.28:104][  0]Cmd: MAP CHECKDEP NOCLEARLOG
[2017.11.21-21.54.28:173][  0]MapCheck: Map check complete: 0 Error(s), 0 Warning(s), took 69.663ms to complete.
[2017.11.21-21.54.28:174][  0]LogFileHelpers: Loading map '2DSideScrollerExampleMap' took 0.724
[2017.11.21-21.54.28:439][  0]LogCollectionManager: Loaded 0 collections in 0.003982 seconds
[2017.11.21-21.54.28:632][  0]LogFileCache: Scanning file cache for directory 'C:/Users/Leif/Documents/GitHub/Projekt-B-Projekt-X/ProjektX_V0_1/Saved/Collections/' took 0.02s
[2017.11.21-21.54.28:632][  0]LogFileCache: Scanning file cache for directory 'C:/Users/Leif/Documents/GitHub/Projekt-B-Projekt-X/ProjektX_V0_1/Content/Developers/Leif/Collections/' took 0.02s
[2017.11.21-21.54.28:632][  0]LogFileCache: Scanning file cache for directory 'C:/Users/Leif/Documents/GitHub/Projekt-B-Projekt-X/ProjektX_V0_1/Content/Collections/' took 0.01s
[2017.11.21-21.54.28:632][  0]LogCollectionManager: Rebuilt the GUID cache for 0 collections in 0.000001 seconds
[2017.11.21-21.54.28:652][  0]LogContentBrowser: Native class hierarchy populated in 0.0193 seconds. Added 2386 classes and 500 folders.
[2017.11.21-21.54.28:898][  0]LogContentBrowser: Native class hierarchy updated for 'WidgetCarousel' in 0.0012 seconds. Added 0 classes and 0 folders.
[2017.11.21-21.54.29:083][  0]LogContentBrowser: Native class hierarchy updated for 'AddContentDialog' in 0.0012 seconds. Added 0 classes and 0 folders.
[2017.11.21-21.54.29:197][  0]LogContentBrowser: Native class hierarchy updated for 'SceneOutliner' in 0.0010 seconds. Added 1 classes and 2 folders.
[2017.11.21-21.54.29:346][  0]LogSlate: Took 0.005762 seconds to synchronously load lazily loaded font '../../../Engine/Content/Slate/Fonts/Roboto-Regular.ttf' (155K)
[2017.11.21-21.54.29:352][  0]LogSlate: Took 0.001196 seconds to synchronously load lazily loaded font '../../../Engine/Content/Slate/Fonts/Roboto-Bold.ttf' (160K)
[2017.11.21-21.54.29:367][  0]LogSlate: Took 0.001939 seconds to synchronously load lazily loaded font '../../../Engine/Content/Editor/Slate/Fonts/FontAwesome.ttf' (139K)
[2017.11.21-21.54.29:529][  0]LogRenderer: Reallocating scene render targets to support 804x340 Format 10 NumSamples 1 (Frame:1).
[2017.11.21-21.54.29:948][  0]LogContentBrowser: Native class hierarchy updated for 'HierarchicalLODOutliner' in 0.0012 seconds. Added 1 classes and 2 folders.
[2017.11.21-21.54.29:948][  0]LogLoad: (Engine Initialization) Total time: 29.72 seconds
[2017.11.21-21.54.29:948][  0]LogLoad: (Engine Initialization) Total Blueprint compile time: 0.00 seconds
[2017.11.21-21.54.29:948][  0]LogExternalProfiler: Found external profiler: VSPerf
[2017.11.21-21.54.29:948][  0]LogExternalProfiler: Using external profiler: VSPerf
[2017.11.21-21.54.30:310][  0]SourceControl: On branch master
[2017.11.21-21.54.30:310][  0]SourceControl: Your branch is ahead of 'origin/master' by 3 commits.
[2017.11.21-21.54.30:311][  0]SourceControl:   (use "git push" to publish your local commits)
[2017.11.21-21.54.30:311][  0]SourceControl: Changes to be committed:
[2017.11.21-21.54.30:311][  0]SourceControl:   (use "git reset HEAD <file>..." to unstage)
[2017.11.21-21.54.30:311][  0]SourceControl: 	new file:   ProjektX_V0_1/Content/2DSideScrollerBP/Blueprints/NewBlueprint.uasset
[2017.11.21-21.54.30:311][  0]SourceControl: 	new file:   ProjektX_V0_1/Content/2DSideScrollerBP/Blueprints/TestStuff.uasset
[2017.11.21-21.54.30:311][  0]SourceControl: Changes not staged for commit:
[2017.11.21-21.54.30:311][  0]SourceControl:   (use "git add/rm <file>..." to update what will be committed)
[2017.11.21-21.54.30:311][  0]SourceControl:   (use "git checkout -- <file>..." to discard changes in working directory)
[2017.11.21-21.54.30:311][  0]SourceControl: 	modified:   ProjektX_V0_1/Config/DefaultEngine.ini
[2017.11.21-21.54.30:311][  0]SourceControl: 	modified:   ProjektX_V0_1/Config/DefaultInput.ini
[2017.11.21-21.54.30:311][  0]SourceControl: 	modified:   ProjektX_V0_1/Content/2DSideScroller/Sprites/Animations/JumpTest.uasset
[2017.11.21-21.54.30:311][  0]SourceControl: 	modified:   ProjektX_V0_1/Content/2DSideScroller/Sprites/leichter/Leicht.uasset
[2017.11.21-21.54.30:311][  0]SourceControl: 	modified:   ProjektX_V0_1/Content/2DSideScrollerBP/Blueprints/Bob.uasset
[2017.11.21-21.54.30:311][  0]SourceControl: 	deleted:    ProjektX_V0_1/Content/2DSideScrollerBP/Blueprints/NewBlueprint.uasset
[2017.11.21-21.54.30:311][  0]SourceControl: 	deleted:    ProjektX_V0_1/Content/2DSideScrollerBP/Blueprints/TestStuff.uasset
[2017.11.21-21.54.30:311][  0]SourceControl: 	modified:   ProjektX_V0_1/Content/2DSideScrollerBP/Maps/2DSideScrollerExampleMap.umap
[2017.11.21-21.54.30:311][  0]SourceControl: 	modified:   ProjektX_V0_1/Intermediate/AssetRegistryCache/c90e3f55.bin
[2017.11.21-21.54.30:311][  0]SourceControl: 	modified:   ProjektX_V0_1/Intermediate/CachedAssetRegistry.bin
[2017.11.21-21.54.30:311][  0]SourceControl: 	modified:   ProjektX_V0_1/Intermediate/Config/CoalescedSourceConfigs/Input.ini
[2017.11.21-21.54.30:311][  0]SourceControl: 	modified:   ProjektX_V0_1/Saved/AutoScreenshot.png
[2017.11.21-21.54.30:311][  0]SourceControl: 	modified:   ProjektX_V0_1/Saved/Autosaves/Game/2DSideScrollerBP/Blueprints/Bob_Auto2.uasset
[2017.11.21-21.54.30:311][  0]SourceControl: 	modified:   ProjektX_V0_1/Saved/Autosaves/Game/2DSideScrollerBP/Blueprints/Bob_Auto8.uasset
[2017.11.21-21.54.30:311][  0]SourceControl: 	modified:   ProjektX_V0_1/Saved/Autosaves/Game/2DSideScrollerBP/Blueprints/Enemy_Auto1.uasset
[2017.11.21-21.54.30:311][  0]SourceControl: 	modified:   ProjektX_V0_1/Saved/Autosaves/Game/2DSideScrollerBP/Blueprints/Melee_Auto4.uasset
[2017.11.21-21.54.30:311][  0]SourceControl: 	modified:   ProjektX_V0_1/Saved/Autosaves/Game/2DSideScrollerBP/Maps/2DSideScrollerExampleMap_Auto1.umap
[2017.11.21-21.54.30:311][  0]SourceControl: 	modified:   ProjektX_V0_1/Saved/Autosaves/Game/2DSideScrollerBP/Maps/2DSideScrollerExampleMap_Auto2.umap
[2017.11.21-21.54.30:311][  0]SourceControl: 	modified:   ProjektX_V0_1/Saved/Autosaves/Game/2DSideScrollerBP/Maps/2DSideScrollerExampleMap_Auto3.umap
[2017.11.21-21.54.30:311][  0]SourceControl: 	modified:   ProjektX_V0_1/Saved/Autosaves/Game/2DSideScrollerBP/Maps/2DSideScrollerExampleMap_Auto4.umap
[2017.11.21-21.54.30:311][  0]SourceControl: 	modified:   ProjektX_V0_1/Saved/Autosaves/Game/2DSideScrollerBP/Maps/2DSideScrollerExampleMap_Auto5.umap
[2017.11.21-21.54.30:311][  0]SourceControl: 	modified:   ProjektX_V0_1/Saved/Autosaves/Game/2DSideScrollerBP/Maps/2DSideScrollerExampleMap_Auto6.umap
[2017.11.21-21.54.30:311][  0]SourceControl: 	modified:   ProjektX_V0_1/Saved/Autosaves/Game/2DSideScrollerBP/Maps/2DSideScrollerExampleMap_Auto7.umap
[2017.11.21-21.54.30:311][  0]SourceControl: 	modified:   ProjektX_V0_1/Saved/Autosaves/Game/2DSideScrollerBP/Maps/2DSideScrollerExampleMap_Auto8.umap
[2017.11.21-21.54.30:311][  0]SourceControl: 	modified:   ProjektX_V0_1/Saved/Autosaves/Game/2DSideScrollerBP/Maps/2DSideScrollerExampleMap_Auto9.umap
[2017.11.21-21.54.30:311][  0]SourceControl: 	modified:   ProjektX_V0_1/Saved/Autosaves/PackageRestoreData.json
[2017.11.21-21.54.30:311][  0]SourceControl: 	deleted:    ProjektX_V0_1/Saved/Config/CrashReportClient/UE4CC-Windows-0C7C62F040137068ADE9BBA043B24094/CrashReportClient.ini
[2017.11.21-21.54.30:311][  0]SourceControl: 	deleted:    ProjektX_V0_1/Saved/Config/CrashReportClient/UE4CC-Windows-2137CC644FAF23803B304EB9CE9C9DC7/CrashReportClient.ini
[2017.11.21-21.54.30:312][  0]SourceControl: 	deleted:    ProjektX_V0_1/Saved/Config/CrashReportClient/UE4CC-Windows-35B70EE04D940E8DE5328E9D2D4F6505/CrashReportClient.ini
[2017.11.21-21.54.30:312][  0]SourceControl: 	deleted:    ProjektX_V0_1/Saved/Config/CrashReportClient/UE4CC-Windows-3A8FD0AB40C7E65A43C6528ED8E9D1B3/CrashReportClient.ini
[2017.11.21-21.54.30:312][  0]SourceControl: 	deleted:    ProjektX_V0_1/Saved/Config/CrashReportClient/UE4CC-Windows-C6F341E140C7D4918E831AB0FAA8585C/CrashReportClient.ini
[2017.11.21-21.54.30:312][  0]SourceControl: 	modified:   ProjektX_V0_1/Saved/Config/Windows/Editor.ini
[2017.11.21-21.54.30:312][  0]SourceControl: 	modified:   ProjektX_V0_1/Saved/Config/Windows/EditorPerProjectUserSettings.ini
[2017.11.21-21.54.30:312][  0]SourceControl: 	deleted:    ProjektX_V0_1/Saved/Logs/ProjektX_V0_0-backup-2017.09.05-16.56.47.log
[2017.11.21-21.54.30:312][  0]SourceControl: 	deleted:    ProjektX_V0_1/Saved/Logs/ProjektX_V0_0-backup-2017.09.05-21.52.49.log
[2017.11.21-21.54.30:312][  0]SourceControl: 	deleted:    ProjektX_V0_1/Saved/Logs/ProjektX_V0_0-backup-2017.09.07-15.08.33.log
[2017.11.21-21.54.30:312][  0]SourceControl: 	deleted:    ProjektX_V0_1/Saved/Logs/ProjektX_V0_0-backup-2017.09.10-12.35.22.log
[2017.11.21-21.54.30:312][  0]SourceControl: 	deleted:    ProjektX_V0_1/Saved/Logs/ProjektX_V0_0-backup-2017.09.10-13.03.44.log
[2017.11.21-21.54.30:312][  0]SourceControl: 	deleted:    ProjektX_V0_1/Saved/Logs/ProjektX_V0_0-backup-2017.09.11-11.10.10.log
[2017.11.21-21.54.30:312][  0]SourceControl: 	modified:   ProjektX_V0_1/Saved/Logs/ProjektX_V0_0.log
[2017.11.21-21.54.30:312][  0]SourceControl: Untracked files:
[2017.11.21-21.54.30:312][  0]SourceControl:   (use "git add <file>..." to include in what will be committed)
[2017.11.21-21.54.30:312][  0]SourceControl: 	ProjektX_V0_1/Content/2DSideScroller/Sprites/IdleFrames/
[2017.11.21-21.54.30:312][  0]SourceControl: 	ProjektX_V0_1/Content/2DSideScroller/Sprites/IdleTest/Idle_1024x1024p_Sprite_4.uasset
[2017.11.21-21.54.30:312][  0]SourceControl: 	ProjektX_V0_1/Content/2DSideScroller/Sprites/IdleTest/Idle_1024x1024p_Sprite_5.uasset
[2017.11.21-21.54.30:312][  0]SourceControl: 	ProjektX_V0_1/Content/2DSideScroller/Sprites/RunFrames/
[2017.11.21-21.54.30:312][  0]SourceControl: 	ProjektX_V0_1/Content/2DSideScroller/Sprites/RunTest/
[2017.11.21-21.54.30:312][  0]SourceControl: 	ProjektX_V0_1/Content/2DSideScroller/Textures/Idle_1024x1024p.uasset
[2017.11.21-21.54.30:312][  0]SourceControl: 	ProjektX_V0_1/Content/2DSideScroller/Textures/Jump_1024x1024.uasset
[2017.11.21-21.54.30:312][  0]SourceControl: 	ProjektX_V0_1/Content/2DSideScroller/Textures/Run_1024x1024p2.uasset
[2017.11.21-21.54.30:312][  0]SourceControl: 	ProjektX_V0_1/Saved/Autosaves/Game/2DSideScroller/Sprites/leichter/Leicht_Auto1.uasset
[2017.11.21-21.54.30:312][  0]SourceControl: 	ProjektX_V0_1/Saved/Autosaves/Game/2DSideScrollerBP/Blueprints/Bob_Auto1.uasset
[2017.11.21-21.54.30:312][  0]SourceControl: 	ProjektX_V0_1/Saved/Autosaves/Game/2DSideScrollerBP/Blueprints/Bob_Auto3.uasset
[2017.11.21-21.54.30:313][  0]SourceControl: 	ProjektX_V0_1/Saved/Autosaves/Game/2DSideScrollerBP/Blueprints/Bob_Auto4.uasset
[2017.11.21-21.54.30:313][  0]SourceControl: 	ProjektX_V0_1/Saved/Autosaves/Game/2DSideScrollerBP/Blueprints/Bob_Auto5.uasset
[2017.11.21-21.54.30:313][  0]SourceControl: 	ProjektX_V0_1/Saved/Autosaves/Game/2DSideScrollerBP/Blueprints/Bob_Auto6.uasset
[2017.11.21-21.54.30:313][  0]SourceControl: 	ProjektX_V0_1/Saved/Autosaves/Game/2DSideScrollerBP/Blueprints/Bob_Auto7.uasset
[2017.11.21-21.54.30:313][  0]SourceControl: 	ProjektX_V0_1/Saved/Autosaves/Game/2DSideScrollerBP/Blueprints/Bob_Auto9.uasset
[2017.11.21-21.54.30:313][  0]SourceControl: 	ProjektX_V0_1/Saved/Autosaves/Game/2DSideScrollerBP/Blueprints/Bob_Shoot_Auto1.uasset
[2017.11.21-21.54.30:313][  0]SourceControl: 	ProjektX_V0_1/Saved/Autosaves/Game/2DSideScrollerBP/Blueprints/Enemy_Auto3.uasset
[2017.11.21-21.54.30:313][  0]SourceControl: 	ProjektX_V0_1/Saved/Autosaves/Game/2DSideScrollerBP/Blueprints/Enemy_Auto4.uasset
[2017.11.21-21.54.30:313][  0]SourceControl: 	ProjektX_V0_1/Saved/Autosaves/Game/2DSideScrollerBP/Blueprints/Enemy_Auto5.uasset
[2017.11.21-21.54.30:313][  0]SourceControl: 	ProjektX_V0_1/Saved/Autosaves/Game/2DSideScrollerBP/Blueprints/MeleeLeicht_Auto1.uasset
[2017.11.21-21.54.30:313][  0]SourceControl: 	ProjektX_V0_1/Saved/Backup/2DSideScrollerExampleMap_2017-09-11-14-58-41.umap
[2017.11.21-21.54.30:313][  0]SourceControl: 	ProjektX_V0_1/Saved/Backup/2DSideScrollerExampleMap_2017-09-11-21-58-43.umap
[2017.11.21-21.54.30:313][  0]SourceControl: 	ProjektX_V0_1/Saved/Backup/2DSideScrollerExampleMap_2017-09-11-22-16-43.umap
[2017.11.21-21.54.30:313][  0]SourceControl: 	ProjektX_V0_1/Saved/Backup/2DSideScrollerExampleMap_2017-09-11-22-27-09.umap
[2017.11.21-21.54.30:313][  0]SourceControl: 	ProjektX_V0_1/Saved/Backup/2DSideScrollerExampleMap_2017-09-11-22-38-11.umap
[2017.11.21-21.54.30:313][  0]SourceControl: 	ProjektX_V0_1/Saved/Backup/2DSideScrollerExampleMap_2017-09-11-22-48-45.umap
[2017.11.21-21.54.30:313][  0]SourceControl: 	ProjektX_V0_1/Saved/Backup/2DSideScrollerExampleMap_2017-09-11-22-58-06.umap
[2017.11.21-21.54.30:313][  0]SourceControl: 	ProjektX_V0_1/Saved/Backup/2DSideScrollerExampleMap_2017-09-12-00-42-50.umap
[2017.11.21-21.54.30:313][  0]SourceControl: 	ProjektX_V0_1/Saved/Backup/2DSideScrollerExampleMap_2017-09-12-11-56-43.umap
[2017.11.21-21.54.30:313][  0]SourceControl: 	ProjektX_V0_1/Saved/Backup/2DSideScrollerExampleMap_2017-09-12-12-05-14.umap
[2017.11.21-21.54.30:313][  0]SourceControl: 	ProjektX_V0_1/Saved/Backup/2DSideScrollerExampleMap_2017-09-12-12-50-22.umap
[2017.11.21-21.54.30:313][  0]SourceControl: 	ProjektX_V0_1/Saved/Backup/2DSideScrollerExampleMap_2017-09-12-13-16-16.umap
[2017.11.21-21.54.30:313][  0]SourceControl: 	ProjektX_V0_1/Saved/Backup/2DSideScrollerExampleMap_2017-09-19-23-23-18.umap
[2017.11.21-21.54.30:313][  0]SourceControl: 	ProjektX_V0_1/Saved/Backup/2DSideScrollerExampleMap_2017-10-16-16-48-02.umap
[2017.11.21-21.54.30:313][  0]SourceControl: 	ProjektX_V0_1/Saved/Backup/2DSideScrollerExampleMap_2017-10-16-17-16-41.umap
[2017.11.21-21.54.30:313][  0]SourceControl: 	ProjektX_V0_1/Saved/Backup/2DSideScrollerExampleMap_2017-10-16-17-30-15.umap
[2017.11.21-21.54.30:313][  0]SourceControl: 	ProjektX_V0_1/Saved/Backup/2DSideScrollerExampleMap_2017-10-16-17-48-19.umap
[2017.11.21-21.54.30:313][  0]SourceControl: 	ProjektX_V0_1/Saved/Backup/2DSideScrollerExampleMap_2017-11-08-13-25-07.umap
[2017.11.21-21.54.30:313][  0]SourceControl: 	ProjektX_V0_1/Saved/Backup/2DSideScrollerExampleMap_2017-11-15-00-44-01.umap
[2017.11.21-21.54.30:313][  0]SourceControl: 	ProjektX_V0_1/Saved/Backup/2DSideScrollerExampleMap_2017-11-15-11-05-22.umap
[2017.11.21-21.54.30:313][  0]SourceControl: 	ProjektX_V0_1/Saved/Backup/2DSideScrollerExampleMap_2017-11-15-11-20-17.umap
[2017.11.21-21.54.30:313][  0]SourceControl: 	ProjektX_V0_1/Saved/Backup/2DSideScrollerExampleMap_2017-11-15-12-07-09.umap
[2017.11.21-21.54.30:313][  0]SourceControl: 	ProjektX_V0_1/Saved/Backup/2DSideScrollerExampleMap_2017-11-15-12-22-56.umap
[2017.11.21-21.54.30:313][  0]SourceControl: 	ProjektX_V0_1/Saved/Backup/2DSideScrollerExampleMap_2017-11-15-12-49-52.umap
[2017.11.21-21.54.30:313][  0]SourceControl: 	ProjektX_V0_1/Saved/Backup/2DSideScrollerExampleMap_2017-11-15-13-04-24.umap
[2017.11.21-21.54.30:313][  0]SourceControl: 	ProjektX_V0_1/Saved/Backup/2DSideScrollerExampleMap_2017-11-15-13-20-56.umap
[2017.11.21-21.54.30:313][  0]SourceControl: 	ProjektX_V0_1/Saved/Backup/2DSideScrollerExampleMap_2017-11-15-13-29-04.umap
[2017.11.21-21.54.30:313][  0]SourceControl: 	ProjektX_V0_1/Saved/Backup/2DSideScrollerExampleMap_2017-11-15-14-05-57.umap
[2017.11.21-21.54.30:314][  0]SourceControl: 	ProjektX_V0_1/Saved/Backup/2DSideScrollerExampleMap_BuiltData_2017-09-11-22-58-06.uasset
[2017.11.21-21.54.30:314][  0]SourceControl: 	ProjektX_V0_1/Saved/Backup/2DSideScrollerExampleMap_BuiltData_2017-10-16-17-16-42.uasset
[2017.11.21-21.54.30:314][  0]SourceControl: 	ProjektX_V0_1/Saved/Backup/2DSideScrollerExampleMap_BuiltData_2017-10-16-17-51-02.uasset
[2017.11.21-21.54.30:314][  0]SourceControl: 	ProjektX_V0_1/Saved/Backup/Bob_2017-09-11-22-13-31.uasset
[2017.11.21-21.54.30:314][  0]SourceControl: 	ProjektX_V0_1/Saved/Backup/Bob_2017-09-11-22-48-46.uasset
[2017.11.21-21.54.30:314][  0]SourceControl: 	ProjektX_V0_1/Saved/Backup/Bob_2017-09-11-22-55-06.uasset
[2017.11.21-21.54.30:314][  0]SourceControl: 	ProjektX_V0_1/Saved/Backup/Bob_2017-09-12-00-42-51.uasset
[2017.11.21-21.54.30:314][  0]SourceControl: 	ProjektX_V0_1/Saved/Backup/Bob_2017-09-12-11-52-22.uasset
[2017.11.21-21.54.30:314][  0]SourceControl: 	ProjektX_V0_1/Saved/Backup/Bob_2017-09-12-12-47-43.uasset
[2017.11.21-21.54.30:314][  0]SourceControl: 	ProjektX_V0_1/Saved/Backup/Bob_2017-09-12-13-09-50.uasset
[2017.11.21-21.54.30:314][  0]SourceControl: 	ProjektX_V0_1/Saved/Backup/Bob_2017-10-16-16-48-02.uasset
[2017.11.21-21.54.30:314][  0]SourceControl: 	ProjektX_V0_1/Saved/Backup/Bob_2017-10-16-17-02-52.uasset
[2017.11.21-21.54.30:314][  0]SourceControl: 	ProjektX_V0_1/Saved/Backup/Bob_2017-10-16-17-16-45.uasset
[2017.11.21-21.54.30:314][  0]SourceControl: 	ProjektX_V0_1/Saved/Backup/Bob_2017-10-16-17-35-48.uasset
[2017.11.21-21.54.30:314][  0]SourceControl: 	ProjektX_V0_1/Saved/Backup/Bob_2017-10-16-17-48-20.uasset
[2017.11.21-21.54.30:314][  0]SourceControl: 	ProjektX_V0_1/Saved/Backup/Bob_2017-11-15-11-05-23.uasset
[2017.11.21-21.54.30:314][  0]SourceControl: 	ProjektX_V0_1/Saved/Backup/Bob_2017-11-15-11-20-17.uasset
[2017.11.21-21.54.30:315][  0]SourceControl: 	ProjektX_V0_1/Saved/Backup/Bob_2017-11-15-12-07-09.uasset
[2017.11.21-21.54.30:315][  0]SourceControl: 	ProjektX_V0_1/Saved/Backup/Bob_2017-11-15-12-22-56.uasset
[2017.11.21-21.54.30:315][  0]SourceControl: 	ProjektX_V0_1/Saved/Backup/Bob_2017-11-15-12-33-39.uasset
[2017.11.21-21.54.30:315][  0]SourceControl: 	ProjektX_V0_1/Saved/Backup/Bob_2017-11-15-12-49-52.uasset
[2017.11.21-21.54.30:316][  0]SourceControl: 	ProjektX_V0_1/Saved/Backup/Bob_2017-11-15-13-04-24.uasset
[2017.11.21-21.54.30:316][  0]SourceControl: 	ProjektX_V0_1/Saved/Backup/Bob_2017-11-15-13-20-56.uasset
[2017.11.21-21.54.30:316][  0]SourceControl: 	ProjektX_V0_1/Saved/Backup/Bob_2017-11-15-13-28-36.uasset
[2017.11.21-21.54.30:316][  0]SourceControl: 	ProjektX_V0_1/Saved/Backup/Bob_2017-11-15-14-05-50.uasset
[2017.11.21-21.54.30:316][  0]SourceControl: 	ProjektX_V0_1/Saved/Backup/Enemy_2017-09-11-14-58-41.uasset
[2017.11.21-21.54.30:316][  0]SourceControl: 	ProjektX_V0_1/Saved/Backup/Enemy_2017-09-11-21-57-51.uasset
[2017.11.21-21.54.30:316][  0]SourceControl: 	ProjektX_V0_1/Saved/Backup/Enemy_2017-09-11-22-11-09.uasset
[2017.11.21-21.54.30:316][  0]SourceControl: 	ProjektX_V0_1/Saved/Backup/Enemy_2017-09-11-22-16-43.uasset
[2017.11.21-21.54.30:316][  0]SourceControl: 	ProjektX_V0_1/Saved/Backup/Enemy_2017-09-11-22-27-09.uasset
[2017.11.21-21.54.30:317][  0]SourceControl: 	ProjektX_V0_1/Saved/Backup/Enemy_2017-09-11-22-38-11.uasset
[2017.11.21-21.54.30:317][  0]SourceControl: 	ProjektX_V0_1/Saved/Backup/Enemy_2017-09-11-22-44-55.uasset
[2017.11.21-21.54.30:317][  0]SourceControl: 	ProjektX_V0_1/Saved/Backup/Enemy_2017-09-11-22-58-32.uasset
[2017.11.21-21.54.30:317][  0]SourceControl: 	ProjektX_V0_1/Saved/Backup/Enemy_2017-09-12-11-56-43.uasset
[2017.11.21-21.54.30:317][  0]SourceControl: 	ProjektX_V0_1/Saved/Backup/Enemy_2017-09-12-12-04-49.uasset
[2017.11.21-21.54.30:317][  0]SourceControl: 	ProjektX_V0_1/Saved/Backup/Enemy_2017-10-16-17-30-15.uasset
[2017.11.21-21.54.30:317][  0]SourceControl: 	ProjektX_V0_1/Saved/Backup/Enemy_2017-10-16-17-48-20.uasset
[2017.11.21-21.54.30:317][  0]SourceControl: 	ProjektX_V0_1/Saved/Backup/Enemy_2017-10-16-18-05-17.uasset
[2017.11.21-21.54.30:317][  0]SourceControl: 	ProjektX_V0_1/Saved/Backup/Enemy_2017-10-16-18-30-39.uasset
[2017.11.21-21.54.30:317][  0]SourceControl: 	ProjektX_V0_1/Saved/Backup/Enemy_2017-11-15-13-28-43.uasset
[2017.11.21-21.54.30:317][  0]SourceControl: 	ProjektX_V0_1/Saved/Backup/IdleTest_2017-09-12-12-49-58.uasset
[2017.11.21-21.54.30:317][  0]SourceControl: 	ProjektX_V0_1/Saved/Backup/JumpTest_2017-10-16-17-16-45.uasset
[2017.11.21-21.54.30:317][  0]SourceControl: 	ProjektX_V0_1/Saved/Backup/Leicht_2017-10-16-17-30-16.uasset
[2017.11.21-21.54.30:317][  0]SourceControl: 	ProjektX_V0_1/Saved/Backup/MeleeLeicht_2017-09-11-22-54-18.uasset
[2017.11.21-21.54.30:317][  0]SourceControl: 	ProjektX_V0_1/Saved/Backup/MeleeLeicht_2017-09-11-22-59-18.uasset
[2017.11.21-21.54.30:317][  0]SourceControl: 	ProjektX_V0_1/Saved/Backup/MeleeLeicht_2017-10-16-16-48-02.uasset
[2017.11.21-21.54.30:317][  0]SourceControl: 	ProjektX_V0_1/Saved/Backup/MeleeLeicht_2017-10-16-17-16-46.uasset
[2017.11.21-21.54.30:317][  0]SourceControl: 	ProjektX_V0_1/Saved/Backup/MeleeLeicht_2017-10-16-18-05-16.uasset
[2017.11.21-21.54.30:317][  0]SourceControl: 	ProjektX_V0_1/Saved/Backup/MeleeLeicht_2017-10-16-18-30-52.uasset
[2017.11.21-21.54.30:317][  0]SourceControl: 	ProjektX_V0_1/Saved/Backup/MeleeSchwer_2017-09-11-22-53-54.uasset
[2017.11.21-21.54.30:317][  0]SourceControl: 	ProjektX_V0_1/Saved/Backup/MeleeSchwer_2017-09-11-23-01-48.uasset
[2017.11.21-21.54.30:317][  0]SourceControl: 	ProjektX_V0_1/Saved/Backup/Melee_2017-09-11-22-13-21.uasset
[2017.11.21-21.54.30:317][  0]SourceControl: 	ProjektX_V0_1/Saved/Backup/Melee_2017-09-11-22-27-09.uasset
[2017.11.21-21.54.30:317][  0]SourceControl: 	ProjektX_V0_1/Saved/Backup/Melee_2017-09-11-22-33-37.uasset
[2017.11.21-21.54.30:317][  0]SourceControl: 	ProjektX_V0_1/Saved/Backup/Melee_2017-09-11-22-43-19.uasset
[2017.11.21-21.54.30:317][  0]SourceControl: 	ProjektX_V0_1/Saved/Backup/Melee_2017-09-11-22-52-08.uasset
[2017.11.21-21.54.30:317][  0]SourceControl: 	ProjektX_V0_1/Saved/Backup/Melee_2017-09-11-23-01-48.uasset
[2017.11.21-21.54.30:317][  0]SourceControl: 	ProjektX_V0_1/Saved/Backup/NewBlueprint_2017-10-16-17-06-36.uasset
[2017.11.21-21.54.30:317][  0]SourceControl: 	ProjektX_V0_1/Saved/Backup/RunTest_2017-09-12-12-49-58.uasset
[2017.11.21-21.54.30:317][  0]SourceControl: 	ProjektX_V0_1/Saved/Backup/Run_1024x1024p2_Sprite_3_2017-10-16-17-16-45.uasset
[2017.11.21-21.54.30:317][  0]SourceControl: 	ProjektX_V0_1/Saved/Config/CrashReportClient/UE4CC-Windows-318BF308486279BA2F8DC0B22AE3D49A/
[2017.11.21-21.54.30:317][  0]SourceControl: 	ProjektX_V0_1/Saved/Config/CrashReportClient/UE4CC-Windows-FA585129494FD443F37ACBA4D683C28B/
[2017.11.21-21.54.30:317][  0]SourceControl: 	ProjektX_V0_1/Saved/Logs/ProjektX_V0_0-backup-2017.11.21-22.53.43.log
[2017.11.21-21.54.30:317][  0]SourceControl: 	ProjektX_V0_1/Saved/Logs/ProjektX_V0_0_2.log
[2017.11.21-21.54.30:318][  0]LogContentStreaming: Texture pool size now 1000 MB
[2017.11.21-21.54.30:369][  0]LogSlate: Took 0.000299 seconds to synchronously load lazily loaded font '../../../Engine/Content/Slate/Fonts/Roboto-Light.ttf' (159K)
[2017.11.21-21.54.31:297][  3]LogAssetRegistry: Asset discovery search completed in 21.3581 seconds
[2017.11.21-21.54.31:302][  3]LogCollectionManager: Rebuilt the object cache for 0 collections in 0.000000 seconds (found 0 objects)
[2017.11.21-21.54.31:302][  3]LogCollectionManager: Fixed up redirectors for 0 collections in 0.000081 seconds (updated 0 objects)
[2017.11.21-21.54.31:338][  3]LogSlate: Took 0.000344 seconds to synchronously load lazily loaded font '../../../Engine/Content/Slate/Fonts/Roboto-Light.ttf' (159K)
[2017.11.21-22.53.46:628][778]LogWindowsTextInputMethodSystem: Display: IME system now deactivated.
[2017.11.21-22.53.46:933][779]Cmd: QUIT_EDITOR
[2017.11.21-22.53.46:990][779]LogExit: Preparing to exit.
[2017.11.21-22.53.47:493][779]LogDirectoryWatcher: A directory notification for 'C:/Users/Leif/Documents/GitHub/Projekt-B-Projekt-X/ProjektX_V0_1/Content/' was aborted.
[2017.11.21-22.53.47:645][779]LogExit: Editor shut down
[2017.11.21-22.53.47:686][779]LogExit: Transaction tracking system shut down
[2017.11.21-22.53.47:960][779]LogDirectoryWatcher: A directory notification for '../../../Engine/Content/' was aborted.
[2017.11.21-22.53.47:960][779]LogDirectoryWatcher: A directory notification for '../../../../../../Users/Leif/Documents/GitHub/Projekt-B-Projekt-X/ProjektX_V0_1/Content/' was aborted.
[2017.11.21-22.53.47:960][779]LogDirectoryWatcher: A directory notification for '../../../Engine/Plugins/2D/Paper2D/Content/' was aborted.
[2017.11.21-22.53.47:960][779]LogDirectoryWatcher: A directory notification for '../../../Engine/Plugins/Runtime/Oculus/OculusVR/Content/' was aborted.
[2017.11.21-22.53.47:960][779]LogDirectoryWatcher: A directory notification for '../../../Engine/Plugins/Runtime/Steam/SteamVR/Content/' was aborted.
[2017.11.21-22.53.48:119][779]LogExit: Object subsystem successfully closed.
[2017.11.21-22.53.48:160][779]LogD3D11RHI: Shutdown
[2017.11.21-22.53.48:160][779]LogD3D11RHI: CleanupD3DDevice
[2017.11.21-22.53.48:294][779]LogD3D11RHI: ~FD3D11DynamicRHI
[2017.11.21-22.53.48:333][779]LogModuleManager: Shutting down and abandoning module HierarchicalLODOutliner (530)
[2017.11.21-22.53.48:333][779]LogModuleManager: Shutting down and abandoning module SceneOutliner (528)
[2017.11.21-22.53.48:333][779]LogModuleManager: Shutting down and abandoning module AddContentDialog (526)
[2017.11.21-22.53.48:334][779]LogDirectoryWatcher: A directory notification for 'C:/Program Files/Epic Games/UE_4.17/FeaturePacks/' was aborted.
[2017.11.21-22.53.48:342][779]LogModuleManager: Shutting down and abandoning module WidgetCarousel (525)
[2017.11.21-22.53.48:342][779]LogModuleManager: Shutting down and abandoning module EditorWidgets (522)
[2017.11.21-22.53.48:342][779]LogModuleManager: Shutting down and abandoning module CollectionManager (520)
[2017.11.21-22.53.48:342][779]LogDirectoryWatcher: A directory notification for 'C:/Users/Leif/Documents/GitHub/Projekt-B-Projekt-X/ProjektX_V0_1/Content/Collections/' was aborted.
[2017.11.21-22.53.48:342][779]LogDirectoryWatcher: A directory notification for 'C:/Users/Leif/Documents/GitHub/Projekt-B-Projekt-X/ProjektX_V0_1/Content/Developers/Leif/Collections/' was aborted.
[2017.11.21-22.53.48:342][779]LogDirectoryWatcher: A directory notification for 'C:/Users/Leif/Documents/GitHub/Projekt-B-Projekt-X/ProjektX_V0_1/Saved/Collections/' was aborted.
[2017.11.21-22.53.48:343][779]LogModuleManager: Shutting down and abandoning module StatsViewer (518)
[2017.11.21-22.53.48:343][779]LogModuleManager: Shutting down and abandoning module FoliageEdit (516)
[2017.11.21-22.53.48:343][779]LogModuleManager: Shutting down and abandoning module LandscapeEditor (514)
[2017.11.21-22.53.48:344][779]LogModuleManager: Shutting down and abandoning module MeshPaintMode (512)
[2017.11.21-22.53.48:344][779]LogModuleManager: Shutting down and abandoning module SceneDepthPickerMode (510)
[2017.11.21-22.53.48:344][779]LogModuleManager: Shutting down and abandoning module ActorPickerMode (508)
[2017.11.21-22.53.48:344][779]LogModuleManager: Shutting down and abandoning module GeometryMode (506)
[2017.11.21-22.53.48:344][779]LogModuleManager: Shutting down and abandoning module TextureAlignMode (504)
[2017.11.21-22.53.48:344][779]LogModuleManager: Shutting down and abandoning module BspMode (502)
[2017.11.21-22.53.48:344][779]LogModuleManager: Shutting down and abandoning module PIEPreviewDeviceProfileSelector (500)
[2017.11.21-22.53.48:344][779]LogModuleManager: Shutting down and abandoning module HardwareSurvey (498)
[2017.11.21-22.53.48:344][779]LogModuleManager: Shutting down and abandoning module SequenceRecorderSections (496)
[2017.11.21-22.53.48:344][779]LogModuleManager: Shutting down and abandoning module AutomationWorker (494)
[2017.11.21-22.53.48:345][779]LogModuleManager: Shutting down and abandoning module MatineeToLevelSequence (492)
[2017.11.21-22.53.48:345][779]LogModuleManager: Shutting down and abandoning module LevelSequenceEditor (490)
[2017.11.21-22.53.48:347][779]LogModuleManager: Shutting down and abandoning module PlacementMode (489)
[2017.11.21-22.53.48:347][779]LogModuleManager: Shutting down and abandoning module WmfMediaFactory (486)
[2017.11.21-22.53.48:347][779]LogModuleManager: Shutting down and abandoning module WmfMediaEditor (484)
[2017.11.21-22.53.48:347][779]LogModuleManager: Shutting down and abandoning module AvfMediaFactory (482)
[2017.11.21-22.53.48:347][779]LogModuleManager: Shutting down and abandoning module AvfMediaEditor (480)
[2017.11.21-22.53.48:347][779]LogModuleManager: Shutting down and abandoning module AndroidMediaFactory (478)
[2017.11.21-22.53.48:347][779]LogModuleManager: Shutting down and abandoning module Media (477)
[2017.11.21-22.53.48:347][779]LogModuleManager: Shutting down and abandoning module AndroidMediaEditor (474)
[2017.11.21-22.53.48:347][779]LogModuleManager: Shutting down and abandoning module CharacterAI (472)
[2017.11.21-22.53.48:347][779]LogModuleManager: Shutting down and abandoning module AudioCapture (470)
[2017.11.21-22.53.48:347][779]LogModuleManager: Shutting down and abandoning module SequenceRecorder (469)
[2017.11.21-22.53.48:347][779]LogModuleManager: Shutting down and abandoning module SmartSnapping (466)
[2017.11.21-22.53.48:347][779]LogModuleManager: Shutting down and abandoning module SessionServices (464)
[2017.11.21-22.53.48:347][779]LogModuleManager: Shutting down and abandoning module ViewportSnapping (462)
[2017.11.21-22.53.48:348][779]LogModuleManager: Shutting down and abandoning module ViewportInteraction (460)
[2017.11.21-22.53.48:348][779]LogModuleManager: Shutting down and abandoning module ClothPainter (458)
[2017.11.21-22.53.48:349][779]LogModuleManager: Shutting down and abandoning module LogVisualizer (456)
[2017.11.21-22.53.48:350][779]LogModuleManager: Shutting down and abandoning module IntroTutorials (454)
[2017.11.21-22.53.48:351][779]LogModuleManager: Shutting down and abandoning module GameProjectGeneration (453)
[2017.11.21-22.53.48:352][779]LogModuleManager: Shutting down and abandoning module IOSPlatformEditor (450)
[2017.11.21-22.53.48:352][779]LogModuleManager: Shutting down and abandoning module HTML5PlatformEditor (448)
[2017.11.21-22.53.48:352][779]LogModuleManager: Shutting down and abandoning module AndroidPlatformEditor (446)
[2017.11.21-22.53.48:352][779]LogModuleManager: Shutting down and abandoning module AndroidDeviceDetection (445)
[2017.11.21-22.53.48:794][779]LogModuleManager: Shutting down and abandoning module WindowsPlatformEditor (442)
[2017.11.21-22.53.48:794][779]LogModuleManager: Shutting down and abandoning module IOSRuntimeSettings (440)
[2017.11.21-22.53.48:794][779]LogModuleManager: Shutting down and abandoning module AndroidRuntimeSettings (438)
[2017.11.21-22.53.48:794][779]LogModuleManager: Shutting down and abandoning module InputBindingEditor (436)
[2017.11.21-22.53.48:797][779]LogModuleManager: Shutting down and abandoning module MergeActors (434)
[2017.11.21-22.53.48:797][779]LogModuleManager: Shutting down and abandoning module SizeMap (432)
[2017.11.21-22.53.48:797][779]LogModuleManager: Shutting down and abandoning module TreeMap (430)
[2017.11.21-22.53.48:798][779]LogModuleManager: Shutting down and abandoning module ReferenceViewer (428)
[2017.11.21-22.53.48:798][779]LogModuleManager: Shutting down and abandoning module LocalizationDashboard (426)
[2017.11.21-22.53.48:799][779]LogModuleManager: Shutting down and abandoning module LocalizationService (425)
[2017.11.21-22.53.48:799][779]LogModuleManager: Shutting down and abandoning module HardwareTargeting (422)
[2017.11.21-22.53.48:799][779]LogModuleManager: Shutting down and abandoning module DeviceProfileEditor (420)
[2017.11.21-22.53.48:799][779]LogModuleManager: Shutting down and abandoning module UndoHistory (418)
[2017.11.21-22.53.48:799][779]LogModuleManager: Shutting down and abandoning module XmlParser (416)
[2017.11.21-22.53.48:799][779]LogModuleManager: Shutting down and abandoning module Blutility (414)
[2017.11.21-22.53.48:799][779]LogModuleManager: Shutting down and abandoning module ProjectSettingsViewer (412)
[2017.11.21-22.53.48:800][779]LogModuleManager: Shutting down and abandoning module ProjectTargetPlatformEditor (411)
[2017.11.21-22.53.48:800][779]LogModuleManager: Shutting down and abandoning module EditorSettingsViewer (408)
[2017.11.21-22.53.48:800][779]LogModuleManager: Shutting down and abandoning module SettingsEditor (406)
[2017.11.21-22.53.48:801][779]LogModuleManager: Shutting down and abandoning module ProjectLauncher (404)
[2017.11.21-22.53.48:801][779]LogModuleManager: Shutting down and abandoning module SessionFrontend (402)
[2017.11.21-22.53.48:801][779]LogModuleManager: Shutting down and abandoning module ProfilerClient (400)
[2017.11.21-22.53.48:802][779]LogModuleManager: Shutting down and abandoning module DeviceManager (398)
[2017.11.21-22.53.48:803][779]LogModuleManager: Shutting down and abandoning module TargetDeviceServices (397)
[2017.11.21-22.53.48:868][779]LogModuleManager: Shutting down and abandoning module AutomationController (394)
[2017.11.21-22.53.48:870][779]LogModuleManager: Shutting down and abandoning module AutomationWindow (392)
[2017.11.21-22.53.48:871][779]LogModuleManager: Shutting down and abandoning module Layers (390)
[2017.11.21-22.53.48:873][779]LogModuleManager: Shutting down and abandoning module ComponentVisualizers (388)
[2017.11.21-22.53.48:873][779]LogModuleManager: Shutting down and abandoning module DetailCustomizations (386)
[2017.11.21-22.53.48:874][779]LogModuleManager: Shutting down and abandoning module PackagesDialog (384)
[2017.11.21-22.53.48:874][779]LogModuleManager: Shutting down and abandoning module Persona (382)
[2017.11.21-22.53.48:875][779]LogModuleManager: Shutting down and abandoning module AdvancedPreviewScene (381)
[2017.11.21-22.53.48:875][779]LogModuleManager: Shutting down and abandoning module AnimGraph (379)
[2017.11.21-22.53.48:876][779]LogModuleManager: Shutting down and abandoning module Kismet (376)
[2017.11.21-22.53.48:877][779]LogModuleManager: Shutting down and abandoning module ClassViewer (374)
[2017.11.21-22.53.48:877][779]LogModuleManager: Shutting down and abandoning module Toolbox (372)
[2017.11.21-22.53.48:877][779]LogModuleManager: Shutting down and abandoning module ModuleUI (370)
[2017.11.21-22.53.48:878][779]LogModuleManager: Shutting down and abandoning module MovieSceneTools (368)
[2017.11.21-22.53.48:879][779]LogModuleManager: Shutting down and abandoning module OutputLog (366)
[2017.11.21-22.53.48:880][779]LogModuleManager: Shutting down and abandoning module GammaUI (364)
[2017.11.21-22.53.48:880][779]LogModuleManager: Shutting down and abandoning module Documentation (362)
[2017.11.21-22.53.48:880][779]LogModuleManager: Shutting down and abandoning module MovieSceneTracks (360)
[2017.11.21-22.53.48:880][779]LogModuleManager: Shutting down and abandoning module MovieScene (358)
[2017.11.21-22.53.48:880][779]LogModuleManager: Shutting down and abandoning module Niagara (356)
[2017.11.21-22.53.48:880][779]LogModuleManager: Shutting down and abandoning module NiagaraEditor (355)
[2017.11.21-22.53.48:883][779]LogModuleManager: Shutting down and abandoning module StreamingPauseRendering (352)
[2017.11.21-22.53.48:883][779]LogModuleManager: Shutting down and abandoning module LauncherPlatform (350)
[2017.11.21-22.53.48:883][779]LogModuleManager: Shutting down and abandoning module AnalyticsET (348)
[2017.11.21-22.53.48:883][779]LogModuleManager: Shutting down and abandoning module PortalServices (346)
[2017.11.21-22.53.48:883][779]LogModuleManager: Shutting down and abandoning module PortalRpc (344)
[2017.11.21-22.53.48:883][779]LogModuleManager: Shutting down and abandoning module MessagingRpc (342)
[2017.11.21-22.53.48:883][779]LogModuleManager: Shutting down and abandoning module AIModule (340)
[2017.11.21-22.53.48:883][779]LogModuleManager: Shutting down and abandoning module GameplayDebugger (339)
[2017.11.21-22.53.48:883][779]LogModuleManager: Shutting down and abandoning module AITestSuite (337)
[2017.11.21-22.53.48:884][779]LogModuleManager: Shutting down and abandoning module ProfilerService (334)
[2017.11.21-22.53.49:045][779]LogModuleManager: Shutting down and abandoning module TaskGraph (332)
[2017.11.21-22.53.49:049][779]LogModuleManager: Shutting down and abandoning module SteamVRController (330)
[2017.11.21-22.53.49:049][779]LogModuleManager: Shutting down and abandoning module ProceduralMeshComponentEditor (328)
[2017.11.21-22.53.49:049][779]LogModuleManager: Shutting down and abandoning module ProceduralMeshComponent (326)
[2017.11.21-22.53.49:049][779]LogModuleManager: Shutting down and abandoning module OculusInput (324)
[2017.11.21-22.53.49:049][779]LogModuleManager: Shutting down and abandoning module MobilePatchingUtils (322)
[2017.11.21-22.53.49:049][779]LogModuleManager: Shutting down and abandoning module CustomMeshComponent (320)
[2017.11.21-22.53.49:049][779]LogModuleManager: Shutting down and abandoning module CableComponent (318)
[2017.11.21-22.53.49:049][779]LogModuleManager: Shutting down and abandoning module ArchVisCharacter (316)
[2017.11.21-22.53.49:049][779]LogModuleManager: Shutting down and abandoning module AndroidPermission (314)
[2017.11.21-22.53.49:049][779]LogModuleManager: Shutting down and abandoning module MediaPlayerEditor (310)
[2017.11.21-22.53.49:051][779]LogModuleManager: Shutting down and abandoning module HTML5Networking (308)
[2017.11.21-22.53.49:051][779]LogModuleManager: Shutting down and abandoning module AlembicImporter (306)
[2017.11.21-22.53.49:052][779]LogModuleManager: Shutting down and abandoning module AlembicLibrary (305)
[2017.11.21-22.53.49:052][779]LogModuleManager: Shutting down and abandoning module GeometryCache (304)
[2017.11.21-22.53.49:052][779]LogModuleManager: Shutting down and abandoning module GeometryCacheEd (303)
[2017.11.21-22.53.49:052][779]LogModuleManager: Shutting down and abandoning module SpeedTreeImporter (298)
[2017.11.21-22.53.49:052][779]LogModuleManager: Shutting down and abandoning module PluginBrowser (296)
[2017.11.21-22.53.49:054][779]LogModuleManager: Shutting down and abandoning module MobileLauncherProfileWizard (294)
[2017.11.21-22.53.49:055][779]LogModuleManager: Shutting down and abandoning module VisualStudioSourceCodeAccess (292)
[2017.11.21-22.53.49:055][779]LogModuleManager: Shutting down and abandoning module DesktopPlatform (291)
[2017.11.21-22.53.49:055][779]LogModuleManager: Shutting down and abandoning module UObjectPlugin (288)
[2017.11.21-22.53.49:055][779]LogModuleManager: Shutting down and abandoning module SubversionSourceControl (286)
[2017.11.21-22.53.49:056][779]LogModuleManager: Shutting down and abandoning module PerforceSourceControl (284)
[2017.11.21-22.53.49:057][779]LogModuleManager: Shutting down and abandoning module GitSourceControl (282)
[2017.11.21-22.53.49:058][779]LogModuleManager: Shutting down and abandoning module SourceControl (281)
[2017.11.21-22.53.49:058][779]LogModuleManager: Shutting down and abandoning module LightPropagationVolumeEditor (278)
[2017.11.21-22.53.49:058][779]LogModuleManager: Shutting down and abandoning module PaperTiledImporter (276)
[2017.11.21-22.53.49:058][779]LogModuleManager: Shutting down and abandoning module PaperSpriteSheetImporter (274)
[2017.11.21-22.53.49:058][779]LogModuleManager: Shutting down and abandoning module Paper2DEditor (272)
[2017.11.21-22.53.49:058][779]LogModuleManager: Shutting down and abandoning module MeshPaint (271)
[2017.11.21-22.53.49:059][779]LogModuleManager: Shutting down and abandoning module LevelEditor (269)
[2017.11.21-22.53.49:062][779]LogModuleManager: Shutting down and abandoning module PixelInspectorModule (268)
[2017.11.21-22.53.49:062][779]LogModuleManager: Shutting down and abandoning module MainFrame (266)
[2017.11.21-22.53.49:063][779]LogModuleManager: Shutting down and abandoning module HotReload (265)
[2017.11.21-22.53.49:065][779]LogModuleManager: Shutting down and abandoning module RuntimePhysXCooking (260)
[2017.11.21-22.53.49:065][779]LogModuleManager: Shutting down and abandoning module PhysXVehiclesEditor (258)
[2017.11.21-22.53.49:065][779]LogModuleManager: Shutting down and abandoning module PhysXVehicles (256)
[2017.11.21-22.53.49:065][779]LogModuleManager: Shutting down and abandoning module OculusEditor (254)
[2017.11.21-22.53.49:065][779]LogModuleManager: Shutting down and abandoning module LocationServicesBPLibrary (252)
[2017.11.21-22.53.49:065][779]LogModuleManager: Shutting down and abandoning module ImmediatePhysicsEditor (250)
[2017.11.21-22.53.49:065][779]LogModuleManager: Shutting down and abandoning module ImmediatePhysics (248)
[2017.11.21-22.53.49:066][779]LogModuleManager: Shutting down and abandoning module UdpMessaging (246)
[2017.11.21-22.53.49:167][779]LogModuleManager: Shutting down and abandoning module TcpMessaging (244)
[2017.11.21-22.53.49:270][779]LogModuleManager: Shutting down and abandoning module GameplayTagsEditor (242)
[2017.11.21-22.53.49:273][779]LogModuleManager: Shutting down and abandoning module FacialAnimationEditor (240)
[2017.11.21-22.53.49:273][779]LogModuleManager: Shutting down and abandoning module FacialAnimation (238)
[2017.11.21-22.53.49:273][779]LogModuleManager: Shutting down and abandoning module AssetManagerEditor (236)
[2017.11.21-22.53.49:274][779]LogModuleManager: Shutting down and abandoning module GraphEditor (235)
[2017.11.21-22.53.49:274][779]LogModuleManager: Shutting down and abandoning module ContentBrowser (233)
[2017.11.21-22.53.49:278][779]LogModuleManager: Shutting down and abandoning module LightPropagationVolumeRuntime (230)
[2017.11.21-22.53.49:278][779]LogModuleManager: Shutting down and abandoning module Paper2D (228)
[2017.11.21-22.53.49:278][779]LogModuleManager: Shutting down and abandoning module WindowsMoviePlayer (226)
[2017.11.21-22.53.49:279][779]LogModuleManager: Shutting down and abandoning module WmfMedia (224)
[2017.11.21-22.53.49:279][779]LogModuleManager: Shutting down and abandoning module PacketHandler (222)
[2017.11.21-22.53.49:279][779]LogModuleManager: Shutting down and abandoning module ClothingSystemEditor (220)
[2017.11.21-22.53.49:279][779]LogModuleManager: Shutting down and abandoning module ClothingSystemRuntime (218)
[2017.11.21-22.53.49:280][779]LogModuleManager: Shutting down and abandoning module Overlay (216)
[2017.11.21-22.53.49:280][779]LogModuleManager: Shutting down and abandoning module OverlayEditor (215)
[2017.11.21-22.53.49:280][779]LogModuleManager: Shutting down and abandoning module MediaAssets (212)
[2017.11.21-22.53.49:280][779]LogModuleManager: Shutting down and abandoning module VREditor (210)
[2017.11.21-22.53.49:282][779]LogModuleManager: Shutting down and abandoning module StringTableEditor (208)
[2017.11.21-22.53.49:282][779]LogModuleManager: Shutting down and abandoning module GameplayTasksEditor (206)
[2017.11.21-22.53.49:282][779]LogModuleManager: Shutting down and abandoning module BehaviorTreeEditor (204)
[2017.11.21-22.53.49:284][779]LogModuleManager: Shutting down and abandoning module FunctionalTesting (202)
[2017.11.21-22.53.49:284][779]LogModuleManager: Shutting down and abandoning module CollisionAnalyzer (200)
[2017.11.21-22.53.49:285][779]LogModuleManager: Shutting down and abandoning module WorkspaceMenuStructure (199)
[2017.11.21-22.53.49:285][779]LogModuleManager: Shutting down and abandoning module UMG (196)
[2017.11.21-22.53.49:285][779]LogModuleManager: Shutting down and abandoning module UMGEditor (195)
[2017.11.21-22.53.49:286][779]LogModuleManager: Shutting down and abandoning module Sequencer (194)
[2017.11.21-22.53.49:288][779]LogModuleManager: Shutting down and abandoning module MessageLog (191)
[2017.11.21-22.53.49:288][779]LogModuleManager: Shutting down and abandoning module SlateReflector (186)
[2017.11.21-22.53.49:290][779]LogModuleManager: Shutting down and abandoning module Slate (184)
[2017.11.21-22.53.49:290][779]LogModuleManager: Shutting down and abandoning module EditorStyle (182)
[2017.11.21-22.53.49:294][779]LogModuleManager: Shutting down and abandoning module MRMesh (180)
[2017.11.21-22.53.49:294][779]LogModuleManager: Shutting down and abandoning module SourceCodeAccess (178)
[2017.11.21-22.53.49:294][779]LogModuleManager: Shutting down and abandoning module HeadMountedDisplay (176)
[2017.11.21-22.53.49:294][779]LogModuleManager: Shutting down and abandoning module XAudio2 (174)
[2017.11.21-22.53.49:294][779]LogModuleManager: Shutting down and abandoning module Networking (172)
[2017.11.21-22.53.49:294][779]LogModuleManager: Shutting down and abandoning module Core (168)
[2017.11.21-22.53.49:294][779]LogModuleManager: Shutting down and abandoning module KismetCompiler (164)
[2017.11.21-22.53.49:295][779]LogModuleManager: Shutting down and abandoning module LevelSequence (162)
[2017.11.21-22.53.49:295][779]LogModuleManager: Shutting down and abandoning module MeshUtilities (160)
[2017.11.21-22.53.49:296][779]LogModuleManager: Shutting down and abandoning module MeshMergeUtilities (159)
[2017.11.21-22.53.49:298][779]LogModuleManager: Shutting down and abandoning module MeshReductionInterface (158)
[2017.11.21-22.53.49:298][779]LogModuleManager: Shutting down and abandoning module SimplygonSwarm (157)
[2017.11.21-22.53.49:299][779]LogModuleManager: Shutting down and abandoning module SimplygonMeshReduction (155)
[2017.11.21-22.53.49:299][779]LogModuleManager: Shutting down and abandoning module QuadricMeshReduction (153)
[2017.11.21-22.53.49:299][779]LogModuleManager: Shutting down and abandoning module MaterialBaking (149)
[2017.11.21-22.53.49:300][779]LogModuleManager: Shutting down and abandoning module DirectoryWatcher (146)
[2017.11.21-22.53.49:309][779]LogModuleManager: Shutting down and abandoning module DerivedDataCache (144)
[2017.11.21-22.53.49:369][779]LogDerivedDataCache: Shutdown
[2017.11.21-22.53.49:371][779]LogModuleManager: Shutting down and abandoning module TargetPlatform (142)
[2017.11.21-22.53.49:372][779]LogModuleManager: Shutting down and abandoning module VulkanShaderFormat (141)
[2017.11.21-22.53.49:372][779]LogModuleManager: Shutting down and abandoning module ShaderFormatVectorVM (139)
[2017.11.21-22.53.49:373][779]LogModuleManager: Shutting down and abandoning module ShaderFormatOpenGL (137)
[2017.11.21-22.53.49:373][779]LogModuleManager: Shutting down and abandoning module ShaderFormatD3D (135)
[2017.11.21-22.53.49:374][779]LogModuleManager: Shutting down and abandoning module MetalShaderFormat (133)
[2017.11.21-22.53.49:374][779]LogModuleManager: Shutting down and abandoning module TextureFormatUncompressed (131)
[2017.11.21-22.53.49:374][779]LogModuleManager: Shutting down and abandoning module TextureFormatPVR (129)
[2017.11.21-22.53.49:374][779]LogModuleManager: Shutting down and abandoning module TextureFormatDXT (127)
[2017.11.21-22.53.49:375][779]LogModuleManager: Shutting down and abandoning module TextureFormatIntelISPCTexComp (125)
[2017.11.21-22.53.49:375][779]LogModuleManager: Shutting down and abandoning module TextureFormatASTC (123)
[2017.11.21-22.53.49:375][779]LogModuleManager: Shutting down and abandoning module ImageWrapper (122)
[2017.11.21-22.53.49:375][779]LogModuleManager: Shutting down and abandoning module TextureFormatAndroid (119)
[2017.11.21-22.53.49:375][779]LogModuleManager: Shutting down and abandoning module AudioFormatOpus (117)
[2017.11.21-22.53.49:375][779]LogModuleManager: Shutting down and abandoning module AudioFormatOgg (115)
[2017.11.21-22.53.49:375][779]LogModuleManager: Shutting down and abandoning module AudioFormatADPCM (113)
[2017.11.21-22.53.49:375][779]LogModuleManager: Shutting down and abandoning module LinuxTargetPlatform (111)
[2017.11.21-22.53.49:375][779]LogModuleManager: Shutting down and abandoning module LinuxServerTargetPlatform (109)
[2017.11.21-22.53.49:375][779]LogModuleManager: Shutting down and abandoning module LinuxNoEditorTargetPlatform (107)
[2017.11.21-22.53.49:376][779]LogModuleManager: Shutting down and abandoning module LinuxClientTargetPlatform (105)
[2017.11.21-22.53.49:376][779]LogModuleManager: Shutting down and abandoning module TVOSTargetPlatform (103)
[2017.11.21-22.53.49:376][779]LogModuleManager: Shutting down and abandoning module Messaging (101)
[2017.11.21-22.53.49:376][779]LogModuleManager: Shutting down and abandoning module IOSTargetPlatform (99)
[2017.11.21-22.53.49:376][779]LogModuleManager: Shutting down and abandoning module HTML5TargetPlatform (97)
[2017.11.21-22.53.49:376][779]LogModuleManager: Shutting down and abandoning module Android_PVRTCTargetPlatform (95)
[2017.11.21-22.53.49:376][779]LogModuleManager: Shutting down and abandoning module Android_MultiTargetPlatform (93)
[2017.11.21-22.53.49:376][779]LogModuleManager: Shutting down and abandoning module Android_ETC2TargetPlatform (91)
[2017.11.21-22.53.49:376][779]LogModuleManager: Shutting down and abandoning module Android_ETC1TargetPlatform (89)
[2017.11.21-22.53.49:376][779]LogModuleManager: Shutting down and abandoning module Android_DXTTargetPlatform (87)
[2017.11.21-22.53.49:376][779]LogModuleManager: Shutting down and abandoning module Android_ATCTargetPlatform (85)
[2017.11.21-22.53.49:376][779]LogModuleManager: Shutting down and abandoning module Android_ASTCTargetPlatform (83)
[2017.11.21-22.53.49:376][779]LogModuleManager: Shutting down and abandoning module AndroidTargetPlatform (81)
[2017.11.21-22.53.49:376][779]LogModuleManager: Shutting down and abandoning module WindowsTargetPlatform (79)
[2017.11.21-22.53.49:376][779]LogModuleManager: Shutting down and abandoning module WindowsServerTargetPlatform (77)
[2017.11.21-22.53.49:376][779]LogModuleManager: Shutting down and abandoning module WindowsNoEditorTargetPlatform (75)
[2017.11.21-22.53.49:376][779]LogModuleManager: Shutting down and abandoning module WindowsClientTargetPlatform (73)
[2017.11.21-22.53.49:376][779]LogModuleManager: Shutting down and abandoning module MacTargetPlatform (71)
[2017.11.21-22.53.49:376][779]LogModuleManager: Shutting down and abandoning module MacServerTargetPlatform (69)
[2017.11.21-22.53.49:376][779]LogModuleManager: Shutting down and abandoning module MacNoEditorTargetPlatform (67)
[2017.11.21-22.53.49:376][779]LogModuleManager: Shutting down and abandoning module MacClientTargetPlatform (65)
[2017.11.21-22.53.49:377][779]LogModuleManager: Shutting down and abandoning module AllDesktopTargetPlatform (63)
[2017.11.21-22.53.49:377][779]LogModuleManager: Shutting down and abandoning module InputCore (60)
[2017.11.21-22.53.49:377][779]LogModuleManager: Shutting down and abandoning module Settings (58)
[2017.11.21-22.53.49:377][779]LogModuleManager: Shutting down and abandoning module PhysXCooking (56)
[2017.11.21-22.53.49:377][779]LogModuleManager: Shutting down and abandoning module SteamVR (54)
[2017.11.21-22.53.49:377][779]LogModuleManager: Shutting down and abandoning module OculusHMD (52)
[2017.11.21-22.53.49:377][779]LogModuleManager: Shutting down and abandoning module ExampleDeviceProfileSelector (50)
[2017.11.21-22.53.49:377][779]LogModuleManager: Shutting down and abandoning module OnlineBlueprintSupport (48)
[2017.11.21-22.53.49:377][779]LogModuleManager: Shutting down and abandoning module OnlineSubsystem (44)
[2017.11.21-22.53.49:377][779]LogOnline: Display: Unloading online subsystem: NULL
[2017.11.21-22.53.49:378][779]LogModuleManager: Shutting down and abandoning module XMPP (43)
[2017.11.21-22.53.49:379][779]LogModuleManager: Shutting down and abandoning module HTTP (41)
[2017.11.21-22.53.49:379][779]LogHttp: Display: Http module shutting down, but needs to wait on 1 outstanding Http requests:
[2017.11.21-22.53.49:379][779]LogHttp: Display: 	verb=[POST] url=[https://datarouter.ol.epicgames.com/datarouter/api/v1/public/data?SessionID=%7B0C382B22-4258-A5D7-1FA4-ADAC22513121%7D&AppID=UEEditor.Rocket.Release&AppVersion=4.17.1-3586342%2B%2B%2BUE4%2BRelease-4.17&UserID=efba3ab9482b305128aa6e811f8e1b76%7C69587fd7c6ae41c4ad6af4aa39d8897a%7C4823cf29-f1b7-4149-9c67-b669424bd616&AppEnvironment=datacollector-binary&UploadType=eteventstream] status=Processing
[2017.11.21-22.53.49:412][779]LogModuleManager: Shutting down and abandoning module SSL (40)
[2017.11.21-22.53.49:418][779]LogModuleManager: Shutting down and abandoning module AnimationModifiers (36)
[2017.11.21-22.53.49:419][779]LogModuleManager: Shutting down and abandoning module PropertyEditor (35)
[2017.11.21-22.53.49:419][779]LogModuleManager: Shutting down and abandoning module AudioEditor (32)
[2017.11.21-22.53.49:420][779]LogModuleManager: Shutting down and abandoning module TextureCompressor (30)
[2017.11.21-22.53.49:420][779]LogModuleManager: Shutting down and abandoning module ShaderCore (28)
[2017.11.21-22.53.49:420][779]LogModuleManager: Shutting down and abandoning module Landscape (26)
[2017.11.21-22.53.49:420][779]LogModuleManager: Shutting down and abandoning module SlateRHIRenderer (24)
[2017.11.21-22.53.49:425][779]LogModuleManager: Shutting down and abandoning module OpenGLDrv (22)
[2017.11.21-22.53.49:426][779]LogModuleManager: Shutting down and abandoning module D3D11RHI (20)
[2017.11.21-22.53.49:426][779]LogModuleManager: Shutting down and abandoning module AnimGraphRuntime (18)
[2017.11.21-22.53.49:426][779]LogModuleManager: Shutting down and abandoning module Renderer (16)
[2017.11.21-22.53.49:426][779]LogModuleManager: Shutting down and abandoning module Engine (14)
[2017.11.21-22.53.49:426][779]LogModuleManager: Shutting down and abandoning module CoreUObject (12)
[2017.11.21-22.53.49:426][779]LogModuleManager: Shutting down and abandoning module NetworkFile (10)
[2017.11.21-22.53.49:427][779]LogModuleManager: Shutting down and abandoning module CookedIterativeFile (8)
[2017.11.21-22.53.49:427][779]LogModuleManager: Shutting down and abandoning module StreamingFile (6)
[2017.11.21-22.53.49:427][779]LogModuleManager: Shutting down and abandoning module SandboxFile (4)
[2017.11.21-22.53.49:427][779]LogModuleManager: Shutting down and abandoning module PakFile (2)
[2017.11.21-22.53.49:430][779]LogExit: Exiting.
[2017.11.21-22.53.49:476][779]Log file closed, 11/21/17 23:53:49
