Log file open, 12/12/17 23:29:20
LogWindows: LoadLibraryWithSearchPaths failed for file aqProf.dll. GetLastError=0
LogWindows: LoadLibraryWithSearchPaths failed for file VtuneApi.dll. GetLastError=0
LogWindows: LoadLibraryWithSearchPaths failed for file VtuneApi32e.dll. GetLastError=0
LogInit: Display: Running engine for game: ProjektX_V0_0
LogPlatformFile: Not using cached read wrapper
LogInit: Display: RandInit(1973466087) SRandInit(1973466088).
LogTaskGraph: Started task graph with 5 named threads and 8 total threads with 3 sets of task threads.
LogStats: Stats thread started at 0.916666
LogD3D11RHI: Aftermath initialized
LogPluginManager: Mounting plugin Paper2D
LogPluginManager: Mounting plugin LightPropagationVolume
LogPluginManager: Mounting plugin CodeLiteSourceCodeAccess
LogPluginManager: Mounting plugin GitSourceControl
LogPluginManager: Mounting plugin KDevelopSourceCodeAccess
LogPluginManager: Mounting plugin NullSourceCodeAccess
LogPluginManager: Mounting plugin PerforceSourceControl
LogPluginManager: Mounting plugin SubversionSourceControl
LogPluginManager: Mounting plugin UObjectPlugin
LogPluginManager: Mounting plugin VisualStudioSourceCodeAccess
LogPluginManager: Mounting plugin XCodeSourceCodeAccess
LogPluginManager: Mounting plugin AssetManagerEditor
LogPluginManager: Mounting plugin AudioCapture
LogPluginManager: Mounting plugin FacialAnimation
LogPluginManager: Mounting plugin GameplayTagsEditor
LogPluginManager: Mounting plugin MobileLauncherProfileWizard
LogPluginManager: Mounting plugin PluginBrowser
LogPluginManager: Mounting plugin SpeedTreeImporter
LogPluginManager: Mounting plugin AlembicImporter
LogPluginManager: Mounting plugin CharacterAI
LogPluginManager: Mounting plugin HTML5Networking
LogPluginManager: Mounting plugin AndroidMedia
LogPluginManager: Mounting plugin AvfMedia
LogPluginManager: Mounting plugin MediaPlayerEditor
LogPluginManager: Mounting plugin WmfMedia
LogPluginManager: Mounting plugin TcpMessaging
LogPluginManager: Mounting plugin UdpMessaging
LogPluginManager: Mounting plugin LevelSequenceEditor
LogPluginManager: Mounting plugin MatineeToLevelSequence
LogPluginManager: Mounting plugin OnlineSubsystemGooglePlay
LogPluginManager: Mounting plugin OnlineSubsystemIOS
LogPluginManager: Mounting plugin OnlineSubsystem
LogPluginManager: Mounting plugin OnlineSubsystemNull
LogPluginManager: Mounting plugin OnlineSubsystemUtils
LogPluginManager: Mounting plugin AndroidDeviceProfileSelector
LogPluginManager: Mounting plugin AndroidMoviePlayer
LogPluginManager: Mounting plugin AndroidPermission
LogPluginManager: Mounting plugin AppleMoviePlayer
LogPluginManager: Mounting plugin ArchVisCharacter
LogPluginManager: Mounting plugin CableComponent
LogPluginManager: Mounting plugin CustomMeshComponent
LogPluginManager: Mounting plugin ExampleDeviceProfileSelector
LogPluginManager: Mounting plugin GoogleCloudMessaging
LogPluginManager: Mounting plugin ImmediatePhysics
LogPluginManager: Mounting plugin IOSDeviceProfileSelector
LogPluginManager: Mounting plugin LinuxDeviceProfileSelector
LogPluginManager: Mounting plugin LocationServicesBPLibrary
LogPluginManager: Mounting plugin MobilePatchingUtils
LogPluginManager: Mounting plugin OculusVR
LogPluginManager: Mounting plugin PhysXVehicles
LogPluginManager: Mounting plugin ProceduralMeshComponent
LogPluginManager: Mounting plugin RuntimePhysXCooking
LogPluginManager: Mounting plugin SteamVR
LogPluginManager: Mounting plugin WindowsMoviePlayer
LogInit: Using libcurl 7.47.1
LogInit:  - built for x86_64-pc-win32
LogInit:  - supports SSL with OpenSSL/1.0.2g
LogInit:  - supports HTTP deflate (compression) using libz 1.2.8
LogInit:  - other features:
LogInit:      CURL_VERSION_SSL
LogInit:      CURL_VERSION_LIBZ
LogInit:      CURL_VERSION_IPV6
LogInit:      CURL_VERSION_ASYNCHDNS
LogInit:      CURL_VERSION_LARGEFILE
LogInit:      CURL_VERSION_IDN
LogInit:  CurlRequestOptions (configurable via config and command line):
LogInit:  - bVerifyPeer = false  - Libcurl will NOT verify peer certificate
LogInit:  - bUseHttpProxy = false  - Libcurl will NOT use HTTP proxy
LogInit:  - bDontReuseConnections = false  - Libcurl will reuse connections
LogInit:  - CertBundlePath = nullptr  - Libcurl will use whatever was configured at build time.
LogInit: Build: ++UE4+Release-4.17-CL-3586342
LogInit: Engine Version: 4.17.1-3586342+++UE4+Release-4.17
LogInit: Compatible Engine Version: 4.17.0-3573198+++UE4+Release-4.17
LogInit: Net CL: 3573198
LogDevObjectVersion: Number of dev versions registered: 16
LogDevObjectVersion:   Dev-Blueprints (B0D832E4-1F89-4F0D-ACCF-7EB736FD4AA2): 10
LogDevObjectVersion:   Dev-Build (E1C64328-A22C-4D53-A36C-8E866417BD8C): 0
LogDevObjectVersion:   Dev-Core (375EC13C-06E4-48FB-B500-84F0262A717E): 2
LogDevObjectVersion:   Dev-Editor (E4B068ED-F494-42E9-A231-DA0B2E46BB41): 20
LogDevObjectVersion:   Dev-Framework (CFFC743F-43B0-4480-9391-14DF171D2073): 28
LogDevObjectVersion:   Dev-Mobile (B02B49B5-BB20-44E9-A304-32B752E40360): 0
LogDevObjectVersion:   Dev-Networking (A4E4105C-59A1-49B5-A7C5-40C4547EDFEE): 0
LogDevObjectVersion:   Dev-Online (39C831C9-5AE6-47DC-9A44-9C173E1C8E7C): 0
LogDevObjectVersion:   Dev-Physics (78F01B33-EBEA-4F98-B9B4-84EACCB95AA2): 0
LogDevObjectVersion:   Dev-Platform (6631380F-2D4D-43E0-8009-CF276956A95A): 0
LogDevObjectVersion:   Dev-Rendering (12F88B9F-8875-4AFC-A67C-D90C383ABD29): 19
LogDevObjectVersion:   Dev-Sequencer (7B5AE74C-D270-4C10-A958-57980B212A5A): 4
LogDevObjectVersion:   Dev-VR (D7296918-1DD6-4BDD-9DE2-64A83CC13884): 0
LogDevObjectVersion:   Dev-LoadTimes (C2A15278-BFE7-4AFE-6C17-90FF531DF755): 1
LogDevObjectVersion:   Private-Geometry (6EACA3D4-40EC-4CC1-B786-8BED09428FC5): 1
LogDevObjectVersion:   Dev-AnimPhys (29E575DD-E0A3-4627-9D10-D276232CDCEA): 7
LogInit: Compiled (64-bit): Aug 15 2017 02:05:26
LogInit: Compiled with Visual C++: 19.00.24215.01
LogInit: Build Configuration: Development
LogInit: Branch Name: ++UE4+Release-4.17
LogInit: Command line:  
LogInit: Base directory: C:/Program Files/Epic Games/UE_4.17/Engine/Binaries/Win64/
LogInit: Installed Engine Build: 1
LogInit: Presizing for max 8388607 objects, including 0 objects not considered by GC, pre-allocating 0 bytes for permanent pool.
LogInit: Object subsystem initialized
[2017.12.12-22.29.31:353][  0]LogInit: Selected Device Profile: [Windows]
[2017.12.12-22.29.31:357][  0]LogInit: Applying CVar settings loaded from the selected device profile: [Windows]
[2017.12.12-22.29.31:612][  0]LogInit: Computer: LEIF
[2017.12.12-22.29.31:612][  0]LogInit: User: Leif
[2017.12.12-22.29.31:613][  0]LogInit: CPU Page size=4096, Cores=2
[2017.12.12-22.29.31:613][  0]LogInit: High frequency timer resolution =2.338338 MHz
[2017.12.12-22.29.31:616][  0]LogMemory: Memory total: Physical=7.9GB (8GB approx)
[2017.12.12-22.29.31:616][  0]LogMemory: Platform Memory Stats for Windows
[2017.12.12-22.29.31:629][  0]LogMemory: Process Physical Memory: 278.77 MB used, 278.77 MB peak
[2017.12.12-22.29.31:629][  0]LogMemory: Process Virtual Memory: 276.13 MB used, 276.13 MB peak
[2017.12.12-22.29.31:629][  0]LogMemory: Physical Memory: 5498.39 MB used,  2596.07 MB free, 8094.46 MB total
[2017.12.12-22.29.31:629][  0]LogMemory: Virtual Memory: 667.29 MB used,  2596.07 MB free, 134217728.00 MB total
[2017.12.12-22.29.34:573][  0]LogInit: Using OS detected language (de-DE).
[2017.12.12-22.29.34:573][  0]LogInit: Using OS detected locale (de-DE).
[2017.12.12-22.29.34:633][  0]LogTextLocalizationManager: No localization for 'de-DE' exists, so 'en' will be used for the language.
[2017.12.12-22.29.34:636][  0]LogTextLocalizationManager: No localization for 'de-DE' exists, so 'en' will be used for the locale.
[2017.12.12-22.29.44:176][  0]LogD3D11RHI: D3D11 adapters:
[2017.12.12-22.29.44:367][  0]LogD3D11RHI:    0. 'NVIDIA GeForce 940M' (Feature Level 11_0)
[2017.12.12-22.29.44:367][  0]LogD3D11RHI:       2019/0/4047 MB DedicatedVideo/DedicatedSystem/SharedSystem, Outputs:1, VendorId:0x10de
[2017.12.12-22.29.44:430][  0]LogD3D11RHI:    1. 'Intel(R) HD Graphics 5500' (Feature Level 11_0)
[2017.12.12-22.29.44:430][  0]LogD3D11RHI:       128/0/4047 MB DedicatedVideo/DedicatedSystem/SharedSystem, Outputs:0, VendorId:0x8086
[2017.12.12-22.29.44:440][  0]LogD3D11RHI:    2. 'Microsoft Basic Render Driver' (Feature Level 11_0)
[2017.12.12-22.29.44:440][  0]LogD3D11RHI:       0/0/4047 MB DedicatedVideo/DedicatedSystem/SharedSystem, Outputs:0, VendorId:0x1414
[2017.12.12-22.29.44:440][  0]LogD3D11RHI: Chosen D3D11 Adapter: 0
[2017.12.12-22.29.44:486][  0]LogD3D11RHI: Creating new Direct3DDevice
[2017.12.12-22.29.44:487][  0]LogD3D11RHI:     GPU DeviceId: 0x1347 (for the marketing name, search the web for "GPU Device Id")
[2017.12.12-22.29.44:487][  0]LogWindows: EnumDisplayDevices:
[2017.12.12-22.29.44:489][  0]LogWindows:    0. 'Intel(R) HD Graphics 5500' (P:1 D:1)
[2017.12.12-22.29.44:491][  0]LogWindows:    1. 'Intel(R) HD Graphics 5500' (P:0 D:0)
[2017.12.12-22.29.44:493][  0]LogWindows:    2. 'Intel(R) HD Graphics 5500' (P:0 D:0)
[2017.12.12-22.29.44:494][  0]LogWindows: DebugString: PrimaryIsNotTheChoosenAdapter PrimaryIsNotTheChoosenAdapter PrimaryIsNotTheChoosenAdapter FoundDriverCount:0 
[2017.12.12-22.29.44:494][  0]LogD3D11RHI:     Adapter Name: NVIDIA GeForce 940M
[2017.12.12-22.29.44:494][  0]LogD3D11RHI:   Driver Version: Unknown (internal:Unknown, unified:Unknown)
[2017.12.12-22.29.44:494][  0]LogD3D11RHI:      Driver Date: Unknown
[2017.12.12-22.29.44:495][  0]LogRHI: Texture pool is 1361 MB (70% of 1945 MB)
[2017.12.12-22.29.44:626][  0]LogD3D11RHI: Async texture creation enabled
[2017.12.12-22.29.44:701][  0]LogD3D11RHI: GPU Timing Frequency: 1000.000000 (Debug: 2 1)
[2017.12.12-22.29.44:709][  0]LogShaderCompilers: Guid format shader working directory is -34 characters bigger than the processId version (../../../../../../Users/Leif/Documents/GitHub/Projekt-B-Projekt-X/ProjektX_V0_1/Intermediate/Shaders/WorkingDirectory/6764/).
[2017.12.12-22.29.44:710][  0]LogShaderCompilers: Cleaned the shader compiler working directory 'C:/Users/Leif/AppData/Local/Temp/UnrealShaderWorkingDir/51A3680A4C7361BBDE50EFB0AFD47B3C/'.
[2017.12.12-22.29.44:711][  0]LogShaderCompilers: Display: Using Local Shader Compiler.
[2017.12.12-22.30.01:722][  0]LogTemp: Display: Loaded TP AllDesktopTargetPlatform
[2017.12.12-22.30.03:008][  0]LogTemp: Display: Loaded TP MacClientTargetPlatform
[2017.12.12-22.30.04:134][  0]LogTemp: Display: Loaded TP MacNoEditorTargetPlatform
[2017.12.12-22.30.05:210][  0]LogTemp: Display: Loaded TP MacServerTargetPlatform
[2017.12.12-22.30.06:298][  0]LogTemp: Display: Loaded TP MacTargetPlatform
[2017.12.12-22.30.07:362][  0]LogTemp: Display: Loaded TP WindowsClientTargetPlatform
[2017.12.12-22.30.08:332][  0]LogTemp: Display: Loaded TP WindowsNoEditorTargetPlatform
[2017.12.12-22.30.09:466][  0]LogTemp: Display: Loaded TP WindowsServerTargetPlatform
[2017.12.12-22.30.10:235][  0]LogTemp: Display: Loaded TP WindowsTargetPlatform
[2017.12.12-22.30.11:284][  0]LogTemp: Display: Loaded TP AndroidTargetPlatform
[2017.12.12-22.30.12:131][  0]LogTemp: Display: Loaded TP Android_ASTCTargetPlatform
[2017.12.12-22.30.13:092][  0]LogTemp: Display: Loaded TP Android_ATCTargetPlatform
[2017.12.12-22.30.13:965][  0]LogTemp: Display: Loaded TP Android_DXTTargetPlatform
[2017.12.12-22.30.14:789][  0]LogTemp: Display: Loaded TP Android_ETC1TargetPlatform
[2017.12.12-22.30.15:730][  0]LogTemp: Display: Loaded TP Android_ETC2TargetPlatform
[2017.12.12-22.30.17:563][  0]LogTemp: Display: Loaded TP Android_MultiTargetPlatform
[2017.12.12-22.30.17:564][  0]LogTemp: Display: Loaded TP Android_PVRTCTargetPlatform
[2017.12.12-22.30.18:246][  0]LogTemp: Display: Loaded TP HTML5TargetPlatform
[2017.12.12-22.30.19:874][  0]LogTemp: Display: Loaded TP IOSTargetPlatform
[2017.12.12-22.30.20:501][  0]LogTemp: Display: Loaded TP TVOSTargetPlatform
[2017.12.12-22.30.21:477][  0]LogTemp: Display: Loaded TP LinuxClientTargetPlatform
[2017.12.12-22.30.22:442][  0]LogTemp: Display: Loaded TP LinuxNoEditorTargetPlatform
[2017.12.12-22.30.23:424][  0]LogTemp: Display: Loaded TP LinuxServerTargetPlatform
[2017.12.12-22.30.24:421][  0]LogTemp: Display: Loaded TP LinuxTargetPlatform
[2017.12.12-22.30.24:427][  0]LogTargetPlatformManager: Display: Building Assets For Windows
[2017.12.12-22.30.34:901][  0]LogDerivedDataCache: Display: Max Cache Size: 512 MB
[2017.12.12-22.30.36:072][  0]LogDerivedDataCache: Loaded boot cache 1.17s 93MB C:/Users/Leif/AppData/Local/UnrealEngine/4.17/DerivedDataCache/Boot.ddc.
[2017.12.12-22.30.36:072][  0]LogDerivedDataCache: Display: Loaded Boot cache: C:/Users/Leif/AppData/Local/UnrealEngine/4.17/DerivedDataCache/Boot.ddc
[2017.12.12-22.30.36:073][  0]LogDerivedDataCache: FDerivedDataBackendGraph:  Pak pak cache file ../../../../../../Users/Leif/Documents/GitHub/Projekt-B-Projekt-X/ProjektX_V0_1/DerivedDataCache/DDC.ddp not found, will not use a pak cache.
[2017.12.12-22.30.36:073][  0]LogDerivedDataCache: Unable to find inner node Pak for hierarchical cache Hierarchy.
[2017.12.12-22.30.36:074][  0]LogDerivedDataCache: FDerivedDataBackendGraph:  CompressedPak pak cache file ../../../../../../Users/Leif/Documents/GitHub/Projekt-B-Projekt-X/ProjektX_V0_1/DerivedDataCache/Compressed.ddp not found, will not use a pak cache.
[2017.12.12-22.30.36:074][  0]LogDerivedDataCache: Unable to find inner node CompressedPak for hierarchical cache Hierarchy.
[2017.12.12-22.30.36:336][  0]LogDerivedDataCache: Display: Pak cache opened for reading ../../../Engine/DerivedDataCache/Compressed.ddp.
[2017.12.12-22.30.36:376][  0]LogDerivedDataCache: Using Local data cache path C:/Users/Leif/AppData/Local/UnrealEngine/Common/DerivedDataCache: Writable
[2017.12.12-22.30.36:541][  0]LogMaterial: Verifying Global Shaders for PCD3D_SM5
[2017.12.12-22.30.36:544][  0]LogSlate: Using Freetype 2.6.0
[2017.12.12-22.30.36:548][  0]LogSlate: SlateFontCache - WITH_FREETYPE: 1, WITH_HARFBUZZ: 1
[2017.12.12-22.30.36:548][  0]LogSlate: SlateFontCache - WITH_FREETYPE: 1, WITH_HARFBUZZ: 1
[2017.12.12-22.30.40:688][  0]LogAssetRegistry: FAssetRegistry took 0.1067 seconds to start up
[2017.12.12-22.30.42:705][  0]LogInit: Selected Device Profile: [Windows]
[2017.12.12-22.30.49:442][  0]LogSimplygon: Simplygon DLL not present - disabling.
[2017.12.12-22.30.50:134][  0]LogMeshReduction: Using SimplygonSwarm for distributed automatic mesh merging
[2017.12.12-22.30.50:135][  0]LogMeshReduction: Using QuadricMeshReduction for automatic static mesh reduction
[2017.12.12-22.30.50:135][  0]LogMeshReduction: No automatic skeletal mesh reduction module available
[2017.12.12-22.30.50:135][  0]LogMeshReduction: No automatic mesh merging module available
[2017.12.12-22.30.50:135][  0]LogMeshMerging: No automatic mesh merging module available
[2017.12.12-22.30.50:657][  0]LogContentStreaming: Texture pool size is 0.00 MB
[2017.12.12-22.30.58:060][  0]LogNetVersion: ProjektX_V0_0 , NetCL: 3573198, EngineNetVer: 2, GameNetVer: 0 (Checksum: 2444259609)
[2017.12.12-22.31.01:842][  0]LogPackageLocalizationCache: Processed 5 localized package path(s) for 1 prioritized culture(s) in 0.681332 seconds
[2017.12.12-22.31.01:930][  0]LogUObjectArray: 35825 objects as part of root set at end of initial load.
[2017.12.12-22.31.01:930][  0]LogUObjectAllocator: 7529104 out of 0 bytes used by permanent object pool.
[2017.12.12-22.31.01:931][  0]LogUObjectArray: CloseDisregardForGC: 0/0 objects in disregard for GC pool
[2017.12.12-22.31.03:131][  0]LogInit: WinSock: version 1.1 (2.2), MaxSocks=32767, MaxUdp=65467
[2017.12.12-22.31.44:295][  0]LogTcpMessaging: Initializing TcpMessaging bridge
[2017.12.12-22.31.44:902][  0]LogUdpMessaging: Initializing bridge on interface 0.0.0.0:0 to multicast group 230.0.0.1:6666.
[2017.12.12-22.31.55:627][  0]LogMaterial: Uniform references updated for custom material expression Custom.
[2017.12.12-22.31.58:848][  0]SourceControl: Source control is disabled
[2017.12.12-22.32.00:963][  0]LogAndroidPermission: UAndroidPermissionCallbackProxy::GetInstance
[2017.12.12-22.32.01:476][  0]LogOcInput: OculusInput pre-init called
[2017.12.12-22.32.01:986][  0]LogEngine: Initializing Engine...
[2017.12.12-22.32.01:990][  0]LogHMD: Failed to initialize OpenVR with code 110
[2017.12.12-22.32.02:377][  0]LogStats: UGameplayTagsManager::ConstructGameplayTagTree: Construct from data asset -  0.000 s
[2017.12.12-22.32.02:377][  0]LogStats: UGameplayTagsManager::ConstructGameplayTagTree: GameplayTagTreeChangedEvent.Broadcast -  0.000 s
[2017.12.12-22.32.02:665][  0]LogAIModule: Creating AISystem for world Untitled
[2017.12.12-22.32.02:674][  0]LogInit: XAudio2 using 'Speakers (Conexant SmartAudio HD)' : 2 channels at 48 kHz using 32 bits per sample (channel mask 0x3)
[2017.12.12-22.32.02:696][  0]LogInit: FAudioDevice initialized.
[2017.12.12-22.32.02:822][  0]LogDerivedDataCache: Saved boot cache 0.13s 93MB C:/Users/Leif/AppData/Local/UnrealEngine/4.17/DerivedDataCache/Boot.ddc.
[2017.12.12-22.32.02:841][  0]LogInit: Texture streaming: Enabled
[2017.12.12-22.32.03:096][  0]LogEngineSessionManager: EngineSessionManager initialized
[2017.12.12-22.32.03:594][  0]LogInit: Transaction tracking system initialized
[2017.12.12-22.32.04:372][  0]BlueprintLog: New page: Editor Load
[2017.12.12-22.32.06:220][  0]LocalizationService: Localization service is disabled
[2017.12.12-22.32.07:876][  0]LogConsoleResponse: Display: 
[2017.12.12-22.32.08:258][  0]LogCook: Display: Max memory allowance for cook 16384mb min free memory 0mb
[2017.12.12-22.32.08:258][  0]LogCook: Display: Mobile HDR setting 1
[2017.12.12-22.32.08:258][  0]LogGameplayTags: Display: UGameplayTagsManager::DoneAddingNativeTags. DelegateIsBound: 0
[2017.12.12-22.32.08:633][  0]LogFileCache: Scanning file cache for directory 'C:/Users/Leif/Documents/GitHub/Projekt-B-Projekt-X/ProjektX_V0_1/Content/' took 0.02s
[2017.12.12-22.32.10:557][  0]Cmd: MAP LOAD FILE="../../../../../../Users/Leif/Documents/GitHub/Projekt-B-Projekt-X/ProjektX_V0_1/Content/2DSideScrollerBP/Maps/2DSideScrollerExampleMap.umap" TEMPLATE=0 SHOWPROGRESS=1 FEATURELEVEL=3
[2017.12.12-22.32.10:558][  0]LightingResults: New page: Lighting Build
[2017.12.12-22.32.10:638][  0]MapCheck: New page: Map Check
[2017.12.12-22.32.10:638][  0]LightingResults: New page: Lighting Build
[2017.12.12-22.32.12:075][  0]LogAIModule: Creating AISystem for world 2DSideScrollerExampleMap
[2017.12.12-22.32.12:101][  0]LogEditorServer: Finished looking for orphan Actors (0.000 secs)
[2017.12.12-22.32.12:408][  0]Cmd: MAP CHECKDEP NOCLEARLOG
[2017.12.12-22.32.12:537][  0]MapCheck: Map check complete: 0 Error(s), 0 Warning(s), took 128.8ms to complete.
[2017.12.12-22.32.12:537][  0]LogFileHelpers: Loading map '2DSideScrollerExampleMap' took 1.980
[2017.12.12-22.32.13:070][  0]LogWindowsTextInputMethodSystem: Display: IME system now deactivated.
[2017.12.12-22.32.13:340][  0]LogCollectionManager: Loaded 0 collections in 0.003284 seconds
[2017.12.12-22.32.13:504][  0]LogFileCache: Scanning file cache for directory 'C:/Users/Leif/Documents/GitHub/Projekt-B-Projekt-X/ProjektX_V0_1/Saved/Collections/' took 0.01s
[2017.12.12-22.32.13:504][  0]LogFileCache: Scanning file cache for directory 'C:/Users/Leif/Documents/GitHub/Projekt-B-Projekt-X/ProjektX_V0_1/Content/Developers/Leif/Collections/' took 0.01s
[2017.12.12-22.32.13:504][  0]LogFileCache: Scanning file cache for directory 'C:/Users/Leif/Documents/GitHub/Projekt-B-Projekt-X/ProjektX_V0_1/Content/Collections/' took 0.01s
[2017.12.12-22.32.13:504][  0]LogCollectionManager: Rebuilt the GUID cache for 0 collections in 0.000000 seconds
[2017.12.12-22.32.13:521][  0]LogContentBrowser: Native class hierarchy populated in 0.0151 seconds. Added 2386 classes and 500 folders.
[2017.12.12-22.32.13:661][  0]LogContentBrowser: Native class hierarchy updated for 'WidgetCarousel' in 0.0011 seconds. Added 0 classes and 0 folders.
[2017.12.12-22.32.13:849][  0]LogContentBrowser: Native class hierarchy updated for 'AddContentDialog' in 0.0010 seconds. Added 0 classes and 0 folders.
[2017.12.12-22.32.13:937][  0]LogContentBrowser: Native class hierarchy updated for 'SceneOutliner' in 0.0007 seconds. Added 1 classes and 2 folders.
[2017.12.12-22.32.14:154][  0]LogSlate: Took 0.001637 seconds to synchronously load lazily loaded font '../../../Engine/Content/Slate/Fonts/Roboto-Regular.ttf' (155K)
[2017.12.12-22.32.14:159][  0]LogSlate: Took 0.001085 seconds to synchronously load lazily loaded font '../../../Engine/Content/Slate/Fonts/Roboto-Bold.ttf' (160K)
[2017.12.12-22.32.14:172][  0]LogSlate: Took 0.001785 seconds to synchronously load lazily loaded font '../../../Engine/Content/Editor/Slate/Fonts/FontAwesome.ttf' (139K)
[2017.12.12-22.32.14:327][  0]LogRenderer: Reallocating scene render targets to support 664x340 Format 10 NumSamples 1 (Frame:1).
[2017.12.12-22.32.14:649][  0]LogContentBrowser: Native class hierarchy updated for 'HierarchicalLODOutliner' in 0.0013 seconds. Added 1 classes and 2 folders.
[2017.12.12-22.32.14:649][  0]LogLoad: (Engine Initialization) Total time: 187.26 seconds
[2017.12.12-22.32.14:649][  0]LogLoad: (Engine Initialization) Total Blueprint compile time: 0.00 seconds
[2017.12.12-22.32.14:650][  0]LogExternalProfiler: Found external profiler: VSPerf
[2017.12.12-22.32.14:650][  0]LogExternalProfiler: Using external profiler: VSPerf
[2017.12.12-22.32.14:687][  0]SourceControl: On branch master
[2017.12.12-22.32.14:687][  0]SourceControl: Your branch is up-to-date with 'origin/master'.
[2017.12.12-22.32.14:687][  0]SourceControl: Changes not staged for commit:
[2017.12.12-22.32.14:687][  0]SourceControl:   (use "git add <file>..." to update what will be committed)
[2017.12.12-22.32.14:687][  0]SourceControl:   (use "git checkout -- <file>..." to discard changes in working directory)
[2017.12.12-22.32.14:687][  0]SourceControl: 	modified:   ProjektX_V0_1/Intermediate/CachedAssetRegistry.bin
[2017.12.12-22.32.14:687][  0]SourceControl: 	modified:   ProjektX_V0_1/Saved/Config/Windows/Editor.ini
[2017.12.12-22.32.14:687][  0]SourceControl: 	modified:   ProjektX_V0_1/Saved/Config/Windows/Engine.ini
[2017.12.12-22.32.14:687][  0]SourceControl: 	modified:   ProjektX_V0_1/Saved/Logs/ProjektX_V0_0.log
[2017.12.12-22.32.14:688][  0]SourceControl: 	modified:   ProjektX_V0_1/Saved/Logs/ProjektX_V0_0_2.log
[2017.12.12-22.32.14:688][  0]SourceControl: Untracked files:
[2017.12.12-22.32.14:688][  0]SourceControl:   (use "git add <file>..." to include in what will be committed)
[2017.12.12-22.32.14:688][  0]SourceControl: 	ProjektX_V0_1/Saved/Config/CrashReportClient/UE4CC-Windows-A8D89E2944838162BA46F4AB64A68CA7/
[2017.12.12-22.32.14:688][  0]SourceControl: 	ProjektX_V0_1/Saved/Config/CrashReportClient/UE4CC-Windows-E628C20240DB03B093E478B78902A58B/
[2017.12.12-22.32.14:688][  0]SourceControl: 	ProjektX_V0_1/Saved/Logs/ProjektX_V0_0-backup-2017.12.12-23.29.02.log
[2017.12.12-22.32.14:688][  0]SourceControl: 	ProjektX_V0_1/Saved/Logs/ProjektX_V0_0_2-backup-2017.12.12-23.29.20.log
[2017.12.12-22.32.14:688][  0]SourceControl: no changes added to commit (use "git add" and/or "git commit -a")
[2017.12.12-22.32.14:688][  0]LogContentStreaming: Texture pool size now 1000 MB
[2017.12.12-22.32.14:731][  0]LogSlate: Took 0.001415 seconds to synchronously load lazily loaded font '../../../Engine/Content/Slate/Fonts/Roboto-Light.ttf' (159K)
[2017.12.12-22.32.14:840][  2]LogAssetRegistry: Asset discovery search completed in 94.1863 seconds
[2017.12.12-22.32.14:844][  2]LogCollectionManager: Rebuilt the object cache for 0 collections in 0.000000 seconds (found 0 objects)
[2017.12.12-22.32.14:844][  2]LogCollectionManager: Fixed up redirectors for 0 collections in 0.000071 seconds (updated 0 objects)
[2017.12.12-22.32.16:975][212]LogSlate: Took 0.000198 seconds to synchronously load lazily loaded font '../../../Engine/Content/Slate/Fonts/Roboto-Light.ttf' (159K)
[2017.12.12-22.32.17:762][212]LogSlate: Took 0.000290 seconds to synchronously load lazily loaded font '../../../Engine/Content/Slate/Fonts/Roboto-Regular.ttf' (155K)
[2017.12.12-22.32.18:107][212]LogContentBrowser: Native class hierarchy updated for 'BlueprintGraph' in 0.0017 seconds. Added 113 classes and 0 folders.
[2017.12.12-22.32.19:193][212]LogSlate: Took 0.001948 seconds to synchronously load lazily loaded font '../../../Engine/Content/Editor/Slate/Fonts/Roboto-BoldCondensed.ttf' (158K)
[2017.12.12-22.32.20:016][213]LogSlate: Took 0.002497 seconds to synchronously load lazily loaded font '../../../Engine/Content/Editor/Slate/Fonts/Roboto-Italic.ttf' (157K)
[2017.12.12-22.32.31:636][ 96]LogRenderer: Reallocating scene render targets to support 664x348 Format 10 NumSamples 1 (Frame:1).
[2017.12.12-22.33.32:042][439]LogSavePackage: Save=370.84ms
[2017.12.12-22.33.32:042][439]LogSavePackage: Moving '../../../../../../Users/Leif/Documents/GitHub/Projekt-B-Projekt-X/ProjektX_V0_1/Saved/BobA8FFFD4640FA3DBCFD04F482860792C3.tmp' to '../../../../../../Users/Leif/Documents/GitHub/Projekt-B-Projekt-X/ProjektX_V0_1/Content/2DSideScrollerBP/Blueprints/Bob/Bob.uasset'
[2017.12.12-22.33.32:044][439]LogFileManager: Warning: DeleteFile was unable to delete '../../../../../../Users/Leif/Documents/GitHub/Projekt-B-Projekt-X/ProjektX_V0_1/Content/2DSideScrollerBP/Blueprints/Bob/Bob.uasset', retrying in .5s...
[2017.12.12-22.33.32:545][439]LogFileManager: Error: Error deleting file '../../../../../../Users/Leif/Documents/GitHub/Projekt-B-Projekt-X/ProjektX_V0_1/Content/2DSideScrollerBP/Blueprints/Bob/Bob.uasset'.
[2017.12.12-22.33.32:545][439]LogSavePackage: Error: Error saving '../../../../../../Users/Leif/Documents/GitHub/Projekt-B-Projekt-X/ProjektX_V0_1/Content/2DSideScrollerBP/Blueprints/Bob/Bob.uasset'
[2017.12.12-22.33.32:549][439]LogSavePackage: Display: Finished SavePackage ../../../../../../Users/Leif/Documents/GitHub/Projekt-B-Projekt-X/ProjektX_V0_1/Content/2DSideScrollerBP/Blueprints/Bob/Bob.uasset
[2017.12.12-22.33.41:415][439]LogSavePackage: Save=316.90ms
[2017.12.12-22.33.41:415][439]LogSavePackage: Moving '../../../../../../Users/Leif/Documents/GitHub/Projekt-B-Projekt-X/ProjektX_V0_1/Saved/Bob30C98E6243A0FBCC304909862B40A492.tmp' to '../../../../../../Users/Leif/Documents/GitHub/Projekt-B-Projekt-X/ProjektX_V0_1/Content/2DSideScrollerBP/Blueprints/Bob/Bob.uasset'
[2017.12.12-22.33.41:417][439]LogFileManager: Warning: DeleteFile was unable to delete '../../../../../../Users/Leif/Documents/GitHub/Projekt-B-Projekt-X/ProjektX_V0_1/Content/2DSideScrollerBP/Blueprints/Bob/Bob.uasset', retrying in .5s...
[2017.12.12-22.33.41:918][439]LogFileManager: Error: Error deleting file '../../../../../../Users/Leif/Documents/GitHub/Projekt-B-Projekt-X/ProjektX_V0_1/Content/2DSideScrollerBP/Blueprints/Bob/Bob.uasset'.
[2017.12.12-22.33.41:918][439]LogSavePackage: Error: Error saving '../../../../../../Users/Leif/Documents/GitHub/Projekt-B-Projekt-X/ProjektX_V0_1/Content/2DSideScrollerBP/Blueprints/Bob/Bob.uasset'
[2017.12.12-22.33.41:919][439]LogSavePackage: Display: Finished SavePackage ../../../../../../Users/Leif/Documents/GitHub/Projekt-B-Projekt-X/ProjektX_V0_1/Content/2DSideScrollerBP/Blueprints/Bob/Bob.uasset
[2017.12.12-22.33.43:550][439]EditorErrors: New page: Save Output
[2017.12.12-22.33.43:550][439]EditorErrors: Warning: Error saving '../../../../../../Users/Leif/Documents/GitHub/Projekt-B-Projekt-X/ProjektX_V0_1/Content/2DSideScrollerBP/Blueprints/Bob/Bob.uasset'
[2017.12.12-22.33.43:550][439]EditorErrors: Warning: Error saving '../../../../../../Users/Leif/Documents/GitHub/Projekt-B-Projekt-X/ProjektX_V0_1/Content/2DSideScrollerBP/Blueprints/Bob/Bob.uasset'
[2017.12.12-22.33.53:632][965]BlueprintLog: New page: Compile Bob
[2017.12.12-22.33.57:720][226]LogTemp: Repeating last play command: New Editor Window (PIE)
[2017.12.12-22.33.57:809][226]LogBlueprintUserMessages: Early PlayInEditor Detection: Level '/Game/2DSideScrollerBP/Maps/2DSideScrollerExampleMap.2DSideScrollerExampleMap:PersistentLevel' has LevelScriptBlueprint '/Game/2DSideScrollerBP/Maps/2DSideScrollerExampleMap.2DSideScrollerExampleMap:PersistentLevel.2DSideScrollerExampleMap' with GeneratedClass '/Game/2DSideScrollerBP/Maps/2DSideScrollerExampleMap.2DSideScrollerExampleMap_C' with ClassGeneratedBy '/Game/2DSideScrollerBP/Maps/2DSideScrollerExampleMap.2DSideScrollerExampleMap:PersistentLevel.2DSideScrollerExampleMap'
[2017.12.12-22.33.57:810][226]LogPlayLevel: PlayLevel: No blueprints needed recompiling
[2017.12.12-22.33.57:821][226]PIE: New page: PIE session: 2DSideScrollerExampleMap (Dec 13, 2017, 12:33:57 AM)
[2017.12.12-22.33.57:822][226]LogPlayLevel: Creating play world package: /Game/2DSideScrollerBP/Maps/UEDPIE_0_2DSideScrollerExampleMap
[2017.12.12-22.33.57:830][226]LogPlayLevel: PIE: StaticDuplicateObject took: (0.008017s)
[2017.12.12-22.33.57:830][226]LogAIModule: Creating AISystem for world 2DSideScrollerExampleMap
[2017.12.12-22.33.57:831][226]LogPlayLevel: PIE: World Init took: (0.001055s)
[2017.12.12-22.33.57:831][226]LogPlayLevel: PIE: Created PIE world by copying editor world from /Game/2DSideScrollerBP/Maps/2DSideScrollerExampleMap.2DSideScrollerExampleMap to /Game/2DSideScrollerBP/Maps/UEDPIE_0_2DSideScrollerExampleMap.2DSideScrollerExampleMap (0.009719s)
[2017.12.12-22.33.57:864][226]LogInit: XAudio2 using 'Speakers (Conexant SmartAudio HD)' : 2 channels at 48 kHz using 32 bits per sample (channel mask 0x3)
[2017.12.12-22.33.57:876][226]LogInit: FAudioDevice initialized.
[2017.12.12-22.33.57:936][226]LogLoad: Game class is '2DSideScrollerGameMode_C'
[2017.12.12-22.33.57:954][226]LogWorld: Bringing World /Game/2DSideScrollerBP/Maps/UEDPIE_0_2DSideScrollerExampleMap.2DSideScrollerExampleMap up for play (max tick rate 0) at 2017.12.12-23.33.57
[2017.12.12-22.33.57:972][226]LogWorld: Bringing up level for play took: 0.023444
[2017.12.12-22.33.58:052][226]LogContentBrowser: Native class hierarchy updated for 'MovieSceneCapture' in 0.0008 seconds. Added 11 classes and 0 folders.
[2017.12.12-22.33.58:069][226]PIE: Play in editor start time for /Game/2DSideScrollerBP/Maps/UEDPIE_0_2DSideScrollerExampleMap -0.503
[2017.12.12-22.33.58:071][226]LogBlueprintUserMessages: Late PlayInEditor Detection: Level '/Game/2DSideScrollerBP/Maps/2DSideScrollerExampleMap.2DSideScrollerExampleMap:PersistentLevel' has LevelScriptBlueprint '/Game/2DSideScrollerBP/Maps/2DSideScrollerExampleMap.2DSideScrollerExampleMap:PersistentLevel.2DSideScrollerExampleMap' with GeneratedClass '/Game/2DSideScrollerBP/Maps/2DSideScrollerExampleMap.2DSideScrollerExampleMap_C' with ClassGeneratedBy '/Game/2DSideScrollerBP/Maps/2DSideScrollerExampleMap.2DSideScrollerExampleMap:PersistentLevel.2DSideScrollerExampleMap'
[2017.12.12-22.33.58:172][226]LogRenderer: Reallocating scene render targets to support 1292x756 Format 10 NumSamples 1 (Frame:1).
[2017.12.12-22.34.03:538][478]LogBlueprintUserMessages: Early EndPlayMap Detection: Level '/Game/2DSideScrollerBP/Maps/2DSideScrollerExampleMap.2DSideScrollerExampleMap:PersistentLevel' has LevelScriptBlueprint '/Game/2DSideScrollerBP/Maps/2DSideScrollerExampleMap.2DSideScrollerExampleMap:PersistentLevel.2DSideScrollerExampleMap' with GeneratedClass '/Game/2DSideScrollerBP/Maps/2DSideScrollerExampleMap.2DSideScrollerExampleMap_C' with ClassGeneratedBy '/Game/2DSideScrollerBP/Maps/2DSideScrollerExampleMap.2DSideScrollerExampleMap:PersistentLevel.2DSideScrollerExampleMap'
[2017.12.12-22.34.03:619][478]LogBlueprintUserMessages: Late EndPlayMap Detection: Level '/Game/2DSideScrollerBP/Maps/2DSideScrollerExampleMap.2DSideScrollerExampleMap:PersistentLevel' has LevelScriptBlueprint '/Game/2DSideScrollerBP/Maps/2DSideScrollerExampleMap.2DSideScrollerExampleMap:PersistentLevel.2DSideScrollerExampleMap' with GeneratedClass '/Game/2DSideScrollerBP/Maps/2DSideScrollerExampleMap.2DSideScrollerExampleMap_C' with ClassGeneratedBy '/Game/2DSideScrollerBP/Maps/2DSideScrollerExampleMap.2DSideScrollerExampleMap:PersistentLevel.2DSideScrollerExampleMap'
[2017.12.12-22.34.10:948][951]LogSavePackage: Save=287.02ms
[2017.12.12-22.34.10:948][951]LogSavePackage: Moving '../../../../../../Users/Leif/Documents/GitHub/Projekt-B-Projekt-X/ProjektX_V0_1/Saved/Bob39D19C634C8B4D82080063AEA9274DF7.tmp' to '../../../../../../Users/Leif/Documents/GitHub/Projekt-B-Projekt-X/ProjektX_V0_1/Content/2DSideScrollerBP/Blueprints/Bob/Bob.uasset'
[2017.12.12-22.34.10:950][951]LogFileManager: Warning: DeleteFile was unable to delete '../../../../../../Users/Leif/Documents/GitHub/Projekt-B-Projekt-X/ProjektX_V0_1/Content/2DSideScrollerBP/Blueprints/Bob/Bob.uasset', retrying in .5s...
[2017.12.12-22.34.11:451][951]LogFileManager: Error: Error deleting file '../../../../../../Users/Leif/Documents/GitHub/Projekt-B-Projekt-X/ProjektX_V0_1/Content/2DSideScrollerBP/Blueprints/Bob/Bob.uasset'.
[2017.12.12-22.34.11:451][951]LogSavePackage: Error: Error saving '../../../../../../Users/Leif/Documents/GitHub/Projekt-B-Projekt-X/ProjektX_V0_1/Content/2DSideScrollerBP/Blueprints/Bob/Bob.uasset'
[2017.12.12-22.34.11:452][951]LogSavePackage: Display: Finished SavePackage ../../../../../../Users/Leif/Documents/GitHub/Projekt-B-Projekt-X/ProjektX_V0_1/Content/2DSideScrollerBP/Blueprints/Bob/Bob.uasset
[2017.12.12-22.34.13:981][951]EditorErrors: New page: Save Output
[2017.12.12-22.34.13:982][951]EditorErrors: Warning: Error saving '../../../../../../Users/Leif/Documents/GitHub/Projekt-B-Projekt-X/ProjektX_V0_1/Content/2DSideScrollerBP/Blueprints/Bob/Bob.uasset'
[2017.12.12-22.34.17:549][172]BlueprintLog: New page: Compile Bob
[2017.12.12-22.34.19:018][207]BlueprintLog: New page: Compile Bob
[2017.12.12-22.34.22:507][383]LogSavePackage: Save=281.42ms
[2017.12.12-22.34.22:507][383]LogSavePackage: Moving '../../../../../../Users/Leif/Documents/GitHub/Projekt-B-Projekt-X/ProjektX_V0_1/Saved/BobDD11973242A423ACFAEA3AA41BBEB933.tmp' to '../../../../../../Users/Leif/Documents/GitHub/Projekt-B-Projekt-X/ProjektX_V0_1/Content/2DSideScrollerBP/Blueprints/Bob/Bob.uasset'
[2017.12.12-22.34.22:509][383]LogFileManager: Warning: DeleteFile was unable to delete '../../../../../../Users/Leif/Documents/GitHub/Projekt-B-Projekt-X/ProjektX_V0_1/Content/2DSideScrollerBP/Blueprints/Bob/Bob.uasset', retrying in .5s...
[2017.12.12-22.34.23:010][383]LogFileManager: Error: Error deleting file '../../../../../../Users/Leif/Documents/GitHub/Projekt-B-Projekt-X/ProjektX_V0_1/Content/2DSideScrollerBP/Blueprints/Bob/Bob.uasset'.
[2017.12.12-22.34.23:010][383]LogSavePackage: Error: Error saving '../../../../../../Users/Leif/Documents/GitHub/Projekt-B-Projekt-X/ProjektX_V0_1/Content/2DSideScrollerBP/Blueprints/Bob/Bob.uasset'
[2017.12.12-22.34.23:012][383]LogSavePackage: Display: Finished SavePackage ../../../../../../Users/Leif/Documents/GitHub/Projekt-B-Projekt-X/ProjektX_V0_1/Content/2DSideScrollerBP/Blueprints/Bob/Bob.uasset
[2017.12.12-22.34.34:705][383]LogSavePackage: Save=322.31ms
[2017.12.12-22.34.34:706][383]LogSavePackage: Moving '../../../../../../Users/Leif/Documents/GitHub/Projekt-B-Projekt-X/ProjektX_V0_1/Saved/BobB4BE6AB5419B4DDE24471A812A2F26A5.tmp' to '../../../../../../Users/Leif/Documents/GitHub/Projekt-B-Projekt-X/ProjektX_V0_1/Content/2DSideScrollerBP/Blueprints/Bob/Bob.uasset'
[2017.12.12-22.34.34:707][383]LogFileManager: Warning: DeleteFile was unable to delete '../../../../../../Users/Leif/Documents/GitHub/Projekt-B-Projekt-X/ProjektX_V0_1/Content/2DSideScrollerBP/Blueprints/Bob/Bob.uasset', retrying in .5s...
[2017.12.12-22.34.35:208][383]LogFileManager: Error: Error deleting file '../../../../../../Users/Leif/Documents/GitHub/Projekt-B-Projekt-X/ProjektX_V0_1/Content/2DSideScrollerBP/Blueprints/Bob/Bob.uasset'.
[2017.12.12-22.34.35:208][383]LogSavePackage: Error: Error saving '../../../../../../Users/Leif/Documents/GitHub/Projekt-B-Projekt-X/ProjektX_V0_1/Content/2DSideScrollerBP/Blueprints/Bob/Bob.uasset'
[2017.12.12-22.34.35:210][383]LogSavePackage: Display: Finished SavePackage ../../../../../../Users/Leif/Documents/GitHub/Projekt-B-Projekt-X/ProjektX_V0_1/Content/2DSideScrollerBP/Blueprints/Bob/Bob.uasset
[2017.12.12-22.34.37:735][383]EditorErrors: New page: Save Output
[2017.12.12-22.34.37:736][383]EditorErrors: Warning: Error saving '../../../../../../Users/Leif/Documents/GitHub/Projekt-B-Projekt-X/ProjektX_V0_1/Content/2DSideScrollerBP/Blueprints/Bob/Bob.uasset'
[2017.12.12-22.34.37:736][383]EditorErrors: Warning: Error saving '../../../../../../Users/Leif/Documents/GitHub/Projekt-B-Projekt-X/ProjektX_V0_1/Content/2DSideScrollerBP/Blueprints/Bob/Bob.uasset'
[2017.12.12-22.34.50:554][ 96]LogSavePackage: Save=311.42ms
[2017.12.12-22.34.50:554][ 96]LogSavePackage: Moving '../../../../../../Users/Leif/Documents/GitHub/Projekt-B-Projekt-X/ProjektX_V0_1/Saved/BobEAB74C9847AE8CE736B45D848102AEA8.tmp' to '../../../../../../Users/Leif/Documents/GitHub/Projekt-B-Projekt-X/ProjektX_V0_1/Content/2DSideScrollerBP/Blueprints/Bob/Bob.uasset'
[2017.12.12-22.34.50:556][ 96]LogFileManager: Warning: DeleteFile was unable to delete '../../../../../../Users/Leif/Documents/GitHub/Projekt-B-Projekt-X/ProjektX_V0_1/Content/2DSideScrollerBP/Blueprints/Bob/Bob.uasset', retrying in .5s...
[2017.12.12-22.34.51:057][ 96]LogFileManager: Error: Error deleting file '../../../../../../Users/Leif/Documents/GitHub/Projekt-B-Projekt-X/ProjektX_V0_1/Content/2DSideScrollerBP/Blueprints/Bob/Bob.uasset'.
[2017.12.12-22.34.51:057][ 96]LogSavePackage: Error: Error saving '../../../../../../Users/Leif/Documents/GitHub/Projekt-B-Projekt-X/ProjektX_V0_1/Content/2DSideScrollerBP/Blueprints/Bob/Bob.uasset'
[2017.12.12-22.34.51:059][ 96]LogSavePackage: Display: Finished SavePackage ../../../../../../Users/Leif/Documents/GitHub/Projekt-B-Projekt-X/ProjektX_V0_1/Content/2DSideScrollerBP/Blueprints/Bob/Bob.uasset
[2017.12.12-22.34.54:874][ 96]LogSavePackage: Save=151.12ms
[2017.12.12-22.34.54:874][ 96]LogSavePackage: Moving '../../../../../../Users/Leif/Documents/GitHub/Projekt-B-Projekt-X/ProjektX_V0_1/Saved/2DSideScrollerExampleMapDD8A67354E6ACC44965918886424B999.tmp' to '../../../../../../Users/Leif/Documents/GitHub/Projekt-B-Projekt-X/ProjektX_V0_1/Content/2DSideScrollerBP/Maps/2DSideScrollerExampleMap.umap'
[2017.12.12-22.34.54:884][ 96]LogSavePackage: Display: Finished SavePackage ../../../../../../Users/Leif/Documents/GitHub/Projekt-B-Projekt-X/ProjektX_V0_1/Content/2DSideScrollerBP/Maps/2DSideScrollerExampleMap.umap
[2017.12.12-22.34.54:982][ 96]LogFileHelpers: Saving map '2DSideScrollerExampleMap' took 0.455
[2017.12.12-22.34.54:984][ 96]EditorErrors: New page: Save Output
[2017.12.12-22.34.54:984][ 96]EditorErrors: Warning: Error saving '../../../../../../Users/Leif/Documents/GitHub/Projekt-B-Projekt-X/ProjektX_V0_1/Content/2DSideScrollerBP/Blueprints/Bob/Bob.uasset'
[2017.12.12-22.34.56:933][ 96]LogWindowsTextInputMethodSystem: Display: IME system now deactivated.
[2017.12.12-22.34.57:185][ 97]Cmd: QUIT_EDITOR
[2017.12.12-22.34.57:630][ 97]LogExit: Preparing to exit.
[2017.12.12-22.34.58:219][ 97]LogDirectoryWatcher: A directory notification for 'C:/Users/Leif/Documents/GitHub/Projekt-B-Projekt-X/ProjektX_V0_1/Content/' was aborted.
[2017.12.12-22.34.58:337][ 97]LogExit: Editor shut down
[2017.12.12-22.34.58:343][ 97]LogExit: Transaction tracking system shut down
[2017.12.12-22.34.58:637][ 97]LogDirectoryWatcher: A directory notification for '../../../Engine/Content/' was aborted.
[2017.12.12-22.34.58:637][ 97]LogDirectoryWatcher: A directory notification for '../../../../../../Users/Leif/Documents/GitHub/Projekt-B-Projekt-X/ProjektX_V0_1/Content/' was aborted.
[2017.12.12-22.34.58:637][ 97]LogDirectoryWatcher: A directory notification for '../../../Engine/Plugins/2D/Paper2D/Content/' was aborted.
[2017.12.12-22.34.58:637][ 97]LogDirectoryWatcher: A directory notification for '../../../Engine/Plugins/Runtime/Oculus/OculusVR/Content/' was aborted.
[2017.12.12-22.34.58:637][ 97]LogDirectoryWatcher: A directory notification for '../../../Engine/Plugins/Runtime/Steam/SteamVR/Content/' was aborted.
[2017.12.12-22.34.58:832][ 97]LogExit: Object subsystem successfully closed.
[2017.12.12-22.34.58:872][ 97]LogD3D11RHI: Shutdown
[2017.12.12-22.34.58:872][ 97]LogD3D11RHI: CleanupD3DDevice
[2017.12.12-22.34.59:034][ 97]LogD3D11RHI: ~FD3D11DynamicRHI
[2017.12.12-22.34.59:078][ 97]LogModuleManager: Shutting down and abandoning module MovieSceneCapture (536)
[2017.12.12-22.34.59:078][ 97]LogModuleManager: Shutting down and abandoning module BlueprintGraph (534)
[2017.12.12-22.34.59:078][ 97]LogModuleManager: Shutting down and abandoning module BlueprintProfiler (532)
[2017.12.12-22.34.59:080][ 97]LogModuleManager: Shutting down and abandoning module HierarchicalLODOutliner (530)
[2017.12.12-22.34.59:080][ 97]LogModuleManager: Shutting down and abandoning module SceneOutliner (528)
[2017.12.12-22.34.59:080][ 97]LogModuleManager: Shutting down and abandoning module AddContentDialog (526)
[2017.12.12-22.34.59:080][ 97]LogDirectoryWatcher: A directory notification for 'C:/Program Files/Epic Games/UE_4.17/FeaturePacks/' was aborted.
[2017.12.12-22.34.59:082][ 97]LogModuleManager: Shutting down and abandoning module WidgetCarousel (525)
[2017.12.12-22.34.59:082][ 97]LogModuleManager: Shutting down and abandoning module EditorWidgets (522)
[2017.12.12-22.34.59:082][ 97]LogModuleManager: Shutting down and abandoning module CollectionManager (520)
[2017.12.12-22.34.59:083][ 97]LogDirectoryWatcher: A directory notification for 'C:/Users/Leif/Documents/GitHub/Projekt-B-Projekt-X/ProjektX_V0_1/Content/Collections/' was aborted.
[2017.12.12-22.34.59:083][ 97]LogDirectoryWatcher: A directory notification for 'C:/Users/Leif/Documents/GitHub/Projekt-B-Projekt-X/ProjektX_V0_1/Content/Developers/Leif/Collections/' was aborted.
[2017.12.12-22.34.59:083][ 97]LogDirectoryWatcher: A directory notification for 'C:/Users/Leif/Documents/GitHub/Projekt-B-Projekt-X/ProjektX_V0_1/Saved/Collections/' was aborted.
[2017.12.12-22.34.59:083][ 97]LogModuleManager: Shutting down and abandoning module StatsViewer (518)
[2017.12.12-22.34.59:083][ 97]LogModuleManager: Shutting down and abandoning module FoliageEdit (516)
[2017.12.12-22.34.59:083][ 97]LogModuleManager: Shutting down and abandoning module LandscapeEditor (514)
[2017.12.12-22.34.59:084][ 97]LogModuleManager: Shutting down and abandoning module MeshPaintMode (512)
[2017.12.12-22.34.59:084][ 97]LogModuleManager: Shutting down and abandoning module SceneDepthPickerMode (510)
[2017.12.12-22.34.59:084][ 97]LogModuleManager: Shutting down and abandoning module ActorPickerMode (508)
[2017.12.12-22.34.59:084][ 97]LogModuleManager: Shutting down and abandoning module GeometryMode (506)
[2017.12.12-22.34.59:084][ 97]LogModuleManager: Shutting down and abandoning module TextureAlignMode (504)
[2017.12.12-22.34.59:084][ 97]LogModuleManager: Shutting down and abandoning module BspMode (502)
[2017.12.12-22.34.59:085][ 97]LogModuleManager: Shutting down and abandoning module PIEPreviewDeviceProfileSelector (500)
[2017.12.12-22.34.59:085][ 97]LogModuleManager: Shutting down and abandoning module HardwareSurvey (498)
[2017.12.12-22.34.59:085][ 97]LogModuleManager: Shutting down and abandoning module SequenceRecorderSections (496)
[2017.12.12-22.34.59:085][ 97]LogModuleManager: Shutting down and abandoning module AutomationWorker (494)
[2017.12.12-22.34.59:085][ 97]LogModuleManager: Shutting down and abandoning module MatineeToLevelSequence (492)
[2017.12.12-22.34.59:086][ 97]LogModuleManager: Shutting down and abandoning module LevelSequenceEditor (490)
[2017.12.12-22.34.59:088][ 97]LogModuleManager: Shutting down and abandoning module PlacementMode (489)
[2017.12.12-22.34.59:088][ 97]LogModuleManager: Shutting down and abandoning module WmfMediaFactory (486)
[2017.12.12-22.34.59:088][ 97]LogModuleManager: Shutting down and abandoning module WmfMediaEditor (484)
[2017.12.12-22.34.59:088][ 97]LogModuleManager: Shutting down and abandoning module AvfMediaFactory (482)
[2017.12.12-22.34.59:088][ 97]LogModuleManager: Shutting down and abandoning module AvfMediaEditor (480)
[2017.12.12-22.34.59:088][ 97]LogModuleManager: Shutting down and abandoning module AndroidMediaFactory (478)
[2017.12.12-22.34.59:088][ 97]LogModuleManager: Shutting down and abandoning module Media (477)
[2017.12.12-22.34.59:088][ 97]LogModuleManager: Shutting down and abandoning module AndroidMediaEditor (474)
[2017.12.12-22.34.59:088][ 97]LogModuleManager: Shutting down and abandoning module CharacterAI (472)
[2017.12.12-22.34.59:088][ 97]LogModuleManager: Shutting down and abandoning module AudioCapture (470)
[2017.12.12-22.34.59:088][ 97]LogModuleManager: Shutting down and abandoning module SequenceRecorder (469)
[2017.12.12-22.34.59:088][ 97]LogModuleManager: Shutting down and abandoning module SmartSnapping (466)
[2017.12.12-22.34.59:088][ 97]LogModuleManager: Shutting down and abandoning module SessionServices (464)
[2017.12.12-22.34.59:088][ 97]LogModuleManager: Shutting down and abandoning module ViewportSnapping (462)
[2017.12.12-22.34.59:088][ 97]LogModuleManager: Shutting down and abandoning module ViewportInteraction (460)
[2017.12.12-22.34.59:088][ 97]LogModuleManager: Shutting down and abandoning module ClothPainter (458)
[2017.12.12-22.34.59:090][ 97]LogModuleManager: Shutting down and abandoning module LogVisualizer (456)
[2017.12.12-22.34.59:091][ 97]LogModuleManager: Shutting down and abandoning module IntroTutorials (454)
[2017.12.12-22.34.59:092][ 97]LogModuleManager: Shutting down and abandoning module GameProjectGeneration (453)
[2017.12.12-22.34.59:093][ 97]LogModuleManager: Shutting down and abandoning module IOSPlatformEditor (450)
[2017.12.12-22.34.59:093][ 97]LogModuleManager: Shutting down and abandoning module HTML5PlatformEditor (448)
[2017.12.12-22.34.59:093][ 97]LogModuleManager: Shutting down and abandoning module AndroidPlatformEditor (446)
[2017.12.12-22.34.59:093][ 97]LogModuleManager: Shutting down and abandoning module AndroidDeviceDetection (445)
[2017.12.12-22.35.00:085][ 97]LogModuleManager: Shutting down and abandoning module WindowsPlatformEditor (442)
[2017.12.12-22.35.00:085][ 97]LogModuleManager: Shutting down and abandoning module IOSRuntimeSettings (440)
[2017.12.12-22.35.00:085][ 97]LogModuleManager: Shutting down and abandoning module AndroidRuntimeSettings (438)
[2017.12.12-22.35.00:085][ 97]LogModuleManager: Shutting down and abandoning module InputBindingEditor (436)
[2017.12.12-22.35.00:088][ 97]LogModuleManager: Shutting down and abandoning module MergeActors (434)
[2017.12.12-22.35.00:089][ 97]LogModuleManager: Shutting down and abandoning module SizeMap (432)
[2017.12.12-22.35.00:089][ 97]LogModuleManager: Shutting down and abandoning module TreeMap (430)
[2017.12.12-22.35.00:089][ 97]LogModuleManager: Shutting down and abandoning module ReferenceViewer (428)
[2017.12.12-22.35.00:089][ 97]LogModuleManager: Shutting down and abandoning module LocalizationDashboard (426)
[2017.12.12-22.35.00:090][ 97]LogModuleManager: Shutting down and abandoning module LocalizationService (425)
[2017.12.12-22.35.00:090][ 97]LogModuleManager: Shutting down and abandoning module HardwareTargeting (422)
[2017.12.12-22.35.00:090][ 97]LogModuleManager: Shutting down and abandoning module DeviceProfileEditor (420)
[2017.12.12-22.35.00:090][ 97]LogModuleManager: Shutting down and abandoning module UndoHistory (418)
[2017.12.12-22.35.00:091][ 97]LogModuleManager: Shutting down and abandoning module XmlParser (416)
[2017.12.12-22.35.00:091][ 97]LogModuleManager: Shutting down and abandoning module Blutility (414)
[2017.12.12-22.35.00:091][ 97]LogModuleManager: Shutting down and abandoning module ProjectSettingsViewer (412)
[2017.12.12-22.35.00:091][ 97]LogModuleManager: Shutting down and abandoning module ProjectTargetPlatformEditor (411)
[2017.12.12-22.35.00:091][ 97]LogModuleManager: Shutting down and abandoning module EditorSettingsViewer (408)
[2017.12.12-22.35.00:091][ 97]LogModuleManager: Shutting down and abandoning module SettingsEditor (406)
[2017.12.12-22.35.00:092][ 97]LogModuleManager: Shutting down and abandoning module ProjectLauncher (404)
[2017.12.12-22.35.00:092][ 97]LogModuleManager: Shutting down and abandoning module SessionFrontend (402)
[2017.12.12-22.35.00:093][ 97]LogModuleManager: Shutting down and abandoning module ProfilerClient (400)
[2017.12.12-22.35.00:093][ 97]LogModuleManager: Shutting down and abandoning module DeviceManager (398)
[2017.12.12-22.35.00:094][ 97]LogModuleManager: Shutting down and abandoning module TargetDeviceServices (397)
[2017.12.12-22.35.00:158][ 97]LogModuleManager: Shutting down and abandoning module AutomationController (394)
[2017.12.12-22.35.00:161][ 97]LogModuleManager: Shutting down and abandoning module AutomationWindow (392)
[2017.12.12-22.35.00:162][ 97]LogModuleManager: Shutting down and abandoning module Layers (390)
[2017.12.12-22.35.00:163][ 97]LogModuleManager: Shutting down and abandoning module ComponentVisualizers (388)
[2017.12.12-22.35.00:163][ 97]LogModuleManager: Shutting down and abandoning module DetailCustomizations (386)
[2017.12.12-22.35.00:164][ 97]LogModuleManager: Shutting down and abandoning module PackagesDialog (384)
[2017.12.12-22.35.00:164][ 97]LogModuleManager: Shutting down and abandoning module Persona (382)
[2017.12.12-22.35.00:165][ 97]LogModuleManager: Shutting down and abandoning module AdvancedPreviewScene (381)
[2017.12.12-22.35.00:165][ 97]LogModuleManager: Shutting down and abandoning module AnimGraph (379)
[2017.12.12-22.35.00:165][ 97]LogModuleManager: Shutting down and abandoning module Kismet (376)
[2017.12.12-22.35.00:174][ 97]LogModuleManager: Shutting down and abandoning module ClassViewer (374)
[2017.12.12-22.35.00:174][ 97]LogModuleManager: Shutting down and abandoning module Toolbox (372)
[2017.12.12-22.35.00:174][ 97]LogModuleManager: Shutting down and abandoning module ModuleUI (370)
[2017.12.12-22.35.00:175][ 97]LogModuleManager: Shutting down and abandoning module MovieSceneTools (368)
[2017.12.12-22.35.00:176][ 97]LogModuleManager: Shutting down and abandoning module OutputLog (366)
[2017.12.12-22.35.00:176][ 97]LogModuleManager: Shutting down and abandoning module GammaUI (364)
[2017.12.12-22.35.00:177][ 97]LogModuleManager: Shutting down and abandoning module Documentation (362)
[2017.12.12-22.35.00:177][ 97]LogModuleManager: Shutting down and abandoning module MovieSceneTracks (360)
[2017.12.12-22.35.00:177][ 97]LogModuleManager: Shutting down and abandoning module MovieScene (358)
[2017.12.12-22.35.00:177][ 97]LogModuleManager: Shutting down and abandoning module Niagara (356)
[2017.12.12-22.35.00:177][ 97]LogModuleManager: Shutting down and abandoning module NiagaraEditor (355)
[2017.12.12-22.35.00:179][ 97]LogModuleManager: Shutting down and abandoning module StreamingPauseRendering (352)
[2017.12.12-22.35.00:179][ 97]LogModuleManager: Shutting down and abandoning module LauncherPlatform (350)
[2017.12.12-22.35.00:179][ 97]LogModuleManager: Shutting down and abandoning module AnalyticsET (348)
[2017.12.12-22.35.00:179][ 97]LogModuleManager: Shutting down and abandoning module PortalServices (346)
[2017.12.12-22.35.00:179][ 97]LogModuleManager: Shutting down and abandoning module PortalRpc (344)
[2017.12.12-22.35.00:179][ 97]LogModuleManager: Shutting down and abandoning module MessagingRpc (342)
[2017.12.12-22.35.00:179][ 97]LogModuleManager: Shutting down and abandoning module AIModule (340)
[2017.12.12-22.35.00:179][ 97]LogModuleManager: Shutting down and abandoning module GameplayDebugger (339)
[2017.12.12-22.35.00:179][ 97]LogModuleManager: Shutting down and abandoning module AITestSuite (337)
[2017.12.12-22.35.00:180][ 97]LogModuleManager: Shutting down and abandoning module ProfilerService (334)
[2017.12.12-22.35.00:352][ 97]LogModuleManager: Shutting down and abandoning module TaskGraph (332)
[2017.12.12-22.35.00:355][ 97]LogModuleManager: Shutting down and abandoning module SteamVRController (330)
[2017.12.12-22.35.00:355][ 97]LogModuleManager: Shutting down and abandoning module ProceduralMeshComponentEditor (328)
[2017.12.12-22.35.00:355][ 97]LogModuleManager: Shutting down and abandoning module ProceduralMeshComponent (326)
[2017.12.12-22.35.00:355][ 97]LogModuleManager: Shutting down and abandoning module OculusInput (324)
[2017.12.12-22.35.00:355][ 97]LogModuleManager: Shutting down and abandoning module MobilePatchingUtils (322)
[2017.12.12-22.35.00:355][ 97]LogModuleManager: Shutting down and abandoning module CustomMeshComponent (320)
[2017.12.12-22.35.00:355][ 97]LogModuleManager: Shutting down and abandoning module CableComponent (318)
[2017.12.12-22.35.00:356][ 97]LogModuleManager: Shutting down and abandoning module ArchVisCharacter (316)
[2017.12.12-22.35.00:356][ 97]LogModuleManager: Shutting down and abandoning module AndroidPermission (314)
[2017.12.12-22.35.00:356][ 97]LogModuleManager: Shutting down and abandoning module MediaPlayerEditor (310)
[2017.12.12-22.35.00:358][ 97]LogModuleManager: Shutting down and abandoning module HTML5Networking (308)
[2017.12.12-22.35.00:358][ 97]LogModuleManager: Shutting down and abandoning module AlembicImporter (306)
[2017.12.12-22.35.00:358][ 97]LogModuleManager: Shutting down and abandoning module AlembicLibrary (305)
[2017.12.12-22.35.00:358][ 97]LogModuleManager: Shutting down and abandoning module GeometryCache (304)
[2017.12.12-22.35.00:358][ 97]LogModuleManager: Shutting down and abandoning module GeometryCacheEd (303)
[2017.12.12-22.35.00:358][ 97]LogModuleManager: Shutting down and abandoning module SpeedTreeImporter (298)
[2017.12.12-22.35.00:358][ 97]LogModuleManager: Shutting down and abandoning module PluginBrowser (296)
[2017.12.12-22.35.00:360][ 97]LogModuleManager: Shutting down and abandoning module MobileLauncherProfileWizard (294)
[2017.12.12-22.35.00:361][ 97]LogModuleManager: Shutting down and abandoning module VisualStudioSourceCodeAccess (292)
[2017.12.12-22.35.00:361][ 97]LogModuleManager: Shutting down and abandoning module DesktopPlatform (291)
[2017.12.12-22.35.00:361][ 97]LogModuleManager: Shutting down and abandoning module UObjectPlugin (288)
[2017.12.12-22.35.00:361][ 97]LogModuleManager: Shutting down and abandoning module SubversionSourceControl (286)
[2017.12.12-22.35.00:362][ 97]LogModuleManager: Shutting down and abandoning module PerforceSourceControl (284)
[2017.12.12-22.35.00:364][ 97]LogModuleManager: Shutting down and abandoning module GitSourceControl (282)
[2017.12.12-22.35.00:364][ 97]LogModuleManager: Shutting down and abandoning module SourceControl (281)
[2017.12.12-22.35.00:364][ 97]LogModuleManager: Shutting down and abandoning module LightPropagationVolumeEditor (278)
[2017.12.12-22.35.00:364][ 97]LogModuleManager: Shutting down and abandoning module PaperTiledImporter (276)
[2017.12.12-22.35.00:364][ 97]LogModuleManager: Shutting down and abandoning module PaperSpriteSheetImporter (274)
[2017.12.12-22.35.00:364][ 97]LogModuleManager: Shutting down and abandoning module Paper2DEditor (272)
[2017.12.12-22.35.00:364][ 97]LogModuleManager: Shutting down and abandoning module MeshPaint (271)
[2017.12.12-22.35.00:365][ 97]LogModuleManager: Shutting down and abandoning module LevelEditor (269)
[2017.12.12-22.35.00:366][ 97]LogModuleManager: Shutting down and abandoning module PixelInspectorModule (268)
[2017.12.12-22.35.00:367][ 97]LogModuleManager: Shutting down and abandoning module MainFrame (266)
[2017.12.12-22.35.00:367][ 97]LogModuleManager: Shutting down and abandoning module HotReload (265)
[2017.12.12-22.35.00:368][ 97]LogModuleManager: Shutting down and abandoning module RuntimePhysXCooking (260)
[2017.12.12-22.35.00:368][ 97]LogModuleManager: Shutting down and abandoning module PhysXVehiclesEditor (258)
[2017.12.12-22.35.00:368][ 97]LogModuleManager: Shutting down and abandoning module PhysXVehicles (256)
[2017.12.12-22.35.00:369][ 97]LogModuleManager: Shutting down and abandoning module OculusEditor (254)
[2017.12.12-22.35.00:369][ 97]LogModuleManager: Shutting down and abandoning module LocationServicesBPLibrary (252)
[2017.12.12-22.35.00:369][ 97]LogModuleManager: Shutting down and abandoning module ImmediatePhysicsEditor (250)
[2017.12.12-22.35.00:369][ 97]LogModuleManager: Shutting down and abandoning module ImmediatePhysics (248)
[2017.12.12-22.35.00:369][ 97]LogModuleManager: Shutting down and abandoning module UdpMessaging (246)
[2017.12.12-22.35.00:470][ 97]LogModuleManager: Shutting down and abandoning module TcpMessaging (244)
[2017.12.12-22.35.00:574][ 97]LogModuleManager: Shutting down and abandoning module GameplayTagsEditor (242)
[2017.12.12-22.35.00:577][ 97]LogModuleManager: Shutting down and abandoning module FacialAnimationEditor (240)
[2017.12.12-22.35.00:577][ 97]LogModuleManager: Shutting down and abandoning module FacialAnimation (238)
[2017.12.12-22.35.00:577][ 97]LogModuleManager: Shutting down and abandoning module AssetManagerEditor (236)
[2017.12.12-22.35.00:579][ 97]LogModuleManager: Shutting down and abandoning module GraphEditor (235)
[2017.12.12-22.35.00:579][ 97]LogModuleManager: Shutting down and abandoning module ContentBrowser (233)
[2017.12.12-22.35.00:581][ 97]LogModuleManager: Shutting down and abandoning module LightPropagationVolumeRuntime (230)
[2017.12.12-22.35.00:581][ 97]LogModuleManager: Shutting down and abandoning module Paper2D (228)
[2017.12.12-22.35.00:581][ 97]LogModuleManager: Shutting down and abandoning module WindowsMoviePlayer (226)
[2017.12.12-22.35.00:581][ 97]LogModuleManager: Shutting down and abandoning module WmfMedia (224)
[2017.12.12-22.35.00:582][ 97]LogModuleManager: Shutting down and abandoning module PacketHandler (222)
[2017.12.12-22.35.00:582][ 97]LogModuleManager: Shutting down and abandoning module ClothingSystemEditor (220)
[2017.12.12-22.35.00:582][ 97]LogModuleManager: Shutting down and abandoning module ClothingSystemRuntime (218)
[2017.12.12-22.35.00:583][ 97]LogModuleManager: Shutting down and abandoning module Overlay (216)
[2017.12.12-22.35.00:583][ 97]LogModuleManager: Shutting down and abandoning module OverlayEditor (215)
[2017.12.12-22.35.00:583][ 97]LogModuleManager: Shutting down and abandoning module MediaAssets (212)
[2017.12.12-22.35.00:583][ 97]LogModuleManager: Shutting down and abandoning module VREditor (210)
[2017.12.12-22.35.00:583][ 97]LogModuleManager: Shutting down and abandoning module StringTableEditor (208)
[2017.12.12-22.35.00:584][ 97]LogModuleManager: Shutting down and abandoning module GameplayTasksEditor (206)
[2017.12.12-22.35.00:584][ 97]LogModuleManager: Shutting down and abandoning module BehaviorTreeEditor (204)
[2017.12.12-22.35.00:585][ 97]LogModuleManager: Shutting down and abandoning module FunctionalTesting (202)
[2017.12.12-22.35.00:586][ 97]LogModuleManager: Shutting down and abandoning module CollisionAnalyzer (200)
[2017.12.12-22.35.00:586][ 97]LogModuleManager: Shutting down and abandoning module WorkspaceMenuStructure (199)
[2017.12.12-22.35.00:587][ 97]LogModuleManager: Shutting down and abandoning module UMG (196)
[2017.12.12-22.35.00:587][ 97]LogModuleManager: Shutting down and abandoning module UMGEditor (195)
[2017.12.12-22.35.00:588][ 97]LogModuleManager: Shutting down and abandoning module Sequencer (194)
[2017.12.12-22.35.00:588][ 97]LogModuleManager: Shutting down and abandoning module MessageLog (191)
[2017.12.12-22.35.00:588][ 97]LogModuleManager: Shutting down and abandoning module SlateReflector (186)
[2017.12.12-22.35.00:590][ 97]LogModuleManager: Shutting down and abandoning module Slate (184)
[2017.12.12-22.35.00:590][ 97]LogModuleManager: Shutting down and abandoning module EditorStyle (182)
[2017.12.12-22.35.00:597][ 97]LogModuleManager: Shutting down and abandoning module MRMesh (180)
[2017.12.12-22.35.00:597][ 97]LogModuleManager: Shutting down and abandoning module SourceCodeAccess (178)
[2017.12.12-22.35.00:597][ 97]LogModuleManager: Shutting down and abandoning module HeadMountedDisplay (176)
[2017.12.12-22.35.00:597][ 97]LogModuleManager: Shutting down and abandoning module XAudio2 (174)
[2017.12.12-22.35.00:597][ 97]LogModuleManager: Shutting down and abandoning module Networking (172)
[2017.12.12-22.35.00:598][ 97]LogModuleManager: Shutting down and abandoning module Core (168)
[2017.12.12-22.35.00:598][ 97]LogModuleManager: Shutting down and abandoning module KismetCompiler (164)
[2017.12.12-22.35.00:598][ 97]LogModuleManager: Shutting down and abandoning module LevelSequence (162)
[2017.12.12-22.35.00:598][ 97]LogModuleManager: Shutting down and abandoning module MeshUtilities (160)
[2017.12.12-22.35.00:599][ 97]LogModuleManager: Shutting down and abandoning module MeshMergeUtilities (159)
[2017.12.12-22.35.00:599][ 97]LogModuleManager: Shutting down and abandoning module MeshReductionInterface (158)
[2017.12.12-22.35.00:600][ 97]LogModuleManager: Shutting down and abandoning module SimplygonSwarm (157)
[2017.12.12-22.35.00:600][ 97]LogModuleManager: Shutting down and abandoning module SimplygonMeshReduction (155)
[2017.12.12-22.35.00:600][ 97]LogModuleManager: Shutting down and abandoning module QuadricMeshReduction (153)
[2017.12.12-22.35.00:600][ 97]LogModuleManager: Shutting down and abandoning module MaterialBaking (149)
[2017.12.12-22.35.00:601][ 97]LogModuleManager: Shutting down and abandoning module DirectoryWatcher (146)
[2017.12.12-22.35.00:605][ 97]LogModuleManager: Shutting down and abandoning module DerivedDataCache (144)
[2017.12.12-22.35.00:624][ 97]LogDerivedDataCache: Shutdown
[2017.12.12-22.35.00:624][ 97]LogModuleManager: Shutting down and abandoning module TargetPlatform (142)
[2017.12.12-22.35.00:624][ 97]LogModuleManager: Shutting down and abandoning module VulkanShaderFormat (141)
[2017.12.12-22.35.00:625][ 97]LogModuleManager: Shutting down and abandoning module ShaderFormatVectorVM (139)
[2017.12.12-22.35.00:625][ 97]LogModuleManager: Shutting down and abandoning module ShaderFormatOpenGL (137)
[2017.12.12-22.35.00:626][ 97]LogModuleManager: Shutting down and abandoning module ShaderFormatD3D (135)
[2017.12.12-22.35.00:626][ 97]LogModuleManager: Shutting down and abandoning module MetalShaderFormat (133)
[2017.12.12-22.35.00:626][ 97]LogModuleManager: Shutting down and abandoning module TextureFormatUncompressed (131)
[2017.12.12-22.35.00:626][ 97]LogModuleManager: Shutting down and abandoning module TextureFormatPVR (129)
[2017.12.12-22.35.00:626][ 97]LogModuleManager: Shutting down and abandoning module TextureFormatDXT (127)
[2017.12.12-22.35.00:627][ 97]LogModuleManager: Shutting down and abandoning module TextureFormatIntelISPCTexComp (125)
[2017.12.12-22.35.00:627][ 97]LogModuleManager: Shutting down and abandoning module TextureFormatASTC (123)
[2017.12.12-22.35.00:627][ 97]LogModuleManager: Shutting down and abandoning module ImageWrapper (122)
[2017.12.12-22.35.00:627][ 97]LogModuleManager: Shutting down and abandoning module TextureFormatAndroid (119)
[2017.12.12-22.35.00:627][ 97]LogModuleManager: Shutting down and abandoning module AudioFormatOpus (117)
[2017.12.12-22.35.00:627][ 97]LogModuleManager: Shutting down and abandoning module AudioFormatOgg (115)
[2017.12.12-22.35.00:627][ 97]LogModuleManager: Shutting down and abandoning module AudioFormatADPCM (113)
[2017.12.12-22.35.00:627][ 97]LogModuleManager: Shutting down and abandoning module LinuxTargetPlatform (111)
[2017.12.12-22.35.00:627][ 97]LogModuleManager: Shutting down and abandoning module LinuxServerTargetPlatform (109)
[2017.12.12-22.35.00:627][ 97]LogModuleManager: Shutting down and abandoning module LinuxNoEditorTargetPlatform (107)
[2017.12.12-22.35.00:627][ 97]LogModuleManager: Shutting down and abandoning module LinuxClientTargetPlatform (105)
[2017.12.12-22.35.00:627][ 97]LogModuleManager: Shutting down and abandoning module TVOSTargetPlatform (103)
[2017.12.12-22.35.00:627][ 97]LogModuleManager: Shutting down and abandoning module Messaging (101)
[2017.12.12-22.35.00:627][ 97]LogModuleManager: Shutting down and abandoning module IOSTargetPlatform (99)
[2017.12.12-22.35.00:627][ 97]LogModuleManager: Shutting down and abandoning module HTML5TargetPlatform (97)
[2017.12.12-22.35.00:627][ 97]LogModuleManager: Shutting down and abandoning module Android_PVRTCTargetPlatform (95)
[2017.12.12-22.35.00:627][ 97]LogModuleManager: Shutting down and abandoning module Android_MultiTargetPlatform (93)
[2017.12.12-22.35.00:627][ 97]LogModuleManager: Shutting down and abandoning module Android_ETC2TargetPlatform (91)
[2017.12.12-22.35.00:628][ 97]LogModuleManager: Shutting down and abandoning module Android_ETC1TargetPlatform (89)
[2017.12.12-22.35.00:628][ 97]LogModuleManager: Shutting down and abandoning module Android_DXTTargetPlatform (87)
[2017.12.12-22.35.00:628][ 97]LogModuleManager: Shutting down and abandoning module Android_ATCTargetPlatform (85)
[2017.12.12-22.35.00:628][ 97]LogModuleManager: Shutting down and abandoning module Android_ASTCTargetPlatform (83)
[2017.12.12-22.35.00:628][ 97]LogModuleManager: Shutting down and abandoning module AndroidTargetPlatform (81)
[2017.12.12-22.35.00:628][ 97]LogModuleManager: Shutting down and abandoning module WindowsTargetPlatform (79)
[2017.12.12-22.35.00:628][ 97]LogModuleManager: Shutting down and abandoning module WindowsServerTargetPlatform (77)
[2017.12.12-22.35.00:628][ 97]LogModuleManager: Shutting down and abandoning module WindowsNoEditorTargetPlatform (75)
[2017.12.12-22.35.00:628][ 97]LogModuleManager: Shutting down and abandoning module WindowsClientTargetPlatform (73)
[2017.12.12-22.35.00:629][ 97]LogModuleManager: Shutting down and abandoning module MacTargetPlatform (71)
[2017.12.12-22.35.00:629][ 97]LogModuleManager: Shutting down and abandoning module MacServerTargetPlatform (69)
[2017.12.12-22.35.00:629][ 97]LogModuleManager: Shutting down and abandoning module MacNoEditorTargetPlatform (67)
[2017.12.12-22.35.00:629][ 97]LogModuleManager: Shutting down and abandoning module MacClientTargetPlatform (65)
[2017.12.12-22.35.00:629][ 97]LogModuleManager: Shutting down and abandoning module AllDesktopTargetPlatform (63)
[2017.12.12-22.35.00:629][ 97]LogModuleManager: Shutting down and abandoning module InputCore (60)
[2017.12.12-22.35.00:629][ 97]LogModuleManager: Shutting down and abandoning module Settings (58)
[2017.12.12-22.35.00:629][ 97]LogModuleManager: Shutting down and abandoning module PhysXCooking (56)
[2017.12.12-22.35.00:629][ 97]LogModuleManager: Shutting down and abandoning module SteamVR (54)
[2017.12.12-22.35.00:629][ 97]LogModuleManager: Shutting down and abandoning module OculusHMD (52)
[2017.12.12-22.35.00:630][ 97]LogModuleManager: Shutting down and abandoning module ExampleDeviceProfileSelector (50)
[2017.12.12-22.35.00:630][ 97]LogModuleManager: Shutting down and abandoning module OnlineBlueprintSupport (48)
[2017.12.12-22.35.00:630][ 97]LogModuleManager: Shutting down and abandoning module OnlineSubsystem (44)
[2017.12.12-22.35.00:630][ 97]LogOnline: Display: Unloading online subsystem: NULL
[2017.12.12-22.35.00:631][ 97]LogModuleManager: Shutting down and abandoning module XMPP (43)
[2017.12.12-22.35.00:633][ 97]LogModuleManager: Shutting down and abandoning module HTTP (41)
[2017.12.12-22.35.00:633][ 97]LogHttp: Display: Http module shutting down, but needs to wait on 1 outstanding Http requests:
[2017.12.12-22.35.00:633][ 97]LogHttp: Display: 	verb=[POST] url=[https://datarouter.ol.epicgames.com/datarouter/api/v1/public/data?SessionID=%7B773C9657-4EB9-A6FA-939B-D39B9845C123%7D&AppID=UEEditor.Rocket.Release&AppVersion=4.17.1-3586342%2B%2B%2BUE4%2BRelease-4.17&UserID=efba3ab9482b305128aa6e811f8e1b76%7C69587fd7c6ae41c4ad6af4aa39d8897a%7C4823cf29-f1b7-4149-9c67-b669424bd616&AppEnvironment=datacollector-binary&UploadType=eteventstream] status=Processing
[2017.12.12-22.35.00:638][ 97]LogModuleManager: Shutting down and abandoning module SSL (40)
[2017.12.12-22.35.00:640][ 97]LogModuleManager: Shutting down and abandoning module AnimationModifiers (36)
[2017.12.12-22.35.00:641][ 97]LogModuleManager: Shutting down and abandoning module PropertyEditor (35)
[2017.12.12-22.35.00:641][ 97]LogModuleManager: Shutting down and abandoning module AudioEditor (32)
[2017.12.12-22.35.00:642][ 97]LogModuleManager: Shutting down and abandoning module TextureCompressor (30)
[2017.12.12-22.35.00:643][ 97]LogModuleManager: Shutting down and abandoning module ShaderCore (28)
[2017.12.12-22.35.00:643][ 97]LogModuleManager: Shutting down and abandoning module Landscape (26)
[2017.12.12-22.35.00:643][ 97]LogModuleManager: Shutting down and abandoning module SlateRHIRenderer (24)
[2017.12.12-22.35.00:646][ 97]LogModuleManager: Shutting down and abandoning module OpenGLDrv (22)
[2017.12.12-22.35.00:647][ 97]LogModuleManager: Shutting down and abandoning module D3D11RHI (20)
[2017.12.12-22.35.00:647][ 97]LogModuleManager: Shutting down and abandoning module AnimGraphRuntime (18)
[2017.12.12-22.35.00:647][ 97]LogModuleManager: Shutting down and abandoning module Renderer (16)
[2017.12.12-22.35.00:647][ 97]LogModuleManager: Shutting down and abandoning module Engine (14)
[2017.12.12-22.35.00:647][ 97]LogModuleManager: Shutting down and abandoning module CoreUObject (12)
[2017.12.12-22.35.00:647][ 97]LogModuleManager: Shutting down and abandoning module NetworkFile (10)
[2017.12.12-22.35.00:647][ 97]LogModuleManager: Shutting down and abandoning module CookedIterativeFile (8)
[2017.12.12-22.35.00:648][ 97]LogModuleManager: Shutting down and abandoning module StreamingFile (6)
[2017.12.12-22.35.00:648][ 97]LogModuleManager: Shutting down and abandoning module SandboxFile (4)
[2017.12.12-22.35.00:648][ 97]LogModuleManager: Shutting down and abandoning module PakFile (2)
[2017.12.12-22.35.00:651][ 97]LogExit: Exiting.
[2017.12.12-22.35.00:705][ 97]Log file closed, 12/12/17 23:35:00
