Log file open, 02/06/18 17:42:00
LogWindows: LoadLibraryWithSearchPaths failed for file aqProf.dll. GetLastError=0
LogWindows: LoadLibraryWithSearchPaths failed for file VtuneApi.dll. GetLastError=0
LogWindows: LoadLibraryWithSearchPaths failed for file VtuneApi32e.dll. GetLastError=0
LogInit: Display: Running engine for game: ProjektX_V0_0
LogPlatformFile: Not using cached read wrapper
LogInit: Display: RandInit(1329659482) SRandInit(1329659483).
LogTaskGraph: Started task graph with 5 named threads and 8 total threads with 3 sets of task threads.
LogStats: Stats thread started at 0.390670
LogD3D11RHI: Aftermath initialized
LogPluginManager: Mounting plugin Paper2D
LogPluginManager: Mounting plugin LightPropagationVolume
LogPluginManager: Mounting plugin CodeLiteSourceCodeAccess
LogPluginManager: Mounting plugin GitSourceControl
LogPluginManager: Mounting plugin KDevelopSourceCodeAccess
LogPluginManager: Mounting plugin NullSourceCodeAccess
LogPluginManager: Mounting plugin PerforceSourceControl
LogPluginManager: Mounting plugin SubversionSourceControl
LogPluginManager: Mounting plugin UObjectPlugin
LogPluginManager: Mounting plugin VisualStudioSourceCodeAccess
LogPluginManager: Mounting plugin XCodeSourceCodeAccess
LogPluginManager: Mounting plugin AssetManagerEditor
LogPluginManager: Mounting plugin AudioCapture
LogPluginManager: Mounting plugin FacialAnimation
LogPluginManager: Mounting plugin GameplayTagsEditor
LogPluginManager: Mounting plugin MobileLauncherProfileWizard
LogPluginManager: Mounting plugin PluginBrowser
LogPluginManager: Mounting plugin SpeedTreeImporter
LogPluginManager: Mounting plugin AlembicImporter
LogPluginManager: Mounting plugin CharacterAI
LogPluginManager: Mounting plugin HTML5Networking
LogPluginManager: Mounting plugin AndroidMedia
LogPluginManager: Mounting plugin AvfMedia
LogPluginManager: Mounting plugin MediaPlayerEditor
LogPluginManager: Mounting plugin WmfMedia
LogPluginManager: Mounting plugin TcpMessaging
LogPluginManager: Mounting plugin UdpMessaging
LogPluginManager: Mounting plugin LevelSequenceEditor
LogPluginManager: Mounting plugin MatineeToLevelSequence
LogPluginManager: Mounting plugin OnlineSubsystemGooglePlay
LogPluginManager: Mounting plugin OnlineSubsystemIOS
LogPluginManager: Mounting plugin OnlineSubsystem
LogPluginManager: Mounting plugin OnlineSubsystemNull
LogPluginManager: Mounting plugin OnlineSubsystemUtils
LogPluginManager: Mounting plugin AndroidDeviceProfileSelector
LogPluginManager: Mounting plugin AndroidMoviePlayer
LogPluginManager: Mounting plugin AndroidPermission
LogPluginManager: Mounting plugin AppleMoviePlayer
LogPluginManager: Mounting plugin ArchVisCharacter
LogPluginManager: Mounting plugin CableComponent
LogPluginManager: Mounting plugin CustomMeshComponent
LogPluginManager: Mounting plugin ExampleDeviceProfileSelector
LogPluginManager: Mounting plugin GoogleCloudMessaging
LogPluginManager: Mounting plugin ImmediatePhysics
LogPluginManager: Mounting plugin IOSDeviceProfileSelector
LogPluginManager: Mounting plugin LinuxDeviceProfileSelector
LogPluginManager: Mounting plugin LocationServicesBPLibrary
LogPluginManager: Mounting plugin MobilePatchingUtils
LogPluginManager: Mounting plugin OculusVR
LogPluginManager: Mounting plugin PhysXVehicles
LogPluginManager: Mounting plugin ProceduralMeshComponent
LogPluginManager: Mounting plugin RuntimePhysXCooking
LogPluginManager: Mounting plugin SteamVR
LogPluginManager: Mounting plugin WindowsMoviePlayer
LogInit: Using libcurl 7.47.1
LogInit:  - built for x86_64-pc-win32
LogInit:  - supports SSL with OpenSSL/1.0.2g
LogInit:  - supports HTTP deflate (compression) using libz 1.2.8
LogInit:  - other features:
LogInit:      CURL_VERSION_SSL
LogInit:      CURL_VERSION_LIBZ
LogInit:      CURL_VERSION_IPV6
LogInit:      CURL_VERSION_ASYNCHDNS
LogInit:      CURL_VERSION_LARGEFILE
LogInit:      CURL_VERSION_IDN
LogInit:  CurlRequestOptions (configurable via config and command line):
LogInit:  - bVerifyPeer = false  - Libcurl will NOT verify peer certificate
LogInit:  - bUseHttpProxy = false  - Libcurl will NOT use HTTP proxy
LogInit:  - bDontReuseConnections = false  - Libcurl will reuse connections
LogInit:  - CertBundlePath = nullptr  - Libcurl will use whatever was configured at build time.
LogInit: Build: ++UE4+Release-4.17-CL-3586342
LogInit: Engine Version: 4.17.1-3586342+++UE4+Release-4.17
LogInit: Compatible Engine Version: 4.17.0-3573198+++UE4+Release-4.17
LogInit: Net CL: 3573198
LogDevObjectVersion: Number of dev versions registered: 16
LogDevObjectVersion:   Dev-Blueprints (B0D832E4-1F89-4F0D-ACCF-7EB736FD4AA2): 10
LogDevObjectVersion:   Dev-Build (E1C64328-A22C-4D53-A36C-8E866417BD8C): 0
LogDevObjectVersion:   Dev-Core (375EC13C-06E4-48FB-B500-84F0262A717E): 2
LogDevObjectVersion:   Dev-Editor (E4B068ED-F494-42E9-A231-DA0B2E46BB41): 20
LogDevObjectVersion:   Dev-Framework (CFFC743F-43B0-4480-9391-14DF171D2073): 28
LogDevObjectVersion:   Dev-Mobile (B02B49B5-BB20-44E9-A304-32B752E40360): 0
LogDevObjectVersion:   Dev-Networking (A4E4105C-59A1-49B5-A7C5-40C4547EDFEE): 0
LogDevObjectVersion:   Dev-Online (39C831C9-5AE6-47DC-9A44-9C173E1C8E7C): 0
LogDevObjectVersion:   Dev-Physics (78F01B33-EBEA-4F98-B9B4-84EACCB95AA2): 0
LogDevObjectVersion:   Dev-Platform (6631380F-2D4D-43E0-8009-CF276956A95A): 0
LogDevObjectVersion:   Dev-Rendering (12F88B9F-8875-4AFC-A67C-D90C383ABD29): 19
LogDevObjectVersion:   Dev-Sequencer (7B5AE74C-D270-4C10-A958-57980B212A5A): 4
LogDevObjectVersion:   Dev-VR (D7296918-1DD6-4BDD-9DE2-64A83CC13884): 0
LogDevObjectVersion:   Dev-LoadTimes (C2A15278-BFE7-4AFE-6C17-90FF531DF755): 1
LogDevObjectVersion:   Private-Geometry (6EACA3D4-40EC-4CC1-B786-8BED09428FC5): 1
LogDevObjectVersion:   Dev-AnimPhys (29E575DD-E0A3-4627-9D10-D276232CDCEA): 7
LogInit: Compiled (64-bit): Aug 15 2017 02:05:26
LogInit: Compiled with Visual C++: 19.00.24215.01
LogInit: Build Configuration: Development
LogInit: Branch Name: ++UE4+Release-4.17
LogInit: Command line:  
LogInit: Base directory: C:/Program Files/Epic Games/UE_4.17/Engine/Binaries/Win64/
LogInit: Installed Engine Build: 1
LogInit: Presizing for max 8388607 objects, including 0 objects not considered by GC, pre-allocating 0 bytes for permanent pool.
LogInit: Object subsystem initialized
[2018.02.06-16.42.01:883][  0]LogInit: Selected Device Profile: [Windows]
[2018.02.06-16.42.01:883][  0]LogInit: Applying CVar settings loaded from the selected device profile: [Windows]
[2018.02.06-16.42.01:910][  0]LogInit: Computer: LEIF
[2018.02.06-16.42.01:910][  0]LogInit: User: Leif
[2018.02.06-16.42.01:910][  0]LogInit: CPU Page size=4096, Cores=2
[2018.02.06-16.42.01:910][  0]LogInit: High frequency timer resolution =2.338335 MHz
[2018.02.06-16.42.01:910][  0]LogMemory: Memory total: Physical=7.9GB (8GB approx)
[2018.02.06-16.42.01:910][  0]LogMemory: Platform Memory Stats for Windows
[2018.02.06-16.42.01:910][  0]LogMemory: Process Physical Memory: 279.29 MB used, 279.29 MB peak
[2018.02.06-16.42.01:910][  0]LogMemory: Process Virtual Memory: 276.06 MB used, 276.06 MB peak
[2018.02.06-16.42.01:910][  0]LogMemory: Physical Memory: 5004.17 MB used,  3090.29 MB free, 8094.46 MB total
[2018.02.06-16.42.01:910][  0]LogMemory: Virtual Memory: 667.31 MB used,  3090.29 MB free, 134217728.00 MB total
[2018.02.06-16.42.02:596][  0]LogInit: Using OS detected language (de-DE).
[2018.02.06-16.42.02:596][  0]LogInit: Using OS detected locale (de-DE).
[2018.02.06-16.42.02:608][  0]LogTextLocalizationManager: No localization for 'de-DE' exists, so 'en' will be used for the language.
[2018.02.06-16.42.02:608][  0]LogTextLocalizationManager: No localization for 'de-DE' exists, so 'en' will be used for the locale.
[2018.02.06-16.42.03:680][  0]LogD3D11RHI: D3D11 adapters:
[2018.02.06-16.42.04:040][  0]LogD3D11RHI:    0. 'NVIDIA GeForce 940M' (Feature Level 11_0)
[2018.02.06-16.42.04:040][  0]LogD3D11RHI:       2019/0/4047 MB DedicatedVideo/DedicatedSystem/SharedSystem, Outputs:1, VendorId:0x10de
[2018.02.06-16.42.04:046][  0]LogD3D11RHI:    1. 'Intel(R) HD Graphics 5500' (Feature Level 11_0)
[2018.02.06-16.42.04:046][  0]LogD3D11RHI:       128/0/4047 MB DedicatedVideo/DedicatedSystem/SharedSystem, Outputs:0, VendorId:0x8086
[2018.02.06-16.42.04:047][  0]LogD3D11RHI:    2. 'Microsoft Basic Render Driver' (Feature Level 11_0)
[2018.02.06-16.42.04:048][  0]LogD3D11RHI:       0/0/4047 MB DedicatedVideo/DedicatedSystem/SharedSystem, Outputs:0, VendorId:0x1414
[2018.02.06-16.42.04:048][  0]LogD3D11RHI: Chosen D3D11 Adapter: 0
[2018.02.06-16.42.04:053][  0]LogD3D11RHI: Creating new Direct3DDevice
[2018.02.06-16.42.04:053][  0]LogD3D11RHI:     GPU DeviceId: 0x1347 (for the marketing name, search the web for "GPU Device Id")
[2018.02.06-16.42.04:053][  0]LogWindows: EnumDisplayDevices:
[2018.02.06-16.42.04:054][  0]LogWindows:    0. 'Intel(R) HD Graphics 5500' (P:1 D:1)
[2018.02.06-16.42.04:054][  0]LogWindows:    1. 'Intel(R) HD Graphics 5500' (P:0 D:0)
[2018.02.06-16.42.04:054][  0]LogWindows:    2. 'Intel(R) HD Graphics 5500' (P:0 D:0)
[2018.02.06-16.42.04:054][  0]LogWindows: DebugString: PrimaryIsNotTheChoosenAdapter PrimaryIsNotTheChoosenAdapter PrimaryIsNotTheChoosenAdapter FoundDriverCount:0 
[2018.02.06-16.42.04:054][  0]LogD3D11RHI:     Adapter Name: NVIDIA GeForce 940M
[2018.02.06-16.42.04:054][  0]LogD3D11RHI:   Driver Version: Unknown (internal:Unknown, unified:Unknown)
[2018.02.06-16.42.04:054][  0]LogD3D11RHI:      Driver Date: Unknown
[2018.02.06-16.42.04:054][  0]LogRHI: Texture pool is 1361 MB (70% of 1945 MB)
[2018.02.06-16.42.04:078][  0]LogD3D11RHI: Async texture creation enabled
[2018.02.06-16.42.04:123][  0]LogD3D11RHI: GPU Timing Frequency: 1000.000000 (Debug: 2 2)
[2018.02.06-16.42.04:132][  0]LogShaderCompilers: Guid format shader working directory is -34 characters bigger than the processId version (../../../../../../Users/Leif/Documents/GitHub/Projekt-B-Projekt-X/ProjektX_V0_1/Intermediate/Shaders/WorkingDirectory/4164/).
[2018.02.06-16.42.04:133][  0]LogShaderCompilers: Cleaned the shader compiler working directory 'C:/Users/Leif/AppData/Local/Temp/UnrealShaderWorkingDir/D1E5372A4412B38056783B969310A84C/'.
[2018.02.06-16.42.04:133][  0]LogShaderCompilers: Display: Using Local Shader Compiler.
[2018.02.06-16.42.05:649][  0]LogTemp: Display: Loaded TP AllDesktopTargetPlatform
[2018.02.06-16.42.05:710][  0]LogTemp: Display: Loaded TP MacClientTargetPlatform
[2018.02.06-16.42.05:774][  0]LogTemp: Display: Loaded TP MacNoEditorTargetPlatform
[2018.02.06-16.42.05:837][  0]LogTemp: Display: Loaded TP MacServerTargetPlatform
[2018.02.06-16.42.05:913][  0]LogTemp: Display: Loaded TP MacTargetPlatform
[2018.02.06-16.42.05:976][  0]LogTemp: Display: Loaded TP WindowsClientTargetPlatform
[2018.02.06-16.42.06:040][  0]LogTemp: Display: Loaded TP WindowsNoEditorTargetPlatform
[2018.02.06-16.42.06:104][  0]LogTemp: Display: Loaded TP WindowsServerTargetPlatform
[2018.02.06-16.42.06:161][  0]LogTemp: Display: Loaded TP WindowsTargetPlatform
[2018.02.06-16.42.06:223][  0]LogTemp: Display: Loaded TP AndroidTargetPlatform
[2018.02.06-16.42.06:284][  0]LogTemp: Display: Loaded TP Android_ASTCTargetPlatform
[2018.02.06-16.42.06:345][  0]LogTemp: Display: Loaded TP Android_ATCTargetPlatform
[2018.02.06-16.42.06:408][  0]LogTemp: Display: Loaded TP Android_DXTTargetPlatform
[2018.02.06-16.42.06:470][  0]LogTemp: Display: Loaded TP Android_ETC1TargetPlatform
[2018.02.06-16.42.06:532][  0]LogTemp: Display: Loaded TP Android_ETC2TargetPlatform
[2018.02.06-16.42.06:655][  0]LogTemp: Display: Loaded TP Android_MultiTargetPlatform
[2018.02.06-16.42.06:655][  0]LogTemp: Display: Loaded TP Android_PVRTCTargetPlatform
[2018.02.06-16.42.06:702][  0]LogTemp: Display: Loaded TP HTML5TargetPlatform
[2018.02.06-16.42.06:816][  0]LogTemp: Display: Loaded TP IOSTargetPlatform
[2018.02.06-16.42.06:852][  0]LogTemp: Display: Loaded TP TVOSTargetPlatform
[2018.02.06-16.42.06:913][  0]LogTemp: Display: Loaded TP LinuxClientTargetPlatform
[2018.02.06-16.42.06:974][  0]LogTemp: Display: Loaded TP LinuxNoEditorTargetPlatform
[2018.02.06-16.42.07:037][  0]LogTemp: Display: Loaded TP LinuxServerTargetPlatform
[2018.02.06-16.42.07:107][  0]LogTemp: Display: Loaded TP LinuxTargetPlatform
[2018.02.06-16.42.07:107][  0]LogTargetPlatformManager: Display: Building Assets For Windows
[2018.02.06-16.42.07:764][  0]LogDerivedDataCache: Display: Max Cache Size: 512 MB
[2018.02.06-16.42.08:293][  0]LogDerivedDataCache: Loaded boot cache 0.53s 93MB C:/Users/Leif/AppData/Local/UnrealEngine/4.17/DerivedDataCache/Boot.ddc.
[2018.02.06-16.42.08:293][  0]LogDerivedDataCache: Display: Loaded Boot cache: C:/Users/Leif/AppData/Local/UnrealEngine/4.17/DerivedDataCache/Boot.ddc
[2018.02.06-16.42.08:293][  0]LogDerivedDataCache: FDerivedDataBackendGraph:  Pak pak cache file ../../../../../../Users/Leif/Documents/GitHub/Projekt-B-Projekt-X/ProjektX_V0_1/DerivedDataCache/DDC.ddp not found, will not use a pak cache.
[2018.02.06-16.42.08:293][  0]LogDerivedDataCache: Unable to find inner node Pak for hierarchical cache Hierarchy.
[2018.02.06-16.42.08:293][  0]LogDerivedDataCache: FDerivedDataBackendGraph:  CompressedPak pak cache file ../../../../../../Users/Leif/Documents/GitHub/Projekt-B-Projekt-X/ProjektX_V0_1/DerivedDataCache/Compressed.ddp not found, will not use a pak cache.
[2018.02.06-16.42.08:293][  0]LogDerivedDataCache: Unable to find inner node CompressedPak for hierarchical cache Hierarchy.
[2018.02.06-16.42.08:320][  0]LogDerivedDataCache: Display: Pak cache opened for reading ../../../Engine/DerivedDataCache/Compressed.ddp.
[2018.02.06-16.42.08:333][  0]LogDerivedDataCache: Using Local data cache path C:/Users/Leif/AppData/Local/UnrealEngine/Common/DerivedDataCache: Writable
[2018.02.06-16.42.08:352][  0]LogMaterial: Verifying Global Shaders for PCD3D_SM5
[2018.02.06-16.42.08:358][  0]LogSlate: Using Freetype 2.6.0
[2018.02.06-16.42.08:363][  0]LogSlate: SlateFontCache - WITH_FREETYPE: 1, WITH_HARFBUZZ: 1
[2018.02.06-16.42.08:363][  0]LogSlate: SlateFontCache - WITH_FREETYPE: 1, WITH_HARFBUZZ: 1
[2018.02.06-16.42.09:307][  0]LogAssetRegistry: FAssetRegistry took 0.0313 seconds to start up
[2018.02.06-16.42.09:556][  0]LogInit: Selected Device Profile: [Windows]
[2018.02.06-16.42.09:927][  0]LogContentStreaming: Texture pool size is 0.00 MB
[2018.02.06-16.42.10:470][  0]LogSimplygon: Simplygon DLL not present - disabling.
[2018.02.06-16.42.10:531][  0]LogMeshReduction: Using SimplygonSwarm for distributed automatic mesh merging
[2018.02.06-16.42.10:532][  0]LogMeshReduction: Using QuadricMeshReduction for automatic static mesh reduction
[2018.02.06-16.42.10:532][  0]LogMeshReduction: No automatic skeletal mesh reduction module available
[2018.02.06-16.42.10:532][  0]LogMeshReduction: No automatic mesh merging module available
[2018.02.06-16.42.10:532][  0]LogMeshMerging: No automatic mesh merging module available
[2018.02.06-16.42.11:236][  0]LogNetVersion: ProjektX_V0_0 , NetCL: 3573198, EngineNetVer: 2, GameNetVer: 0 (Checksum: 2444259609)
[2018.02.06-16.42.11:622][  0]LogPackageLocalizationCache: Processed 5 localized package path(s) for 1 prioritized culture(s) in 0.049394 seconds
[2018.02.06-16.42.11:630][  0]LogUObjectArray: 35825 objects as part of root set at end of initial load.
[2018.02.06-16.42.11:630][  0]LogUObjectAllocator: 7529104 out of 0 bytes used by permanent object pool.
[2018.02.06-16.42.11:630][  0]LogUObjectArray: CloseDisregardForGC: 0/0 objects in disregard for GC pool
[2018.02.06-16.42.11:726][  0]LogInit: WinSock: version 1.1 (2.2), MaxSocks=32767, MaxUdp=65467
[2018.02.06-16.42.16:325][  0]LogTcpMessaging: Initializing TcpMessaging bridge
[2018.02.06-16.42.16:397][  0]LogUdpMessaging: Initializing bridge on interface 0.0.0.0:0 to multicast group 230.0.0.1:6666.
[2018.02.06-16.42.17:336][  0]LogMaterial: Uniform references updated for custom material expression Custom.
[2018.02.06-16.42.17:881][  0]SourceControl: Source control is disabled
[2018.02.06-16.42.19:292][  0]LogAndroidPermission: UAndroidPermissionCallbackProxy::GetInstance
[2018.02.06-16.42.19:596][  0]LogOcInput: OculusInput pre-init called
[2018.02.06-16.42.19:964][  0]LogEngine: Initializing Engine...
[2018.02.06-16.42.19:973][  0]LogHMD: Failed to initialize OpenVR with code 110
[2018.02.06-16.42.20:299][  0]LogStats: UGameplayTagsManager::ConstructGameplayTagTree: Construct from data asset -  0.000 s
[2018.02.06-16.42.20:302][  0]LogStats: UGameplayTagsManager::ConstructGameplayTagTree: GameplayTagTreeChangedEvent.Broadcast -  0.000 s
[2018.02.06-16.42.20:536][  0]LogAIModule: Creating AISystem for world Untitled
[2018.02.06-16.42.20:563][  0]LogInit: XAudio2 using 'Speakers (Conexant SmartAudio HD)' : 2 channels at 48 kHz using 32 bits per sample (channel mask 0x3)
[2018.02.06-16.42.20:620][  0]LogInit: FAudioDevice initialized.
[2018.02.06-16.42.20:718][  0]LogDerivedDataCache: Saved boot cache 0.10s 93MB C:/Users/Leif/AppData/Local/UnrealEngine/4.17/DerivedDataCache/Boot.ddc.
[2018.02.06-16.42.20:734][  0]LogInit: Texture streaming: Enabled
[2018.02.06-16.42.20:878][  0]LogEngineSessionManager: EngineSessionManager initialized
[2018.02.06-16.42.21:259][  0]LogInit: Transaction tracking system initialized
[2018.02.06-16.42.21:786][  0]BlueprintLog: New page: Editor Load
[2018.02.06-16.42.23:424][  0]LocalizationService: Localization service is disabled
[2018.02.06-16.42.24:559][  0]LogConsoleResponse: Display: 
[2018.02.06-16.42.24:899][  0]LogCook: Display: Max memory allowance for cook 16384mb min free memory 0mb
[2018.02.06-16.42.24:900][  0]LogCook: Display: Mobile HDR setting 1
[2018.02.06-16.42.24:901][  0]LogGameplayTags: Display: UGameplayTagsManager::DoneAddingNativeTags. DelegateIsBound: 0
[2018.02.06-16.42.25:478][  0]LogFileCache: Scanning file cache for directory 'C:/Users/Leif/Documents/GitHub/Projekt-B-Projekt-X/ProjektX_V0_1/Content/' took 0.02s
[2018.02.06-16.42.26:565][  0]Cmd: MAP LOAD FILE="../../../../../../Users/Leif/Documents/GitHub/Projekt-B-Projekt-X/ProjektX_V0_1/Content/2DSideScrollerBP/Maps/2DSideScrollerExampleMap.umap" TEMPLATE=0 SHOWPROGRESS=1 FEATURELEVEL=3
[2018.02.06-16.42.26:567][  0]LightingResults: New page: Lighting Build
[2018.02.06-16.42.26:633][  0]MapCheck: New page: Map Check
[2018.02.06-16.42.26:633][  0]LightingResults: New page: Lighting Build
[2018.02.06-16.42.28:633][  0]LogAIModule: Creating AISystem for world 2DSideScrollerExampleMap
[2018.02.06-16.42.28:690][  0]LogEditorServer: Finished looking for orphan Actors (0.000 secs)
[2018.02.06-16.42.28:731][  0]Cmd: MAP CHECKDEP NOCLEARLOG
[2018.02.06-16.42.28:824][  0]MapCheck: Map check complete: 0 Error(s), 0 Warning(s), took 93.881ms to complete.
[2018.02.06-16.42.28:825][  0]LogFileHelpers: Loading map '2DSideScrollerExampleMap' took 2.261
[2018.02.06-16.42.29:211][  0]LogCollectionManager: Loaded 0 collections in 0.003346 seconds
[2018.02.06-16.42.29:345][  0]LogFileCache: Scanning file cache for directory 'C:/Users/Leif/Documents/GitHub/Projekt-B-Projekt-X/ProjektX_V0_1/Saved/Collections/' took 0.01s
[2018.02.06-16.42.29:345][  0]LogFileCache: Scanning file cache for directory 'C:/Users/Leif/Documents/GitHub/Projekt-B-Projekt-X/ProjektX_V0_1/Content/Developers/Leif/Collections/' took 0.01s
[2018.02.06-16.42.29:345][  0]LogFileCache: Scanning file cache for directory 'C:/Users/Leif/Documents/GitHub/Projekt-B-Projekt-X/ProjektX_V0_1/Content/Collections/' took 0.01s
[2018.02.06-16.42.29:345][  0]LogCollectionManager: Rebuilt the GUID cache for 0 collections in 0.000000 seconds
[2018.02.06-16.42.29:359][  0]LogContentBrowser: Native class hierarchy populated in 0.0122 seconds. Added 2386 classes and 500 folders.
[2018.02.06-16.42.29:462][  0]LogContentBrowser: Native class hierarchy updated for 'WidgetCarousel' in 0.0007 seconds. Added 0 classes and 0 folders.
[2018.02.06-16.42.29:710][  0]LogContentBrowser: Native class hierarchy updated for 'AddContentDialog' in 0.0007 seconds. Added 0 classes and 0 folders.
[2018.02.06-16.42.29:800][  0]LogContentBrowser: Native class hierarchy updated for 'SceneOutliner' in 0.0007 seconds. Added 1 classes and 2 folders.
[2018.02.06-16.42.30:088][  0]LogSlate: Took 0.001542 seconds to synchronously load lazily loaded font '../../../Engine/Content/Slate/Fonts/Roboto-Regular.ttf' (155K)
[2018.02.06-16.42.30:093][  0]LogSlate: Took 0.001510 seconds to synchronously load lazily loaded font '../../../Engine/Content/Slate/Fonts/Roboto-Bold.ttf' (160K)
[2018.02.06-16.42.30:104][  0]LogSlate: Took 0.001586 seconds to synchronously load lazily loaded font '../../../Engine/Content/Editor/Slate/Fonts/FontAwesome.ttf' (139K)
[2018.02.06-16.42.30:253][  0]LogRenderer: Reallocating scene render targets to support 664x248 Format 10 NumSamples 1 (Frame:1).
[2018.02.06-16.42.30:565][  0]LogContentBrowser: Native class hierarchy updated for 'HierarchicalLODOutliner' in 0.0007 seconds. Added 1 classes and 2 folders.
[2018.02.06-16.42.30:565][  0]LogLoad: (Engine Initialization) Total time: 31.51 seconds
[2018.02.06-16.42.30:566][  0]LogLoad: (Engine Initialization) Total Blueprint compile time: 0.00 seconds
[2018.02.06-16.42.30:567][  0]LogExternalProfiler: Found external profiler: VSPerf
[2018.02.06-16.42.30:567][  0]LogExternalProfiler: Using external profiler: VSPerf
[2018.02.06-16.42.30:970][  0]SourceControl: On branch master
[2018.02.06-16.42.30:970][  0]SourceControl: Your branch is up-to-date with 'origin/master'.
[2018.02.06-16.42.30:970][  0]SourceControl: Changes not staged for commit:
[2018.02.06-16.42.30:970][  0]SourceControl:   (use "git add <file>..." to update what will be committed)
[2018.02.06-16.42.30:970][  0]SourceControl:   (use "git checkout -- <file>..." to discard changes in working directory)
[2018.02.06-16.42.30:970][  0]SourceControl: 	modified:   ProjektX_V0_1/Content/2DSideScrollerBP/Blueprints/Bob/Bob.uasset
[2018.02.06-16.42.30:970][  0]SourceControl: 	modified:   ProjektX_V0_1/Intermediate/CachedAssetRegistry.bin
[2018.02.06-16.42.30:970][  0]SourceControl: 	modified:   ProjektX_V0_1/Saved/Autosaves/Game/2DSideScrollerBP/Blueprints/Bob/Bob_Auto1.uasset
[2018.02.06-16.42.30:970][  0]SourceControl: 	modified:   ProjektX_V0_1/Saved/Config/Windows/EditorPerProjectUserSettings.ini
[2018.02.06-16.42.30:971][  0]SourceControl: 	modified:   ProjektX_V0_1/Saved/Config/Windows/Engine.ini
[2018.02.06-16.42.30:971][  0]SourceControl: 	modified:   ProjektX_V0_1/Saved/Logs/ProjektX_V0_0.log
[2018.02.06-16.42.30:971][  0]SourceControl: Untracked files:
[2018.02.06-16.42.30:971][  0]SourceControl:   (use "git add <file>..." to include in what will be committed)
[2018.02.06-16.42.30:971][  0]SourceControl: 	ProjektX_V0_1/Saved/Backup/Bob_2018-02-05-19-48-18.uasset
[2018.02.06-16.42.30:971][  0]SourceControl: 	ProjektX_V0_1/Saved/Backup/Bob_2018-02-05-20-23-42.uasset
[2018.02.06-16.42.30:971][  0]SourceControl: no changes added to commit (use "git add" and/or "git commit -a")
[2018.02.06-16.42.30:972][  0]LogContentStreaming: Texture pool size now 1000 MB
[2018.02.06-16.42.31:004][  0]LogSlate: Took 0.001428 seconds to synchronously load lazily loaded font '../../../Engine/Content/Slate/Fonts/Roboto-Light.ttf' (159K)
[2018.02.06-16.42.31:262][  1]LogAssetRegistry: Asset discovery search completed in 21.9782 seconds
[2018.02.06-16.42.31:266][  1]LogCollectionManager: Rebuilt the object cache for 0 collections in 0.000000 seconds (found 0 objects)
[2018.02.06-16.42.31:266][  1]LogCollectionManager: Fixed up redirectors for 0 collections in 0.000095 seconds (updated 0 objects)
[2018.02.06-16.42.31:912][  3]LogSlate: Took 0.000260 seconds to synchronously load lazily loaded font '../../../Engine/Content/Slate/Fonts/Roboto-Light.ttf' (159K)
