Log file open, 02/12/18 18:40:42
LogWindows: Failed to load 'aqProf.dll' (GetLastError=126)
LogWindows: File 'aqProf.dll' does not exist
LogWindows: Failed to load 'VtuneApi.dll' (GetLastError=126)
LogWindows: File 'VtuneApi.dll' does not exist
LogWindows: Failed to load 'VtuneApi32e.dll' (GetLastError=126)
LogWindows: File 'VtuneApi32e.dll' does not exist
LogInit: Display: Running engine for game: ProjektX_V0_0
LogPlatformFile: Not using cached read wrapper
LogInit: Display: RandInit(1133605032) SRandInit(1133605032).
LogTaskGraph: Started task graph with 5 named threads and 14 total threads with 3 sets of task threads.
LogStats: Stats thread started at 0.158013
LogD3D11RHI: Aftermath initialized
LogPluginManager: Mounting plugin Paper2D
LogPluginManager: Mounting plugin LightPropagationVolume
LogPluginManager: Mounting plugin CodeLiteSourceCodeAccess
LogPluginManager: Mounting plugin GitSourceControl
LogPluginManager: Mounting plugin KDevelopSourceCodeAccess
LogPluginManager: Mounting plugin NullSourceCodeAccess
LogPluginManager: Mounting plugin PerforceSourceControl
LogPluginManager: Mounting plugin SubversionSourceControl
LogPluginManager: Mounting plugin UObjectPlugin
LogPluginManager: Mounting plugin VisualStudioSourceCodeAccess
LogPluginManager: Mounting plugin XCodeSourceCodeAccess
LogPluginManager: Mounting plugin AssetManagerEditor
LogPluginManager: Mounting plugin AudioCapture
LogPluginManager: Mounting plugin FacialAnimation
LogPluginManager: Mounting plugin GameplayTagsEditor
LogPluginManager: Mounting plugin MobileLauncherProfileWizard
LogPluginManager: Mounting plugin PluginBrowser
LogPluginManager: Mounting plugin SpeedTreeImporter
LogPluginManager: Mounting plugin AlembicImporter
LogPluginManager: Mounting plugin CharacterAI
LogPluginManager: Mounting plugin HTML5Networking
LogPluginManager: Mounting plugin AndroidMedia
LogPluginManager: Mounting plugin AvfMedia
LogPluginManager: Mounting plugin MediaPlayerEditor
LogPluginManager: Mounting plugin WmfMedia
LogPluginManager: Mounting plugin TcpMessaging
LogPluginManager: Mounting plugin UdpMessaging
LogPluginManager: Mounting plugin LevelSequenceEditor
LogPluginManager: Mounting plugin MatineeToLevelSequence
LogPluginManager: Mounting plugin OnlineSubsystemGooglePlay
LogPluginManager: Mounting plugin OnlineSubsystemIOS
LogPluginManager: Mounting plugin OnlineSubsystem
LogPluginManager: Mounting plugin OnlineSubsystemNull
LogPluginManager: Mounting plugin OnlineSubsystemUtils
LogPluginManager: Mounting plugin AndroidDeviceProfileSelector
LogPluginManager: Mounting plugin AndroidMoviePlayer
LogPluginManager: Mounting plugin AndroidPermission
LogPluginManager: Mounting plugin AppleMoviePlayer
LogPluginManager: Mounting plugin ArchVisCharacter
LogPluginManager: Mounting plugin CableComponent
LogPluginManager: Mounting plugin CustomMeshComponent
LogPluginManager: Mounting plugin ExampleDeviceProfileSelector
LogPluginManager: Mounting plugin GoogleCloudMessaging
LogPluginManager: Mounting plugin ImmediatePhysics
LogPluginManager: Mounting plugin IOSDeviceProfileSelector
LogPluginManager: Mounting plugin LinuxDeviceProfileSelector
LogPluginManager: Mounting plugin LocationServicesBPLibrary
LogPluginManager: Mounting plugin MobilePatchingUtils
LogPluginManager: Mounting plugin OculusVR
LogPluginManager: Mounting plugin PhysXVehicles
LogPluginManager: Mounting plugin ProceduralMeshComponent
LogPluginManager: Mounting plugin RuntimePhysXCooking
LogPluginManager: Mounting plugin SteamVR
LogPluginManager: Mounting plugin WindowsMoviePlayer
LogInit: Using libcurl 7.47.1
LogInit:  - built for x86_64-pc-win32
LogInit:  - supports SSL with OpenSSL/1.0.2g
LogInit:  - supports HTTP deflate (compression) using libz 1.2.8
LogInit:  - other features:
LogInit:      CURL_VERSION_SSL
LogInit:      CURL_VERSION_LIBZ
LogInit:      CURL_VERSION_IPV6
LogInit:      CURL_VERSION_ASYNCHDNS
LogInit:      CURL_VERSION_LARGEFILE
LogInit:      CURL_VERSION_IDN
LogInit:  CurlRequestOptions (configurable via config and command line):
LogInit:  - bVerifyPeer = false  - Libcurl will NOT verify peer certificate
LogInit:  - bUseHttpProxy = false  - Libcurl will NOT use HTTP proxy
LogInit:  - bDontReuseConnections = false  - Libcurl will reuse connections
LogInit:  - CertBundlePath = nullptr  - Libcurl will use whatever was configured at build time.
LogInit: Build: ++UE4+Release-4.17-CL-3658906
LogInit: Engine Version: 4.17.2-3658906+++UE4+Release-4.17
LogInit: Compatible Engine Version: 4.17.0-3573198+++UE4+Release-4.17
LogInit: Net CL: 3573198
LogDevObjectVersion: Number of dev versions registered: 16
LogDevObjectVersion:   Dev-Blueprints (B0D832E4-1F89-4F0D-ACCF-7EB736FD4AA2): 10
LogDevObjectVersion:   Dev-Build (E1C64328-A22C-4D53-A36C-8E866417BD8C): 0
LogDevObjectVersion:   Dev-Core (375EC13C-06E4-48FB-B500-84F0262A717E): 2
LogDevObjectVersion:   Dev-Editor (E4B068ED-F494-42E9-A231-DA0B2E46BB41): 20
LogDevObjectVersion:   Dev-Framework (CFFC743F-43B0-4480-9391-14DF171D2073): 28
LogDevObjectVersion:   Dev-Mobile (B02B49B5-BB20-44E9-A304-32B752E40360): 0
LogDevObjectVersion:   Dev-Networking (A4E4105C-59A1-49B5-A7C5-40C4547EDFEE): 0
LogDevObjectVersion:   Dev-Online (39C831C9-5AE6-47DC-9A44-9C173E1C8E7C): 0
LogDevObjectVersion:   Dev-Physics (78F01B33-EBEA-4F98-B9B4-84EACCB95AA2): 0
LogDevObjectVersion:   Dev-Platform (6631380F-2D4D-43E0-8009-CF276956A95A): 0
LogDevObjectVersion:   Dev-Rendering (12F88B9F-8875-4AFC-A67C-D90C383ABD29): 19
LogDevObjectVersion:   Dev-Sequencer (7B5AE74C-D270-4C10-A958-57980B212A5A): 4
LogDevObjectVersion:   Dev-VR (D7296918-1DD6-4BDD-9DE2-64A83CC13884): 0
LogDevObjectVersion:   Dev-LoadTimes (C2A15278-BFE7-4AFE-6C17-90FF531DF755): 1
LogDevObjectVersion:   Private-Geometry (6EACA3D4-40EC-4CC1-B786-8BED09428FC5): 1
LogDevObjectVersion:   Dev-AnimPhys (29E575DD-E0A3-4627-9D10-D276232CDCEA): 7
LogInit: Compiled (64-bit): Sep 22 2017 13:47:16
LogInit: Compiled with Visual C++: 19.00.24215.01
LogInit: Build Configuration: Development
LogInit: Branch Name: ++UE4+Release-4.17
LogInit: Command line: -EpicPortal 
LogInit: Base directory: D:/Program Files (x86)/Unreal/UE_4.17/Engine/Binaries/Win64/
LogInit: Installed Engine Build: 1
LogInit: Presizing for max 8388607 objects, including 0 objects not considered by GC, pre-allocating 0 bytes for permanent pool.
LogInit: Object subsystem initialized
[2018.02.12-17.40.43:224][  0]LogInit: Selected Device Profile: [Windows]
[2018.02.12-17.40.43:224][  0]LogInit: Applying CVar settings loaded from the selected device profile: [Windows]
[2018.02.12-17.40.43:231][  0]LogInit: Computer: DESKTOP-JK7G58M
[2018.02.12-17.40.43:231][  0]LogInit: User: ShepardCommander
[2018.02.12-17.40.43:231][  0]LogInit: CPU Page size=4096, Cores=4
[2018.02.12-17.40.43:231][  0]LogInit: High frequency timer resolution =3.914067 MHz
[2018.02.12-17.40.43:231][  0]LogMemory: Memory total: Physical=16.0GB (16GB approx)
[2018.02.12-17.40.43:231][  0]LogMemory: Platform Memory Stats for Windows
[2018.02.12-17.40.43:231][  0]LogMemory: Process Physical Memory: 282.46 MB used, 282.46 MB peak
[2018.02.12-17.40.43:231][  0]LogMemory: Process Virtual Memory: 290.52 MB used, 290.52 MB peak
[2018.02.12-17.40.43:231][  0]LogMemory: Physical Memory: 9816.66 MB used,  6527.05 MB free, 16343.71 MB total
[2018.02.12-17.40.43:231][  0]LogMemory: Virtual Memory: 704.94 MB used,  6527.05 MB free, 134217728.00 MB total
[2018.02.12-17.40.43:944][  0]LogInit: Using OS detected language (de-DE).
[2018.02.12-17.40.43:944][  0]LogInit: Using OS detected locale (de-DE).
[2018.02.12-17.40.43:948][  0]LogTextLocalizationManager: No localization for 'de-DE' exists, so 'en' will be used for the language.
[2018.02.12-17.40.43:949][  0]LogTextLocalizationManager: No localization for 'de-DE' exists, so 'en' will be used for the locale.
[2018.02.12-17.40.44:605][  0]LogD3D11RHI: D3D11 adapters:
[2018.02.12-17.40.44:646][  0]LogD3D11RHI:    0. 'NVIDIA GeForce GTX 1070' (Feature Level 11_0)
[2018.02.12-17.40.44:646][  0]LogD3D11RHI:       8088/0/8171 MB DedicatedVideo/DedicatedSystem/SharedSystem, Outputs:1, VendorId:0x10de
[2018.02.12-17.40.44:647][  0]LogD3D11RHI:    1. 'Microsoft Basic Render Driver' (Feature Level 11_0)
[2018.02.12-17.40.44:647][  0]LogD3D11RHI:       0/0/8171 MB DedicatedVideo/DedicatedSystem/SharedSystem, Outputs:0, VendorId:0x1414
[2018.02.12-17.40.44:647][  0]LogD3D11RHI: Chosen D3D11 Adapter: 0
[2018.02.12-17.40.44:654][  0]LogD3D11RHI: Creating new Direct3DDevice
[2018.02.12-17.40.44:654][  0]LogD3D11RHI:     GPU DeviceId: 0x1b81 (for the marketing name, search the web for "GPU Device Id")
[2018.02.12-17.40.44:654][  0]LogWindows: EnumDisplayDevices:
[2018.02.12-17.40.44:654][  0]LogWindows:    0. 'NVIDIA GeForce GTX 1070' (P:1 D:1)
[2018.02.12-17.40.44:654][  0]LogWindows:    1. 'NVIDIA GeForce GTX 1070' (P:0 D:0)
[2018.02.12-17.40.44:654][  0]LogWindows:    2. 'NVIDIA GeForce GTX 1070' (P:0 D:0)
[2018.02.12-17.40.44:654][  0]LogWindows:    3. 'NVIDIA GeForce GTX 1070' (P:0 D:0)
[2018.02.12-17.40.44:654][  0]LogWindows: DebugString: GetVideoDriverDetailsInvalid PrimaryIsNotTheChoosenAdapter GetVideoDriverDetailsInvalid PrimaryIsNotTheChoosenAdapter GetVideoDriverDetailsInvalid PrimaryIsNotTheChoosenAdapter GetVideoDriverDetailsInvalid PrimaryIsNotTheChoosenAdapter FoundDriverCount:0 
[2018.02.12-17.40.44:654][  0]LogD3D11RHI:     Adapter Name: NVIDIA GeForce GTX 1070
[2018.02.12-17.40.44:654][  0]LogD3D11RHI:   Driver Version: Unknown (internal:Unknown, unified:Unknown)
[2018.02.12-17.40.44:654][  0]LogD3D11RHI:      Driver Date: Unknown
[2018.02.12-17.40.44:654][  0]LogRHI: Texture pool is 1361 MB (70% of 1945 MB)
[2018.02.12-17.40.44:675][  0]LogD3D11RHI: Async texture creation enabled
[2018.02.12-17.40.44:694][  0]LogD3D11RHI: GPU Timing Frequency: 1000.000000 (Debug: 2 2)
[2018.02.12-17.40.44:696][  0]LogShaderCompilers: Guid format shader working directory is -19 characters bigger than the processId version (../../../../../../Dokumente/UnrealProjects/Projekt-B-Projekt-X/ProjektX_V0_1/Intermediate/Shaders/WorkingDirectory/3508/).
[2018.02.12-17.40.44:696][  0]LogShaderCompilers: Cleaned the shader compiler working directory 'C:/Users/ShepardCommander/AppData/Local/Temp/UnrealShaderWorkingDir/9E103ECF4FB3FE1EC5C19583569CF271/'.
[2018.02.12-17.40.44:696][  0]LogShaderCompilers: Display: Using Local Shader Compiler.
[2018.02.12-17.40.45:449][  0]LogTemp: Display: Loaded TP AllDesktopTargetPlatform
[2018.02.12-17.40.45:490][  0]LogTemp: Display: Loaded TP MacClientTargetPlatform
[2018.02.12-17.40.45:531][  0]LogTemp: Display: Loaded TP MacNoEditorTargetPlatform
[2018.02.12-17.40.45:572][  0]LogTemp: Display: Loaded TP MacServerTargetPlatform
[2018.02.12-17.40.45:611][  0]LogTemp: Display: Loaded TP MacTargetPlatform
[2018.02.12-17.40.45:654][  0]LogTemp: Display: Loaded TP WindowsClientTargetPlatform
[2018.02.12-17.40.45:697][  0]LogTemp: Display: Loaded TP WindowsNoEditorTargetPlatform
[2018.02.12-17.40.45:738][  0]LogTemp: Display: Loaded TP WindowsServerTargetPlatform
[2018.02.12-17.40.45:772][  0]LogTemp: Display: Loaded TP WindowsTargetPlatform
[2018.02.12-17.40.45:813][  0]LogTemp: Display: Loaded TP AndroidTargetPlatform
[2018.02.12-17.40.45:853][  0]LogTemp: Display: Loaded TP Android_ASTCTargetPlatform
[2018.02.12-17.40.45:892][  0]LogTemp: Display: Loaded TP Android_ATCTargetPlatform
[2018.02.12-17.40.45:932][  0]LogTemp: Display: Loaded TP Android_DXTTargetPlatform
[2018.02.12-17.40.45:971][  0]LogTemp: Display: Loaded TP Android_ETC1TargetPlatform
[2018.02.12-17.40.46:010][  0]LogTemp: Display: Loaded TP Android_ETC2TargetPlatform
[2018.02.12-17.40.46:090][  0]LogTemp: Display: Loaded TP Android_MultiTargetPlatform
[2018.02.12-17.40.46:090][  0]LogTemp: Display: Loaded TP Android_PVRTCTargetPlatform
[2018.02.12-17.40.46:122][  0]LogTemp: Display: Loaded TP HTML5TargetPlatform
[2018.02.12-17.40.46:195][  0]LogTemp: Display: Loaded TP IOSTargetPlatform
[2018.02.12-17.40.46:216][  0]LogTemp: Display: Loaded TP TVOSTargetPlatform
[2018.02.12-17.40.46:257][  0]LogTemp: Display: Loaded TP LinuxClientTargetPlatform
[2018.02.12-17.40.46:297][  0]LogTemp: Display: Loaded TP LinuxNoEditorTargetPlatform
[2018.02.12-17.40.46:339][  0]LogTemp: Display: Loaded TP LinuxServerTargetPlatform
[2018.02.12-17.40.46:382][  0]LogTemp: Display: Loaded TP LinuxTargetPlatform
[2018.02.12-17.40.46:382][  0]LogTargetPlatformManager: Display: Building Assets For Windows
[2018.02.12-17.40.46:721][  0]LogDerivedDataCache: Display: Max Cache Size: 512 MB
[2018.02.12-17.40.46:788][  0]LogDerivedDataCache: Loaded boot cache 0.07s 93MB C:/Users/ShepardCommander/AppData/Local/UnrealEngine/4.17/DerivedDataCache/Boot.ddc.
[2018.02.12-17.40.46:788][  0]LogDerivedDataCache: Display: Loaded Boot cache: C:/Users/ShepardCommander/AppData/Local/UnrealEngine/4.17/DerivedDataCache/Boot.ddc
[2018.02.12-17.40.46:788][  0]LogDerivedDataCache: FDerivedDataBackendGraph:  Pak pak cache file ../../../../../../Dokumente/UnrealProjects/Projekt-B-Projekt-X/ProjektX_V0_1/DerivedDataCache/DDC.ddp not found, will not use a pak cache.
[2018.02.12-17.40.46:788][  0]LogDerivedDataCache: Unable to find inner node Pak for hierarchical cache Hierarchy.
[2018.02.12-17.40.46:788][  0]LogDerivedDataCache: FDerivedDataBackendGraph:  CompressedPak pak cache file ../../../../../../Dokumente/UnrealProjects/Projekt-B-Projekt-X/ProjektX_V0_1/DerivedDataCache/Compressed.ddp not found, will not use a pak cache.
[2018.02.12-17.40.46:788][  0]LogDerivedDataCache: Unable to find inner node CompressedPak for hierarchical cache Hierarchy.
[2018.02.12-17.40.46:802][  0]LogDerivedDataCache: Display: Pak cache opened for reading ../../../Engine/DerivedDataCache/Compressed.ddp.
[2018.02.12-17.40.46:815][  0]LogDerivedDataCache: Using Local data cache path C:/Users/ShepardCommander/AppData/Local/UnrealEngine/Common/DerivedDataCache: Writable
[2018.02.12-17.40.46:822][  0]LogMaterial: Verifying Global Shaders for PCD3D_SM5
[2018.02.12-17.40.46:823][  0]LogSlate: Using Freetype 2.6.0
[2018.02.12-17.40.46:824][  0]LogSlate: SlateFontCache - WITH_FREETYPE: 1, WITH_HARFBUZZ: 1
[2018.02.12-17.40.46:824][  0]LogSlate: SlateFontCache - WITH_FREETYPE: 1, WITH_HARFBUZZ: 1
[2018.02.12-17.40.47:073][  0]LogAssetRegistry: FAssetRegistry took 0.0250 seconds to start up
[2018.02.12-17.40.47:166][  0]LogInit: Selected Device Profile: [Windows]
[2018.02.12-17.40.47:317][  0]LogContentStreaming: Texture pool size is 0.00 MB
[2018.02.12-17.40.47:573][  0]LogSimplygon: Simplygon DLL not present - disabling.
[2018.02.12-17.40.47:609][  0]LogMeshReduction: Using SimplygonSwarm for distributed automatic mesh merging
[2018.02.12-17.40.47:609][  0]LogMeshReduction: Using QuadricMeshReduction for automatic static mesh reduction
[2018.02.12-17.40.47:609][  0]LogMeshReduction: No automatic skeletal mesh reduction module available
[2018.02.12-17.40.47:609][  0]LogMeshReduction: No automatic mesh merging module available
[2018.02.12-17.40.47:609][  0]LogMeshMerging: No automatic mesh merging module available
[2018.02.12-17.40.47:918][  0]LogNetVersion: ProjektX_V0_0 , NetCL: 3573198, EngineNetVer: 2, GameNetVer: 0 (Checksum: 2444259609)
[2018.02.12-17.40.48:105][  0]LogPackageLocalizationCache: Processed 5 localized package path(s) for 1 prioritized culture(s) in 0.024569 seconds
[2018.02.12-17.40.48:113][  0]LogUObjectArray: 35825 objects as part of root set at end of initial load.
[2018.02.12-17.40.48:113][  0]LogUObjectAllocator: 7529112 out of 0 bytes used by permanent object pool.
[2018.02.12-17.40.48:113][  0]LogUObjectArray: CloseDisregardForGC: 0/0 objects in disregard for GC pool
[2018.02.12-17.40.48:160][  0]LogInit: WinSock: version 1.1 (2.2), MaxSocks=32767, MaxUdp=65467
[2018.02.12-17.40.50:508][  0]LogTcpMessaging: Initializing TcpMessaging bridge
[2018.02.12-17.40.50:543][  0]LogUdpMessaging: Initializing bridge on interface 0.0.0.0:0 to multicast group 230.0.0.1:6666.
[2018.02.12-17.40.51:096][  0]LogMaterial: Uniform references updated for custom material expression Custom.
[2018.02.12-17.40.51:429][  0]SourceControl: Source control is disabled
[2018.02.12-17.40.52:383][  0]LogAndroidPermission: UAndroidPermissionCallbackProxy::GetInstance
[2018.02.12-17.40.52:594][  0]LogOcInput: OculusInput pre-init called
[2018.02.12-17.40.52:806][  0]LogEngine: Initializing Engine...
[2018.02.12-17.40.52:808][  0]LogHMD: Failed to initialize OpenVR with code 101
[2018.02.12-17.40.52:985][  0]LogStats: UGameplayTagsManager::ConstructGameplayTagTree: Construct from data asset -  0.000 s
[2018.02.12-17.40.52:985][  0]LogStats: UGameplayTagsManager::ConstructGameplayTagTree: GameplayTagTreeChangedEvent.Broadcast -  0.000 s
[2018.02.12-17.40.53:082][  0]LogAIModule: Creating AISystem for world Untitled
[2018.02.12-17.40.53:128][  0]LogInit: XAudio2 using 'Lautsprecher (2- Logitech G430 Gaming Headset)' : 2 channels at 48 kHz using 16 bits per sample (channel mask 0x3)
[2018.02.12-17.40.53:140][  0]LogInit: FAudioDevice initialized.
[2018.02.12-17.40.53:222][  0]LogDerivedDataCache: Saved boot cache 0.08s 93MB C:/Users/ShepardCommander/AppData/Local/UnrealEngine/4.17/DerivedDataCache/Boot.ddc.
[2018.02.12-17.40.53:228][  0]LogInit: Texture streaming: Enabled
[2018.02.12-17.40.53:294][  0]LogEngineSessionManager: EngineSessionManager initialized
[2018.02.12-17.40.53:462][  0]LogInit: Transaction tracking system initialized
[2018.02.12-17.40.53:697][  0]BlueprintLog: New page: Editor Load
[2018.02.12-17.40.54:353][  0]LocalizationService: Localization service is disabled
[2018.02.12-17.40.54:887][  0]LogConsoleResponse: Display: 
[2018.02.12-17.40.55:044][  0]LogCook: Display: Max memory allowance for cook 16384mb min free memory 0mb
[2018.02.12-17.40.55:044][  0]LogCook: Display: Mobile HDR setting 1
[2018.02.12-17.40.55:044][  0]LogGameplayTags: Display: UGameplayTagsManager::DoneAddingNativeTags. DelegateIsBound: 0
[2018.02.12-17.40.55:858][  0]LogFileCache: Scanning file cache for directory 'D:/Dokumente/UnrealProjects/Projekt-B-Projekt-X/ProjektX_V0_1/Content/' took 0.02s
[2018.02.12-17.40.55:894][  0]Cmd: MAP LOAD FILE="../../../../../../Dokumente/UnrealProjects/Projekt-B-Projekt-X/ProjektX_V0_1/Content/2DSideScrollerBP/Maps/2DSideScrollerExampleMap.umap" TEMPLATE=0 SHOWPROGRESS=1 FEATURELEVEL=3
[2018.02.12-17.40.55:894][  0]LightingResults: New page: Lighting Build
[2018.02.12-17.40.55:925][  0]MapCheck: New page: Map Check
[2018.02.12-17.40.55:925][  0]LightingResults: New page: Lighting Build
[2018.02.12-17.40.56:726][  0]LogAIModule: Creating AISystem for world 2DSideScrollerExampleMap
[2018.02.12-17.40.56:734][  0]LogEditorServer: Finished looking for orphan Actors (0.000 secs)
[2018.02.12-17.40.56:746][  0]Cmd: MAP CHECKDEP NOCLEARLOG
[2018.02.12-17.40.56:833][  0]MapCheck: Map check complete: 0 Error(s), 0 Warning(s), took 87.433ms to complete.
[2018.02.12-17.40.56:833][  0]LogFileHelpers: Loading map '2DSideScrollerExampleMap' took 0.939
[2018.02.12-17.40.56:898][  0]LogWindowsTextInputMethodSystem: Display: IME system now deactivated.
[2018.02.12-17.40.56:898][  0]LogWindowsTextInputMethodSystem: Display: IME system now deactivated.
[2018.02.12-17.40.56:977][  0]LogCollectionManager: Loaded 0 collections in 0.001865 seconds
[2018.02.12-17.40.57:050][  0]LogFileCache: Scanning file cache for directory 'D:/Dokumente/UnrealProjects/Projekt-B-Projekt-X/ProjektX_V0_1/Saved/Collections/' took 0.01s
[2018.02.12-17.40.57:050][  0]LogFileCache: Scanning file cache for directory 'D:/Dokumente/UnrealProjects/Projekt-B-Projekt-X/ProjektX_V0_1/Content/Developers/ShepardCommander/Collections/' took 0.01s
[2018.02.12-17.40.57:050][  0]LogFileCache: Scanning file cache for directory 'D:/Dokumente/UnrealProjects/Projekt-B-Projekt-X/ProjektX_V0_1/Content/Collections/' took 0.01s
[2018.02.12-17.40.57:050][  0]LogCollectionManager: Rebuilt the GUID cache for 0 collections in 0.000001 seconds
[2018.02.12-17.40.57:058][  0]LogContentBrowser: Native class hierarchy populated in 0.0078 seconds. Added 2386 classes and 500 folders.
[2018.02.12-17.40.57:113][  0]LogContentBrowser: Native class hierarchy updated for 'WidgetCarousel' in 0.0007 seconds. Added 0 classes and 0 folders.
[2018.02.12-17.40.57:178][  0]LogContentBrowser: Native class hierarchy updated for 'AddContentDialog' in 0.0007 seconds. Added 0 classes and 0 folders.
[2018.02.12-17.40.57:211][  0]LogContentBrowser: Native class hierarchy updated for 'SceneOutliner' in 0.0007 seconds. Added 1 classes and 2 folders.
[2018.02.12-17.40.57:234][  0]LogSlate: Took 0.000322 seconds to synchronously load lazily loaded font '../../../Engine/Content/Slate/Fonts/Roboto-Regular.ttf' (155K)
[2018.02.12-17.40.57:236][  0]LogSlate: Took 0.000356 seconds to synchronously load lazily loaded font '../../../Engine/Content/Slate/Fonts/Roboto-Bold.ttf' (160K)
[2018.02.12-17.40.57:242][  0]LogSlate: Took 0.000296 seconds to synchronously load lazily loaded font '../../../Engine/Content/Editor/Slate/Fonts/FontAwesome.ttf' (139K)
[2018.02.12-17.40.57:315][  0]LogRenderer: Reallocating scene render targets to support 1208x576 Format 10 NumSamples 1 (Frame:1).
[2018.02.12-17.40.57:493][  0]LogContentBrowser: Native class hierarchy updated for 'HierarchicalLODOutliner' in 0.0009 seconds. Added 1 classes and 2 folders.
[2018.02.12-17.40.57:493][  0]LogLoad: (Engine Initialization) Total time: 15.90 seconds
[2018.02.12-17.40.57:493][  0]LogLoad: (Engine Initialization) Total Blueprint compile time: 0.00 seconds
[2018.02.12-17.40.57:494][  0]LogExternalProfiler: Found external profiler: VSPerf
[2018.02.12-17.40.57:494][  0]LogExternalProfiler: Using external profiler: VSPerf
[2018.02.12-17.40.57:522][  0]SourceControl: On branch master
[2018.02.12-17.40.57:522][  0]SourceControl: Your branch is ahead of 'origin/master' by 3 commits.
[2018.02.12-17.40.57:522][  0]SourceControl:   (use "git push" to publish your local commits)
[2018.02.12-17.40.57:522][  0]SourceControl: Changes to be committed:
[2018.02.12-17.40.57:522][  0]SourceControl:   (use "git reset HEAD <file>..." to unstage)
[2018.02.12-17.40.57:522][  0]SourceControl: 	new file:   ProjektX_V0_1/Content/2DSideScroller/Sprites/TerrainTextures/Mount.uasset
[2018.02.12-17.40.57:522][  0]SourceControl: 	new file:   ProjektX_V0_1/Content/2DSideScroller/Sprites/TerrainTextures/Mount_sprite.uasset
[2018.02.12-17.40.57:522][  0]SourceControl: 	deleted:    ProjektX_V0_1/Content/2DSideScroller/Sprites/TerrainTextures/bg1.uasset
[2018.02.12-17.40.57:522][  0]SourceControl: 	deleted:    ProjektX_V0_1/Content/2DSideScroller/Sprites/TerrainTextures/bg1_Sprite.uasset
[2018.02.12-17.40.57:522][  0]SourceControl: 	new file:   ProjektX_V0_1/Content/2DSideScroller/Sprites/TerrainTextures/cloud2.uasset
[2018.02.12-17.40.57:522][  0]SourceControl: 	new file:   ProjektX_V0_1/Content/2DSideScroller/Sprites/TerrainTextures/cloud2_Sprite.uasset
[2018.02.12-17.40.57:522][  0]SourceControl: 	deleted:    ProjektX_V0_1/Content/2DSideScroller/Sprites/TerrainTextures/stones.uasset
[2018.02.12-17.40.57:522][  0]SourceControl: 	deleted:    ProjektX_V0_1/Content/2DSideScroller/Sprites/TerrainTextures/stones_Sprite_0.uasset
[2018.02.12-17.40.57:522][  0]SourceControl: 	deleted:    ProjektX_V0_1/Content/2DSideScroller/Sprites/TerrainTextures/stones_Sprite_1.uasset
[2018.02.12-17.40.57:522][  0]SourceControl: Changes not staged for commit:
[2018.02.12-17.40.57:522][  0]SourceControl:   (use "git add/rm <file>..." to update what will be committed)
[2018.02.12-17.40.57:522][  0]SourceControl:   (use "git checkout -- <file>..." to discard changes in working directory)
[2018.02.12-17.40.57:522][  0]SourceControl: 	modified:   ProjektX_V0_1/Content/2DSideScrollerBP/Maps/2DSideScrollerExampleMap.umap
[2018.02.12-17.40.57:523][  0]SourceControl: 	modified:   ProjektX_V0_1/Content/2DSideScrollerBP/Maps/2DSideScrollerExampleMap_BuiltData.uasset
[2018.02.12-17.40.57:523][  0]SourceControl: 	modified:   ProjektX_V0_1/Intermediate/AssetRegistryCache/c90e3f55.bin
[2018.02.12-17.40.57:523][  0]SourceControl: 	modified:   ProjektX_V0_1/Intermediate/CachedAssetRegistry.bin
[2018.02.12-17.40.57:523][  0]SourceControl: 	modified:   ProjektX_V0_1/Saved/AutoScreenshot.png
[2018.02.12-17.40.57:523][  0]SourceControl: 	modified:   ProjektX_V0_1/Saved/Autosaves/Game/2DSideScrollerBP/Maps/2DSideScrollerExampleMap_Auto1.umap
[2018.02.12-17.40.57:523][  0]SourceControl: 	modified:   ProjektX_V0_1/Saved/Autosaves/Game/2DSideScrollerBP/Maps/2DSideScrollerExampleMap_Auto2.umap
[2018.02.12-17.40.57:523][  0]SourceControl: 	modified:   ProjektX_V0_1/Saved/Autosaves/Game/2DSideScrollerBP/Maps/2DSideScrollerExampleMap_Auto4.umap
[2018.02.12-17.40.57:523][  0]SourceControl: 	modified:   ProjektX_V0_1/Saved/Autosaves/PackageRestoreData.json
[2018.02.12-17.40.57:523][  0]SourceControl: 	deleted:    ProjektX_V0_1/Saved/Config/CrashReportClient/UE4CC-Windows-188C412A49EB102F460B9BAE4F573D78/CrashReportClient.ini
[2018.02.12-17.40.57:523][  0]SourceControl: 	deleted:    ProjektX_V0_1/Saved/Config/CrashReportClient/UE4CC-Windows-576EA93C4E15AD453B2768887684ABDD/CrashReportClient.ini
[2018.02.12-17.40.57:523][  0]SourceControl: 	deleted:    ProjektX_V0_1/Saved/Config/CrashReportClient/UE4CC-Windows-69A9192D4B0EFF6EA3C4A18B28713715/CrashReportClient.ini
[2018.02.12-17.40.57:523][  0]SourceControl: 	modified:   ProjektX_V0_1/Saved/Config/Windows/Editor.ini
[2018.02.12-17.40.57:523][  0]SourceControl: 	modified:   ProjektX_V0_1/Saved/Config/Windows/EditorPerProjectUserSettings.ini
[2018.02.12-17.40.57:523][  0]SourceControl: 	deleted:    ProjektX_V0_1/Saved/Logs/ProjektX_V0_0-backup-2017.12.17-21.40.00.log
[2018.02.12-17.40.57:523][  0]SourceControl: 	deleted:    ProjektX_V0_1/Saved/Logs/ProjektX_V0_0-backup-2017.12.20-00.47.41.log
[2018.02.12-17.40.57:523][  0]SourceControl: 	modified:   ProjektX_V0_1/Saved/Logs/ProjektX_V0_0.log
[2018.02.12-17.40.57:523][  0]SourceControl: 	deleted:    ProjektX_V0_1/Saved/Logs/ProjektX_V0_0_2-backup-2017.12.20-00.48.11.log
[2018.02.12-17.40.57:523][  0]SourceControl: Untracked files:
[2018.02.12-17.40.57:523][  0]SourceControl:   (use "git add <file>..." to include in what will be committed)
[2018.02.12-17.40.57:523][  0]SourceControl: 	ProjektX_V0_1/Saved/Autosaves/Game/2DSideScroller/Sprites/TerrainTextures/Rock5_Sprite_Auto1.uasset
[2018.02.12-17.40.57:523][  0]SourceControl: 	ProjektX_V0_1/Saved/Autosaves/Game/2DSideScroller/Sprites/TerrainTextures/baum1_Sprite_Auto3.uasset
[2018.02.12-17.40.57:523][  0]SourceControl: 	ProjektX_V0_1/Saved/Autosaves/Game/2DSideScroller/Sprites/TerrainTextures/baum_kahl_Auto1.uasset
[2018.02.12-17.40.57:523][  0]SourceControl: 	ProjektX_V0_1/Saved/Autosaves/Game/2DSideScroller/Sprites/TerrainTextures/baum_kahl_Sprite_21_Auto1.uasset
[2018.02.12-17.40.57:523][  0]SourceControl: 	ProjektX_V0_1/Saved/Autosaves/Game/2DSideScroller/Sprites/TerrainTextures/baum_kahl_Sprite_44_Auto1.uasset
[2018.02.12-17.40.57:523][  0]SourceControl: 	ProjektX_V0_1/Saved/Autosaves/Game/2DSideScroller/Sprites/TerrainTextures/baum_kahl_Sprite_45_Auto1.uasset
[2018.02.12-17.40.57:523][  0]SourceControl: 	ProjektX_V0_1/Saved/Autosaves/Game/2DSideScroller/Sprites/TerrainTextures/bg_Auto4.uasset
[2018.02.12-17.40.57:523][  0]SourceControl: 	ProjektX_V0_1/Saved/Autosaves/Game/2DSideScroller/Sprites/TerrainTextures/bg_Sprite_Auto4.uasset
[2018.02.12-17.40.57:523][  0]SourceControl: 	ProjektX_V0_1/Saved/Autosaves/Game/2DSideScroller/Sprites/TerrainTextures/gras_Sprite_0_Auto1.uasset
[2018.02.12-17.40.57:523][  0]SourceControl: 	ProjektX_V0_1/Saved/Autosaves/Game/2DSideScroller/Sprites/TerrainTextures/gras_Sprite_2_Auto1.uasset
[2018.02.12-17.40.57:523][  0]SourceControl: 	ProjektX_V0_1/Saved/Autosaves/Game/2DSideScroller/Sprites/TerrainTextures/gras_Sprite_2_Auto2.uasset
[2018.02.12-17.40.57:523][  0]SourceControl: 	ProjektX_V0_1/Saved/Autosaves/Game/2DSideScroller/Sprites/TerrainTextures/stone1_Auto2.uasset
[2018.02.12-17.40.57:523][  0]SourceControl: 	ProjektX_V0_1/Saved/Autosaves/Game/2DSideScroller/Sprites/TerrainTextures/stone1_Sprite1_Auto2.uasset
[2018.02.12-17.40.57:523][  0]SourceControl: 	ProjektX_V0_1/Saved/Autosaves/Game/2DSideScroller/Sprites/TerrainTextures/stone1_Sprite_Auto2.uasset
[2018.02.12-17.40.57:523][  0]SourceControl: 	ProjektX_V0_1/Saved/Autosaves/Game/2DSideScroller/Sprites/TerrainTextures/stones_Sprite_0_Auto1.uasset
[2018.02.12-17.40.57:523][  0]SourceControl: 	ProjektX_V0_1/Saved/Backup/2DSideScrollerExampleMap_2017-12-20-14-43-28.umap
[2018.02.12-17.40.57:523][  0]SourceControl: 	ProjektX_V0_1/Saved/Backup/2DSideScrollerExampleMap_2017-12-20-14-57-59.umap
[2018.02.12-17.40.57:523][  0]SourceControl: 	ProjektX_V0_1/Saved/Backup/2DSideScrollerExampleMap_2017-12-20-15-04-38.umap
[2018.02.12-17.40.57:523][  0]SourceControl: 	ProjektX_V0_1/Saved/Backup/2DSideScrollerExampleMap_2017-12-20-15-10-15.umap
[2018.02.12-17.40.57:523][  0]SourceControl: 	ProjektX_V0_1/Saved/Backup/2DSideScrollerExampleMap_2018-01-10-15-04-24.umap
[2018.02.12-17.40.57:523][  0]SourceControl: 	ProjektX_V0_1/Saved/Backup/2DSideScrollerExampleMap_2018-01-10-15-41-04.umap
[2018.02.12-17.40.57:523][  0]SourceControl: 	ProjektX_V0_1/Saved/Backup/2DSideScrollerExampleMap_2018-01-10-15-49-26.umap
[2018.02.12-17.40.57:523][  0]SourceControl: 	ProjektX_V0_1/Saved/Backup/2DSideScrollerExampleMap_2018-01-10-15-57-41.umap
[2018.02.12-17.40.57:523][  0]SourceControl: 	ProjektX_V0_1/Saved/Backup/2DSideScrollerExampleMap_2018-01-10-16-23-19.umap
[2018.02.12-17.40.57:523][  0]SourceControl: 	ProjektX_V0_1/Saved/Backup/2DSideScrollerExampleMap_2018-02-07-18-13-24.umap
[2018.02.12-17.40.57:523][  0]SourceControl: 	ProjektX_V0_1/Saved/Backup/2DSideScrollerExampleMap_2018-02-07-21-34-52.umap
[2018.02.12-17.40.57:523][  0]SourceControl: 	ProjektX_V0_1/Saved/Backup/2DSideScrollerExampleMap_2018-02-12-16-26-52.umap
[2018.02.12-17.40.57:523][  0]SourceControl: 	ProjektX_V0_1/Saved/Backup/2DSideScrollerExampleMap_2018-02-12-16-34-25.umap
[2018.02.12-17.40.57:523][  0]SourceControl: 	ProjektX_V0_1/Saved/Backup/2DSideScrollerExampleMap_2018-02-12-16-55-58.umap
[2018.02.12-17.40.57:523][  0]SourceControl: 	ProjektX_V0_1/Saved/Backup/2DSideScrollerExampleMap_2018-02-12-17-08-40.umap
[2018.02.12-17.40.57:523][  0]SourceControl: 	ProjektX_V0_1/Saved/Backup/2DSideScrollerExampleMap_2018-02-12-17-20-53.umap
[2018.02.12-17.40.57:523][  0]SourceControl: 	ProjektX_V0_1/Saved/Backup/2DSideScrollerExampleMap_2018-02-12-17-53-05.umap
[2018.02.12-17.40.57:523][  0]SourceControl: 	ProjektX_V0_1/Saved/Backup/2DSideScrollerExampleMap_2018-02-12-18-10-30.umap
[2018.02.12-17.40.57:523][  0]SourceControl: 	ProjektX_V0_1/Saved/Backup/2DSideScrollerExampleMap_2018-02-12-18-15-45.umap
[2018.02.12-17.40.57:523][  0]SourceControl: 	ProjektX_V0_1/Saved/Backup/2DSideScrollerExampleMap_2018-02-12-18-30-11.umap
[2018.02.12-17.40.57:523][  0]SourceControl: 	ProjektX_V0_1/Saved/Backup/2DSideScrollerExampleMap_2018-02-12-18-40-00.umap
[2018.02.12-17.40.57:523][  0]SourceControl: 	ProjektX_V0_1/Saved/Backup/2DSideScrollerExampleMap_BuiltData_2017-12-20-14-57-59.uasset
[2018.02.12-17.40.57:523][  0]SourceControl: 	ProjektX_V0_1/Saved/Backup/2DSideScrollerExampleMap_BuiltData_2017-12-20-15-04-38.uasset
[2018.02.12-17.40.57:523][  0]SourceControl: 	ProjektX_V0_1/Saved/Backup/2DSideScrollerExampleMap_BuiltData_2017-12-20-15-10-15.uasset
[2018.02.12-17.40.57:523][  0]SourceControl: 	ProjektX_V0_1/Saved/Backup/2DSideScrollerExampleMap_BuiltData_2018-01-10-15-49-26.uasset
[2018.02.12-17.40.57:523][  0]SourceControl: 	ProjektX_V0_1/Saved/Backup/2DSideScrollerExampleMap_BuiltData_2018-01-10-15-57-42.uasset
[2018.02.12-17.40.57:523][  0]SourceControl: 	ProjektX_V0_1/Saved/Backup/2DSideScrollerExampleMap_BuiltData_2018-01-10-16-23-19.uasset
[2018.02.12-17.40.57:523][  0]SourceControl: 	ProjektX_V0_1/Saved/Backup/2DSideScrollerExampleMap_BuiltData_2018-02-07-21-34-53.uasset
[2018.02.12-17.40.57:523][  0]SourceControl: 	ProjektX_V0_1/Saved/Backup/2DSideScrollerExampleMap_BuiltData_2018-02-12-16-34-25.uasset
[2018.02.12-17.40.57:523][  0]SourceControl: 	ProjektX_V0_1/Saved/Backup/2DSideScrollerExampleMap_BuiltData_2018-02-12-17-08-40.uasset
[2018.02.12-17.40.57:523][  0]SourceControl: 	ProjektX_V0_1/Saved/Backup/2DSideScrollerExampleMap_BuiltData_2018-02-12-17-20-53.uasset
[2018.02.12-17.40.57:523][  0]SourceControl: 	ProjektX_V0_1/Saved/Backup/2DSideScrollerExampleMap_BuiltData_2018-02-12-17-54-38.uasset
[2018.02.12-17.40.57:523][  0]SourceControl: 	ProjektX_V0_1/Saved/Backup/2DSideScrollerExampleMap_BuiltData_2018-02-12-18-10-30.uasset
[2018.02.12-17.40.57:523][  0]SourceControl: 	ProjektX_V0_1/Saved/Backup/2DSideScrollerExampleMap_BuiltData_2018-02-12-18-15-45.uasset
[2018.02.12-17.40.57:523][  0]SourceControl: 	ProjektX_V0_1/Saved/Backup/2DSideScrollerExampleMap_BuiltData_2018-02-12-18-30-12.uasset
[2018.02.12-17.40.57:523][  0]SourceControl: 	ProjektX_V0_1/Saved/Backup/2DSideScrollerExampleMap_BuiltData_2018-02-12-18-40-00.uasset
[2018.02.12-17.40.57:523][  0]SourceControl: 	ProjektX_V0_1/Saved/Backup/Baum_Sprite_2018-01-10-15-57-44.uasset
[2018.02.12-17.40.57:523][  0]SourceControl: 	ProjektX_V0_1/Saved/Backup/Mount_sprite_2018-02-12-18-34-58.uasset
[2018.02.12-17.40.57:523][  0]SourceControl: 	ProjektX_V0_1/Saved/Backup/Rock5_Sprite_2017-12-20-14-43-28.uasset
[2018.02.12-17.40.57:523][  0]SourceControl: 	ProjektX_V0_1/Saved/Backup/Rock5_Sprite_2017-12-20-15-10-25.uasset
[2018.02.12-17.40.57:523][  0]SourceControl: 	ProjektX_V0_1/Saved/Backup/baum1_Sprite_2018-02-12-17-40-54.uasset
[2018.02.12-17.40.57:523][  0]SourceControl: 	ProjektX_V0_1/Saved/Backup/baum1_Sprite_2018-02-12-18-15-49.uasset
[2018.02.12-17.40.57:523][  0]SourceControl: 	ProjektX_V0_1/Saved/Backup/gras_Sprite_0_2018-01-10-15-41-04.uasset
[2018.02.12-17.40.57:523][  0]SourceControl: 	ProjektX_V0_1/Saved/Backup/gras_Sprite_0_2018-01-10-15-49-29.uasset
[2018.02.12-17.40.57:524][  0]SourceControl: 	ProjektX_V0_1/Saved/Backup/gras_Sprite_1_2018-01-10-15-49-29.uasset
[2018.02.12-17.40.57:524][  0]SourceControl: 	ProjektX_V0_1/Saved/Backup/gras_Sprite_2_2017-12-20-14-43-28.uasset
[2018.02.12-17.40.57:524][  0]SourceControl: 	ProjektX_V0_1/Saved/Backup/gras_Sprite_2_2017-12-20-15-10-25.uasset
[2018.02.12-17.40.57:524][  0]SourceControl: 	ProjektX_V0_1/Saved/Backup/gras_Sprite_2_2018-02-12-16-55-58.uasset
[2018.02.12-17.40.57:524][  0]SourceControl: 	ProjektX_V0_1/Saved/Backup/gras_Sprite_2_2018-02-12-18-15-48.uasset
[2018.02.12-17.40.57:524][  0]SourceControl: 	ProjektX_V0_1/Saved/Backup/stones_Sprite_0_2017-12-20-14-43-28.uasset
[2018.02.12-17.40.57:524][  0]SourceControl: 	ProjektX_V0_1/Saved/Backup/stones_Sprite_0_2017-12-20-15-10-25.uasset
[2018.02.12-17.40.57:524][  0]SourceControl: 	ProjektX_V0_1/Saved/Config/CrashReportClient/UE4CC-Windows-417C8F084B12A9497387ABBBE7D2DDD8/
[2018.02.12-17.40.57:524][  0]SourceControl: 	ProjektX_V0_1/Saved/Config/CrashReportClient/UE4CC-Windows-B430A076426C01294E81868B0F9ADF68/
[2018.02.12-17.40.57:524][  0]SourceControl: 	ProjektX_V0_1/Saved/Logs/ProjektX_V0_0-backup-2018.02.07-21.27.43.log
[2018.02.12-17.40.57:524][  0]SourceControl: 	ProjektX_V0_1/Saved/Logs/ProjektX_V0_0-backup-2018.02.12-16.14.01.log
[2018.02.12-17.40.57:524][  0]SourceControl: 	ProjektX_V0_1/Saved/Logs/ProjektX_V0_0-backup-2018.02.12-18.40.42.log
[2018.02.12-17.40.57:524][  0]LogContentStreaming: Texture pool size now 1000 MB
[2018.02.12-17.40.57:561][  0]LogSlate: Took 0.000263 seconds to synchronously load lazily loaded font '../../../Engine/Content/Slate/Fonts/Roboto-Light.ttf' (159K)
[2018.02.12-17.40.57:601][  1]LogAssetRegistry: Asset discovery search completed in 10.5490 seconds
[2018.02.12-17.40.57:603][  1]LogCollectionManager: Rebuilt the object cache for 0 collections in 0.000000 seconds (found 0 objects)
[2018.02.12-17.40.57:603][  1]LogCollectionManager: Fixed up redirectors for 0 collections in 0.000050 seconds (updated 0 objects)
[2018.02.12-17.44.29:076][388]LogLinker: Warning: Can't find file '/Game/2DSideScroller/Sprites/TerrainTextures/Stein'
[2018.02.12-17.44.29:076][388]LogLinker: Warning: Can't find file for asset '/Game/2DSideScroller/Sprites/TerrainTextures/Stein' while loading ../../../../../../Dokumente/UnrealProjects/Projekt-B-Projekt-X/ProjektX_V0_1/Content/2DSideScroller/Sprites/TerrainTextures/Mount_sprite.uasset.
[2018.02.12-17.44.29:076][388]LoadErrors: Error: /Game/2DSideScroller/Sprites/TerrainTextures/Mount_sprite : Can't find file for asset. /Game/2DSideScroller/Sprites/TerrainTextures/Stein
[2018.02.12-17.44.29:076][388]LogLinker: Warning: Can't find file '/Game/2DSideScroller/Sprites/TerrainTextures/Stein'
[2018.02.12-17.44.29:076][388]LogLinker: Warning: Can't find file for asset '/Game/2DSideScroller/Sprites/TerrainTextures/Stein' while loading ../../../../../../Dokumente/UnrealProjects/Projekt-B-Projekt-X/ProjektX_V0_1/Content/2DSideScroller/Sprites/TerrainTextures/Mount_sprite.uasset.
[2018.02.12-17.44.29:077][388]LogLinker: Warning: Can't find file '/Game/2DSideScroller/Sprites/TerrainTextures/Stein'
[2018.02.12-17.44.29:077][388]LoadErrors: Failed to load /Game/2DSideScroller/Sprites/TerrainTextures/Stein.Stein Referenced by Mount_sprite
[2018.02.12-17.44.29:077][388]LogLinker: Warning: Can't find file for asset '/Game/2DSideScroller/Sprites/TerrainTextures/Stein' while loading NULL.
[2018.02.12-17.44.34:789][ 33]Cmd: DELETE
[2018.02.12-17.44.34:789][ 33]Cmd: ACTOR DELETE
[2018.02.12-17.44.34:790][ 33]LogEditorActor: Deleted Actor: PaperSpriteActor
[2018.02.12-17.44.34:797][ 33]LogEditorActor: Deleted 1 Actors (0.008 secs)
[2018.02.12-17.44.37:161][274]LogMaterial: Missing cached shader map for material Mount_Mat, compiling. 
[2018.02.12-17.44.44:042][638]LogSlate: Took 0.000338 seconds to synchronously load lazily loaded font '../../../Engine/Content/Slate/Fonts/Roboto-Light.ttf' (159K)
[2018.02.12-17.47.03:252][923]Cmd: QUIT_EDITOR
[2018.02.12-17.47.03:262][923]LogWindowsTextInputMethodSystem: Display: IME system now deactivated.
[2018.02.12-17.47.03:263][923]LogWindowsTextInputMethodSystem: Display: IME system now deactivated.
[2018.02.12-17.47.03:272][923]LogExit: Preparing to exit.
[2018.02.12-17.47.03:776][923]LogDirectoryWatcher: A directory notification for 'D:/Dokumente/UnrealProjects/Projekt-B-Projekt-X/ProjektX_V0_1/Content/' was aborted.
[2018.02.12-17.47.03:787][923]LogExit: Editor shut down
[2018.02.12-17.47.03:792][923]LogExit: Transaction tracking system shut down
[2018.02.12-17.47.03:968][923]LogDirectoryWatcher: A directory notification for '../../../Engine/Content/' was aborted.
[2018.02.12-17.47.03:968][923]LogDirectoryWatcher: A directory notification for '../../../../../../Dokumente/UnrealProjects/Projekt-B-Projekt-X/ProjektX_V0_1/Content/' was aborted.
[2018.02.12-17.47.03:968][923]LogDirectoryWatcher: A directory notification for '../../../Engine/Plugins/2D/Paper2D/Content/' was aborted.
[2018.02.12-17.47.03:968][923]LogDirectoryWatcher: A directory notification for '../../../Engine/Plugins/Runtime/Oculus/OculusVR/Content/' was aborted.
[2018.02.12-17.47.03:968][923]LogDirectoryWatcher: A directory notification for '../../../Engine/Plugins/Runtime/Steam/SteamVR/Content/' was aborted.
[2018.02.12-17.47.04:011][923]LogExit: Object subsystem successfully closed.
[2018.02.12-17.47.04:030][923]LogD3D11RHI: Shutdown
[2018.02.12-17.47.04:030][923]LogD3D11RHI: CleanupD3DDevice
[2018.02.12-17.47.04:032][923]LogD3D11RHI: ~FD3D11DynamicRHI
[2018.02.12-17.47.04:038][923]LogModuleManager: Shutting down and abandoning module HierarchicalLODOutliner (530)
[2018.02.12-17.47.04:038][923]LogModuleManager: Shutting down and abandoning module SceneOutliner (528)
[2018.02.12-17.47.04:038][923]LogModuleManager: Shutting down and abandoning module AddContentDialog (526)
[2018.02.12-17.47.04:038][923]LogDirectoryWatcher: A directory notification for 'D:/Program Files (x86)/Unreal/UE_4.17/FeaturePacks/' was aborted.
[2018.02.12-17.47.04:038][923]LogModuleManager: Shutting down and abandoning module WidgetCarousel (525)
[2018.02.12-17.47.04:038][923]LogModuleManager: Shutting down and abandoning module EditorWidgets (522)
[2018.02.12-17.47.04:038][923]LogModuleManager: Shutting down and abandoning module CollectionManager (520)
[2018.02.12-17.47.04:038][923]LogDirectoryWatcher: A directory notification for 'D:/Dokumente/UnrealProjects/Projekt-B-Projekt-X/ProjektX_V0_1/Content/Collections/' was aborted.
[2018.02.12-17.47.04:038][923]LogDirectoryWatcher: A directory notification for 'D:/Dokumente/UnrealProjects/Projekt-B-Projekt-X/ProjektX_V0_1/Content/Developers/ShepardCommander/Collections/' was aborted.
[2018.02.12-17.47.04:039][923]LogDirectoryWatcher: A directory notification for 'D:/Dokumente/UnrealProjects/Projekt-B-Projekt-X/ProjektX_V0_1/Saved/Collections/' was aborted.
[2018.02.12-17.47.04:039][923]LogModuleManager: Shutting down and abandoning module StatsViewer (518)
[2018.02.12-17.47.04:039][923]LogModuleManager: Shutting down and abandoning module FoliageEdit (516)
[2018.02.12-17.47.04:039][923]LogModuleManager: Shutting down and abandoning module LandscapeEditor (514)
[2018.02.12-17.47.04:039][923]LogModuleManager: Shutting down and abandoning module MeshPaintMode (512)
[2018.02.12-17.47.04:039][923]LogModuleManager: Shutting down and abandoning module SceneDepthPickerMode (510)
[2018.02.12-17.47.04:039][923]LogModuleManager: Shutting down and abandoning module ActorPickerMode (508)
[2018.02.12-17.47.04:039][923]LogModuleManager: Shutting down and abandoning module GeometryMode (506)
[2018.02.12-17.47.04:039][923]LogModuleManager: Shutting down and abandoning module TextureAlignMode (504)
[2018.02.12-17.47.04:039][923]LogModuleManager: Shutting down and abandoning module BspMode (502)
[2018.02.12-17.47.04:039][923]LogModuleManager: Shutting down and abandoning module PIEPreviewDeviceProfileSelector (500)
[2018.02.12-17.47.04:039][923]LogModuleManager: Shutting down and abandoning module HardwareSurvey (498)
[2018.02.12-17.47.04:039][923]LogModuleManager: Shutting down and abandoning module SequenceRecorderSections (496)
[2018.02.12-17.47.04:039][923]LogModuleManager: Shutting down and abandoning module AutomationWorker (494)
[2018.02.12-17.47.04:039][923]LogModuleManager: Shutting down and abandoning module MatineeToLevelSequence (492)
[2018.02.12-17.47.04:039][923]LogModuleManager: Shutting down and abandoning module LevelSequenceEditor (490)
[2018.02.12-17.47.04:039][923]LogModuleManager: Shutting down and abandoning module PlacementMode (489)
[2018.02.12-17.47.04:039][923]LogModuleManager: Shutting down and abandoning module WmfMediaFactory (486)
[2018.02.12-17.47.04:039][923]LogModuleManager: Shutting down and abandoning module WmfMediaEditor (484)
[2018.02.12-17.47.04:039][923]LogModuleManager: Shutting down and abandoning module AvfMediaFactory (482)
[2018.02.12-17.47.04:039][923]LogModuleManager: Shutting down and abandoning module AvfMediaEditor (480)
[2018.02.12-17.47.04:039][923]LogModuleManager: Shutting down and abandoning module AndroidMediaFactory (478)
[2018.02.12-17.47.04:039][923]LogModuleManager: Shutting down and abandoning module Media (477)
[2018.02.12-17.47.04:039][923]LogModuleManager: Shutting down and abandoning module AndroidMediaEditor (474)
[2018.02.12-17.47.04:039][923]LogModuleManager: Shutting down and abandoning module CharacterAI (472)
[2018.02.12-17.47.04:039][923]LogModuleManager: Shutting down and abandoning module AudioCapture (470)
[2018.02.12-17.47.04:039][923]LogModuleManager: Shutting down and abandoning module SequenceRecorder (469)
[2018.02.12-17.47.04:039][923]LogModuleManager: Shutting down and abandoning module SmartSnapping (466)
[2018.02.12-17.47.04:039][923]LogModuleManager: Shutting down and abandoning module SessionServices (464)
[2018.02.12-17.47.04:039][923]LogModuleManager: Shutting down and abandoning module ViewportSnapping (462)
[2018.02.12-17.47.04:039][923]LogModuleManager: Shutting down and abandoning module ViewportInteraction (460)
[2018.02.12-17.47.04:039][923]LogModuleManager: Shutting down and abandoning module ClothPainter (458)
[2018.02.12-17.47.04:039][923]LogModuleManager: Shutting down and abandoning module LogVisualizer (456)
[2018.02.12-17.47.04:039][923]LogModuleManager: Shutting down and abandoning module IntroTutorials (454)
[2018.02.12-17.47.04:039][923]LogModuleManager: Shutting down and abandoning module GameProjectGeneration (453)
[2018.02.12-17.47.04:039][923]LogModuleManager: Shutting down and abandoning module IOSPlatformEditor (450)
[2018.02.12-17.47.04:039][923]LogModuleManager: Shutting down and abandoning module HTML5PlatformEditor (448)
[2018.02.12-17.47.04:039][923]LogModuleManager: Shutting down and abandoning module AndroidPlatformEditor (446)
[2018.02.12-17.47.04:039][923]LogModuleManager: Shutting down and abandoning module AndroidDeviceDetection (445)
[2018.02.12-17.47.04:767][923]LogModuleManager: Shutting down and abandoning module WindowsPlatformEditor (442)
[2018.02.12-17.47.04:767][923]LogModuleManager: Shutting down and abandoning module IOSRuntimeSettings (440)
[2018.02.12-17.47.04:767][923]LogModuleManager: Shutting down and abandoning module AndroidRuntimeSettings (438)
[2018.02.12-17.47.04:767][923]LogModuleManager: Shutting down and abandoning module InputBindingEditor (436)
[2018.02.12-17.47.04:767][923]LogModuleManager: Shutting down and abandoning module MergeActors (434)
[2018.02.12-17.47.04:767][923]LogModuleManager: Shutting down and abandoning module SizeMap (432)
[2018.02.12-17.47.04:767][923]LogModuleManager: Shutting down and abandoning module TreeMap (430)
[2018.02.12-17.47.04:767][923]LogModuleManager: Shutting down and abandoning module ReferenceViewer (428)
[2018.02.12-17.47.04:767][923]LogModuleManager: Shutting down and abandoning module LocalizationDashboard (426)
[2018.02.12-17.47.04:767][923]LogModuleManager: Shutting down and abandoning module LocalizationService (425)
[2018.02.12-17.47.04:767][923]LogModuleManager: Shutting down and abandoning module HardwareTargeting (422)
[2018.02.12-17.47.04:767][923]LogModuleManager: Shutting down and abandoning module DeviceProfileEditor (420)
[2018.02.12-17.47.04:767][923]LogModuleManager: Shutting down and abandoning module UndoHistory (418)
[2018.02.12-17.47.04:767][923]LogModuleManager: Shutting down and abandoning module XmlParser (416)
[2018.02.12-17.47.04:767][923]LogModuleManager: Shutting down and abandoning module Blutility (414)
[2018.02.12-17.47.04:767][923]LogModuleManager: Shutting down and abandoning module ProjectSettingsViewer (412)
[2018.02.12-17.47.04:767][923]LogModuleManager: Shutting down and abandoning module ProjectTargetPlatformEditor (411)
[2018.02.12-17.47.04:767][923]LogModuleManager: Shutting down and abandoning module EditorSettingsViewer (408)
[2018.02.12-17.47.04:767][923]LogModuleManager: Shutting down and abandoning module SettingsEditor (406)
[2018.02.12-17.47.04:767][923]LogModuleManager: Shutting down and abandoning module ProjectLauncher (404)
[2018.02.12-17.47.04:767][923]LogModuleManager: Shutting down and abandoning module SessionFrontend (402)
[2018.02.12-17.47.04:768][923]LogModuleManager: Shutting down and abandoning module ProfilerClient (400)
[2018.02.12-17.47.04:768][923]LogModuleManager: Shutting down and abandoning module DeviceManager (398)
[2018.02.12-17.47.04:768][923]LogModuleManager: Shutting down and abandoning module TargetDeviceServices (397)
[2018.02.12-17.47.04:819][923]LogModuleManager: Shutting down and abandoning module AutomationController (394)
[2018.02.12-17.47.04:819][923]LogModuleManager: Shutting down and abandoning module AutomationWindow (392)
[2018.02.12-17.47.04:819][923]LogModuleManager: Shutting down and abandoning module Layers (390)
[2018.02.12-17.47.04:819][923]LogModuleManager: Shutting down and abandoning module ComponentVisualizers (388)
[2018.02.12-17.47.04:819][923]LogModuleManager: Shutting down and abandoning module DetailCustomizations (386)
[2018.02.12-17.47.04:819][923]LogModuleManager: Shutting down and abandoning module PackagesDialog (384)
[2018.02.12-17.47.04:819][923]LogModuleManager: Shutting down and abandoning module Persona (382)
[2018.02.12-17.47.04:819][923]LogModuleManager: Shutting down and abandoning module AdvancedPreviewScene (381)
[2018.02.12-17.47.04:819][923]LogModuleManager: Shutting down and abandoning module AnimGraph (379)
[2018.02.12-17.47.04:819][923]LogModuleManager: Shutting down and abandoning module Kismet (376)
[2018.02.12-17.47.04:820][923]LogModuleManager: Shutting down and abandoning module ClassViewer (374)
[2018.02.12-17.47.04:820][923]LogModuleManager: Shutting down and abandoning module Toolbox (372)
[2018.02.12-17.47.04:820][923]LogModuleManager: Shutting down and abandoning module ModuleUI (370)
[2018.02.12-17.47.04:820][923]LogModuleManager: Shutting down and abandoning module MovieSceneTools (368)
[2018.02.12-17.47.04:820][923]LogModuleManager: Shutting down and abandoning module OutputLog (366)
[2018.02.12-17.47.04:820][923]LogModuleManager: Shutting down and abandoning module GammaUI (364)
[2018.02.12-17.47.04:820][923]LogModuleManager: Shutting down and abandoning module Documentation (362)
[2018.02.12-17.47.04:820][923]LogModuleManager: Shutting down and abandoning module MovieSceneTracks (360)
[2018.02.12-17.47.04:820][923]LogModuleManager: Shutting down and abandoning module MovieScene (358)
[2018.02.12-17.47.04:820][923]LogModuleManager: Shutting down and abandoning module Niagara (356)
[2018.02.12-17.47.04:820][923]LogModuleManager: Shutting down and abandoning module NiagaraEditor (355)
[2018.02.12-17.47.04:820][923]LogModuleManager: Shutting down and abandoning module StreamingPauseRendering (352)
[2018.02.12-17.47.04:820][923]LogModuleManager: Shutting down and abandoning module LauncherPlatform (350)
[2018.02.12-17.47.04:820][923]LogModuleManager: Shutting down and abandoning module AnalyticsET (348)
[2018.02.12-17.47.04:820][923]LogModuleManager: Shutting down and abandoning module PortalServices (346)
[2018.02.12-17.47.04:820][923]LogModuleManager: Shutting down and abandoning module PortalRpc (344)
[2018.02.12-17.47.04:820][923]LogModuleManager: Shutting down and abandoning module MessagingRpc (342)
[2018.02.12-17.47.04:820][923]LogModuleManager: Shutting down and abandoning module AIModule (340)
[2018.02.12-17.47.04:820][923]LogModuleManager: Shutting down and abandoning module GameplayDebugger (339)
[2018.02.12-17.47.04:820][923]LogModuleManager: Shutting down and abandoning module AITestSuite (337)
[2018.02.12-17.47.04:820][923]LogModuleManager: Shutting down and abandoning module ProfilerService (334)
[2018.02.12-17.47.04:973][923]LogModuleManager: Shutting down and abandoning module TaskGraph (332)
[2018.02.12-17.47.04:973][923]LogModuleManager: Shutting down and abandoning module SteamVRController (330)
[2018.02.12-17.47.04:973][923]LogModuleManager: Shutting down and abandoning module ProceduralMeshComponentEditor (328)
[2018.02.12-17.47.04:973][923]LogModuleManager: Shutting down and abandoning module ProceduralMeshComponent (326)
[2018.02.12-17.47.04:973][923]LogModuleManager: Shutting down and abandoning module OculusInput (324)
[2018.02.12-17.47.04:973][923]LogModuleManager: Shutting down and abandoning module MobilePatchingUtils (322)
[2018.02.12-17.47.04:973][923]LogModuleManager: Shutting down and abandoning module CustomMeshComponent (320)
[2018.02.12-17.47.04:973][923]LogModuleManager: Shutting down and abandoning module CableComponent (318)
[2018.02.12-17.47.04:973][923]LogModuleManager: Shutting down and abandoning module ArchVisCharacter (316)
[2018.02.12-17.47.04:973][923]LogModuleManager: Shutting down and abandoning module AndroidPermission (314)
[2018.02.12-17.47.04:973][923]LogModuleManager: Shutting down and abandoning module MediaPlayerEditor (310)
[2018.02.12-17.47.04:973][923]LogModuleManager: Shutting down and abandoning module HTML5Networking (308)
[2018.02.12-17.47.04:973][923]LogModuleManager: Shutting down and abandoning module AlembicImporter (306)
[2018.02.12-17.47.04:973][923]LogModuleManager: Shutting down and abandoning module AlembicLibrary (305)
[2018.02.12-17.47.04:973][923]LogModuleManager: Shutting down and abandoning module GeometryCache (304)
[2018.02.12-17.47.04:973][923]LogModuleManager: Shutting down and abandoning module GeometryCacheEd (303)
[2018.02.12-17.47.04:973][923]LogModuleManager: Shutting down and abandoning module SpeedTreeImporter (298)
[2018.02.12-17.47.04:973][923]LogModuleManager: Shutting down and abandoning module PluginBrowser (296)
[2018.02.12-17.47.04:973][923]LogModuleManager: Shutting down and abandoning module MobileLauncherProfileWizard (294)
[2018.02.12-17.47.04:973][923]LogModuleManager: Shutting down and abandoning module VisualStudioSourceCodeAccess (292)
[2018.02.12-17.47.04:973][923]LogModuleManager: Shutting down and abandoning module DesktopPlatform (291)
[2018.02.12-17.47.04:973][923]LogModuleManager: Shutting down and abandoning module UObjectPlugin (288)
[2018.02.12-17.47.04:973][923]LogModuleManager: Shutting down and abandoning module SubversionSourceControl (286)
[2018.02.12-17.47.04:973][923]LogModuleManager: Shutting down and abandoning module PerforceSourceControl (284)
[2018.02.12-17.47.04:973][923]LogModuleManager: Shutting down and abandoning module GitSourceControl (282)
[2018.02.12-17.47.04:973][923]LogModuleManager: Shutting down and abandoning module SourceControl (281)
[2018.02.12-17.47.04:973][923]LogModuleManager: Shutting down and abandoning module LightPropagationVolumeEditor (278)
[2018.02.12-17.47.04:973][923]LogModuleManager: Shutting down and abandoning module PaperTiledImporter (276)
[2018.02.12-17.47.04:973][923]LogModuleManager: Shutting down and abandoning module PaperSpriteSheetImporter (274)
[2018.02.12-17.47.04:973][923]LogModuleManager: Shutting down and abandoning module Paper2DEditor (272)
[2018.02.12-17.47.04:973][923]LogModuleManager: Shutting down and abandoning module MeshPaint (271)
[2018.02.12-17.47.04:973][923]LogModuleManager: Shutting down and abandoning module LevelEditor (269)
[2018.02.12-17.47.04:974][923]LogModuleManager: Shutting down and abandoning module PixelInspectorModule (268)
[2018.02.12-17.47.04:974][923]LogModuleManager: Shutting down and abandoning module MainFrame (266)
[2018.02.12-17.47.04:974][923]LogModuleManager: Shutting down and abandoning module HotReload (265)
[2018.02.12-17.47.04:974][923]LogModuleManager: Shutting down and abandoning module RuntimePhysXCooking (260)
[2018.02.12-17.47.04:974][923]LogModuleManager: Shutting down and abandoning module PhysXVehiclesEditor (258)
[2018.02.12-17.47.04:975][923]LogModuleManager: Shutting down and abandoning module PhysXVehicles (256)
[2018.02.12-17.47.04:975][923]LogModuleManager: Shutting down and abandoning module OculusEditor (254)
[2018.02.12-17.47.04:975][923]LogModuleManager: Shutting down and abandoning module LocationServicesBPLibrary (252)
[2018.02.12-17.47.04:975][923]LogModuleManager: Shutting down and abandoning module ImmediatePhysicsEditor (250)
[2018.02.12-17.47.04:975][923]LogModuleManager: Shutting down and abandoning module ImmediatePhysics (248)
[2018.02.12-17.47.04:975][923]LogModuleManager: Shutting down and abandoning module UdpMessaging (246)
[2018.02.12-17.47.05:075][923]LogModuleManager: Shutting down and abandoning module TcpMessaging (244)
[2018.02.12-17.47.05:176][923]LogModuleManager: Shutting down and abandoning module GameplayTagsEditor (242)
[2018.02.12-17.47.05:176][923]LogModuleManager: Shutting down and abandoning module FacialAnimationEditor (240)
[2018.02.12-17.47.05:176][923]LogModuleManager: Shutting down and abandoning module FacialAnimation (238)
[2018.02.12-17.47.05:176][923]LogModuleManager: Shutting down and abandoning module AssetManagerEditor (236)
[2018.02.12-17.47.05:176][923]LogModuleManager: Shutting down and abandoning module GraphEditor (235)
[2018.02.12-17.47.05:176][923]LogModuleManager: Shutting down and abandoning module ContentBrowser (233)
[2018.02.12-17.47.05:176][923]LogModuleManager: Shutting down and abandoning module LightPropagationVolumeRuntime (230)
[2018.02.12-17.47.05:176][923]LogModuleManager: Shutting down and abandoning module Paper2D (228)
[2018.02.12-17.47.05:176][923]LogModuleManager: Shutting down and abandoning module WindowsMoviePlayer (226)
[2018.02.12-17.47.05:176][923]LogModuleManager: Shutting down and abandoning module WmfMedia (224)
[2018.02.12-17.47.05:178][923]LogModuleManager: Shutting down and abandoning module PacketHandler (222)
[2018.02.12-17.47.05:178][923]LogModuleManager: Shutting down and abandoning module ClothingSystemEditor (220)
[2018.02.12-17.47.05:178][923]LogModuleManager: Shutting down and abandoning module ClothingSystemRuntime (218)
[2018.02.12-17.47.05:178][923]LogModuleManager: Shutting down and abandoning module Overlay (216)
[2018.02.12-17.47.05:178][923]LogModuleManager: Shutting down and abandoning module OverlayEditor (215)
[2018.02.12-17.47.05:178][923]LogModuleManager: Shutting down and abandoning module MediaAssets (212)
[2018.02.12-17.47.05:178][923]LogModuleManager: Shutting down and abandoning module VREditor (210)
[2018.02.12-17.47.05:178][923]LogModuleManager: Shutting down and abandoning module StringTableEditor (208)
[2018.02.12-17.47.05:178][923]LogModuleManager: Shutting down and abandoning module GameplayTasksEditor (206)
[2018.02.12-17.47.05:178][923]LogModuleManager: Shutting down and abandoning module BehaviorTreeEditor (204)
[2018.02.12-17.47.05:178][923]LogModuleManager: Shutting down and abandoning module FunctionalTesting (202)
[2018.02.12-17.47.05:178][923]LogModuleManager: Shutting down and abandoning module CollisionAnalyzer (200)
[2018.02.12-17.47.05:178][923]LogModuleManager: Shutting down and abandoning module WorkspaceMenuStructure (199)
[2018.02.12-17.47.05:178][923]LogModuleManager: Shutting down and abandoning module UMG (196)
[2018.02.12-17.47.05:178][923]LogModuleManager: Shutting down and abandoning module UMGEditor (195)
[2018.02.12-17.47.05:178][923]LogModuleManager: Shutting down and abandoning module Sequencer (194)
[2018.02.12-17.47.05:178][923]LogModuleManager: Shutting down and abandoning module MessageLog (191)
[2018.02.12-17.47.05:178][923]LogModuleManager: Shutting down and abandoning module SlateReflector (186)
[2018.02.12-17.47.05:178][923]LogModuleManager: Shutting down and abandoning module Slate (184)
[2018.02.12-17.47.05:178][923]LogModuleManager: Shutting down and abandoning module EditorStyle (182)
[2018.02.12-17.47.05:180][923]LogModuleManager: Shutting down and abandoning module MRMesh (180)
[2018.02.12-17.47.05:180][923]LogModuleManager: Shutting down and abandoning module SourceCodeAccess (178)
[2018.02.12-17.47.05:180][923]LogModuleManager: Shutting down and abandoning module HeadMountedDisplay (176)
[2018.02.12-17.47.05:180][923]LogModuleManager: Shutting down and abandoning module XAudio2 (174)
[2018.02.12-17.47.05:180][923]LogModuleManager: Shutting down and abandoning module Networking (172)
[2018.02.12-17.47.05:180][923]LogModuleManager: Shutting down and abandoning module Core (168)
[2018.02.12-17.47.05:180][923]LogModuleManager: Shutting down and abandoning module KismetCompiler (164)
[2018.02.12-17.47.05:180][923]LogModuleManager: Shutting down and abandoning module LevelSequence (162)
[2018.02.12-17.47.05:180][923]LogModuleManager: Shutting down and abandoning module MeshUtilities (160)
[2018.02.12-17.47.05:180][923]LogModuleManager: Shutting down and abandoning module MeshMergeUtilities (159)
[2018.02.12-17.47.05:180][923]LogModuleManager: Shutting down and abandoning module MeshReductionInterface (158)
[2018.02.12-17.47.05:180][923]LogModuleManager: Shutting down and abandoning module SimplygonSwarm (157)
[2018.02.12-17.47.05:180][923]LogModuleManager: Shutting down and abandoning module SimplygonMeshReduction (155)
[2018.02.12-17.47.05:180][923]LogModuleManager: Shutting down and abandoning module QuadricMeshReduction (153)
[2018.02.12-17.47.05:180][923]LogModuleManager: Shutting down and abandoning module MaterialBaking (149)
[2018.02.12-17.47.05:180][923]LogModuleManager: Shutting down and abandoning module DirectoryWatcher (146)
[2018.02.12-17.47.05:180][923]LogModuleManager: Shutting down and abandoning module DerivedDataCache (144)
[2018.02.12-17.47.05:248][923]LogDerivedDataCache: Shutdown
[2018.02.12-17.47.05:248][923]LogModuleManager: Shutting down and abandoning module TargetPlatform (142)
[2018.02.12-17.47.05:248][923]LogModuleManager: Shutting down and abandoning module VulkanShaderFormat (141)
[2018.02.12-17.47.05:248][923]LogModuleManager: Shutting down and abandoning module ShaderFormatVectorVM (139)
[2018.02.12-17.47.05:248][923]LogModuleManager: Shutting down and abandoning module ShaderFormatOpenGL (137)
[2018.02.12-17.47.05:248][923]LogModuleManager: Shutting down and abandoning module ShaderFormatD3D (135)
[2018.02.12-17.47.05:248][923]LogModuleManager: Shutting down and abandoning module MetalShaderFormat (133)
[2018.02.12-17.47.05:248][923]LogModuleManager: Shutting down and abandoning module TextureFormatUncompressed (131)
[2018.02.12-17.47.05:248][923]LogModuleManager: Shutting down and abandoning module TextureFormatPVR (129)
[2018.02.12-17.47.05:248][923]LogModuleManager: Shutting down and abandoning module TextureFormatDXT (127)
[2018.02.12-17.47.05:248][923]LogModuleManager: Shutting down and abandoning module TextureFormatIntelISPCTexComp (125)
[2018.02.12-17.47.05:248][923]LogModuleManager: Shutting down and abandoning module TextureFormatASTC (123)
[2018.02.12-17.47.05:248][923]LogModuleManager: Shutting down and abandoning module ImageWrapper (122)
[2018.02.12-17.47.05:248][923]LogModuleManager: Shutting down and abandoning module TextureFormatAndroid (119)
[2018.02.12-17.47.05:248][923]LogModuleManager: Shutting down and abandoning module AudioFormatOpus (117)
[2018.02.12-17.47.05:248][923]LogModuleManager: Shutting down and abandoning module AudioFormatOgg (115)
[2018.02.12-17.47.05:248][923]LogModuleManager: Shutting down and abandoning module AudioFormatADPCM (113)
[2018.02.12-17.47.05:248][923]LogModuleManager: Shutting down and abandoning module LinuxTargetPlatform (111)
[2018.02.12-17.47.05:248][923]LogModuleManager: Shutting down and abandoning module LinuxServerTargetPlatform (109)
[2018.02.12-17.47.05:248][923]LogModuleManager: Shutting down and abandoning module LinuxNoEditorTargetPlatform (107)
[2018.02.12-17.47.05:248][923]LogModuleManager: Shutting down and abandoning module LinuxClientTargetPlatform (105)
[2018.02.12-17.47.05:248][923]LogModuleManager: Shutting down and abandoning module TVOSTargetPlatform (103)
[2018.02.12-17.47.05:248][923]LogModuleManager: Shutting down and abandoning module Messaging (101)
[2018.02.12-17.47.05:248][923]LogModuleManager: Shutting down and abandoning module IOSTargetPlatform (99)
[2018.02.12-17.47.05:249][923]LogModuleManager: Shutting down and abandoning module HTML5TargetPlatform (97)
[2018.02.12-17.47.05:249][923]LogModuleManager: Shutting down and abandoning module Android_PVRTCTargetPlatform (95)
[2018.02.12-17.47.05:249][923]LogModuleManager: Shutting down and abandoning module Android_MultiTargetPlatform (93)
[2018.02.12-17.47.05:249][923]LogModuleManager: Shutting down and abandoning module Android_ETC2TargetPlatform (91)
[2018.02.12-17.47.05:249][923]LogModuleManager: Shutting down and abandoning module Android_ETC1TargetPlatform (89)
[2018.02.12-17.47.05:249][923]LogModuleManager: Shutting down and abandoning module Android_DXTTargetPlatform (87)
[2018.02.12-17.47.05:249][923]LogModuleManager: Shutting down and abandoning module Android_ATCTargetPlatform (85)
[2018.02.12-17.47.05:249][923]LogModuleManager: Shutting down and abandoning module Android_ASTCTargetPlatform (83)
[2018.02.12-17.47.05:249][923]LogModuleManager: Shutting down and abandoning module AndroidTargetPlatform (81)
[2018.02.12-17.47.05:249][923]LogModuleManager: Shutting down and abandoning module WindowsTargetPlatform (79)
[2018.02.12-17.47.05:249][923]LogModuleManager: Shutting down and abandoning module WindowsServerTargetPlatform (77)
[2018.02.12-17.47.05:249][923]LogModuleManager: Shutting down and abandoning module WindowsNoEditorTargetPlatform (75)
[2018.02.12-17.47.05:249][923]LogModuleManager: Shutting down and abandoning module WindowsClientTargetPlatform (73)
[2018.02.12-17.47.05:249][923]LogModuleManager: Shutting down and abandoning module MacTargetPlatform (71)
[2018.02.12-17.47.05:249][923]LogModuleManager: Shutting down and abandoning module MacServerTargetPlatform (69)
[2018.02.12-17.47.05:249][923]LogModuleManager: Shutting down and abandoning module MacNoEditorTargetPlatform (67)
[2018.02.12-17.47.05:249][923]LogModuleManager: Shutting down and abandoning module MacClientTargetPlatform (65)
[2018.02.12-17.47.05:249][923]LogModuleManager: Shutting down and abandoning module AllDesktopTargetPlatform (63)
[2018.02.12-17.47.05:249][923]LogModuleManager: Shutting down and abandoning module InputCore (60)
[2018.02.12-17.47.05:249][923]LogModuleManager: Shutting down and abandoning module Settings (58)
[2018.02.12-17.47.05:249][923]LogModuleManager: Shutting down and abandoning module PhysXCooking (56)
[2018.02.12-17.47.05:249][923]LogModuleManager: Shutting down and abandoning module SteamVR (54)
[2018.02.12-17.47.05:249][923]LogModuleManager: Shutting down and abandoning module OculusHMD (52)
[2018.02.12-17.47.05:249][923]LogModuleManager: Shutting down and abandoning module ExampleDeviceProfileSelector (50)
[2018.02.12-17.47.05:249][923]LogModuleManager: Shutting down and abandoning module OnlineBlueprintSupport (48)
[2018.02.12-17.47.05:249][923]LogModuleManager: Shutting down and abandoning module OnlineSubsystem (44)
[2018.02.12-17.47.05:249][923]LogOnline: Display: Unloading online subsystem: NULL
[2018.02.12-17.47.05:249][923]LogModuleManager: Shutting down and abandoning module XMPP (43)
[2018.02.12-17.47.05:249][923]LogModuleManager: Shutting down and abandoning module HTTP (41)
[2018.02.12-17.47.05:249][923]LogHttp: Display: Http module shutting down, but needs to wait on 1 outstanding Http requests:
[2018.02.12-17.47.05:249][923]LogHttp: Display: 	verb=[POST] url=[https://datarouter.ol.epicgames.com/datarouter/api/v1/public/data?SessionID=%7B67DC3F2B-4869-8098-7A01-7BAA0CA2E522%7D&AppID=UEEditor.Rocket.Release&AppVersion=4.17.2-3658906%2B%2B%2BUE4%2BRelease-4.17&UserID=9ef425a14c62b7f37b156583fb35a2f3%7C0ccff1a2cb034b3786f3c5acf396ad29%7C9a13dc76-ef88-41a6-bc31-cb865c459342&AppEnvironment=datacollector-binary&UploadType=eteventstream] status=Processing
[2018.02.12-17.47.05:254][923]LogModuleManager: Shutting down and abandoning module SSL (40)
[2018.02.12-17.47.05:255][923]LogModuleManager: Shutting down and abandoning module AnimationModifiers (36)
[2018.02.12-17.47.05:255][923]LogModuleManager: Shutting down and abandoning module PropertyEditor (35)
[2018.02.12-17.47.05:255][923]LogModuleManager: Shutting down and abandoning module AudioEditor (32)
[2018.02.12-17.47.05:255][923]LogModuleManager: Shutting down and abandoning module TextureCompressor (30)
[2018.02.12-17.47.05:255][923]LogModuleManager: Shutting down and abandoning module ShaderCore (28)
[2018.02.12-17.47.05:255][923]LogModuleManager: Shutting down and abandoning module Landscape (26)
[2018.02.12-17.47.05:255][923]LogModuleManager: Shutting down and abandoning module SlateRHIRenderer (24)
[2018.02.12-17.47.05:256][923]LogModuleManager: Shutting down and abandoning module OpenGLDrv (22)
[2018.02.12-17.47.05:256][923]LogModuleManager: Shutting down and abandoning module D3D11RHI (20)
[2018.02.12-17.47.05:256][923]LogModuleManager: Shutting down and abandoning module AnimGraphRuntime (18)
[2018.02.12-17.47.05:256][923]LogModuleManager: Shutting down and abandoning module Renderer (16)
[2018.02.12-17.47.05:256][923]LogModuleManager: Shutting down and abandoning module Engine (14)
[2018.02.12-17.47.05:256][923]LogModuleManager: Shutting down and abandoning module CoreUObject (12)
[2018.02.12-17.47.05:256][923]LogModuleManager: Shutting down and abandoning module NetworkFile (10)
[2018.02.12-17.47.05:256][923]LogModuleManager: Shutting down and abandoning module CookedIterativeFile (8)
[2018.02.12-17.47.05:256][923]LogModuleManager: Shutting down and abandoning module StreamingFile (6)
[2018.02.12-17.47.05:256][923]LogModuleManager: Shutting down and abandoning module SandboxFile (4)
[2018.02.12-17.47.05:256][923]LogModuleManager: Shutting down and abandoning module PakFile (2)
[2018.02.12-17.47.05:258][923]LogExit: Exiting.
[2018.02.12-17.47.05:282][923]Log file closed, 02/12/18 18:47:05
