Log file open, 02/12/18 19:03:46
LogWindows: Failed to load 'aqProf.dll' (GetLastError=126)
LogWindows: File 'aqProf.dll' does not exist
LogWindows: Failed to load 'VtuneApi.dll' (GetLastError=126)
LogWindows: File 'VtuneApi.dll' does not exist
LogWindows: Failed to load 'VtuneApi32e.dll' (GetLastError=126)
LogWindows: File 'VtuneApi32e.dll' does not exist
LogInit: Display: Running engine for game: ProjektX_V0_0
LogPlatformFile: Not using cached read wrapper
LogInit: Display: RandInit(-571467690) SRandInit(-571467690).
LogTaskGraph: Started task graph with 5 named threads and 14 total threads with 3 sets of task threads.
LogStats: Stats thread started at 0.158603
LogD3D11RHI: Aftermath initialized
LogPluginManager: Mounting plugin Paper2D
LogPluginManager: Mounting plugin LightPropagationVolume
LogPluginManager: Mounting plugin CodeLiteSourceCodeAccess
LogPluginManager: Mounting plugin GitSourceControl
LogPluginManager: Mounting plugin KDevelopSourceCodeAccess
LogPluginManager: Mounting plugin NullSourceCodeAccess
LogPluginManager: Mounting plugin PerforceSourceControl
LogPluginManager: Mounting plugin SubversionSourceControl
LogPluginManager: Mounting plugin UObjectPlugin
LogPluginManager: Mounting plugin VisualStudioSourceCodeAccess
LogPluginManager: Mounting plugin XCodeSourceCodeAccess
LogPluginManager: Mounting plugin AssetManagerEditor
LogPluginManager: Mounting plugin AudioCapture
LogPluginManager: Mounting plugin FacialAnimation
LogPluginManager: Mounting plugin GameplayTagsEditor
LogPluginManager: Mounting plugin MobileLauncherProfileWizard
LogPluginManager: Mounting plugin PluginBrowser
LogPluginManager: Mounting plugin SpeedTreeImporter
LogPluginManager: Mounting plugin AlembicImporter
LogPluginManager: Mounting plugin CharacterAI
LogPluginManager: Mounting plugin HTML5Networking
LogPluginManager: Mounting plugin AndroidMedia
LogPluginManager: Mounting plugin AvfMedia
LogPluginManager: Mounting plugin MediaPlayerEditor
LogPluginManager: Mounting plugin WmfMedia
LogPluginManager: Mounting plugin TcpMessaging
LogPluginManager: Mounting plugin UdpMessaging
LogPluginManager: Mounting plugin LevelSequenceEditor
LogPluginManager: Mounting plugin MatineeToLevelSequence
LogPluginManager: Mounting plugin OnlineSubsystemGooglePlay
LogPluginManager: Mounting plugin OnlineSubsystemIOS
LogPluginManager: Mounting plugin OnlineSubsystem
LogPluginManager: Mounting plugin OnlineSubsystemNull
LogPluginManager: Mounting plugin OnlineSubsystemUtils
LogPluginManager: Mounting plugin AndroidDeviceProfileSelector
LogPluginManager: Mounting plugin AndroidMoviePlayer
LogPluginManager: Mounting plugin AndroidPermission
LogPluginManager: Mounting plugin AppleMoviePlayer
LogPluginManager: Mounting plugin ArchVisCharacter
LogPluginManager: Mounting plugin CableComponent
LogPluginManager: Mounting plugin CustomMeshComponent
LogPluginManager: Mounting plugin ExampleDeviceProfileSelector
LogPluginManager: Mounting plugin GoogleCloudMessaging
LogPluginManager: Mounting plugin ImmediatePhysics
LogPluginManager: Mounting plugin IOSDeviceProfileSelector
LogPluginManager: Mounting plugin LinuxDeviceProfileSelector
LogPluginManager: Mounting plugin LocationServicesBPLibrary
LogPluginManager: Mounting plugin MobilePatchingUtils
LogPluginManager: Mounting plugin OculusVR
LogPluginManager: Mounting plugin PhysXVehicles
LogPluginManager: Mounting plugin ProceduralMeshComponent
LogPluginManager: Mounting plugin RuntimePhysXCooking
LogPluginManager: Mounting plugin SteamVR
LogPluginManager: Mounting plugin WindowsMoviePlayer
LogInit: Using libcurl 7.47.1
LogInit:  - built for x86_64-pc-win32
LogInit:  - supports SSL with OpenSSL/1.0.2g
LogInit:  - supports HTTP deflate (compression) using libz 1.2.8
LogInit:  - other features:
LogInit:      CURL_VERSION_SSL
LogInit:      CURL_VERSION_LIBZ
LogInit:      CURL_VERSION_IPV6
LogInit:      CURL_VERSION_ASYNCHDNS
LogInit:      CURL_VERSION_LARGEFILE
LogInit:      CURL_VERSION_IDN
LogInit:  CurlRequestOptions (configurable via config and command line):
LogInit:  - bVerifyPeer = false  - Libcurl will NOT verify peer certificate
LogInit:  - bUseHttpProxy = false  - Libcurl will NOT use HTTP proxy
LogInit:  - bDontReuseConnections = false  - Libcurl will reuse connections
LogInit:  - CertBundlePath = nullptr  - Libcurl will use whatever was configured at build time.
LogInit: Build: ++UE4+Release-4.17-CL-3658906
LogInit: Engine Version: 4.17.2-3658906+++UE4+Release-4.17
LogInit: Compatible Engine Version: 4.17.0-3573198+++UE4+Release-4.17
LogInit: Net CL: 3573198
LogDevObjectVersion: Number of dev versions registered: 16
LogDevObjectVersion:   Dev-Blueprints (B0D832E4-1F89-4F0D-ACCF-7EB736FD4AA2): 10
LogDevObjectVersion:   Dev-Build (E1C64328-A22C-4D53-A36C-8E866417BD8C): 0
LogDevObjectVersion:   Dev-Core (375EC13C-06E4-48FB-B500-84F0262A717E): 2
LogDevObjectVersion:   Dev-Editor (E4B068ED-F494-42E9-A231-DA0B2E46BB41): 20
LogDevObjectVersion:   Dev-Framework (CFFC743F-43B0-4480-9391-14DF171D2073): 28
LogDevObjectVersion:   Dev-Mobile (B02B49B5-BB20-44E9-A304-32B752E40360): 0
LogDevObjectVersion:   Dev-Networking (A4E4105C-59A1-49B5-A7C5-40C4547EDFEE): 0
LogDevObjectVersion:   Dev-Online (39C831C9-5AE6-47DC-9A44-9C173E1C8E7C): 0
LogDevObjectVersion:   Dev-Physics (78F01B33-EBEA-4F98-B9B4-84EACCB95AA2): 0
LogDevObjectVersion:   Dev-Platform (6631380F-2D4D-43E0-8009-CF276956A95A): 0
LogDevObjectVersion:   Dev-Rendering (12F88B9F-8875-4AFC-A67C-D90C383ABD29): 19
LogDevObjectVersion:   Dev-Sequencer (7B5AE74C-D270-4C10-A958-57980B212A5A): 4
LogDevObjectVersion:   Dev-VR (D7296918-1DD6-4BDD-9DE2-64A83CC13884): 0
LogDevObjectVersion:   Dev-LoadTimes (C2A15278-BFE7-4AFE-6C17-90FF531DF755): 1
LogDevObjectVersion:   Private-Geometry (6EACA3D4-40EC-4CC1-B786-8BED09428FC5): 1
LogDevObjectVersion:   Dev-AnimPhys (29E575DD-E0A3-4627-9D10-D276232CDCEA): 7
LogInit: Compiled (64-bit): Sep 22 2017 13:47:16
LogInit: Compiled with Visual C++: 19.00.24215.01
LogInit: Build Configuration: Development
LogInit: Branch Name: ++UE4+Release-4.17
LogInit: Command line: -EpicPortal 
LogInit: Base directory: D:/Program Files (x86)/Unreal/UE_4.17/Engine/Binaries/Win64/
LogInit: Installed Engine Build: 1
LogInit: Presizing for max 8388607 objects, including 0 objects not considered by GC, pre-allocating 0 bytes for permanent pool.
LogInit: Object subsystem initialized
[2018.02.12-18.03.47:551][  0]LogInit: Selected Device Profile: [Windows]
[2018.02.12-18.03.47:551][  0]LogInit: Applying CVar settings loaded from the selected device profile: [Windows]
[2018.02.12-18.03.47:570][  0]LogInit: Computer: DESKTOP-JK7G58M
[2018.02.12-18.03.47:570][  0]LogInit: User: ShepardCommander
[2018.02.12-18.03.47:570][  0]LogInit: CPU Page size=4096, Cores=4
[2018.02.12-18.03.47:570][  0]LogInit: High frequency timer resolution =3.914064 MHz
[2018.02.12-18.03.47:571][  0]LogMemory: Memory total: Physical=16.0GB (16GB approx)
[2018.02.12-18.03.47:571][  0]LogMemory: Platform Memory Stats for Windows
[2018.02.12-18.03.47:571][  0]LogMemory: Process Physical Memory: 282.42 MB used, 282.42 MB peak
[2018.02.12-18.03.47:571][  0]LogMemory: Process Virtual Memory: 290.47 MB used, 290.47 MB peak
[2018.02.12-18.03.47:571][  0]LogMemory: Physical Memory: 6624.38 MB used,  9719.34 MB free, 16343.71 MB total
[2018.02.12-18.03.47:571][  0]LogMemory: Virtual Memory: 704.94 MB used,  9719.34 MB free, 134217728.00 MB total
[2018.02.12-18.03.48:339][  0]LogInit: Using OS detected language (de-DE).
[2018.02.12-18.03.48:339][  0]LogInit: Using OS detected locale (de-DE).
[2018.02.12-18.03.48:343][  0]LogTextLocalizationManager: No localization for 'de-DE' exists, so 'en' will be used for the language.
[2018.02.12-18.03.48:343][  0]LogTextLocalizationManager: No localization for 'de-DE' exists, so 'en' will be used for the locale.
[2018.02.12-18.03.49:028][  0]LogD3D11RHI: D3D11 adapters:
[2018.02.12-18.03.49:064][  0]LogD3D11RHI:    0. 'NVIDIA GeForce GTX 1070' (Feature Level 11_0)
[2018.02.12-18.03.49:064][  0]LogD3D11RHI:       8088/0/8171 MB DedicatedVideo/DedicatedSystem/SharedSystem, Outputs:1, VendorId:0x10de
[2018.02.12-18.03.49:066][  0]LogD3D11RHI:    1. 'Microsoft Basic Render Driver' (Feature Level 11_0)
[2018.02.12-18.03.49:066][  0]LogD3D11RHI:       0/0/8171 MB DedicatedVideo/DedicatedSystem/SharedSystem, Outputs:0, VendorId:0x1414
[2018.02.12-18.03.49:066][  0]LogD3D11RHI: Chosen D3D11 Adapter: 0
[2018.02.12-18.03.49:072][  0]LogD3D11RHI: Creating new Direct3DDevice
[2018.02.12-18.03.49:072][  0]LogD3D11RHI:     GPU DeviceId: 0x1b81 (for the marketing name, search the web for "GPU Device Id")
[2018.02.12-18.03.49:072][  0]LogWindows: EnumDisplayDevices:
[2018.02.12-18.03.49:072][  0]LogWindows:    0. 'NVIDIA GeForce GTX 1070' (P:1 D:1)
[2018.02.12-18.03.49:073][  0]LogWindows:    1. 'NVIDIA GeForce GTX 1070' (P:0 D:0)
[2018.02.12-18.03.49:073][  0]LogWindows:    2. 'NVIDIA GeForce GTX 1070' (P:0 D:0)
[2018.02.12-18.03.49:073][  0]LogWindows:    3. 'NVIDIA GeForce GTX 1070' (P:0 D:0)
[2018.02.12-18.03.49:073][  0]LogWindows: DebugString: GetVideoDriverDetailsInvalid PrimaryIsNotTheChoosenAdapter GetVideoDriverDetailsInvalid PrimaryIsNotTheChoosenAdapter GetVideoDriverDetailsInvalid PrimaryIsNotTheChoosenAdapter GetVideoDriverDetailsInvalid PrimaryIsNotTheChoosenAdapter FoundDriverCount:0 
[2018.02.12-18.03.49:073][  0]LogD3D11RHI:     Adapter Name: NVIDIA GeForce GTX 1070
[2018.02.12-18.03.49:073][  0]LogD3D11RHI:   Driver Version: Unknown (internal:Unknown, unified:Unknown)
[2018.02.12-18.03.49:073][  0]LogD3D11RHI:      Driver Date: Unknown
[2018.02.12-18.03.49:073][  0]LogRHI: Texture pool is 1361 MB (70% of 1945 MB)
[2018.02.12-18.03.49:093][  0]LogD3D11RHI: Async texture creation enabled
[2018.02.12-18.03.49:114][  0]LogD3D11RHI: GPU Timing Frequency: 1000.000000 (Debug: 2 2)
[2018.02.12-18.03.49:116][  0]LogShaderCompilers: Guid format shader working directory is -19 characters bigger than the processId version (../../../../../../Dokumente/UnrealProjects/Projekt-B-Projekt-X/ProjektX_V0_1/Intermediate/Shaders/WorkingDirectory/4244/).
[2018.02.12-18.03.49:116][  0]LogShaderCompilers: Cleaned the shader compiler working directory 'C:/Users/ShepardCommander/AppData/Local/Temp/UnrealShaderWorkingDir/8393AEA3457438A8015270A4B5EA1214/'.
[2018.02.12-18.03.49:116][  0]LogShaderCompilers: Display: Using Local Shader Compiler.
[2018.02.12-18.03.49:885][  0]LogTemp: Display: Loaded TP AllDesktopTargetPlatform
[2018.02.12-18.03.49:938][  0]LogTemp: Display: Loaded TP MacClientTargetPlatform
[2018.02.12-18.03.50:205][  0]LogTemp: Display: Loaded TP MacNoEditorTargetPlatform
[2018.02.12-18.03.50:287][  0]LogTemp: Display: Loaded TP MacServerTargetPlatform
[2018.02.12-18.03.50:354][  0]LogTemp: Display: Loaded TP MacTargetPlatform
[2018.02.12-18.03.50:413][  0]LogTemp: Display: Loaded TP WindowsClientTargetPlatform
[2018.02.12-18.03.50:464][  0]LogTemp: Display: Loaded TP WindowsNoEditorTargetPlatform
[2018.02.12-18.03.50:509][  0]LogTemp: Display: Loaded TP WindowsServerTargetPlatform
[2018.02.12-18.03.50:547][  0]LogTemp: Display: Loaded TP WindowsTargetPlatform
[2018.02.12-18.03.50:586][  0]LogTemp: Display: Loaded TP AndroidTargetPlatform
[2018.02.12-18.03.50:624][  0]LogTemp: Display: Loaded TP Android_ASTCTargetPlatform
[2018.02.12-18.03.50:663][  0]LogTemp: Display: Loaded TP Android_ATCTargetPlatform
[2018.02.12-18.03.50:701][  0]LogTemp: Display: Loaded TP Android_DXTTargetPlatform
[2018.02.12-18.03.50:740][  0]LogTemp: Display: Loaded TP Android_ETC1TargetPlatform
[2018.02.12-18.03.50:779][  0]LogTemp: Display: Loaded TP Android_ETC2TargetPlatform
[2018.02.12-18.03.50:861][  0]LogTemp: Display: Loaded TP Android_MultiTargetPlatform
[2018.02.12-18.03.50:861][  0]LogTemp: Display: Loaded TP Android_PVRTCTargetPlatform
[2018.02.12-18.03.50:895][  0]LogTemp: Display: Loaded TP HTML5TargetPlatform
[2018.02.12-18.03.50:967][  0]LogTemp: Display: Loaded TP IOSTargetPlatform
[2018.02.12-18.03.50:987][  0]LogTemp: Display: Loaded TP TVOSTargetPlatform
[2018.02.12-18.03.51:025][  0]LogTemp: Display: Loaded TP LinuxClientTargetPlatform
[2018.02.12-18.03.51:064][  0]LogTemp: Display: Loaded TP LinuxNoEditorTargetPlatform
[2018.02.12-18.03.51:102][  0]LogTemp: Display: Loaded TP LinuxServerTargetPlatform
[2018.02.12-18.03.51:141][  0]LogTemp: Display: Loaded TP LinuxTargetPlatform
[2018.02.12-18.03.51:141][  0]LogTargetPlatformManager: Display: Building Assets For Windows
[2018.02.12-18.03.51:469][  0]LogDerivedDataCache: Display: Max Cache Size: 512 MB
[2018.02.12-18.03.51:530][  0]LogDerivedDataCache: Loaded boot cache 0.06s 93MB C:/Users/ShepardCommander/AppData/Local/UnrealEngine/4.17/DerivedDataCache/Boot.ddc.
[2018.02.12-18.03.51:531][  0]LogDerivedDataCache: Display: Loaded Boot cache: C:/Users/ShepardCommander/AppData/Local/UnrealEngine/4.17/DerivedDataCache/Boot.ddc
[2018.02.12-18.03.51:531][  0]LogDerivedDataCache: FDerivedDataBackendGraph:  Pak pak cache file ../../../../../../Dokumente/UnrealProjects/Projekt-B-Projekt-X/ProjektX_V0_1/DerivedDataCache/DDC.ddp not found, will not use a pak cache.
[2018.02.12-18.03.51:531][  0]LogDerivedDataCache: Unable to find inner node Pak for hierarchical cache Hierarchy.
[2018.02.12-18.03.51:531][  0]LogDerivedDataCache: FDerivedDataBackendGraph:  CompressedPak pak cache file ../../../../../../Dokumente/UnrealProjects/Projekt-B-Projekt-X/ProjektX_V0_1/DerivedDataCache/Compressed.ddp not found, will not use a pak cache.
[2018.02.12-18.03.51:531][  0]LogDerivedDataCache: Unable to find inner node CompressedPak for hierarchical cache Hierarchy.
[2018.02.12-18.03.51:543][  0]LogDerivedDataCache: Display: Pak cache opened for reading ../../../Engine/DerivedDataCache/Compressed.ddp.
[2018.02.12-18.03.51:555][  0]LogDerivedDataCache: Using Local data cache path C:/Users/ShepardCommander/AppData/Local/UnrealEngine/Common/DerivedDataCache: Writable
[2018.02.12-18.03.51:563][  0]LogMaterial: Verifying Global Shaders for PCD3D_SM5
[2018.02.12-18.03.51:564][  0]LogSlate: Using Freetype 2.6.0
[2018.02.12-18.03.51:564][  0]LogSlate: SlateFontCache - WITH_FREETYPE: 1, WITH_HARFBUZZ: 1
[2018.02.12-18.03.51:564][  0]LogSlate: SlateFontCache - WITH_FREETYPE: 1, WITH_HARFBUZZ: 1
[2018.02.12-18.03.51:807][  0]LogAssetRegistry: FAssetRegistry took 0.0258 seconds to start up
[2018.02.12-18.03.51:896][  0]LogInit: Selected Device Profile: [Windows]
[2018.02.12-18.03.52:026][  0]LogContentStreaming: Texture pool size is 0.00 MB
[2018.02.12-18.03.52:254][  0]LogSimplygon: Simplygon DLL not present - disabling.
[2018.02.12-18.03.52:286][  0]LogMeshReduction: Using SimplygonSwarm for distributed automatic mesh merging
[2018.02.12-18.03.52:286][  0]LogMeshReduction: Using QuadricMeshReduction for automatic static mesh reduction
[2018.02.12-18.03.52:286][  0]LogMeshReduction: No automatic skeletal mesh reduction module available
[2018.02.12-18.03.52:286][  0]LogMeshReduction: No automatic mesh merging module available
[2018.02.12-18.03.52:286][  0]LogMeshMerging: No automatic mesh merging module available
[2018.02.12-18.03.52:578][  0]LogNetVersion: ProjektX_V0_0 , NetCL: 3573198, EngineNetVer: 2, GameNetVer: 0 (Checksum: 2444259609)
[2018.02.12-18.03.52:824][  0]LogPackageLocalizationCache: Processed 5 localized package path(s) for 1 prioritized culture(s) in 0.108154 seconds
[2018.02.12-18.03.52:829][  0]LogUObjectArray: 35825 objects as part of root set at end of initial load.
[2018.02.12-18.03.52:829][  0]LogUObjectAllocator: 7529112 out of 0 bytes used by permanent object pool.
[2018.02.12-18.03.52:829][  0]LogUObjectArray: CloseDisregardForGC: 0/0 objects in disregard for GC pool
[2018.02.12-18.03.52:863][  0]LogInit: WinSock: version 1.1 (2.2), MaxSocks=32767, MaxUdp=65467
[2018.02.12-18.03.55:100][  0]LogTcpMessaging: Initializing TcpMessaging bridge
[2018.02.12-18.03.55:135][  0]LogUdpMessaging: Initializing bridge on interface 0.0.0.0:0 to multicast group 230.0.0.1:6666.
[2018.02.12-18.03.55:707][  0]LogMaterial: Uniform references updated for custom material expression Custom.
[2018.02.12-18.03.56:048][  0]SourceControl: Source control is disabled
[2018.02.12-18.03.57:253][  0]LogAndroidPermission: UAndroidPermissionCallbackProxy::GetInstance
[2018.02.12-18.03.57:464][  0]LogOcInput: OculusInput pre-init called
[2018.02.12-18.03.57:677][  0]LogEngine: Initializing Engine...
[2018.02.12-18.03.57:679][  0]LogHMD: Failed to initialize OpenVR with code 101
[2018.02.12-18.03.57:851][  0]LogStats: UGameplayTagsManager::ConstructGameplayTagTree: Construct from data asset -  0.000 s
[2018.02.12-18.03.57:851][  0]LogStats: UGameplayTagsManager::ConstructGameplayTagTree: GameplayTagTreeChangedEvent.Broadcast -  0.000 s
[2018.02.12-18.03.57:947][  0]LogAIModule: Creating AISystem for world Untitled
[2018.02.12-18.03.57:992][  0]LogInit: XAudio2 using 'Lautsprecher (2- Logitech G430 Gaming Headset)' : 2 channels at 48 kHz using 16 bits per sample (channel mask 0x3)
[2018.02.12-18.03.58:004][  0]LogInit: FAudioDevice initialized.
[2018.02.12-18.03.58:080][  0]LogDerivedDataCache: Saved boot cache 0.08s 93MB C:/Users/ShepardCommander/AppData/Local/UnrealEngine/4.17/DerivedDataCache/Boot.ddc.
[2018.02.12-18.03.58:089][  0]LogInit: Texture streaming: Enabled
[2018.02.12-18.03.58:154][  0]LogEngineSessionManager: EngineSessionManager initialized
[2018.02.12-18.03.58:331][  0]LogInit: Transaction tracking system initialized
[2018.02.12-18.03.58:557][  0]BlueprintLog: New page: Editor Load
[2018.02.12-18.03.59:190][  0]LocalizationService: Localization service is disabled
[2018.02.12-18.03.59:718][  0]LogConsoleResponse: Display: 
[2018.02.12-18.03.59:897][  0]LogCook: Display: Max memory allowance for cook 16384mb min free memory 0mb
[2018.02.12-18.03.59:897][  0]LogCook: Display: Mobile HDR setting 1
[2018.02.12-18.03.59:897][  0]LogGameplayTags: Display: UGameplayTagsManager::DoneAddingNativeTags. DelegateIsBound: 0
[2018.02.12-18.04.00:015][  0]LogFileCache: Scanning file cache for directory 'D:/Dokumente/UnrealProjects/Projekt-B-Projekt-X/ProjektX_V0_1/Content/' took 0.02s
[2018.02.12-18.04.00:711][  0]Cmd: MAP LOAD FILE="../../../../../../Dokumente/UnrealProjects/Projekt-B-Projekt-X/ProjektX_V0_1/Content/2DSideScrollerBP/Maps/2DSideScrollerExampleMap.umap" TEMPLATE=0 SHOWPROGRESS=1 FEATURELEVEL=3
[2018.02.12-18.04.00:764][  0]LightingResults: New page: Lighting Build
[2018.02.12-18.04.00:794][  0]MapCheck: New page: Map Check
[2018.02.12-18.04.00:794][  0]LightingResults: New page: Lighting Build
[2018.02.12-18.04.04:267][  0]LogAIModule: Creating AISystem for world 2DSideScrollerExampleMap
[2018.02.12-18.04.04:315][  0]LogEditorServer: Finished looking for orphan Actors (0.000 secs)
[2018.02.12-18.04.04:352][  0]Cmd: MAP CHECKDEP NOCLEARLOG
[2018.02.12-18.04.04:433][  0]MapCheck: Map check complete: 0 Error(s), 0 Warning(s), took 80.373ms to complete.
[2018.02.12-18.04.04:433][  0]LogFileHelpers: Loading map '2DSideScrollerExampleMap' took 3.722
[2018.02.12-18.04.04:490][  0]LogWindowsTextInputMethodSystem: Display: IME system now deactivated.
[2018.02.12-18.04.04:490][  0]LogWindowsTextInputMethodSystem: Display: IME system now deactivated.
[2018.02.12-18.04.05:641][  0]LogCollectionManager: Loaded 0 collections in 0.001289 seconds
[2018.02.12-18.04.06:174][  0]LogFileCache: Scanning file cache for directory 'D:/Dokumente/UnrealProjects/Projekt-B-Projekt-X/ProjektX_V0_1/Saved/Collections/' took 0.01s
[2018.02.12-18.04.06:174][  0]LogFileCache: Scanning file cache for directory 'D:/Dokumente/UnrealProjects/Projekt-B-Projekt-X/ProjektX_V0_1/Content/Developers/ShepardCommander/Collections/' took 0.01s
[2018.02.12-18.04.06:174][  0]LogFileCache: Scanning file cache for directory 'D:/Dokumente/UnrealProjects/Projekt-B-Projekt-X/ProjektX_V0_1/Content/Collections/' took 0.01s
[2018.02.12-18.04.06:174][  0]LogCollectionManager: Rebuilt the GUID cache for 0 collections in 0.000001 seconds
[2018.02.12-18.04.06:182][  0]LogContentBrowser: Native class hierarchy populated in 0.0074 seconds. Added 2386 classes and 500 folders.
[2018.02.12-18.04.06:295][  0]LogContentBrowser: Native class hierarchy updated for 'WidgetCarousel' in 0.0065 seconds. Added 0 classes and 0 folders.
[2018.02.12-18.04.07:134][  0]LogContentBrowser: Native class hierarchy updated for 'AddContentDialog' in 0.0007 seconds. Added 0 classes and 0 folders.
[2018.02.12-18.04.07:248][  0]LogContentBrowser: Native class hierarchy updated for 'SceneOutliner' in 0.0008 seconds. Added 1 classes and 2 folders.
[2018.02.12-18.04.07:652][  0]LogSlate: Took 0.000281 seconds to synchronously load lazily loaded font '../../../Engine/Content/Slate/Fonts/Roboto-Regular.ttf' (155K)
[2018.02.12-18.04.07:663][  0]LogSlate: Took 0.000413 seconds to synchronously load lazily loaded font '../../../Engine/Content/Slate/Fonts/Roboto-Bold.ttf' (160K)
[2018.02.12-18.04.07:704][  0]LogSlate: Took 0.013174 seconds to synchronously load lazily loaded font '../../../Engine/Content/Editor/Slate/Fonts/FontAwesome.ttf' (139K)
[2018.02.12-18.04.07:940][  0]LogRenderer: Reallocating scene render targets to support 1208x576 Format 10 NumSamples 1 (Frame:1).
[2018.02.12-18.04.08:258][  0]LogContentBrowser: Native class hierarchy updated for 'HierarchicalLODOutliner' in 0.0008 seconds. Added 1 classes and 2 folders.
[2018.02.12-18.04.08:258][  0]LogLoad: (Engine Initialization) Total time: 22.99 seconds
[2018.02.12-18.04.08:258][  0]LogLoad: (Engine Initialization) Total Blueprint compile time: 0.00 seconds
[2018.02.12-18.04.08:258][  0]LogExternalProfiler: Found external profiler: VSPerf
[2018.02.12-18.04.08:258][  0]LogExternalProfiler: Using external profiler: VSPerf
[2018.02.12-18.04.08:295][  0]SourceControl: On branch master
[2018.02.12-18.04.08:295][  0]SourceControl: Your branch is ahead of 'origin/master' by 3 commits.
[2018.02.12-18.04.08:295][  0]SourceControl:   (use "git push" to publish your local commits)
[2018.02.12-18.04.08:295][  0]SourceControl: Changes to be committed:
[2018.02.12-18.04.08:295][  0]SourceControl:   (use "git reset HEAD <file>..." to unstage)
[2018.02.12-18.04.08:295][  0]SourceControl: 	new file:   ProjektX_V0_1/Content/2DSideScroller/Sprites/TerrainTextures/Mount.uasset
[2018.02.12-18.04.08:295][  0]SourceControl: 	new file:   ProjektX_V0_1/Content/2DSideScroller/Sprites/TerrainTextures/Mount_sprite.uasset
[2018.02.12-18.04.08:295][  0]SourceControl: 	deleted:    ProjektX_V0_1/Content/2DSideScroller/Sprites/TerrainTextures/bg1.uasset
[2018.02.12-18.04.08:295][  0]SourceControl: 	deleted:    ProjektX_V0_1/Content/2DSideScroller/Sprites/TerrainTextures/bg1_Sprite.uasset
[2018.02.12-18.04.08:295][  0]SourceControl: 	new file:   ProjektX_V0_1/Content/2DSideScroller/Sprites/TerrainTextures/cloud2.uasset
[2018.02.12-18.04.08:295][  0]SourceControl: 	new file:   ProjektX_V0_1/Content/2DSideScroller/Sprites/TerrainTextures/cloud2_Sprite.uasset
[2018.02.12-18.04.08:295][  0]SourceControl: 	deleted:    ProjektX_V0_1/Content/2DSideScroller/Sprites/TerrainTextures/stones.uasset
[2018.02.12-18.04.08:295][  0]SourceControl: 	deleted:    ProjektX_V0_1/Content/2DSideScroller/Sprites/TerrainTextures/stones_Sprite_0.uasset
[2018.02.12-18.04.08:295][  0]SourceControl: 	deleted:    ProjektX_V0_1/Content/2DSideScroller/Sprites/TerrainTextures/stones_Sprite_1.uasset
[2018.02.12-18.04.08:295][  0]SourceControl: Changes not staged for commit:
[2018.02.12-18.04.08:295][  0]SourceControl:   (use "git add/rm <file>..." to update what will be committed)
[2018.02.12-18.04.08:295][  0]SourceControl:   (use "git checkout -- <file>..." to discard changes in working directory)
[2018.02.12-18.04.08:295][  0]SourceControl: 	modified:   ProjektX_V0_1/Content/2DSideScrollerBP/Maps/2DSideScrollerExampleMap.umap
[2018.02.12-18.04.08:295][  0]SourceControl: 	modified:   ProjektX_V0_1/Content/2DSideScrollerBP/Maps/2DSideScrollerExampleMap_BuiltData.uasset
[2018.02.12-18.04.08:295][  0]SourceControl: 	modified:   ProjektX_V0_1/Intermediate/AssetRegistryCache/c90e3f55.bin
[2018.02.12-18.04.08:295][  0]SourceControl: 	modified:   ProjektX_V0_1/Intermediate/CachedAssetRegistry.bin
[2018.02.12-18.04.08:295][  0]SourceControl: 	modified:   ProjektX_V0_1/Saved/AutoScreenshot.png
[2018.02.12-18.04.08:295][  0]SourceControl: 	modified:   ProjektX_V0_1/Saved/Autosaves/Game/2DSideScrollerBP/Maps/2DSideScrollerExampleMap_Auto1.umap
[2018.02.12-18.04.08:295][  0]SourceControl: 	modified:   ProjektX_V0_1/Saved/Autosaves/Game/2DSideScrollerBP/Maps/2DSideScrollerExampleMap_Auto2.umap
[2018.02.12-18.04.08:295][  0]SourceControl: 	modified:   ProjektX_V0_1/Saved/Autosaves/Game/2DSideScrollerBP/Maps/2DSideScrollerExampleMap_Auto4.umap
[2018.02.12-18.04.08:295][  0]SourceControl: 	modified:   ProjektX_V0_1/Saved/Autosaves/PackageRestoreData.json
[2018.02.12-18.04.08:295][  0]SourceControl: 	deleted:    ProjektX_V0_1/Saved/Config/CrashReportClient/UE4CC-Windows-188C412A49EB102F460B9BAE4F573D78/CrashReportClient.ini
[2018.02.12-18.04.08:296][  0]SourceControl: 	deleted:    ProjektX_V0_1/Saved/Config/CrashReportClient/UE4CC-Windows-576EA93C4E15AD453B2768887684ABDD/CrashReportClient.ini
[2018.02.12-18.04.08:296][  0]SourceControl: 	deleted:    ProjektX_V0_1/Saved/Config/CrashReportClient/UE4CC-Windows-69A9192D4B0EFF6EA3C4A18B28713715/CrashReportClient.ini
[2018.02.12-18.04.08:296][  0]SourceControl: 	modified:   ProjektX_V0_1/Saved/Config/Windows/Editor.ini
[2018.02.12-18.04.08:296][  0]SourceControl: 	modified:   ProjektX_V0_1/Saved/Config/Windows/EditorPerProjectUserSettings.ini
[2018.02.12-18.04.08:296][  0]SourceControl: 	deleted:    ProjektX_V0_1/Saved/Logs/ProjektX_V0_0-backup-2017.12.17-21.40.00.log
[2018.02.12-18.04.08:296][  0]SourceControl: 	deleted:    ProjektX_V0_1/Saved/Logs/ProjektX_V0_0-backup-2017.12.20-00.47.41.log
[2018.02.12-18.04.08:296][  0]SourceControl: 	modified:   ProjektX_V0_1/Saved/Logs/ProjektX_V0_0.log
[2018.02.12-18.04.08:296][  0]SourceControl: 	deleted:    ProjektX_V0_1/Saved/Logs/ProjektX_V0_0_2-backup-2017.12.20-00.48.11.log
[2018.02.12-18.04.08:296][  0]SourceControl: Untracked files:
[2018.02.12-18.04.08:296][  0]SourceControl:   (use "git add <file>..." to include in what will be committed)
[2018.02.12-18.04.08:296][  0]SourceControl: 	ProjektX_V0_1/Saved/Autosaves/Game/2DSideScroller/Sprites/TerrainTextures/Rock5_Sprite_Auto1.uasset
[2018.02.12-18.04.08:296][  0]SourceControl: 	ProjektX_V0_1/Saved/Autosaves/Game/2DSideScroller/Sprites/TerrainTextures/baum1_Sprite_Auto3.uasset
[2018.02.12-18.04.08:296][  0]SourceControl: 	ProjektX_V0_1/Saved/Autosaves/Game/2DSideScroller/Sprites/TerrainTextures/baum_kahl_Auto1.uasset
[2018.02.12-18.04.08:296][  0]SourceControl: 	ProjektX_V0_1/Saved/Autosaves/Game/2DSideScroller/Sprites/TerrainTextures/baum_kahl_Sprite_21_Auto1.uasset
[2018.02.12-18.04.08:296][  0]SourceControl: 	ProjektX_V0_1/Saved/Autosaves/Game/2DSideScroller/Sprites/TerrainTextures/baum_kahl_Sprite_44_Auto1.uasset
[2018.02.12-18.04.08:296][  0]SourceControl: 	ProjektX_V0_1/Saved/Autosaves/Game/2DSideScroller/Sprites/TerrainTextures/baum_kahl_Sprite_45_Auto1.uasset
[2018.02.12-18.04.08:296][  0]SourceControl: 	ProjektX_V0_1/Saved/Autosaves/Game/2DSideScroller/Sprites/TerrainTextures/bg_Auto4.uasset
[2018.02.12-18.04.08:296][  0]SourceControl: 	ProjektX_V0_1/Saved/Autosaves/Game/2DSideScroller/Sprites/TerrainTextures/bg_Sprite_Auto4.uasset
[2018.02.12-18.04.08:296][  0]SourceControl: 	ProjektX_V0_1/Saved/Autosaves/Game/2DSideScroller/Sprites/TerrainTextures/gras_Sprite_0_Auto1.uasset
[2018.02.12-18.04.08:296][  0]SourceControl: 	ProjektX_V0_1/Saved/Autosaves/Game/2DSideScroller/Sprites/TerrainTextures/gras_Sprite_2_Auto1.uasset
[2018.02.12-18.04.08:296][  0]SourceControl: 	ProjektX_V0_1/Saved/Autosaves/Game/2DSideScroller/Sprites/TerrainTextures/gras_Sprite_2_Auto2.uasset
[2018.02.12-18.04.08:296][  0]SourceControl: 	ProjektX_V0_1/Saved/Autosaves/Game/2DSideScroller/Sprites/TerrainTextures/stone1_Auto2.uasset
[2018.02.12-18.04.08:296][  0]SourceControl: 	ProjektX_V0_1/Saved/Autosaves/Game/2DSideScroller/Sprites/TerrainTextures/stone1_Sprite1_Auto2.uasset
[2018.02.12-18.04.08:296][  0]SourceControl: 	ProjektX_V0_1/Saved/Autosaves/Game/2DSideScroller/Sprites/TerrainTextures/stone1_Sprite_Auto2.uasset
[2018.02.12-18.04.08:296][  0]SourceControl: 	ProjektX_V0_1/Saved/Autosaves/Game/2DSideScroller/Sprites/TerrainTextures/stones_Sprite_0_Auto1.uasset
[2018.02.12-18.04.08:296][  0]SourceControl: 	ProjektX_V0_1/Saved/Backup/2DSideScrollerExampleMap_2017-12-20-14-43-28.umap
[2018.02.12-18.04.08:296][  0]SourceControl: 	ProjektX_V0_1/Saved/Backup/2DSideScrollerExampleMap_2017-12-20-14-57-59.umap
[2018.02.12-18.04.08:296][  0]SourceControl: 	ProjektX_V0_1/Saved/Backup/2DSideScrollerExampleMap_2017-12-20-15-04-38.umap
[2018.02.12-18.04.08:296][  0]SourceControl: 	ProjektX_V0_1/Saved/Backup/2DSideScrollerExampleMap_2017-12-20-15-10-15.umap
[2018.02.12-18.04.08:296][  0]SourceControl: 	ProjektX_V0_1/Saved/Backup/2DSideScrollerExampleMap_2018-01-10-15-04-24.umap
[2018.02.12-18.04.08:296][  0]SourceControl: 	ProjektX_V0_1/Saved/Backup/2DSideScrollerExampleMap_2018-01-10-15-41-04.umap
[2018.02.12-18.04.08:296][  0]SourceControl: 	ProjektX_V0_1/Saved/Backup/2DSideScrollerExampleMap_2018-01-10-15-49-26.umap
[2018.02.12-18.04.08:296][  0]SourceControl: 	ProjektX_V0_1/Saved/Backup/2DSideScrollerExampleMap_2018-01-10-15-57-41.umap
[2018.02.12-18.04.08:296][  0]SourceControl: 	ProjektX_V0_1/Saved/Backup/2DSideScrollerExampleMap_2018-01-10-16-23-19.umap
[2018.02.12-18.04.08:296][  0]SourceControl: 	ProjektX_V0_1/Saved/Backup/2DSideScrollerExampleMap_2018-02-07-18-13-24.umap
[2018.02.12-18.04.08:296][  0]SourceControl: 	ProjektX_V0_1/Saved/Backup/2DSideScrollerExampleMap_2018-02-07-21-34-52.umap
[2018.02.12-18.04.08:296][  0]SourceControl: 	ProjektX_V0_1/Saved/Backup/2DSideScrollerExampleMap_2018-02-12-16-26-52.umap
[2018.02.12-18.04.08:296][  0]SourceControl: 	ProjektX_V0_1/Saved/Backup/2DSideScrollerExampleMap_2018-02-12-16-34-25.umap
[2018.02.12-18.04.08:296][  0]SourceControl: 	ProjektX_V0_1/Saved/Backup/2DSideScrollerExampleMap_2018-02-12-16-55-58.umap
[2018.02.12-18.04.08:296][  0]SourceControl: 	ProjektX_V0_1/Saved/Backup/2DSideScrollerExampleMap_2018-02-12-17-08-40.umap
[2018.02.12-18.04.08:296][  0]SourceControl: 	ProjektX_V0_1/Saved/Backup/2DSideScrollerExampleMap_2018-02-12-17-20-53.umap
[2018.02.12-18.04.08:296][  0]SourceControl: 	ProjektX_V0_1/Saved/Backup/2DSideScrollerExampleMap_2018-02-12-17-53-05.umap
[2018.02.12-18.04.08:296][  0]SourceControl: 	ProjektX_V0_1/Saved/Backup/2DSideScrollerExampleMap_2018-02-12-18-10-30.umap
[2018.02.12-18.04.08:296][  0]SourceControl: 	ProjektX_V0_1/Saved/Backup/2DSideScrollerExampleMap_2018-02-12-18-15-45.umap
[2018.02.12-18.04.08:296][  0]SourceControl: 	ProjektX_V0_1/Saved/Backup/2DSideScrollerExampleMap_2018-02-12-18-30-11.umap
[2018.02.12-18.04.08:296][  0]SourceControl: 	ProjektX_V0_1/Saved/Backup/2DSideScrollerExampleMap_2018-02-12-18-40-00.umap
[2018.02.12-18.04.08:296][  0]SourceControl: 	ProjektX_V0_1/Saved/Backup/2DSideScrollerExampleMap_BuiltData_2017-12-20-14-57-59.uasset
[2018.02.12-18.04.08:296][  0]SourceControl: 	ProjektX_V0_1/Saved/Backup/2DSideScrollerExampleMap_BuiltData_2017-12-20-15-04-38.uasset
[2018.02.12-18.04.08:296][  0]SourceControl: 	ProjektX_V0_1/Saved/Backup/2DSideScrollerExampleMap_BuiltData_2017-12-20-15-10-15.uasset
[2018.02.12-18.04.08:296][  0]SourceControl: 	ProjektX_V0_1/Saved/Backup/2DSideScrollerExampleMap_BuiltData_2018-01-10-15-49-26.uasset
[2018.02.12-18.04.08:296][  0]SourceControl: 	ProjektX_V0_1/Saved/Backup/2DSideScrollerExampleMap_BuiltData_2018-01-10-15-57-42.uasset
[2018.02.12-18.04.08:296][  0]SourceControl: 	ProjektX_V0_1/Saved/Backup/2DSideScrollerExampleMap_BuiltData_2018-01-10-16-23-19.uasset
[2018.02.12-18.04.08:296][  0]SourceControl: 	ProjektX_V0_1/Saved/Backup/2DSideScrollerExampleMap_BuiltData_2018-02-07-21-34-53.uasset
[2018.02.12-18.04.08:296][  0]SourceControl: 	ProjektX_V0_1/Saved/Backup/2DSideScrollerExampleMap_BuiltData_2018-02-12-16-34-25.uasset
[2018.02.12-18.04.08:296][  0]SourceControl: 	ProjektX_V0_1/Saved/Backup/2DSideScrollerExampleMap_BuiltData_2018-02-12-17-08-40.uasset
[2018.02.12-18.04.08:296][  0]SourceControl: 	ProjektX_V0_1/Saved/Backup/2DSideScrollerExampleMap_BuiltData_2018-02-12-17-20-53.uasset
[2018.02.12-18.04.08:296][  0]SourceControl: 	ProjektX_V0_1/Saved/Backup/2DSideScrollerExampleMap_BuiltData_2018-02-12-17-54-38.uasset
[2018.02.12-18.04.08:296][  0]SourceControl: 	ProjektX_V0_1/Saved/Backup/2DSideScrollerExampleMap_BuiltData_2018-02-12-18-10-30.uasset
[2018.02.12-18.04.08:296][  0]SourceControl: 	ProjektX_V0_1/Saved/Backup/2DSideScrollerExampleMap_BuiltData_2018-02-12-18-15-45.uasset
[2018.02.12-18.04.08:296][  0]SourceControl: 	ProjektX_V0_1/Saved/Backup/2DSideScrollerExampleMap_BuiltData_2018-02-12-18-30-12.uasset
[2018.02.12-18.04.08:296][  0]SourceControl: 	ProjektX_V0_1/Saved/Backup/2DSideScrollerExampleMap_BuiltData_2018-02-12-18-40-00.uasset
[2018.02.12-18.04.08:296][  0]SourceControl: 	ProjektX_V0_1/Saved/Backup/Baum_Sprite_2018-01-10-15-57-44.uasset
[2018.02.12-18.04.08:296][  0]SourceControl: 	ProjektX_V0_1/Saved/Backup/Mount_sprite_2018-02-12-18-34-58.uasset
[2018.02.12-18.04.08:296][  0]SourceControl: 	ProjektX_V0_1/Saved/Backup/Rock5_Sprite_2017-12-20-14-43-28.uasset
[2018.02.12-18.04.08:297][  0]SourceControl: 	ProjektX_V0_1/Saved/Backup/Rock5_Sprite_2017-12-20-15-10-25.uasset
[2018.02.12-18.04.08:297][  0]SourceControl: 	ProjektX_V0_1/Saved/Backup/baum1_Sprite_2018-02-12-17-40-54.uasset
[2018.02.12-18.04.08:297][  0]SourceControl: 	ProjektX_V0_1/Saved/Backup/baum1_Sprite_2018-02-12-18-15-49.uasset
[2018.02.12-18.04.08:297][  0]SourceControl: 	ProjektX_V0_1/Saved/Backup/gras_Sprite_0_2018-01-10-15-41-04.uasset
[2018.02.12-18.04.08:297][  0]SourceControl: 	ProjektX_V0_1/Saved/Backup/gras_Sprite_0_2018-01-10-15-49-29.uasset
[2018.02.12-18.04.08:297][  0]SourceControl: 	ProjektX_V0_1/Saved/Backup/gras_Sprite_1_2018-01-10-15-49-29.uasset
[2018.02.12-18.04.08:297][  0]SourceControl: 	ProjektX_V0_1/Saved/Backup/gras_Sprite_2_2017-12-20-14-43-28.uasset
[2018.02.12-18.04.08:297][  0]SourceControl: 	ProjektX_V0_1/Saved/Backup/gras_Sprite_2_2017-12-20-15-10-25.uasset
[2018.02.12-18.04.08:297][  0]SourceControl: 	ProjektX_V0_1/Saved/Backup/gras_Sprite_2_2018-02-12-16-55-58.uasset
[2018.02.12-18.04.08:297][  0]SourceControl: 	ProjektX_V0_1/Saved/Backup/gras_Sprite_2_2018-02-12-18-15-48.uasset
[2018.02.12-18.04.08:297][  0]SourceControl: 	ProjektX_V0_1/Saved/Backup/stones_Sprite_0_2017-12-20-14-43-28.uasset
[2018.02.12-18.04.08:297][  0]SourceControl: 	ProjektX_V0_1/Saved/Backup/stones_Sprite_0_2017-12-20-15-10-25.uasset
[2018.02.12-18.04.08:297][  0]SourceControl: 	ProjektX_V0_1/Saved/Config/CrashReportClient/UE4CC-Windows-3369DE1B47792ED41D4BD1B8DA1B2F89/
[2018.02.12-18.04.08:297][  0]SourceControl: 	ProjektX_V0_1/Saved/Config/CrashReportClient/UE4CC-Windows-417C8F084B12A9497387ABBBE7D2DDD8/
[2018.02.12-18.04.08:297][  0]SourceControl: 	ProjektX_V0_1/Saved/Config/CrashReportClient/UE4CC-Windows-B430A076426C01294E81868B0F9ADF68/
[2018.02.12-18.04.08:297][  0]SourceControl: 	ProjektX_V0_1/Saved/Logs/ProjektX_V0_0-backup-2018.02.07-21.27.43.log
[2018.02.12-18.04.08:297][  0]SourceControl: 	ProjektX_V0_1/Saved/Logs/ProjektX_V0_0-backup-2018.02.12-16.14.01.log
[2018.02.12-18.04.08:297][  0]SourceControl: 	ProjektX_V0_1/Saved/Logs/ProjektX_V0_0-backup-2018.02.12-18.40.42.log
[2018.02.12-18.04.08:297][  0]SourceControl: 	ProjektX_V0_1/Saved/Logs/ProjektX_V0_0-backup-2018.02.12-19.03.46.log
[2018.02.12-18.04.08:297][  0]LogContentStreaming: Texture pool size now 1000 MB
[2018.02.12-18.04.08:397][  0]LogSlate: Took 0.008008 seconds to synchronously load lazily loaded font '../../../Engine/Content/Slate/Fonts/Roboto-Light.ttf' (159K)
[2018.02.12-18.04.08:487][  1]LogAssetRegistry: Asset discovery search completed in 16.7023 seconds
[2018.02.12-18.04.08:489][  1]LogCollectionManager: Rebuilt the object cache for 0 collections in 0.000001 seconds (found 0 objects)
[2018.02.12-18.04.08:489][  1]LogCollectionManager: Fixed up redirectors for 0 collections in 0.000040 seconds (updated 0 objects)
[2018.02.12-18.04.44:897][313]LogSlate: Took 0.000267 seconds to synchronously load lazily loaded font '../../../Engine/Content/Slate/Fonts/Roboto-Light.ttf' (159K)
[2018.02.12-18.04.45:046][313]LogFactory: FactoryCreateFile: Texture with ReimportTextureFactory (0 0 D:\Dokumente\Projekt B\npc_1.png)
[2018.02.12-18.04.45:303][313]LogTexture: Display: Building textures: npc_1 (AutoDXT, 3508X2480)
[2018.02.12-18.04.56:533][239]LogSlate: Took 0.011311 seconds to synchronously load lazily loaded font '../../../Engine/Content/Editor/Slate/Fonts/Roboto-BoldCondensed.ttf' (158K)
[2018.02.12-18.04.57:029][239]LogRenderer: Reallocating scene render targets to support 1528x920 Format 10 NumSamples 1 (Frame:1).
[2018.02.12-18.05.25:600][ 58]LogSlate: Took 0.027536 seconds to synchronously load lazily loaded font '../../../Engine/Content/Editor/Slate/Fonts/Roboto-Italic.ttf' (157K)
[2018.02.12-18.05.49:573][626]LogTemp: Repeating last play command: New Editor Window (PIE)
[2018.02.12-18.05.49:709][626]LogBlueprintUserMessages: Early PlayInEditor Detection: Level '/Game/2DSideScrollerBP/Maps/2DSideScrollerExampleMap.2DSideScrollerExampleMap:PersistentLevel' has LevelScriptBlueprint '/Game/2DSideScrollerBP/Maps/2DSideScrollerExampleMap.2DSideScrollerExampleMap:PersistentLevel.2DSideScrollerExampleMap' with GeneratedClass '/Game/2DSideScrollerBP/Maps/2DSideScrollerExampleMap.2DSideScrollerExampleMap_C' with ClassGeneratedBy '/Game/2DSideScrollerBP/Maps/2DSideScrollerExampleMap.2DSideScrollerExampleMap:PersistentLevel.2DSideScrollerExampleMap'
[2018.02.12-18.05.49:709][626]LogPlayLevel: PlayLevel: No blueprints needed recompiling
[2018.02.12-18.05.49:718][626]PIE: New page: PIE session: 2DSideScrollerExampleMap (Feb 12, 2018, 8:05:49 PM)
[2018.02.12-18.05.49:718][626]LogPlayLevel: Creating play world package: /Game/2DSideScrollerBP/Maps/UEDPIE_0_2DSideScrollerExampleMap
[2018.02.12-18.05.49:744][626]LogPlayLevel: PIE: StaticDuplicateObject took: (0.025361s)
[2018.02.12-18.05.49:744][626]LogAIModule: Creating AISystem for world 2DSideScrollerExampleMap
[2018.02.12-18.05.49:744][626]LogPlayLevel: PIE: World Init took: (0.000459s)
[2018.02.12-18.05.49:745][626]LogPlayLevel: PIE: Created PIE world by copying editor world from /Game/2DSideScrollerBP/Maps/2DSideScrollerExampleMap.2DSideScrollerExampleMap to /Game/2DSideScrollerBP/Maps/UEDPIE_0_2DSideScrollerExampleMap.2DSideScrollerExampleMap (0.026065s)
[2018.02.12-18.05.49:802][626]LogInit: XAudio2 using 'Lautsprecher (2- Logitech G430 Gaming Headset)' : 2 channels at 48 kHz using 16 bits per sample (channel mask 0x3)
[2018.02.12-18.05.49:811][626]LogInit: FAudioDevice initialized.
[2018.02.12-18.05.49:872][626]LogLoad: Game class is '2DSideScrollerGameMode_C'
[2018.02.12-18.05.49:924][626]LogWorld: Bringing World /Game/2DSideScrollerBP/Maps/UEDPIE_0_2DSideScrollerExampleMap.2DSideScrollerExampleMap up for play (max tick rate 0) at 2018.02.12-19.05.49
[2018.02.12-18.05.49:960][626]LogWorld: Bringing up level for play took: 0.053041
[2018.02.12-18.05.50:032][626]LogContentBrowser: Native class hierarchy updated for 'MovieSceneCapture' in 0.0007 seconds. Added 11 classes and 0 folders.
[2018.02.12-18.05.50:057][626]PIE: Play in editor start time for /Game/2DSideScrollerBP/Maps/UEDPIE_0_2DSideScrollerExampleMap 0.05
[2018.02.12-18.05.50:067][626]LogBlueprintUserMessages: Late PlayInEditor Detection: Level '/Game/2DSideScrollerBP/Maps/2DSideScrollerExampleMap.2DSideScrollerExampleMap:PersistentLevel' has LevelScriptBlueprint '/Game/2DSideScrollerBP/Maps/2DSideScrollerExampleMap.2DSideScrollerExampleMap:PersistentLevel.2DSideScrollerExampleMap' with GeneratedClass '/Game/2DSideScrollerBP/Maps/2DSideScrollerExampleMap.2DSideScrollerExampleMap_C' with ClassGeneratedBy '/Game/2DSideScrollerBP/Maps/2DSideScrollerExampleMap.2DSideScrollerExampleMap:PersistentLevel.2DSideScrollerExampleMap'
[2018.02.12-18.06.03:406][ 50]LogBlueprintUserMessages: Early EndPlayMap Detection: Level '/Game/2DSideScrollerBP/Maps/2DSideScrollerExampleMap.2DSideScrollerExampleMap:PersistentLevel' has LevelScriptBlueprint '/Game/2DSideScrollerBP/Maps/2DSideScrollerExampleMap.2DSideScrollerExampleMap:PersistentLevel.2DSideScrollerExampleMap' with GeneratedClass '/Game/2DSideScrollerBP/Maps/2DSideScrollerExampleMap.2DSideScrollerExampleMap_C' with ClassGeneratedBy '/Game/2DSideScrollerBP/Maps/2DSideScrollerExampleMap.2DSideScrollerExampleMap:PersistentLevel.2DSideScrollerExampleMap'
[2018.02.12-18.06.03:485][ 50]LogBlueprintUserMessages: Late EndPlayMap Detection: Level '/Game/2DSideScrollerBP/Maps/2DSideScrollerExampleMap.2DSideScrollerExampleMap:PersistentLevel' has LevelScriptBlueprint '/Game/2DSideScrollerBP/Maps/2DSideScrollerExampleMap.2DSideScrollerExampleMap:PersistentLevel.2DSideScrollerExampleMap' with GeneratedClass '/Game/2DSideScrollerBP/Maps/2DSideScrollerExampleMap.2DSideScrollerExampleMap_C' with ClassGeneratedBy '/Game/2DSideScrollerBP/Maps/2DSideScrollerExampleMap.2DSideScrollerExampleMap:PersistentLevel.2DSideScrollerExampleMap'
[2018.02.12-18.06.05:137][233]LogEditorViewport: Clicking on Actor (LMB): PaperSpriteActor (npc_1_Sprite)
[2018.02.12-18.06.15:633][487]Cmd: SELECT NONE
[2018.02.12-18.06.18:947][880]LogEditorViewport: Clicking on Actor (LMB): PaperSpriteActor (npc_1_Sprite)
[2018.02.12-18.06.19:739][971]Cmd: DELETE
[2018.02.12-18.06.19:739][971]Cmd: ACTOR DELETE
[2018.02.12-18.06.19:740][971]LogEditorActor: Deleted Actor: PaperSpriteActor
[2018.02.12-18.06.19:747][971]LogEditorActor: Deleted 1 Actors (0.008 secs)
[2018.02.12-18.06.31:660][888]LogSavePackage: Save=111.54ms
[2018.02.12-18.06.31:660][888]LogSavePackage: Moving '../../../../../../Dokumente/UnrealProjects/Projekt-B-Projekt-X/ProjektX_V0_1/Saved/2DSideScrollerExampleMap65E2E72443BAD289EB45FAA023FD14E8.tmp' to '../../../../../../Dokumente/UnrealProjects/Projekt-B-Projekt-X/ProjektX_V0_1/Content/2DSideScrollerBP/Maps/2DSideScrollerExampleMap.umap'
[2018.02.12-18.06.31:679][888]LogSavePackage: Display: Finished SavePackage ../../../../../../Dokumente/UnrealProjects/Projekt-B-Projekt-X/ProjektX_V0_1/Content/2DSideScrollerBP/Maps/2DSideScrollerExampleMap.umap
[2018.02.12-18.06.31:723][888]LogFileHelpers: Saving map '2DSideScrollerExampleMap' took 0.374
[2018.02.12-18.06.32:031][888]LogSavePackage: Save=297.75ms
[2018.02.12-18.06.32:031][888]LogSavePackage: Moving '../../../../../../Dokumente/UnrealProjects/Projekt-B-Projekt-X/ProjektX_V0_1/Saved/npc_10A8AB2764152928471051E9DCD925F53.tmp' to '../../../../../../Dokumente/UnrealProjects/Projekt-B-Projekt-X/ProjektX_V0_1/Content/2DSideScroller/Sprites/TerrainTextures/npc_1.uasset'
[2018.02.12-18.06.32:035][888]LogSavePackage: Display: Finished SavePackage ../../../../../../Dokumente/UnrealProjects/Projekt-B-Projekt-X/ProjektX_V0_1/Content/2DSideScroller/Sprites/TerrainTextures/npc_1.uasset
[2018.02.12-18.06.32:241][888]LogSavePackage: Save=5.14ms
[2018.02.12-18.06.32:241][888]LogSavePackage: Moving '../../../../../../Dokumente/UnrealProjects/Projekt-B-Projekt-X/ProjektX_V0_1/Saved/npc_1_SpriteB39F241B4BBA3DF1233ADD9DBFC1A141.tmp' to '../../../../../../Dokumente/UnrealProjects/Projekt-B-Projekt-X/ProjektX_V0_1/Content/2DSideScroller/Sprites/TerrainTextures/npc_1_Sprite.uasset'
[2018.02.12-18.06.32:245][888]LogSavePackage: Display: Finished SavePackage ../../../../../../Dokumente/UnrealProjects/Projekt-B-Projekt-X/ProjektX_V0_1/Content/2DSideScroller/Sprites/TerrainTextures/npc_1_Sprite.uasset
[2018.02.12-18.06.42:807][768]LogSavePackage: Save=91.17ms
[2018.02.12-18.06.42:807][768]LogSavePackage: Moving '../../../../../../Dokumente/UnrealProjects/Projekt-B-Projekt-X/ProjektX_V0_1/Saved/2DSideScrollerExampleMap3CE7B63944F17024BBA886964FCFDB82.tmp' to '../../../../../../Dokumente/UnrealProjects/Projekt-B-Projekt-X/ProjektX_V0_1/Content/2DSideScrollerBP/Maps/2DSideScrollerExampleMap.umap'
[2018.02.12-18.06.42:809][768]LogSavePackage: Display: Finished SavePackage ../../../../../../Dokumente/UnrealProjects/Projekt-B-Projekt-X/ProjektX_V0_1/Content/2DSideScrollerBP/Maps/2DSideScrollerExampleMap.umap
[2018.02.12-18.06.42:952][768]LogSavePackage: Save=1.56ms
[2018.02.12-18.06.42:952][768]LogSavePackage: Moving '../../../../../../Dokumente/UnrealProjects/Projekt-B-Projekt-X/ProjektX_V0_1/Saved/2DSideScrollerExampleMap_BuiltData449DE1FD4FF7BBFE61F2D69A404E4AA9.tmp' to '../../../../../../Dokumente/UnrealProjects/Projekt-B-Projekt-X/ProjektX_V0_1/Content/2DSideScrollerBP/Maps/2DSideScrollerExampleMap_BuiltData.uasset'
[2018.02.12-18.06.42:954][768]LogSavePackage: Display: Finished SavePackage ../../../../../../Dokumente/UnrealProjects/Projekt-B-Projekt-X/ProjektX_V0_1/Content/2DSideScrollerBP/Maps/2DSideScrollerExampleMap_BuiltData.uasset
[2018.02.12-18.06.44:745][926]SourceControl: fatal: D:/Program Files (x86)/Unreal/UE_4.17/Engine/Content/: 'D:/Program Files (x86)/Unreal/UE_4.17/Engine/Content/' is outside repository
[2018.02.12-18.06.57:618][926]LogSourceControl: FGitCheckInWorker: commit successful
[2018.02.12-18.06.57:735][926]SourceControl: [master 99a8d76] a
[2018.02.12-18.06.57:735][926]SourceControl:  8 files changed, 0 insertions(+), 0 deletions(-)
[2018.02.12-18.06.57:735][926]SourceControl:  create mode 100644 ProjektX_V0_1/Content/2DSideScroller/Sprites/TerrainTextures/Mount.uasset
[2018.02.12-18.06.57:735][926]SourceControl:  create mode 100644 ProjektX_V0_1/Content/2DSideScroller/Sprites/TerrainTextures/Mount_sprite.uasset
[2018.02.12-18.06.57:735][926]SourceControl:  create mode 100644 ProjektX_V0_1/Content/2DSideScroller/Sprites/TerrainTextures/cloud2.uasset
[2018.02.12-18.06.57:735][926]SourceControl:  create mode 100644 ProjektX_V0_1/Content/2DSideScroller/Sprites/TerrainTextures/cloud2_Sprite.uasset
[2018.02.12-18.06.57:735][926]SourceControl:  create mode 100644 ProjektX_V0_1/Content/2DSideScroller/Sprites/TerrainTextures/npc_1.uasset
[2018.02.12-18.06.57:735][926]SourceControl:  create mode 100644 ProjektX_V0_1/Content/2DSideScroller/Sprites/TerrainTextures/npc_1_Sprite.uasset
[2018.02.12-18.06.57:735][926]SourceControl:  rewrite ProjektX_V0_1/Content/2DSideScrollerBP/Maps/2DSideScrollerExampleMap.umap (70%)
[2018.02.12-18.06.57:741][926]SourceControl: Commited [master 99a8d76] a.
[2018.02.12-18.07.03:616][503]LogTemp: Repeating last play command: New Editor Window (PIE)
[2018.02.12-18.07.03:640][503]LogBlueprintUserMessages: Early PlayInEditor Detection: Level '/Game/2DSideScrollerBP/Maps/2DSideScrollerExampleMap.2DSideScrollerExampleMap:PersistentLevel' has LevelScriptBlueprint '/Game/2DSideScrollerBP/Maps/2DSideScrollerExampleMap.2DSideScrollerExampleMap:PersistentLevel.2DSideScrollerExampleMap' with GeneratedClass '/Game/2DSideScrollerBP/Maps/2DSideScrollerExampleMap.2DSideScrollerExampleMap_C' with ClassGeneratedBy '/Game/2DSideScrollerBP/Maps/2DSideScrollerExampleMap.2DSideScrollerExampleMap:PersistentLevel.2DSideScrollerExampleMap'
[2018.02.12-18.07.03:640][503]LogPlayLevel: PlayLevel: No blueprints needed recompiling
[2018.02.12-18.07.03:640][503]PIE: New page: PIE session: 2DSideScrollerExampleMap (Feb 12, 2018, 8:07:03 PM)
[2018.02.12-18.07.03:640][503]LogPlayLevel: Creating play world package: /Game/2DSideScrollerBP/Maps/UEDPIE_0_2DSideScrollerExampleMap
[2018.02.12-18.07.03:644][503]LogPlayLevel: PIE: StaticDuplicateObject took: (0.003848s)
[2018.02.12-18.07.03:644][503]LogAIModule: Creating AISystem for world 2DSideScrollerExampleMap
[2018.02.12-18.07.03:644][503]LogPlayLevel: PIE: World Init took: (0.000546s)
[2018.02.12-18.07.03:644][503]LogPlayLevel: PIE: Created PIE world by copying editor world from /Game/2DSideScrollerBP/Maps/2DSideScrollerExampleMap.2DSideScrollerExampleMap to /Game/2DSideScrollerBP/Maps/UEDPIE_0_2DSideScrollerExampleMap.2DSideScrollerExampleMap (0.004574s)
[2018.02.12-18.07.03:692][503]LogInit: XAudio2 using 'Lautsprecher (2- Logitech G430 Gaming Headset)' : 2 channels at 48 kHz using 16 bits per sample (channel mask 0x3)
[2018.02.12-18.07.03:702][503]LogInit: FAudioDevice initialized.
[2018.02.12-18.07.03:745][503]LogLoad: Game class is '2DSideScrollerGameMode_C'
[2018.02.12-18.07.03:748][503]LogWorld: Bringing World /Game/2DSideScrollerBP/Maps/UEDPIE_0_2DSideScrollerExampleMap.2DSideScrollerExampleMap up for play (max tick rate 0) at 2018.02.12-19.07.03
[2018.02.12-18.07.03:748][503]LogWorld: Bringing up level for play took: 0.002932
[2018.02.12-18.07.03:753][503]PIE: Play in editor start time for /Game/2DSideScrollerBP/Maps/UEDPIE_0_2DSideScrollerExampleMap -0.253
[2018.02.12-18.07.03:754][503]LogBlueprintUserMessages: Late PlayInEditor Detection: Level '/Game/2DSideScrollerBP/Maps/2DSideScrollerExampleMap.2DSideScrollerExampleMap:PersistentLevel' has LevelScriptBlueprint '/Game/2DSideScrollerBP/Maps/2DSideScrollerExampleMap.2DSideScrollerExampleMap:PersistentLevel.2DSideScrollerExampleMap' with GeneratedClass '/Game/2DSideScrollerBP/Maps/2DSideScrollerExampleMap.2DSideScrollerExampleMap_C' with ClassGeneratedBy '/Game/2DSideScrollerBP/Maps/2DSideScrollerExampleMap.2DSideScrollerExampleMap:PersistentLevel.2DSideScrollerExampleMap'
[2018.02.12-18.07.08:291][872]LogBlueprintUserMessages: Early EndPlayMap Detection: Level '/Game/2DSideScrollerBP/Maps/2DSideScrollerExampleMap.2DSideScrollerExampleMap:PersistentLevel' has LevelScriptBlueprint '/Game/2DSideScrollerBP/Maps/2DSideScrollerExampleMap.2DSideScrollerExampleMap:PersistentLevel.2DSideScrollerExampleMap' with GeneratedClass '/Game/2DSideScrollerBP/Maps/2DSideScrollerExampleMap.2DSideScrollerExampleMap_C' with ClassGeneratedBy '/Game/2DSideScrollerBP/Maps/2DSideScrollerExampleMap.2DSideScrollerExampleMap:PersistentLevel.2DSideScrollerExampleMap'
[2018.02.12-18.07.08:344][872]LogBlueprintUserMessages: Late EndPlayMap Detection: Level '/Game/2DSideScrollerBP/Maps/2DSideScrollerExampleMap.2DSideScrollerExampleMap:PersistentLevel' has LevelScriptBlueprint '/Game/2DSideScrollerBP/Maps/2DSideScrollerExampleMap.2DSideScrollerExampleMap:PersistentLevel.2DSideScrollerExampleMap' with GeneratedClass '/Game/2DSideScrollerBP/Maps/2DSideScrollerExampleMap.2DSideScrollerExampleMap_C' with ClassGeneratedBy '/Game/2DSideScrollerBP/Maps/2DSideScrollerExampleMap.2DSideScrollerExampleMap:PersistentLevel.2DSideScrollerExampleMap'
[2018.02.12-18.07.34:405][489]LogTemp: Repeating last play command: New Editor Window (PIE)
[2018.02.12-18.07.34:430][489]LogBlueprintUserMessages: Early PlayInEditor Detection: Level '/Game/2DSideScrollerBP/Maps/2DSideScrollerExampleMap.2DSideScrollerExampleMap:PersistentLevel' has LevelScriptBlueprint '/Game/2DSideScrollerBP/Maps/2DSideScrollerExampleMap.2DSideScrollerExampleMap:PersistentLevel.2DSideScrollerExampleMap' with GeneratedClass '/Game/2DSideScrollerBP/Maps/2DSideScrollerExampleMap.2DSideScrollerExampleMap_C' with ClassGeneratedBy '/Game/2DSideScrollerBP/Maps/2DSideScrollerExampleMap.2DSideScrollerExampleMap:PersistentLevel.2DSideScrollerExampleMap'
[2018.02.12-18.07.34:430][489]LogPlayLevel: PlayLevel: No blueprints needed recompiling
[2018.02.12-18.07.34:430][489]PIE: New page: PIE session: 2DSideScrollerExampleMap (Feb 12, 2018, 8:07:34 PM)
[2018.02.12-18.07.34:430][489]LogPlayLevel: Creating play world package: /Game/2DSideScrollerBP/Maps/UEDPIE_0_2DSideScrollerExampleMap
[2018.02.12-18.07.34:435][489]LogPlayLevel: PIE: StaticDuplicateObject took: (0.004669s)
[2018.02.12-18.07.34:435][489]LogAIModule: Creating AISystem for world 2DSideScrollerExampleMap
[2018.02.12-18.07.34:435][489]LogPlayLevel: PIE: World Init took: (0.000522s)
[2018.02.12-18.07.34:435][489]LogPlayLevel: PIE: Created PIE world by copying editor world from /Game/2DSideScrollerBP/Maps/2DSideScrollerExampleMap.2DSideScrollerExampleMap to /Game/2DSideScrollerBP/Maps/UEDPIE_0_2DSideScrollerExampleMap.2DSideScrollerExampleMap (0.005383s)
[2018.02.12-18.07.34:486][489]LogInit: XAudio2 using 'Lautsprecher (2- Logitech G430 Gaming Headset)' : 2 channels at 48 kHz using 16 bits per sample (channel mask 0x3)
[2018.02.12-18.07.34:496][489]LogInit: FAudioDevice initialized.
[2018.02.12-18.07.34:535][489]LogLoad: Game class is '2DSideScrollerGameMode_C'
[2018.02.12-18.07.34:538][489]LogWorld: Bringing World /Game/2DSideScrollerBP/Maps/UEDPIE_0_2DSideScrollerExampleMap.2DSideScrollerExampleMap up for play (max tick rate 0) at 2018.02.12-19.07.34
[2018.02.12-18.07.34:539][489]LogWorld: Bringing up level for play took: 0.003156
[2018.02.12-18.07.34:544][489]PIE: Play in editor start time for /Game/2DSideScrollerBP/Maps/UEDPIE_0_2DSideScrollerExampleMap 0.538
[2018.02.12-18.07.34:544][489]LogBlueprintUserMessages: Late PlayInEditor Detection: Level '/Game/2DSideScrollerBP/Maps/2DSideScrollerExampleMap.2DSideScrollerExampleMap:PersistentLevel' has LevelScriptBlueprint '/Game/2DSideScrollerBP/Maps/2DSideScrollerExampleMap.2DSideScrollerExampleMap:PersistentLevel.2DSideScrollerExampleMap' with GeneratedClass '/Game/2DSideScrollerBP/Maps/2DSideScrollerExampleMap.2DSideScrollerExampleMap_C' with ClassGeneratedBy '/Game/2DSideScrollerBP/Maps/2DSideScrollerExampleMap.2DSideScrollerExampleMap:PersistentLevel.2DSideScrollerExampleMap'
[2018.02.12-18.07.42:429][339]LogBlueprintUserMessages: [MeleeSchwer] hearing
[2018.02.12-18.07.42:918][393]LogBlueprintUserMessages: [MeleeSchwer] hearing
[2018.02.12-18.07.43:425][448]LogBlueprintUserMessages: [MeleeSchwer] hearing
[2018.02.12-18.07.43:926][503]LogBlueprintUserMessages: [MeleeSchwer] hearing
[2018.02.12-18.07.44:427][558]LogBlueprintUserMessages: [MeleeSchwer] hearing
[2018.02.12-18.07.44:931][613]LogBlueprintUserMessages: [MeleeSchwer] hearing
[2018.02.12-18.07.45:434][669]LogBlueprintUserMessages: [MeleeSchwer] hearing
[2018.02.12-18.07.45:941][723]LogBlueprintUserMessages: [MeleeSchwer] hearing
[2018.02.12-18.07.46:444][778]LogBlueprintUserMessages: [MeleeSchwer] hearing
[2018.02.12-18.07.46:580][793]LogBlueprintUserMessages: Early EndPlayMap Detection: Level '/Game/2DSideScrollerBP/Maps/2DSideScrollerExampleMap.2DSideScrollerExampleMap:PersistentLevel' has LevelScriptBlueprint '/Game/2DSideScrollerBP/Maps/2DSideScrollerExampleMap.2DSideScrollerExampleMap:PersistentLevel.2DSideScrollerExampleMap' with GeneratedClass '/Game/2DSideScrollerBP/Maps/2DSideScrollerExampleMap.2DSideScrollerExampleMap_C' with ClassGeneratedBy '/Game/2DSideScrollerBP/Maps/2DSideScrollerExampleMap.2DSideScrollerExampleMap:PersistentLevel.2DSideScrollerExampleMap'
[2018.02.12-18.07.46:633][793]LogBlueprintUserMessages: Late EndPlayMap Detection: Level '/Game/2DSideScrollerBP/Maps/2DSideScrollerExampleMap.2DSideScrollerExampleMap:PersistentLevel' has LevelScriptBlueprint '/Game/2DSideScrollerBP/Maps/2DSideScrollerExampleMap.2DSideScrollerExampleMap:PersistentLevel.2DSideScrollerExampleMap' with GeneratedClass '/Game/2DSideScrollerBP/Maps/2DSideScrollerExampleMap.2DSideScrollerExampleMap_C' with ClassGeneratedBy '/Game/2DSideScrollerBP/Maps/2DSideScrollerExampleMap.2DSideScrollerExampleMap:PersistentLevel.2DSideScrollerExampleMap'
[2018.02.12-18.07.49:662][153]LogEditorViewport: Clicking on Actor (LMB): PaperSpriteActor (stone1_Sprite2)
[2018.02.12-18.08.23:888][132]LogSavePackage: Save=92.06ms
[2018.02.12-18.08.23:888][132]LogSavePackage: Moving '../../../../../../Dokumente/UnrealProjects/Projekt-B-Projekt-X/ProjektX_V0_1/Saved/2DSideScrollerExampleMap2C6BBBA24EAE63825D037581B8C4D2D0.tmp' to '../../../../../../Dokumente/UnrealProjects/Projekt-B-Projekt-X/ProjektX_V0_1/Content/2DSideScrollerBP/Maps/2DSideScrollerExampleMap.umap'
[2018.02.12-18.08.23:890][132]LogSavePackage: Display: Finished SavePackage ../../../../../../Dokumente/UnrealProjects/Projekt-B-Projekt-X/ProjektX_V0_1/Content/2DSideScrollerBP/Maps/2DSideScrollerExampleMap.umap
[2018.02.12-18.08.24:029][132]LogSavePackage: Save=1.45ms
[2018.02.12-18.08.24:029][132]LogSavePackage: Moving '../../../../../../Dokumente/UnrealProjects/Projekt-B-Projekt-X/ProjektX_V0_1/Saved/2DSideScrollerExampleMap_BuiltData47C8C278436CA25D5D47639C641D2D55.tmp' to '../../../../../../Dokumente/UnrealProjects/Projekt-B-Projekt-X/ProjektX_V0_1/Content/2DSideScrollerBP/Maps/2DSideScrollerExampleMap_BuiltData.uasset'
[2018.02.12-18.08.24:031][132]LogSavePackage: Display: Finished SavePackage ../../../../../../Dokumente/UnrealProjects/Projekt-B-Projekt-X/ProjektX_V0_1/Content/2DSideScrollerBP/Maps/2DSideScrollerExampleMap_BuiltData.uasset
[2018.02.12-18.08.25:327][268]LogWindowsTextInputMethodSystem: Display: IME system now deactivated.
[2018.02.12-18.08.25:327][268]LogWindowsTextInputMethodSystem: Display: IME system now deactivated.
[2018.02.12-18.08.25:502][269]Cmd: QUIT_EDITOR
[2018.02.12-18.08.26:399][269]LogExit: Preparing to exit.
[2018.02.12-18.08.27:335][269]LogDirectoryWatcher: A directory notification for 'D:/Dokumente/UnrealProjects/Projekt-B-Projekt-X/ProjektX_V0_1/Content/' was aborted.
[2018.02.12-18.08.27:351][269]LogExit: Editor shut down
[2018.02.12-18.08.27:353][269]LogExit: Transaction tracking system shut down
[2018.02.12-18.08.27:538][269]LogDirectoryWatcher: A directory notification for '../../../Engine/Content/' was aborted.
[2018.02.12-18.08.27:538][269]LogDirectoryWatcher: A directory notification for '../../../../../../Dokumente/UnrealProjects/Projekt-B-Projekt-X/ProjektX_V0_1/Content/' was aborted.
[2018.02.12-18.08.27:538][269]LogDirectoryWatcher: A directory notification for '../../../Engine/Plugins/2D/Paper2D/Content/' was aborted.
[2018.02.12-18.08.27:538][269]LogDirectoryWatcher: A directory notification for '../../../Engine/Plugins/Runtime/Oculus/OculusVR/Content/' was aborted.
[2018.02.12-18.08.27:538][269]LogDirectoryWatcher: A directory notification for '../../../Engine/Plugins/Runtime/Steam/SteamVR/Content/' was aborted.
[2018.02.12-18.08.27:575][269]LogExit: Object subsystem successfully closed.
[2018.02.12-18.08.27:597][269]LogD3D11RHI: Shutdown
[2018.02.12-18.08.27:597][269]LogD3D11RHI: CleanupD3DDevice
[2018.02.12-18.08.27:662][269]LogD3D11RHI: ~FD3D11DynamicRHI
[2018.02.12-18.08.27:668][269]LogModuleManager: Shutting down and abandoning module MovieSceneCapture (532)
[2018.02.12-18.08.27:669][269]LogModuleManager: Shutting down and abandoning module HierarchicalLODOutliner (530)
[2018.02.12-18.08.27:669][269]LogModuleManager: Shutting down and abandoning module SceneOutliner (528)
[2018.02.12-18.08.27:669][269]LogModuleManager: Shutting down and abandoning module AddContentDialog (526)
[2018.02.12-18.08.27:669][269]LogDirectoryWatcher: A directory notification for 'D:/Program Files (x86)/Unreal/UE_4.17/FeaturePacks/' was aborted.
[2018.02.12-18.08.27:669][269]LogModuleManager: Shutting down and abandoning module WidgetCarousel (525)
[2018.02.12-18.08.27:669][269]LogModuleManager: Shutting down and abandoning module EditorWidgets (522)
[2018.02.12-18.08.27:669][269]LogModuleManager: Shutting down and abandoning module CollectionManager (520)
[2018.02.12-18.08.27:669][269]LogDirectoryWatcher: A directory notification for 'D:/Dokumente/UnrealProjects/Projekt-B-Projekt-X/ProjektX_V0_1/Content/Collections/' was aborted.
[2018.02.12-18.08.27:669][269]LogDirectoryWatcher: A directory notification for 'D:/Dokumente/UnrealProjects/Projekt-B-Projekt-X/ProjektX_V0_1/Content/Developers/ShepardCommander/Collections/' was aborted.
[2018.02.12-18.08.27:669][269]LogDirectoryWatcher: A directory notification for 'D:/Dokumente/UnrealProjects/Projekt-B-Projekt-X/ProjektX_V0_1/Saved/Collections/' was aborted.
[2018.02.12-18.08.27:669][269]LogModuleManager: Shutting down and abandoning module StatsViewer (518)
[2018.02.12-18.08.27:669][269]LogModuleManager: Shutting down and abandoning module FoliageEdit (516)
[2018.02.12-18.08.27:669][269]LogModuleManager: Shutting down and abandoning module LandscapeEditor (514)
[2018.02.12-18.08.27:669][269]LogModuleManager: Shutting down and abandoning module MeshPaintMode (512)
[2018.02.12-18.08.27:669][269]LogModuleManager: Shutting down and abandoning module SceneDepthPickerMode (510)
[2018.02.12-18.08.27:669][269]LogModuleManager: Shutting down and abandoning module ActorPickerMode (508)
[2018.02.12-18.08.27:669][269]LogModuleManager: Shutting down and abandoning module GeometryMode (506)
[2018.02.12-18.08.27:670][269]LogModuleManager: Shutting down and abandoning module TextureAlignMode (504)
[2018.02.12-18.08.27:670][269]LogModuleManager: Shutting down and abandoning module BspMode (502)
[2018.02.12-18.08.27:670][269]LogModuleManager: Shutting down and abandoning module PIEPreviewDeviceProfileSelector (500)
[2018.02.12-18.08.27:670][269]LogModuleManager: Shutting down and abandoning module HardwareSurvey (498)
[2018.02.12-18.08.27:670][269]LogModuleManager: Shutting down and abandoning module SequenceRecorderSections (496)
[2018.02.12-18.08.27:670][269]LogModuleManager: Shutting down and abandoning module AutomationWorker (494)
[2018.02.12-18.08.27:670][269]LogModuleManager: Shutting down and abandoning module MatineeToLevelSequence (492)
[2018.02.12-18.08.27:670][269]LogModuleManager: Shutting down and abandoning module LevelSequenceEditor (490)
[2018.02.12-18.08.27:670][269]LogModuleManager: Shutting down and abandoning module PlacementMode (489)
[2018.02.12-18.08.27:670][269]LogModuleManager: Shutting down and abandoning module WmfMediaFactory (486)
[2018.02.12-18.08.27:670][269]LogModuleManager: Shutting down and abandoning module WmfMediaEditor (484)
[2018.02.12-18.08.27:670][269]LogModuleManager: Shutting down and abandoning module AvfMediaFactory (482)
[2018.02.12-18.08.27:670][269]LogModuleManager: Shutting down and abandoning module AvfMediaEditor (480)
[2018.02.12-18.08.27:670][269]LogModuleManager: Shutting down and abandoning module AndroidMediaFactory (478)
[2018.02.12-18.08.27:670][269]LogModuleManager: Shutting down and abandoning module Media (477)
[2018.02.12-18.08.27:670][269]LogModuleManager: Shutting down and abandoning module AndroidMediaEditor (474)
[2018.02.12-18.08.27:670][269]LogModuleManager: Shutting down and abandoning module CharacterAI (472)
[2018.02.12-18.08.27:670][269]LogModuleManager: Shutting down and abandoning module AudioCapture (470)
[2018.02.12-18.08.27:670][269]LogModuleManager: Shutting down and abandoning module SequenceRecorder (469)
[2018.02.12-18.08.27:670][269]LogModuleManager: Shutting down and abandoning module SmartSnapping (466)
[2018.02.12-18.08.27:670][269]LogModuleManager: Shutting down and abandoning module SessionServices (464)
[2018.02.12-18.08.27:670][269]LogModuleManager: Shutting down and abandoning module ViewportSnapping (462)
[2018.02.12-18.08.27:670][269]LogModuleManager: Shutting down and abandoning module ViewportInteraction (460)
[2018.02.12-18.08.27:670][269]LogModuleManager: Shutting down and abandoning module ClothPainter (458)
[2018.02.12-18.08.27:670][269]LogModuleManager: Shutting down and abandoning module LogVisualizer (456)
[2018.02.12-18.08.27:670][269]LogModuleManager: Shutting down and abandoning module IntroTutorials (454)
[2018.02.12-18.08.27:670][269]LogModuleManager: Shutting down and abandoning module GameProjectGeneration (453)
[2018.02.12-18.08.27:670][269]LogModuleManager: Shutting down and abandoning module IOSPlatformEditor (450)
[2018.02.12-18.08.27:670][269]LogModuleManager: Shutting down and abandoning module HTML5PlatformEditor (448)
[2018.02.12-18.08.27:670][269]LogModuleManager: Shutting down and abandoning module AndroidPlatformEditor (446)
[2018.02.12-18.08.27:670][269]LogModuleManager: Shutting down and abandoning module AndroidDeviceDetection (445)
[2018.02.12-18.08.28:545][269]LogModuleManager: Shutting down and abandoning module WindowsPlatformEditor (442)
[2018.02.12-18.08.28:545][269]LogModuleManager: Shutting down and abandoning module IOSRuntimeSettings (440)
[2018.02.12-18.08.28:545][269]LogModuleManager: Shutting down and abandoning module AndroidRuntimeSettings (438)
[2018.02.12-18.08.28:545][269]LogModuleManager: Shutting down and abandoning module InputBindingEditor (436)
[2018.02.12-18.08.28:545][269]LogModuleManager: Shutting down and abandoning module MergeActors (434)
[2018.02.12-18.08.28:545][269]LogModuleManager: Shutting down and abandoning module SizeMap (432)
[2018.02.12-18.08.28:545][269]LogModuleManager: Shutting down and abandoning module TreeMap (430)
[2018.02.12-18.08.28:545][269]LogModuleManager: Shutting down and abandoning module ReferenceViewer (428)
[2018.02.12-18.08.28:545][269]LogModuleManager: Shutting down and abandoning module LocalizationDashboard (426)
[2018.02.12-18.08.28:545][269]LogModuleManager: Shutting down and abandoning module LocalizationService (425)
[2018.02.12-18.08.28:545][269]LogModuleManager: Shutting down and abandoning module HardwareTargeting (422)
[2018.02.12-18.08.28:545][269]LogModuleManager: Shutting down and abandoning module DeviceProfileEditor (420)
[2018.02.12-18.08.28:545][269]LogModuleManager: Shutting down and abandoning module UndoHistory (418)
[2018.02.12-18.08.28:545][269]LogModuleManager: Shutting down and abandoning module XmlParser (416)
[2018.02.12-18.08.28:545][269]LogModuleManager: Shutting down and abandoning module Blutility (414)
[2018.02.12-18.08.28:545][269]LogModuleManager: Shutting down and abandoning module ProjectSettingsViewer (412)
[2018.02.12-18.08.28:545][269]LogModuleManager: Shutting down and abandoning module ProjectTargetPlatformEditor (411)
[2018.02.12-18.08.28:545][269]LogModuleManager: Shutting down and abandoning module EditorSettingsViewer (408)
[2018.02.12-18.08.28:545][269]LogModuleManager: Shutting down and abandoning module SettingsEditor (406)
[2018.02.12-18.08.28:545][269]LogModuleManager: Shutting down and abandoning module ProjectLauncher (404)
[2018.02.12-18.08.28:545][269]LogModuleManager: Shutting down and abandoning module SessionFrontend (402)
[2018.02.12-18.08.28:545][269]LogModuleManager: Shutting down and abandoning module ProfilerClient (400)
[2018.02.12-18.08.28:545][269]LogModuleManager: Shutting down and abandoning module DeviceManager (398)
[2018.02.12-18.08.28:545][269]LogModuleManager: Shutting down and abandoning module TargetDeviceServices (397)
[2018.02.12-18.08.28:598][269]LogModuleManager: Shutting down and abandoning module AutomationController (394)
[2018.02.12-18.08.28:598][269]LogModuleManager: Shutting down and abandoning module AutomationWindow (392)
[2018.02.12-18.08.28:598][269]LogModuleManager: Shutting down and abandoning module Layers (390)
[2018.02.12-18.08.28:598][269]LogModuleManager: Shutting down and abandoning module ComponentVisualizers (388)
[2018.02.12-18.08.28:598][269]LogModuleManager: Shutting down and abandoning module DetailCustomizations (386)
[2018.02.12-18.08.28:598][269]LogModuleManager: Shutting down and abandoning module PackagesDialog (384)
[2018.02.12-18.08.28:599][269]LogModuleManager: Shutting down and abandoning module Persona (382)
[2018.02.12-18.08.28:599][269]LogModuleManager: Shutting down and abandoning module AdvancedPreviewScene (381)
[2018.02.12-18.08.28:599][269]LogModuleManager: Shutting down and abandoning module AnimGraph (379)
[2018.02.12-18.08.28:599][269]LogModuleManager: Shutting down and abandoning module Kismet (376)
[2018.02.12-18.08.28:602][269]LogModuleManager: Shutting down and abandoning module ClassViewer (374)
[2018.02.12-18.08.28:602][269]LogModuleManager: Shutting down and abandoning module Toolbox (372)
[2018.02.12-18.08.28:602][269]LogModuleManager: Shutting down and abandoning module ModuleUI (370)
[2018.02.12-18.08.28:602][269]LogModuleManager: Shutting down and abandoning module MovieSceneTools (368)
[2018.02.12-18.08.28:602][269]LogModuleManager: Shutting down and abandoning module OutputLog (366)
[2018.02.12-18.08.28:602][269]LogModuleManager: Shutting down and abandoning module GammaUI (364)
[2018.02.12-18.08.28:602][269]LogModuleManager: Shutting down and abandoning module Documentation (362)
[2018.02.12-18.08.28:603][269]LogModuleManager: Shutting down and abandoning module MovieSceneTracks (360)
[2018.02.12-18.08.28:603][269]LogModuleManager: Shutting down and abandoning module MovieScene (358)
[2018.02.12-18.08.28:603][269]LogModuleManager: Shutting down and abandoning module Niagara (356)
[2018.02.12-18.08.28:603][269]LogModuleManager: Shutting down and abandoning module NiagaraEditor (355)
[2018.02.12-18.08.28:603][269]LogModuleManager: Shutting down and abandoning module StreamingPauseRendering (352)
[2018.02.12-18.08.28:603][269]LogModuleManager: Shutting down and abandoning module LauncherPlatform (350)
[2018.02.12-18.08.28:603][269]LogModuleManager: Shutting down and abandoning module AnalyticsET (348)
[2018.02.12-18.08.28:603][269]LogModuleManager: Shutting down and abandoning module PortalServices (346)
[2018.02.12-18.08.28:603][269]LogModuleManager: Shutting down and abandoning module PortalRpc (344)
[2018.02.12-18.08.28:603][269]LogModuleManager: Shutting down and abandoning module MessagingRpc (342)
[2018.02.12-18.08.28:603][269]LogModuleManager: Shutting down and abandoning module AIModule (340)
[2018.02.12-18.08.28:603][269]LogModuleManager: Shutting down and abandoning module GameplayDebugger (339)
[2018.02.12-18.08.28:604][269]LogModuleManager: Shutting down and abandoning module AITestSuite (337)
[2018.02.12-18.08.28:604][269]LogModuleManager: Shutting down and abandoning module ProfilerService (334)
[2018.02.12-18.08.28:680][269]LogModuleManager: Shutting down and abandoning module TaskGraph (332)
[2018.02.12-18.08.28:680][269]LogModuleManager: Shutting down and abandoning module SteamVRController (330)
[2018.02.12-18.08.28:680][269]LogModuleManager: Shutting down and abandoning module ProceduralMeshComponentEditor (328)
[2018.02.12-18.08.28:680][269]LogModuleManager: Shutting down and abandoning module ProceduralMeshComponent (326)
[2018.02.12-18.08.28:680][269]LogModuleManager: Shutting down and abandoning module OculusInput (324)
[2018.02.12-18.08.28:680][269]LogModuleManager: Shutting down and abandoning module MobilePatchingUtils (322)
[2018.02.12-18.08.28:680][269]LogModuleManager: Shutting down and abandoning module CustomMeshComponent (320)
[2018.02.12-18.08.28:680][269]LogModuleManager: Shutting down and abandoning module CableComponent (318)
[2018.02.12-18.08.28:680][269]LogModuleManager: Shutting down and abandoning module ArchVisCharacter (316)
[2018.02.12-18.08.28:680][269]LogModuleManager: Shutting down and abandoning module AndroidPermission (314)
[2018.02.12-18.08.28:680][269]LogModuleManager: Shutting down and abandoning module MediaPlayerEditor (310)
[2018.02.12-18.08.28:680][269]LogModuleManager: Shutting down and abandoning module HTML5Networking (308)
[2018.02.12-18.08.28:681][269]LogModuleManager: Shutting down and abandoning module AlembicImporter (306)
[2018.02.12-18.08.28:681][269]LogModuleManager: Shutting down and abandoning module AlembicLibrary (305)
[2018.02.12-18.08.28:681][269]LogModuleManager: Shutting down and abandoning module GeometryCache (304)
[2018.02.12-18.08.28:681][269]LogModuleManager: Shutting down and abandoning module GeometryCacheEd (303)
[2018.02.12-18.08.28:681][269]LogModuleManager: Shutting down and abandoning module SpeedTreeImporter (298)
[2018.02.12-18.08.28:681][269]LogModuleManager: Shutting down and abandoning module PluginBrowser (296)
[2018.02.12-18.08.28:681][269]LogModuleManager: Shutting down and abandoning module MobileLauncherProfileWizard (294)
[2018.02.12-18.08.28:681][269]LogModuleManager: Shutting down and abandoning module VisualStudioSourceCodeAccess (292)
[2018.02.12-18.08.28:681][269]LogModuleManager: Shutting down and abandoning module DesktopPlatform (291)
[2018.02.12-18.08.28:681][269]LogModuleManager: Shutting down and abandoning module UObjectPlugin (288)
[2018.02.12-18.08.28:681][269]LogModuleManager: Shutting down and abandoning module SubversionSourceControl (286)
[2018.02.12-18.08.28:682][269]LogModuleManager: Shutting down and abandoning module PerforceSourceControl (284)
[2018.02.12-18.08.28:682][269]LogModuleManager: Shutting down and abandoning module GitSourceControl (282)
[2018.02.12-18.08.28:682][269]LogModuleManager: Shutting down and abandoning module SourceControl (281)
[2018.02.12-18.08.28:682][269]LogModuleManager: Shutting down and abandoning module LightPropagationVolumeEditor (278)
[2018.02.12-18.08.28:682][269]LogModuleManager: Shutting down and abandoning module PaperTiledImporter (276)
[2018.02.12-18.08.28:682][269]LogModuleManager: Shutting down and abandoning module PaperSpriteSheetImporter (274)
[2018.02.12-18.08.28:682][269]LogModuleManager: Shutting down and abandoning module Paper2DEditor (272)
[2018.02.12-18.08.28:683][269]LogModuleManager: Shutting down and abandoning module MeshPaint (271)
[2018.02.12-18.08.28:683][269]LogModuleManager: Shutting down and abandoning module LevelEditor (269)
[2018.02.12-18.08.28:685][269]LogModuleManager: Shutting down and abandoning module PixelInspectorModule (268)
[2018.02.12-18.08.28:685][269]LogModuleManager: Shutting down and abandoning module MainFrame (266)
[2018.02.12-18.08.28:685][269]LogModuleManager: Shutting down and abandoning module HotReload (265)
[2018.02.12-18.08.28:686][269]LogModuleManager: Shutting down and abandoning module RuntimePhysXCooking (260)
[2018.02.12-18.08.28:686][269]LogModuleManager: Shutting down and abandoning module PhysXVehiclesEditor (258)
[2018.02.12-18.08.28:686][269]LogModuleManager: Shutting down and abandoning module PhysXVehicles (256)
[2018.02.12-18.08.28:686][269]LogModuleManager: Shutting down and abandoning module OculusEditor (254)
[2018.02.12-18.08.28:686][269]LogModuleManager: Shutting down and abandoning module LocationServicesBPLibrary (252)
[2018.02.12-18.08.28:687][269]LogModuleManager: Shutting down and abandoning module ImmediatePhysicsEditor (250)
[2018.02.12-18.08.28:687][269]LogModuleManager: Shutting down and abandoning module ImmediatePhysics (248)
[2018.02.12-18.08.28:687][269]LogModuleManager: Shutting down and abandoning module UdpMessaging (246)
[2018.02.12-18.08.28:787][269]LogModuleManager: Shutting down and abandoning module TcpMessaging (244)
[2018.02.12-18.08.28:888][269]LogModuleManager: Shutting down and abandoning module GameplayTagsEditor (242)
[2018.02.12-18.08.28:888][269]LogModuleManager: Shutting down and abandoning module FacialAnimationEditor (240)
[2018.02.12-18.08.28:888][269]LogModuleManager: Shutting down and abandoning module FacialAnimation (238)
[2018.02.12-18.08.28:888][269]LogModuleManager: Shutting down and abandoning module AssetManagerEditor (236)
[2018.02.12-18.08.28:889][269]LogModuleManager: Shutting down and abandoning module GraphEditor (235)
[2018.02.12-18.08.28:889][269]LogModuleManager: Shutting down and abandoning module ContentBrowser (233)
[2018.02.12-18.08.28:890][269]LogModuleManager: Shutting down and abandoning module LightPropagationVolumeRuntime (230)
[2018.02.12-18.08.28:890][269]LogModuleManager: Shutting down and abandoning module Paper2D (228)
[2018.02.12-18.08.28:890][269]LogModuleManager: Shutting down and abandoning module WindowsMoviePlayer (226)
[2018.02.12-18.08.28:891][269]LogModuleManager: Shutting down and abandoning module WmfMedia (224)
[2018.02.12-18.08.28:894][269]LogModuleManager: Shutting down and abandoning module PacketHandler (222)
[2018.02.12-18.08.28:894][269]LogModuleManager: Shutting down and abandoning module ClothingSystemEditor (220)
[2018.02.12-18.08.28:895][269]LogModuleManager: Shutting down and abandoning module ClothingSystemRuntime (218)
[2018.02.12-18.08.28:895][269]LogModuleManager: Shutting down and abandoning module Overlay (216)
[2018.02.12-18.08.28:895][269]LogModuleManager: Shutting down and abandoning module OverlayEditor (215)
[2018.02.12-18.08.28:895][269]LogModuleManager: Shutting down and abandoning module MediaAssets (212)
[2018.02.12-18.08.28:895][269]LogModuleManager: Shutting down and abandoning module VREditor (210)
[2018.02.12-18.08.28:895][269]LogModuleManager: Shutting down and abandoning module StringTableEditor (208)
[2018.02.12-18.08.28:895][269]LogModuleManager: Shutting down and abandoning module GameplayTasksEditor (206)
[2018.02.12-18.08.28:895][269]LogModuleManager: Shutting down and abandoning module BehaviorTreeEditor (204)
[2018.02.12-18.08.28:895][269]LogModuleManager: Shutting down and abandoning module FunctionalTesting (202)
[2018.02.12-18.08.28:895][269]LogModuleManager: Shutting down and abandoning module CollisionAnalyzer (200)
[2018.02.12-18.08.28:895][269]LogModuleManager: Shutting down and abandoning module WorkspaceMenuStructure (199)
[2018.02.12-18.08.28:895][269]LogModuleManager: Shutting down and abandoning module UMG (196)
[2018.02.12-18.08.28:895][269]LogModuleManager: Shutting down and abandoning module UMGEditor (195)
[2018.02.12-18.08.28:895][269]LogModuleManager: Shutting down and abandoning module Sequencer (194)
[2018.02.12-18.08.28:896][269]LogModuleManager: Shutting down and abandoning module MessageLog (191)
[2018.02.12-18.08.28:896][269]LogModuleManager: Shutting down and abandoning module SlateReflector (186)
[2018.02.12-18.08.28:896][269]LogModuleManager: Shutting down and abandoning module Slate (184)
[2018.02.12-18.08.28:896][269]LogModuleManager: Shutting down and abandoning module EditorStyle (182)
[2018.02.12-18.08.28:898][269]LogModuleManager: Shutting down and abandoning module MRMesh (180)
[2018.02.12-18.08.28:898][269]LogModuleManager: Shutting down and abandoning module SourceCodeAccess (178)
[2018.02.12-18.08.28:898][269]LogModuleManager: Shutting down and abandoning module HeadMountedDisplay (176)
[2018.02.12-18.08.28:898][269]LogModuleManager: Shutting down and abandoning module XAudio2 (174)
[2018.02.12-18.08.28:898][269]LogModuleManager: Shutting down and abandoning module Networking (172)
[2018.02.12-18.08.28:898][269]LogModuleManager: Shutting down and abandoning module Core (168)
[2018.02.12-18.08.28:898][269]LogModuleManager: Shutting down and abandoning module KismetCompiler (164)
[2018.02.12-18.08.28:898][269]LogModuleManager: Shutting down and abandoning module LevelSequence (162)
[2018.02.12-18.08.28:898][269]LogModuleManager: Shutting down and abandoning module MeshUtilities (160)
[2018.02.12-18.08.28:898][269]LogModuleManager: Shutting down and abandoning module MeshMergeUtilities (159)
[2018.02.12-18.08.28:898][269]LogModuleManager: Shutting down and abandoning module MeshReductionInterface (158)
[2018.02.12-18.08.28:898][269]LogModuleManager: Shutting down and abandoning module SimplygonSwarm (157)
[2018.02.12-18.08.28:898][269]LogModuleManager: Shutting down and abandoning module SimplygonMeshReduction (155)
[2018.02.12-18.08.28:898][269]LogModuleManager: Shutting down and abandoning module QuadricMeshReduction (153)
[2018.02.12-18.08.28:898][269]LogModuleManager: Shutting down and abandoning module MaterialBaking (149)
[2018.02.12-18.08.28:898][269]LogModuleManager: Shutting down and abandoning module DirectoryWatcher (146)
[2018.02.12-18.08.28:899][269]LogModuleManager: Shutting down and abandoning module DerivedDataCache (144)
[2018.02.12-18.08.28:924][269]LogDerivedDataCache: Shutdown
[2018.02.12-18.08.28:924][269]LogModuleManager: Shutting down and abandoning module TargetPlatform (142)
[2018.02.12-18.08.28:924][269]LogModuleManager: Shutting down and abandoning module VulkanShaderFormat (141)
[2018.02.12-18.08.28:924][269]LogModuleManager: Shutting down and abandoning module ShaderFormatVectorVM (139)
[2018.02.12-18.08.28:924][269]LogModuleManager: Shutting down and abandoning module ShaderFormatOpenGL (137)
[2018.02.12-18.08.28:924][269]LogModuleManager: Shutting down and abandoning module ShaderFormatD3D (135)
[2018.02.12-18.08.28:924][269]LogModuleManager: Shutting down and abandoning module MetalShaderFormat (133)
[2018.02.12-18.08.28:924][269]LogModuleManager: Shutting down and abandoning module TextureFormatUncompressed (131)
[2018.02.12-18.08.28:924][269]LogModuleManager: Shutting down and abandoning module TextureFormatPVR (129)
[2018.02.12-18.08.28:924][269]LogModuleManager: Shutting down and abandoning module TextureFormatDXT (127)
[2018.02.12-18.08.28:924][269]LogModuleManager: Shutting down and abandoning module TextureFormatIntelISPCTexComp (125)
[2018.02.12-18.08.28:924][269]LogModuleManager: Shutting down and abandoning module TextureFormatASTC (123)
[2018.02.12-18.08.28:924][269]LogModuleManager: Shutting down and abandoning module ImageWrapper (122)
[2018.02.12-18.08.28:924][269]LogModuleManager: Shutting down and abandoning module TextureFormatAndroid (119)
[2018.02.12-18.08.28:924][269]LogModuleManager: Shutting down and abandoning module AudioFormatOpus (117)
[2018.02.12-18.08.28:924][269]LogModuleManager: Shutting down and abandoning module AudioFormatOgg (115)
[2018.02.12-18.08.28:924][269]LogModuleManager: Shutting down and abandoning module AudioFormatADPCM (113)
[2018.02.12-18.08.28:924][269]LogModuleManager: Shutting down and abandoning module LinuxTargetPlatform (111)
[2018.02.12-18.08.28:924][269]LogModuleManager: Shutting down and abandoning module LinuxServerTargetPlatform (109)
[2018.02.12-18.08.28:924][269]LogModuleManager: Shutting down and abandoning module LinuxNoEditorTargetPlatform (107)
[2018.02.12-18.08.28:924][269]LogModuleManager: Shutting down and abandoning module LinuxClientTargetPlatform (105)
[2018.02.12-18.08.28:924][269]LogModuleManager: Shutting down and abandoning module TVOSTargetPlatform (103)
[2018.02.12-18.08.28:924][269]LogModuleManager: Shutting down and abandoning module Messaging (101)
[2018.02.12-18.08.28:924][269]LogModuleManager: Shutting down and abandoning module IOSTargetPlatform (99)
[2018.02.12-18.08.28:924][269]LogModuleManager: Shutting down and abandoning module HTML5TargetPlatform (97)
[2018.02.12-18.08.28:924][269]LogModuleManager: Shutting down and abandoning module Android_PVRTCTargetPlatform (95)
[2018.02.12-18.08.28:924][269]LogModuleManager: Shutting down and abandoning module Android_MultiTargetPlatform (93)
[2018.02.12-18.08.28:924][269]LogModuleManager: Shutting down and abandoning module Android_ETC2TargetPlatform (91)
[2018.02.12-18.08.28:924][269]LogModuleManager: Shutting down and abandoning module Android_ETC1TargetPlatform (89)
[2018.02.12-18.08.28:924][269]LogModuleManager: Shutting down and abandoning module Android_DXTTargetPlatform (87)
[2018.02.12-18.08.28:924][269]LogModuleManager: Shutting down and abandoning module Android_ATCTargetPlatform (85)
[2018.02.12-18.08.28:924][269]LogModuleManager: Shutting down and abandoning module Android_ASTCTargetPlatform (83)
[2018.02.12-18.08.28:924][269]LogModuleManager: Shutting down and abandoning module AndroidTargetPlatform (81)
[2018.02.12-18.08.28:924][269]LogModuleManager: Shutting down and abandoning module WindowsTargetPlatform (79)
[2018.02.12-18.08.28:924][269]LogModuleManager: Shutting down and abandoning module WindowsServerTargetPlatform (77)
[2018.02.12-18.08.28:924][269]LogModuleManager: Shutting down and abandoning module WindowsNoEditorTargetPlatform (75)
[2018.02.12-18.08.28:924][269]LogModuleManager: Shutting down and abandoning module WindowsClientTargetPlatform (73)
[2018.02.12-18.08.28:924][269]LogModuleManager: Shutting down and abandoning module MacTargetPlatform (71)
[2018.02.12-18.08.28:924][269]LogModuleManager: Shutting down and abandoning module MacServerTargetPlatform (69)
[2018.02.12-18.08.28:924][269]LogModuleManager: Shutting down and abandoning module MacNoEditorTargetPlatform (67)
[2018.02.12-18.08.28:924][269]LogModuleManager: Shutting down and abandoning module MacClientTargetPlatform (65)
[2018.02.12-18.08.28:924][269]LogModuleManager: Shutting down and abandoning module AllDesktopTargetPlatform (63)
[2018.02.12-18.08.28:924][269]LogModuleManager: Shutting down and abandoning module InputCore (60)
[2018.02.12-18.08.28:924][269]LogModuleManager: Shutting down and abandoning module Settings (58)
[2018.02.12-18.08.28:924][269]LogModuleManager: Shutting down and abandoning module PhysXCooking (56)
[2018.02.12-18.08.28:924][269]LogModuleManager: Shutting down and abandoning module SteamVR (54)
[2018.02.12-18.08.28:925][269]LogModuleManager: Shutting down and abandoning module OculusHMD (52)
[2018.02.12-18.08.28:925][269]LogModuleManager: Shutting down and abandoning module ExampleDeviceProfileSelector (50)
[2018.02.12-18.08.28:925][269]LogModuleManager: Shutting down and abandoning module OnlineBlueprintSupport (48)
[2018.02.12-18.08.28:925][269]LogModuleManager: Shutting down and abandoning module OnlineSubsystem (44)
[2018.02.12-18.08.28:925][269]LogOnline: Display: Unloading online subsystem: NULL
[2018.02.12-18.08.28:925][269]LogModuleManager: Shutting down and abandoning module XMPP (43)
[2018.02.12-18.08.28:925][269]LogModuleManager: Shutting down and abandoning module HTTP (41)
[2018.02.12-18.08.28:925][269]LogHttp: Display: Http module shutting down, but needs to wait on 1 outstanding Http requests:
[2018.02.12-18.08.28:925][269]LogHttp: Display: 	verb=[POST] url=[https://datarouter.ol.epicgames.com/datarouter/api/v1/public/data?SessionID=%7B2869B81B-4222-37E9-CB78-9582D4AE1C2E%7D&AppID=UEEditor.Rocket.Release&AppVersion=4.17.2-3658906%2B%2B%2BUE4%2BRelease-4.17&UserID=9ef425a14c62b7f37b156583fb35a2f3%7C0ccff1a2cb034b3786f3c5acf396ad29%7C9a13dc76-ef88-41a6-bc31-cb865c459342&AppEnvironment=datacollector-binary&UploadType=eteventstream] status=Processing
[2018.02.12-18.08.28:925][269]LogHttp: Display: Sleeping 0.5s to wait for 1 outstanding Http requests.
[2018.02.12-18.08.29:436][269]LogModuleManager: Shutting down and abandoning module SSL (40)
[2018.02.12-18.08.29:437][269]LogModuleManager: Shutting down and abandoning module AnimationModifiers (36)
[2018.02.12-18.08.29:437][269]LogModuleManager: Shutting down and abandoning module PropertyEditor (35)
[2018.02.12-18.08.29:437][269]LogModuleManager: Shutting down and abandoning module AudioEditor (32)
[2018.02.12-18.08.29:437][269]LogModuleManager: Shutting down and abandoning module TextureCompressor (30)
[2018.02.12-18.08.29:437][269]LogModuleManager: Shutting down and abandoning module ShaderCore (28)
[2018.02.12-18.08.29:437][269]LogModuleManager: Shutting down and abandoning module Landscape (26)
[2018.02.12-18.08.29:437][269]LogModuleManager: Shutting down and abandoning module SlateRHIRenderer (24)
[2018.02.12-18.08.29:438][269]LogModuleManager: Shutting down and abandoning module OpenGLDrv (22)
[2018.02.12-18.08.29:438][269]LogModuleManager: Shutting down and abandoning module D3D11RHI (20)
[2018.02.12-18.08.29:438][269]LogModuleManager: Shutting down and abandoning module AnimGraphRuntime (18)
[2018.02.12-18.08.29:438][269]LogModuleManager: Shutting down and abandoning module Renderer (16)
[2018.02.12-18.08.29:438][269]LogModuleManager: Shutting down and abandoning module Engine (14)
[2018.02.12-18.08.29:438][269]LogModuleManager: Shutting down and abandoning module CoreUObject (12)
[2018.02.12-18.08.29:438][269]LogModuleManager: Shutting down and abandoning module NetworkFile (10)
[2018.02.12-18.08.29:438][269]LogModuleManager: Shutting down and abandoning module CookedIterativeFile (8)
[2018.02.12-18.08.29:438][269]LogModuleManager: Shutting down and abandoning module StreamingFile (6)
[2018.02.12-18.08.29:438][269]LogModuleManager: Shutting down and abandoning module SandboxFile (4)
[2018.02.12-18.08.29:438][269]LogModuleManager: Shutting down and abandoning module PakFile (2)
[2018.02.12-18.08.29:441][269]LogExit: Exiting.
[2018.02.12-18.08.29:462][269]Log file closed, 02/12/18 19:08:29
