Log file open, 11/29/17 12:17:05
LogWindows: LoadLibraryWithSearchPaths failed for file aqProf.dll. GetLastError=0
LogWindows: LoadLibraryWithSearchPaths failed for file VtuneApi.dll. GetLastError=0
LogWindows: LoadLibraryWithSearchPaths failed for file VtuneApi32e.dll. GetLastError=0
LogInit: Display: Running engine for game: ProjektX_V0_0
LogPlatformFile: Not using cached read wrapper
LogInit: Display: RandInit(2065517276) SRandInit(2065517276).
LogTaskGraph: Started task graph with 5 named threads and 8 total threads with 3 sets of task threads.
LogStats: Stats thread started at 0.296056
LogD3D11RHI: Aftermath initialized
LogPluginManager: Mounting plugin Paper2D
LogPluginManager: Mounting plugin LightPropagationVolume
LogPluginManager: Mounting plugin CodeLiteSourceCodeAccess
LogPluginManager: Mounting plugin GitSourceControl
LogPluginManager: Mounting plugin KDevelopSourceCodeAccess
LogPluginManager: Mounting plugin NullSourceCodeAccess
LogPluginManager: Mounting plugin PerforceSourceControl
LogPluginManager: Mounting plugin SubversionSourceControl
LogPluginManager: Mounting plugin UObjectPlugin
LogPluginManager: Mounting plugin VisualStudioSourceCodeAccess
LogPluginManager: Mounting plugin XCodeSourceCodeAccess
LogPluginManager: Mounting plugin AssetManagerEditor
LogPluginManager: Mounting plugin AudioCapture
LogPluginManager: Mounting plugin FacialAnimation
LogPluginManager: Mounting plugin GameplayTagsEditor
LogPluginManager: Mounting plugin MobileLauncherProfileWizard
LogPluginManager: Mounting plugin PluginBrowser
LogPluginManager: Mounting plugin SpeedTreeImporter
LogPluginManager: Mounting plugin AlembicImporter
LogPluginManager: Mounting plugin CharacterAI
LogPluginManager: Mounting plugin HTML5Networking
LogPluginManager: Mounting plugin AndroidMedia
LogPluginManager: Mounting plugin AvfMedia
LogPluginManager: Mounting plugin MediaPlayerEditor
LogPluginManager: Mounting plugin WmfMedia
LogPluginManager: Mounting plugin TcpMessaging
LogPluginManager: Mounting plugin UdpMessaging
LogPluginManager: Mounting plugin LevelSequenceEditor
LogPluginManager: Mounting plugin MatineeToLevelSequence
LogPluginManager: Mounting plugin OnlineSubsystemGooglePlay
LogPluginManager: Mounting plugin OnlineSubsystemIOS
LogPluginManager: Mounting plugin OnlineSubsystem
LogPluginManager: Mounting plugin OnlineSubsystemNull
LogPluginManager: Mounting plugin OnlineSubsystemUtils
LogPluginManager: Mounting plugin AndroidDeviceProfileSelector
LogPluginManager: Mounting plugin AndroidMoviePlayer
LogPluginManager: Mounting plugin AndroidPermission
LogPluginManager: Mounting plugin AppleMoviePlayer
LogPluginManager: Mounting plugin ArchVisCharacter
LogPluginManager: Mounting plugin CableComponent
LogPluginManager: Mounting plugin CustomMeshComponent
LogPluginManager: Mounting plugin ExampleDeviceProfileSelector
LogPluginManager: Mounting plugin GoogleCloudMessaging
LogPluginManager: Mounting plugin ImmediatePhysics
LogPluginManager: Mounting plugin IOSDeviceProfileSelector
LogPluginManager: Mounting plugin LinuxDeviceProfileSelector
LogPluginManager: Mounting plugin LocationServicesBPLibrary
LogPluginManager: Mounting plugin MobilePatchingUtils
LogPluginManager: Mounting plugin OculusVR
LogPluginManager: Mounting plugin PhysXVehicles
LogPluginManager: Mounting plugin ProceduralMeshComponent
LogPluginManager: Mounting plugin RuntimePhysXCooking
LogPluginManager: Mounting plugin SteamVR
LogPluginManager: Mounting plugin WindowsMoviePlayer
LogInit: Using libcurl 7.47.1
LogInit:  - built for x86_64-pc-win32
LogInit:  - supports SSL with OpenSSL/1.0.2g
LogInit:  - supports HTTP deflate (compression) using libz 1.2.8
LogInit:  - other features:
LogInit:      CURL_VERSION_SSL
LogInit:      CURL_VERSION_LIBZ
LogInit:      CURL_VERSION_IPV6
LogInit:      CURL_VERSION_ASYNCHDNS
LogInit:      CURL_VERSION_LARGEFILE
LogInit:      CURL_VERSION_IDN
LogInit:  CurlRequestOptions (configurable via config and command line):
LogInit:  - bVerifyPeer = false  - Libcurl will NOT verify peer certificate
LogInit:  - bUseHttpProxy = false  - Libcurl will NOT use HTTP proxy
LogInit:  - bDontReuseConnections = false  - Libcurl will reuse connections
LogInit:  - CertBundlePath = nullptr  - Libcurl will use whatever was configured at build time.
LogInit: Build: ++UE4+Release-4.17-CL-3586342
LogInit: Engine Version: 4.17.1-3586342+++UE4+Release-4.17
LogInit: Compatible Engine Version: 4.17.0-3573198+++UE4+Release-4.17
LogInit: Net CL: 3573198
LogDevObjectVersion: Number of dev versions registered: 16
LogDevObjectVersion:   Dev-Blueprints (B0D832E4-1F89-4F0D-ACCF-7EB736FD4AA2): 10
LogDevObjectVersion:   Dev-Build (E1C64328-A22C-4D53-A36C-8E866417BD8C): 0
LogDevObjectVersion:   Dev-Core (375EC13C-06E4-48FB-B500-84F0262A717E): 2
LogDevObjectVersion:   Dev-Editor (E4B068ED-F494-42E9-A231-DA0B2E46BB41): 20
LogDevObjectVersion:   Dev-Framework (CFFC743F-43B0-4480-9391-14DF171D2073): 28
LogDevObjectVersion:   Dev-Mobile (B02B49B5-BB20-44E9-A304-32B752E40360): 0
LogDevObjectVersion:   Dev-Networking (A4E4105C-59A1-49B5-A7C5-40C4547EDFEE): 0
LogDevObjectVersion:   Dev-Online (39C831C9-5AE6-47DC-9A44-9C173E1C8E7C): 0
LogDevObjectVersion:   Dev-Physics (78F01B33-EBEA-4F98-B9B4-84EACCB95AA2): 0
LogDevObjectVersion:   Dev-Platform (6631380F-2D4D-43E0-8009-CF276956A95A): 0
LogDevObjectVersion:   Dev-Rendering (12F88B9F-8875-4AFC-A67C-D90C383ABD29): 19
LogDevObjectVersion:   Dev-Sequencer (7B5AE74C-D270-4C10-A958-57980B212A5A): 4
LogDevObjectVersion:   Dev-VR (D7296918-1DD6-4BDD-9DE2-64A83CC13884): 0
LogDevObjectVersion:   Dev-LoadTimes (C2A15278-BFE7-4AFE-6C17-90FF531DF755): 1
LogDevObjectVersion:   Private-Geometry (6EACA3D4-40EC-4CC1-B786-8BED09428FC5): 1
LogDevObjectVersion:   Dev-AnimPhys (29E575DD-E0A3-4627-9D10-D276232CDCEA): 7
LogInit: Compiled (64-bit): Aug 15 2017 02:05:26
LogInit: Compiled with Visual C++: 19.00.24215.01
LogInit: Build Configuration: Development
LogInit: Branch Name: ++UE4+Release-4.17
LogInit: Command line:  
LogInit: Base directory: C:/Program Files/Epic Games/UE_4.17/Engine/Binaries/Win64/
LogInit: Installed Engine Build: 1
LogInit: Presizing for max 8388607 objects, including 0 objects not considered by GC, pre-allocating 0 bytes for permanent pool.
LogInit: Object subsystem initialized
[2017.11.29-11.17.06:892][  0]LogInit: Selected Device Profile: [Windows]
[2017.11.29-11.17.06:892][  0]LogInit: Applying CVar settings loaded from the selected device profile: [Windows]
[2017.11.29-11.17.06:935][  0]LogInit: Computer: LEIF
[2017.11.29-11.17.06:935][  0]LogInit: User: Leif
[2017.11.29-11.17.06:935][  0]LogInit: CPU Page size=4096, Cores=2
[2017.11.29-11.17.06:935][  0]LogInit: High frequency timer resolution =2.338340 MHz
[2017.11.29-11.17.06:936][  0]LogMemory: Memory total: Physical=7.9GB (8GB approx)
[2017.11.29-11.17.06:936][  0]LogMemory: Platform Memory Stats for Windows
[2017.11.29-11.17.06:936][  0]LogMemory: Process Physical Memory: 278.72 MB used, 278.72 MB peak
[2017.11.29-11.17.06:936][  0]LogMemory: Process Virtual Memory: 275.91 MB used, 275.91 MB peak
[2017.11.29-11.17.06:936][  0]LogMemory: Physical Memory: 6873.83 MB used,  1220.63 MB free, 8094.46 MB total
[2017.11.29-11.17.06:936][  0]LogMemory: Virtual Memory: 667.29 MB used,  1220.63 MB free, 134217728.00 MB total
[2017.11.29-11.17.07:424][  0]LogInit: Using OS detected language (de-DE).
[2017.11.29-11.17.07:424][  0]LogInit: Using OS detected locale (de-DE).
[2017.11.29-11.17.07:447][  0]LogTextLocalizationManager: No localization for 'de-DE' exists, so 'en' will be used for the language.
[2017.11.29-11.17.07:448][  0]LogTextLocalizationManager: No localization for 'de-DE' exists, so 'en' will be used for the locale.
[2017.11.29-11.17.09:903][  0]LogD3D11RHI: D3D11 adapters:
[2017.11.29-11.17.09:947][  0]LogD3D11RHI:    0. 'NVIDIA GeForce 940M' (Feature Level 11_0)
[2017.11.29-11.17.09:947][  0]LogD3D11RHI:       2019/0/4047 MB DedicatedVideo/DedicatedSystem/SharedSystem, Outputs:1, VendorId:0x10de
[2017.11.29-11.17.09:958][  0]LogD3D11RHI:    1. 'Intel(R) HD Graphics 5500' (Feature Level 11_0)
[2017.11.29-11.17.09:958][  0]LogD3D11RHI:       128/0/4047 MB DedicatedVideo/DedicatedSystem/SharedSystem, Outputs:0, VendorId:0x8086
[2017.11.29-11.17.09:960][  0]LogD3D11RHI:    2. 'Microsoft Basic Render Driver' (Feature Level 11_0)
[2017.11.29-11.17.09:960][  0]LogD3D11RHI:       0/0/4047 MB DedicatedVideo/DedicatedSystem/SharedSystem, Outputs:0, VendorId:0x1414
[2017.11.29-11.17.09:960][  0]LogD3D11RHI: Chosen D3D11 Adapter: 0
[2017.11.29-11.17.09:969][  0]LogD3D11RHI: Creating new Direct3DDevice
[2017.11.29-11.17.09:970][  0]LogD3D11RHI:     GPU DeviceId: 0x1347 (for the marketing name, search the web for "GPU Device Id")
[2017.11.29-11.17.09:970][  0]LogWindows: EnumDisplayDevices:
[2017.11.29-11.17.09:970][  0]LogWindows:    0. 'Intel(R) HD Graphics 5500' (P:1 D:1)
[2017.11.29-11.17.09:970][  0]LogWindows:    1. 'Intel(R) HD Graphics 5500' (P:0 D:0)
[2017.11.29-11.17.09:970][  0]LogWindows:    2. 'Intel(R) HD Graphics 5500' (P:0 D:0)
[2017.11.29-11.17.09:971][  0]LogWindows: DebugString: PrimaryIsNotTheChoosenAdapter PrimaryIsNotTheChoosenAdapter PrimaryIsNotTheChoosenAdapter FoundDriverCount:0 
[2017.11.29-11.17.09:971][  0]LogD3D11RHI:     Adapter Name: NVIDIA GeForce 940M
[2017.11.29-11.17.09:971][  0]LogD3D11RHI:   Driver Version: Unknown (internal:Unknown, unified:Unknown)
[2017.11.29-11.17.09:971][  0]LogD3D11RHI:      Driver Date: Unknown
[2017.11.29-11.17.09:971][  0]LogRHI: Texture pool is 1361 MB (70% of 1945 MB)
[2017.11.29-11.17.10:537][  0]LogD3D11RHI: Async texture creation enabled
[2017.11.29-11.17.10:560][  0]LogD3D11RHI: GPU Timing Frequency: 1000.000000 (Debug: 2 2)
[2017.11.29-11.17.10:561][  0]LogShaderCompilers: Guid format shader working directory is -35 characters bigger than the processId version (../../../../../../Users/Leif/Documents/GitHub/Projekt-B-Projekt-X/ProjektX_V0_1/Intermediate/Shaders/WorkingDirectory/14988/).
[2017.11.29-11.17.10:561][  0]LogShaderCompilers: Cleaned the shader compiler working directory 'C:/Users/Leif/AppData/Local/Temp/UnrealShaderWorkingDir/4284C88D423592F2C739D6A4A7B3100C/'.
[2017.11.29-11.17.10:561][  0]LogShaderCompilers: Display: Using Local Shader Compiler.
[2017.11.29-11.17.13:393][  0]LogTemp: Display: Loaded TP AllDesktopTargetPlatform
[2017.11.29-11.17.13:519][  0]LogTemp: Display: Loaded TP MacClientTargetPlatform
[2017.11.29-11.17.13:639][  0]LogTemp: Display: Loaded TP MacNoEditorTargetPlatform
[2017.11.29-11.17.13:759][  0]LogTemp: Display: Loaded TP MacServerTargetPlatform
[2017.11.29-11.17.13:884][  0]LogTemp: Display: Loaded TP MacTargetPlatform
[2017.11.29-11.17.14:009][  0]LogTemp: Display: Loaded TP WindowsClientTargetPlatform
[2017.11.29-11.17.14:129][  0]LogTemp: Display: Loaded TP WindowsNoEditorTargetPlatform
[2017.11.29-11.17.14:253][  0]LogTemp: Display: Loaded TP WindowsServerTargetPlatform
[2017.11.29-11.17.14:357][  0]LogTemp: Display: Loaded TP WindowsTargetPlatform
[2017.11.29-11.17.14:484][  0]LogTemp: Display: Loaded TP AndroidTargetPlatform
[2017.11.29-11.17.14:603][  0]LogTemp: Display: Loaded TP Android_ASTCTargetPlatform
[2017.11.29-11.17.14:720][  0]LogTemp: Display: Loaded TP Android_ATCTargetPlatform
[2017.11.29-11.17.14:844][  0]LogTemp: Display: Loaded TP Android_DXTTargetPlatform
[2017.11.29-11.17.14:982][  0]LogTemp: Display: Loaded TP Android_ETC1TargetPlatform
[2017.11.29-11.17.15:098][  0]LogTemp: Display: Loaded TP Android_ETC2TargetPlatform
[2017.11.29-11.17.15:363][  0]LogTemp: Display: Loaded TP Android_MultiTargetPlatform
[2017.11.29-11.17.15:363][  0]LogTemp: Display: Loaded TP Android_PVRTCTargetPlatform
[2017.11.29-11.17.15:472][  0]LogTemp: Display: Loaded TP HTML5TargetPlatform
[2017.11.29-11.17.15:651][  0]LogTemp: Display: Loaded TP IOSTargetPlatform
[2017.11.29-11.17.15:723][  0]LogTemp: Display: Loaded TP TVOSTargetPlatform
[2017.11.29-11.17.15:853][  0]LogTemp: Display: Loaded TP LinuxClientTargetPlatform
[2017.11.29-11.17.15:990][  0]LogTemp: Display: Loaded TP LinuxNoEditorTargetPlatform
[2017.11.29-11.17.16:124][  0]LogTemp: Display: Loaded TP LinuxServerTargetPlatform
[2017.11.29-11.17.16:257][  0]LogTemp: Display: Loaded TP LinuxTargetPlatform
[2017.11.29-11.17.16:257][  0]LogTargetPlatformManager: Display: Building Assets For Windows
[2017.11.29-11.17.17:529][  0]LogDerivedDataCache: Display: Max Cache Size: 512 MB
[2017.11.29-11.17.17:742][  0]LogDerivedDataCache: Loaded boot cache 0.21s 93MB C:/Users/Leif/AppData/Local/UnrealEngine/4.17/DerivedDataCache/Boot.ddc.
[2017.11.29-11.17.17:742][  0]LogDerivedDataCache: Display: Loaded Boot cache: C:/Users/Leif/AppData/Local/UnrealEngine/4.17/DerivedDataCache/Boot.ddc
[2017.11.29-11.17.17:742][  0]LogDerivedDataCache: FDerivedDataBackendGraph:  Pak pak cache file ../../../../../../Users/Leif/Documents/GitHub/Projekt-B-Projekt-X/ProjektX_V0_1/DerivedDataCache/DDC.ddp not found, will not use a pak cache.
[2017.11.29-11.17.17:742][  0]LogDerivedDataCache: Unable to find inner node Pak for hierarchical cache Hierarchy.
[2017.11.29-11.17.17:742][  0]LogDerivedDataCache: FDerivedDataBackendGraph:  CompressedPak pak cache file ../../../../../../Users/Leif/Documents/GitHub/Projekt-B-Projekt-X/ProjektX_V0_1/DerivedDataCache/Compressed.ddp not found, will not use a pak cache.
[2017.11.29-11.17.17:742][  0]LogDerivedDataCache: Unable to find inner node CompressedPak for hierarchical cache Hierarchy.
[2017.11.29-11.17.17:788][  0]LogDerivedDataCache: Display: Pak cache opened for reading ../../../Engine/DerivedDataCache/Compressed.ddp.
[2017.11.29-11.17.17:804][  0]LogDerivedDataCache: Using Local data cache path C:/Users/Leif/AppData/Local/UnrealEngine/Common/DerivedDataCache: Writable
[2017.11.29-11.17.17:827][  0]LogMaterial: Verifying Global Shaders for PCD3D_SM5
[2017.11.29-11.17.17:828][  0]LogSlate: Using Freetype 2.6.0
[2017.11.29-11.17.17:847][  0]LogSlate: SlateFontCache - WITH_FREETYPE: 1, WITH_HARFBUZZ: 1
[2017.11.29-11.17.17:847][  0]LogSlate: SlateFontCache - WITH_FREETYPE: 1, WITH_HARFBUZZ: 1
[2017.11.29-11.17.18:567][  0]LogAssetRegistry: FAssetRegistry took 0.0352 seconds to start up
[2017.11.29-11.17.18:867][  0]LogInit: Selected Device Profile: [Windows]
[2017.11.29-11.17.19:255][  0]LogContentStreaming: Texture pool size is 0.00 MB
[2017.11.29-11.17.20:043][  0]LogSimplygon: Simplygon DLL not present - disabling.
[2017.11.29-11.17.20:162][  0]LogMeshReduction: Using SimplygonSwarm for distributed automatic mesh merging
[2017.11.29-11.17.20:162][  0]LogMeshReduction: Using QuadricMeshReduction for automatic static mesh reduction
[2017.11.29-11.17.20:162][  0]LogMeshReduction: No automatic skeletal mesh reduction module available
[2017.11.29-11.17.20:162][  0]LogMeshReduction: No automatic mesh merging module available
[2017.11.29-11.17.20:162][  0]LogMeshMerging: No automatic mesh merging module available
[2017.11.29-11.17.21:111][  0]LogNetVersion: ProjektX_V0_0 , NetCL: 3573198, EngineNetVer: 2, GameNetVer: 0 (Checksum: 2444259609)
[2017.11.29-11.17.21:805][  0]LogPackageLocalizationCache: Processed 5 localized package path(s) for 1 prioritized culture(s) in 0.079767 seconds
[2017.11.29-11.17.21:817][  0]LogUObjectArray: 35825 objects as part of root set at end of initial load.
[2017.11.29-11.17.21:817][  0]LogUObjectAllocator: 7529104 out of 0 bytes used by permanent object pool.
[2017.11.29-11.17.21:817][  0]LogUObjectArray: CloseDisregardForGC: 0/0 objects in disregard for GC pool
[2017.11.29-11.17.21:971][  0]LogInit: WinSock: version 1.1 (2.2), MaxSocks=32767, MaxUdp=65467
[2017.11.29-11.17.34:870][  0]LogTcpMessaging: Initializing TcpMessaging bridge
[2017.11.29-11.17.34:969][  0]LogUdpMessaging: Initializing bridge on interface 0.0.0.0:0 to multicast group 230.0.0.1:6666.
[2017.11.29-11.17.36:939][  0]LogMaterial: Uniform references updated for custom material expression Custom.
[2017.11.29-11.17.38:059][  0]SourceControl: Source control is disabled
[2017.11.29-11.17.40:788][  0]LogAndroidPermission: UAndroidPermissionCallbackProxy::GetInstance
[2017.11.29-11.17.41:441][  0]LogOcInput: OculusInput pre-init called
[2017.11.29-11.17.43:684][  0]LogEngine: Initializing Engine...
[2017.11.29-11.17.43:835][  0]LogHMD: Failed to initialize OpenVR with code 110
[2017.11.29-11.17.45:313][  0]LogStats: UGameplayTagsManager::ConstructGameplayTagTree: Construct from data asset -  0.000 s
[2017.11.29-11.17.45:355][  0]LogStats: UGameplayTagsManager::ConstructGameplayTagTree: GameplayTagTreeChangedEvent.Broadcast -  0.015 s
[2017.11.29-11.17.46:440][  0]LogAIModule: Creating AISystem for world Untitled
[2017.11.29-11.17.46:509][  0]LogInit: XAudio2 using 'Speakers (Conexant SmartAudio HD)' : 2 channels at 48 kHz using 32 bits per sample (channel mask 0x3)
[2017.11.29-11.17.46:552][  0]LogInit: FAudioDevice initialized.
[2017.11.29-11.17.46:777][  0]LogDerivedDataCache: Saved boot cache 0.22s 93MB C:/Users/Leif/AppData/Local/UnrealEngine/4.17/DerivedDataCache/Boot.ddc.
[2017.11.29-11.17.46:800][  0]LogInit: Texture streaming: Enabled
[2017.11.29-11.17.47:042][  0]LogEngineSessionManager: EngineSessionManager initialized
[2017.11.29-11.17.47:619][  0]LogInit: Transaction tracking system initialized
[2017.11.29-11.17.48:471][  0]BlueprintLog: New page: Editor Load
[2017.11.29-11.17.50:978][  0]LocalizationService: Localization service is disabled
[2017.11.29-11.17.52:925][  0]LogConsoleResponse: Display: 
[2017.11.29-11.17.53:575][  0]LogCook: Display: Max memory allowance for cook 16384mb min free memory 0mb
[2017.11.29-11.17.53:575][  0]LogCook: Display: Mobile HDR setting 1
[2017.11.29-11.17.53:575][  0]LogGameplayTags: Display: UGameplayTagsManager::DoneAddingNativeTags. DelegateIsBound: 0
[2017.11.29-11.17.54:541][  0]LogFileCache: Scanning file cache for directory 'C:/Users/Leif/Documents/GitHub/Projekt-B-Projekt-X/ProjektX_V0_1/Content/' took 0.02s
[2017.11.29-11.17.56:791][  0]Cmd: MAP LOAD FILE="../../../../../../Users/Leif/Documents/GitHub/Projekt-B-Projekt-X/ProjektX_V0_1/Content/2DSideScrollerBP/Maps/2DSideScrollerExampleMap.umap" TEMPLATE=0 SHOWPROGRESS=1 FEATURELEVEL=3
[2017.11.29-11.17.56:795][  0]LightingResults: New page: Lighting Build
[2017.11.29-11.17.56:902][  0]MapCheck: New page: Map Check
[2017.11.29-11.17.56:903][  0]LightingResults: New page: Lighting Build
[2017.11.29-11.17.58:437][  0]LogAIModule: Creating AISystem for world 2DSideScrollerExampleMap
[2017.11.29-11.17.58:460][  0]LogEditorServer: Finished looking for orphan Actors (0.000 secs)
[2017.11.29-11.17.58:499][  0]Cmd: MAP CHECKDEP NOCLEARLOG
[2017.11.29-11.17.58:728][  0]MapCheck: Map check complete: 0 Error(s), 0 Warning(s), took 228.983ms to complete.
[2017.11.29-11.17.58:729][  0]LogFileHelpers: Loading map '2DSideScrollerExampleMap' took 1.939
[2017.11.29-11.17.58:802][  0]LogWindowsTextInputMethodSystem: Display: IME system now deactivated.
[2017.11.29-11.17.59:120][  0]LogCollectionManager: Loaded 0 collections in 0.005815 seconds
[2017.11.29-11.17.59:324][  0]LogFileCache: Scanning file cache for directory 'C:/Users/Leif/Documents/GitHub/Projekt-B-Projekt-X/ProjektX_V0_1/Saved/Collections/' took 0.01s
[2017.11.29-11.17.59:324][  0]LogFileCache: Scanning file cache for directory 'C:/Users/Leif/Documents/GitHub/Projekt-B-Projekt-X/ProjektX_V0_1/Content/Developers/Leif/Collections/' took 0.01s
[2017.11.29-11.17.59:325][  0]LogFileCache: Scanning file cache for directory 'C:/Users/Leif/Documents/GitHub/Projekt-B-Projekt-X/ProjektX_V0_1/Content/Collections/' took 0.01s
[2017.11.29-11.17.59:325][  0]LogCollectionManager: Rebuilt the GUID cache for 0 collections in 0.000001 seconds
[2017.11.29-11.17.59:347][  0]LogContentBrowser: Native class hierarchy populated in 0.0205 seconds. Added 2386 classes and 500 folders.
[2017.11.29-11.17.59:525][  0]LogContentBrowser: Native class hierarchy updated for 'WidgetCarousel' in 0.0012 seconds. Added 0 classes and 0 folders.
[2017.11.29-11.17.59:877][  0]LogContentBrowser: Native class hierarchy updated for 'AddContentDialog' in 0.0013 seconds. Added 0 classes and 0 folders.
[2017.11.29-11.18.00:005][  0]LogContentBrowser: Native class hierarchy updated for 'SceneOutliner' in 0.0013 seconds. Added 1 classes and 2 folders.
[2017.11.29-11.18.00:239][  0]LogSlate: Took 0.000396 seconds to synchronously load lazily loaded font '../../../Engine/Content/Slate/Fonts/Roboto-Regular.ttf' (155K)
[2017.11.29-11.18.00:246][  0]LogSlate: Took 0.000279 seconds to synchronously load lazily loaded font '../../../Engine/Content/Slate/Fonts/Roboto-Bold.ttf' (160K)
[2017.11.29-11.18.00:290][  0]LogSlate: Took 0.003355 seconds to synchronously load lazily loaded font '../../../Engine/Content/Editor/Slate/Fonts/FontAwesome.ttf' (139K)
[2017.11.29-11.18.00:441][  0]LogRenderer: Reallocating scene render targets to support 804x340 Format 10 NumSamples 1 (Frame:1).
[2017.11.29-11.18.00:789][  0]LogContentBrowser: Native class hierarchy updated for 'HierarchicalLODOutliner' in 0.0009 seconds. Added 1 classes and 2 folders.
[2017.11.29-11.18.00:790][  0]LogLoad: (Engine Initialization) Total time: 58.47 seconds
[2017.11.29-11.18.00:790][  0]LogLoad: (Engine Initialization) Total Blueprint compile time: 0.00 seconds
[2017.11.29-11.18.00:790][  0]LogExternalProfiler: Found external profiler: VSPerf
[2017.11.29-11.18.00:790][  0]LogExternalProfiler: Using external profiler: VSPerf
[2017.11.29-11.18.00:820][  0]SourceControl: On branch master
[2017.11.29-11.18.00:820][  0]SourceControl: Your branch is up-to-date with 'origin/master'.
[2017.11.29-11.18.00:820][  0]SourceControl: Changes to be committed:
[2017.11.29-11.18.00:820][  0]SourceControl:   (use "git reset HEAD <file>..." to unstage)
[2017.11.29-11.18.00:820][  0]SourceControl: 	new file:   ProjektX_V0_1/Content/2DSideScroller/Sprites/Bullet/M484BulletCollection1.uasset
[2017.11.29-11.18.00:820][  0]SourceControl: 	new file:   ProjektX_V0_1/Content/2DSideScroller/Sprites/Bullet/f37_missileSpriteSheet.uasset
[2017.11.29-11.18.00:820][  0]SourceControl: 	new file:   ProjektX_V0_1/Content/2DSideScroller/Sprites/Bullet/f37_missileSpriteSheet1.uasset
[2017.11.29-11.18.00:820][  0]SourceControl: 	new file:   ProjektX_V0_1/Content/2DSideScroller/Sprites/Bullet/f37_missileSpriteSheet_Sprite_0.uasset
[2017.11.29-11.18.00:820][  0]SourceControl: 	new file:   ProjektX_V0_1/Content/2DSideScroller/Sprites/Bullet/f37_missileSpriteSheet_Sprite_1.uasset
[2017.11.29-11.18.00:820][  0]SourceControl: 	new file:   ProjektX_V0_1/Content/2DSideScroller/Sprites/Bullet/f37_missileSpriteSheet_Sprite_2.uasset
[2017.11.29-11.18.00:820][  0]SourceControl: 	new file:   ProjektX_V0_1/Content/2DSideScroller/Sprites/Bullet/f37_missileSpriteSheet_Sprite_3.uasset
[2017.11.29-11.18.00:820][  0]SourceControl: 	new file:   ProjektX_V0_1/Content/2DSideScroller/Sprites/Bullet/f37_missileSpriteSheet_Sprite_4.uasset
[2017.11.29-11.18.00:820][  0]SourceControl: 	new file:   ProjektX_V0_1/Content/2DSideScroller/Sprites/Bullet/f37_missileSpriteSheet_Sprite_5.uasset
[2017.11.29-11.18.00:820][  0]SourceControl: 	new file:   ProjektX_V0_1/Content/2DSideScroller/Sprites/Bullet/f37_missileSpriteSheet_Sprite_6.uasset
[2017.11.29-11.18.00:820][  0]SourceControl: 	new file:   ProjektX_V0_1/Content/2DSideScroller/Sprites/Bullet/f37_missileSpriteSheet_Sprite_7.uasset
[2017.11.29-11.18.00:820][  0]SourceControl: 	modified:   ProjektX_V0_1/Intermediate/AssetRegistryCache/c90e3f55.bin
[2017.11.29-11.18.00:820][  0]SourceControl: 	modified:   ProjektX_V0_1/Intermediate/CachedAssetRegistry.bin
[2017.11.29-11.18.00:820][  0]SourceControl: 	modified:   ProjektX_V0_1/Saved/Autosaves/PackageRestoreData.json
[2017.11.29-11.18.00:820][  0]SourceControl: 	new file:   ProjektX_V0_1/Saved/Backup/Bob_2017-11-22-13-18-10.uasset
[2017.11.29-11.18.00:820][  0]SourceControl: 	new file:   ProjektX_V0_1/Saved/Backup/Bob_2017-11-22-13-29-25.uasset
[2017.11.29-11.18.00:820][  0]SourceControl: 	new file:   ProjektX_V0_1/Saved/Backup/MeleeLeicht_2017-11-22-13-18-10.uasset
[2017.11.29-11.18.00:820][  0]SourceControl: 	new file:   ProjektX_V0_1/Saved/Config/CrashReportClient/UE4CC-Windows-12B6D39C481D10ED6515E2898F5E2EA4/CrashReportClient.ini
[2017.11.29-11.18.00:820][  0]SourceControl: 	new file:   ProjektX_V0_1/Saved/Config/CrashReportClient/UE4CC-Windows-A481E5A64CF0338FA7E703B431356E72/CrashReportClient.ini
[2017.11.29-11.18.00:820][  0]SourceControl: 	modified:   ProjektX_V0_1/Saved/Config/Windows/Editor.ini
[2017.11.29-11.18.00:820][  0]SourceControl: 	modified:   ProjektX_V0_1/Saved/Config/Windows/EditorPerProjectUserSettings.ini
[2017.11.29-11.18.00:820][  0]SourceControl: 	modified:   ProjektX_V0_1/Saved/Config/Windows/Engine.ini
[2017.11.29-11.18.00:820][  0]SourceControl: 	new file:   ProjektX_V0_1/Saved/Logs/ProjektX_V0_0-backup-2017.11.28-14.37.56.log
[2017.11.29-11.18.00:820][  0]SourceControl: 	copied:     ProjektX_V0_1/Saved/Logs/ProjektX_V0_0.log -> ProjektX_V0_1/Saved/Logs/ProjektX_V0_0-backup-2017.11.28-14.40.37.log
[2017.11.29-11.18.00:820][  0]SourceControl: 	modified:   ProjektX_V0_1/Saved/Logs/ProjektX_V0_0.log
[2017.11.29-11.18.00:820][  0]SourceControl: Changes not staged for commit:
[2017.11.29-11.18.00:820][  0]SourceControl:   (use "git add <file>..." to update what will be committed)
[2017.11.29-11.18.00:821][  0]SourceControl:   (use "git checkout -- <file>..." to discard changes in working directory)
[2017.11.29-11.18.00:821][  0]SourceControl: 	modified:   ProjektX_V0_1/Config/DefaultEngine.ini
[2017.11.29-11.18.00:821][  0]SourceControl: 	modified:   ProjektX_V0_1/Content/2DSideScrollerBP/Blueprints/Bob.uasset
[2017.11.29-11.18.00:821][  0]SourceControl: 	modified:   ProjektX_V0_1/Content/2DSideScrollerBP/Blueprints/Bob_Shoot.uasset
[2017.11.29-11.18.00:821][  0]SourceControl: 	modified:   ProjektX_V0_1/Content/2DSideScrollerBP/Blueprints/Enemy.uasset
[2017.11.29-11.18.00:821][  0]SourceControl: 	modified:   ProjektX_V0_1/Content/2DSideScrollerBP/Maps/2DSideScrollerExampleMap.umap
[2017.11.29-11.18.00:821][  0]SourceControl: 	modified:   ProjektX_V0_1/Content/2DSideScrollerBP/Maps/2DSideScrollerExampleMap_BuiltData.uasset
[2017.11.29-11.18.00:821][  0]SourceControl: 	modified:   ProjektX_V0_1/Intermediate/AssetRegistryCache/c90e3f55.bin
[2017.11.29-11.18.00:821][  0]SourceControl: 	modified:   ProjektX_V0_1/Intermediate/CachedAssetRegistry.bin
[2017.11.29-11.18.00:821][  0]SourceControl: 	modified:   ProjektX_V0_1/Intermediate/Config/CoalescedSourceConfigs/Engine.ini
[2017.11.29-11.18.00:821][  0]SourceControl: 	modified:   ProjektX_V0_1/Saved/AutoScreenshot.png
[2017.11.29-11.18.00:821][  0]SourceControl: 	modified:   ProjektX_V0_1/Saved/Autosaves/Game/2DSideScrollerBP/Blueprints/Bob_Auto1.uasset
[2017.11.29-11.18.00:821][  0]SourceControl: 	modified:   ProjektX_V0_1/Saved/Autosaves/Game/2DSideScrollerBP/Maps/2DSideScrollerExampleMap_Auto1.umap
[2017.11.29-11.18.00:821][  0]SourceControl: 	modified:   ProjektX_V0_1/Saved/Autosaves/PackageRestoreData.json
[2017.11.29-11.18.00:821][  0]SourceControl: 	modified:   ProjektX_V0_1/Saved/Config/Windows/Editor.ini
[2017.11.29-11.18.00:821][  0]SourceControl: 	modified:   ProjektX_V0_1/Saved/Config/Windows/EditorPerProjectUserSettings.ini
[2017.11.29-11.18.00:821][  0]SourceControl: 	modified:   ProjektX_V0_1/Saved/Logs/ProjektX_V0_0.log
[2017.11.29-11.18.00:821][  0]SourceControl: Untracked files:
[2017.11.29-11.18.00:821][  0]SourceControl:   (use "git add <file>..." to include in what will be committed)
[2017.11.29-11.18.00:821][  0]SourceControl: 	ProjektX_V0_1/Saved/Autosaves/Game/2DSideScrollerBP/Blueprints/Bob_Shoot_Auto2.uasset
[2017.11.29-11.18.00:821][  0]SourceControl: 	ProjektX_V0_1/Saved/Backup/2DSideScrollerExampleMap_2017-11-28-14-55-24.umap
[2017.11.29-11.18.00:821][  0]SourceControl: 	ProjektX_V0_1/Saved/Backup/2DSideScrollerExampleMap_2017-11-28-22-10-19.umap
[2017.11.29-11.18.00:821][  0]SourceControl: 	ProjektX_V0_1/Saved/Backup/2DSideScrollerExampleMap_2017-11-28-22-54-54.umap
[2017.11.29-11.18.00:821][  0]SourceControl: 	ProjektX_V0_1/Saved/Backup/2DSideScrollerExampleMap_2017-11-28-23-14-24.umap
[2017.11.29-11.18.00:821][  0]SourceControl: 	ProjektX_V0_1/Saved/Backup/2DSideScrollerExampleMap_2017-11-28-23-24-56.umap
[2017.11.29-11.18.00:821][  0]SourceControl: 	ProjektX_V0_1/Saved/Backup/2DSideScrollerExampleMap_BuiltData_2017-11-28-22-10-19.uasset
[2017.11.29-11.18.00:821][  0]SourceControl: 	ProjektX_V0_1/Saved/Backup/2DSideScrollerExampleMap_BuiltData_2017-11-28-22-54-54.uasset
[2017.11.29-11.18.00:821][  0]SourceControl: 	ProjektX_V0_1/Saved/Backup/2DSideScrollerExampleMap_BuiltData_2017-11-28-23-14-24.uasset
[2017.11.29-11.18.00:821][  0]SourceControl: 	ProjektX_V0_1/Saved/Backup/Bob_2017-11-28-14-55-24.uasset
[2017.11.29-11.18.00:821][  0]SourceControl: 	ProjektX_V0_1/Saved/Backup/Bob_2017-11-28-22-26-15.uasset
[2017.11.29-11.18.00:821][  0]SourceControl: 	ProjektX_V0_1/Saved/Backup/Bob_2017-11-28-23-06-15.uasset
[2017.11.29-11.18.00:821][  0]SourceControl: 	ProjektX_V0_1/Saved/Backup/Bob_2017-11-28-23-20-06.uasset
[2017.11.29-11.18.00:821][  0]SourceControl: 	ProjektX_V0_1/Saved/Backup/Bob_Shoot_2017-11-28-21-57-23.uasset
[2017.11.29-11.18.00:821][  0]SourceControl: 	ProjektX_V0_1/Saved/Backup/Bob_Shoot_2017-11-28-22-12-49.uasset
[2017.11.29-11.18.00:822][  0]SourceControl: 	ProjektX_V0_1/Saved/Backup/Bob_Shoot_2017-11-28-22-26-15.uasset
[2017.11.29-11.18.00:822][  0]SourceControl: 	ProjektX_V0_1/Saved/Backup/Bob_Shoot_2017-11-28-22-35-13.uasset
[2017.11.29-11.18.00:822][  0]SourceControl: 	ProjektX_V0_1/Saved/Backup/Bob_Shoot_2017-11-28-23-04-50.uasset
[2017.11.29-11.18.00:822][  0]SourceControl: 	ProjektX_V0_1/Saved/Backup/Bob_Shoot_2017-11-28-23-16-18.uasset
[2017.11.29-11.18.00:822][  0]SourceControl: 	ProjektX_V0_1/Saved/Backup/Bob_Shoot_2017-11-28-23-22-16.uasset
[2017.11.29-11.18.00:822][  0]SourceControl: 	ProjektX_V0_1/Saved/Backup/Enemy_2017-11-28-23-24-56.uasset
[2017.11.29-11.18.00:822][  0]SourceControl: 	ProjektX_V0_1/Saved/Config/CrashReportClient/UE4CC-Windows-1A8E838E41DD6E1B2B873283CE032646/
[2017.11.29-11.18.00:822][  0]SourceControl: 	ProjektX_V0_1/Saved/Config/CrashReportClient/UE4CC-Windows-A336B2D64C45ADB6F68329A81074EA21/
[2017.11.29-11.18.00:822][  0]SourceControl: 	ProjektX_V0_1/Saved/Logs/ProjektX_V0_0-backup-2017.11.28-22.26.24.log
[2017.11.29-11.18.00:822][  0]SourceControl: 	ProjektX_V0_1/Saved/Logs/ProjektX_V0_0-backup-2017.11.29-12.17.04.log
[2017.11.29-11.18.00:822][  0]LogContentStreaming: Texture pool size now 1000 MB
[2017.11.29-11.18.00:860][  0]LogSlate: Took 0.007546 seconds to synchronously load lazily loaded font '../../../Engine/Content/Slate/Fonts/Roboto-Light.ttf' (159K)
[2017.11.29-11.18.00:976][  2]LogAssetRegistry: Asset discovery search completed in 42.4320 seconds
[2017.11.29-11.18.00:979][  2]LogCollectionManager: Rebuilt the object cache for 0 collections in 0.000001 seconds (found 0 objects)
[2017.11.29-11.18.00:980][  2]LogCollectionManager: Fixed up redirectors for 0 collections in 0.000083 seconds (updated 0 objects)
[2017.11.29-11.18.19:697][996]LogTemp: Repeating last play command: New Editor Window (PIE)
[2017.11.29-11.18.19:776][996]LogBlueprintUserMessages: Early PlayInEditor Detection: Level '/Game/2DSideScrollerBP/Maps/2DSideScrollerExampleMap.2DSideScrollerExampleMap:PersistentLevel' has LevelScriptBlueprint '/Game/2DSideScrollerBP/Maps/2DSideScrollerExampleMap.2DSideScrollerExampleMap:PersistentLevel.2DSideScrollerExampleMap' with GeneratedClass '/Game/2DSideScrollerBP/Maps/2DSideScrollerExampleMap.2DSideScrollerExampleMap_C' with ClassGeneratedBy '/Game/2DSideScrollerBP/Maps/2DSideScrollerExampleMap.2DSideScrollerExampleMap:PersistentLevel.2DSideScrollerExampleMap'
[2017.11.29-11.18.19:777][996]LogPlayLevel: PlayLevel: No blueprints needed recompiling
[2017.11.29-11.18.19:786][996]PIE: New page: PIE session: 2DSideScrollerExampleMap (Nov 29, 2017, 1:18:19 PM)
[2017.11.29-11.18.19:786][996]LogPlayLevel: Creating play world package: /Game/2DSideScrollerBP/Maps/UEDPIE_0_2DSideScrollerExampleMap
[2017.11.29-11.18.19:796][996]LogPlayLevel: PIE: StaticDuplicateObject took: (0.009765s)
[2017.11.29-11.18.19:797][996]LogAIModule: Creating AISystem for world 2DSideScrollerExampleMap
[2017.11.29-11.18.19:797][996]LogPlayLevel: PIE: World Init took: (0.001078s)
[2017.11.29-11.18.19:799][996]LogPlayLevel: PIE: Created PIE world by copying editor world from /Game/2DSideScrollerBP/Maps/2DSideScrollerExampleMap.2DSideScrollerExampleMap to /Game/2DSideScrollerBP/Maps/UEDPIE_0_2DSideScrollerExampleMap.2DSideScrollerExampleMap (0.012230s)
[2017.11.29-11.18.19:826][996]LogInit: XAudio2 using 'Speakers (Conexant SmartAudio HD)' : 2 channels at 48 kHz using 32 bits per sample (channel mask 0x3)
[2017.11.29-11.18.19:845][996]LogInit: FAudioDevice initialized.
[2017.11.29-11.18.19:940][996]LogLoad: Game class is '2DSideScrollerGameMode_C'
[2017.11.29-11.18.19:989][996]LogWorld: Bringing World /Game/2DSideScrollerBP/Maps/UEDPIE_0_2DSideScrollerExampleMap.2DSideScrollerExampleMap up for play (max tick rate 0) at 2017.11.29-12.18.19
[2017.11.29-11.18.20:006][996]LogWorld: Bringing up level for play took: 0.027017
[2017.11.29-11.18.20:123][996]LogContentBrowser: Native class hierarchy updated for 'MovieSceneCapture' in 0.0009 seconds. Added 11 classes and 0 folders.
[2017.11.29-11.18.20:141][996]PIE: Play in editor start time for /Game/2DSideScrollerBP/Maps/UEDPIE_0_2DSideScrollerExampleMap 0.078
[2017.11.29-11.18.20:142][996]LogBlueprintUserMessages: Late PlayInEditor Detection: Level '/Game/2DSideScrollerBP/Maps/2DSideScrollerExampleMap.2DSideScrollerExampleMap:PersistentLevel' has LevelScriptBlueprint '/Game/2DSideScrollerBP/Maps/2DSideScrollerExampleMap.2DSideScrollerExampleMap:PersistentLevel.2DSideScrollerExampleMap' with GeneratedClass '/Game/2DSideScrollerBP/Maps/2DSideScrollerExampleMap.2DSideScrollerExampleMap_C' with ClassGeneratedBy '/Game/2DSideScrollerBP/Maps/2DSideScrollerExampleMap.2DSideScrollerExampleMap:PersistentLevel.2DSideScrollerExampleMap'
[2017.11.29-11.18.20:200][996]LogRenderer: Reallocating scene render targets to support 1292x756 Format 10 NumSamples 1 (Frame:1).
[2017.11.29-11.18.22:007][ 90]LogBlueprintUserMessages: [Bob_Shoot_C_0] Hello
[2017.11.29-11.18.22:150][ 98]LogBlueprintUserMessages: [Bob_Shoot_C_1] Hello
[2017.11.29-11.18.22:287][106]LogBlueprintUserMessages: [Bob_Shoot_C_2] Hello
[2017.11.29-11.18.22:440][115]LogBlueprintUserMessages: [Bob_Shoot_C_3] Hello
[2017.11.29-11.18.22:595][123]LogBlueprintUserMessages: [Bob_Shoot_C_4] Hello
[2017.11.29-11.18.22:735][131]LogBlueprintUserMessages: [Bob_Shoot_C_5] Hello
[2017.11.29-11.18.22:904][140]LogBlueprintUserMessages: [Bob_Shoot_C_6] Hello
[2017.11.29-11.18.23:034][147]LogBlueprintUserMessages: [Bob_Shoot_C_7] Hello
[2017.11.29-11.18.23:172][155]LogBlueprintUserMessages: [Bob_Shoot_C_8] Hello
[2017.11.29-11.18.23:324][164]LogBlueprintUserMessages: [Bob_Shoot_C_9] Hello
[2017.11.29-11.18.35:180][862]LogBlueprintUserMessages: [Bob_Shoot_C_22] Hello
[2017.11.29-11.18.35:337][871]LogBlueprintUserMessages: [Bob_Shoot_C_23] Hello
[2017.11.29-11.18.35:513][881]LogBlueprintUserMessages: [Bob_Shoot_C_24] Hello
[2017.11.29-11.18.35:685][891]LogBlueprintUserMessages: [Bob_Shoot_C_25] Hello
[2017.11.29-11.18.35:822][899]LogBlueprintUserMessages: [Bob_Shoot_C_26] Hello
[2017.11.29-11.18.36:046][912]LogBlueprintUserMessages: [Bob_Shoot_C_27] Hello
[2017.11.29-11.18.36:079][914]LogBlueprintUserMessages: [Bob_Shoot_C_13] Hello
[2017.11.29-11.18.36:236][923]LogBlueprintUserMessages: [Bob_Shoot_C_14] Hello
[2017.11.29-11.18.36:236][923]LogBlueprintUserMessages: [Bob_Shoot_C_28] Hello
[2017.11.29-11.18.36:387][932]LogBlueprintUserMessages: [Bob_Shoot_C_29] Hello
[2017.11.29-11.18.36:403][933]LogBlueprintUserMessages: [Bob_Shoot_C_15] Hello
[2017.11.29-11.18.36:537][941]LogBlueprintUserMessages: [Bob_Shoot_C_16] Hello
[2017.11.29-11.18.36:537][941]LogBlueprintUserMessages: [Bob_Shoot_C_30] Hello
[2017.11.29-11.18.36:682][950]LogBlueprintUserMessages: [Bob_Shoot_C_17] Hello
[2017.11.29-11.18.36:811][958]LogBlueprintUserMessages: [Bob_Shoot_C_12] Hello
[2017.11.29-11.18.36:846][960]LogBlueprintUserMessages: [Bob_Shoot_C_18] Hello
[2017.11.29-11.18.36:992][969]LogBlueprintUserMessages: [Bob_Shoot_C_19] Hello
[2017.11.29-11.18.37:192][981]LogBlueprintUserMessages: [Bob_Shoot_C_20] Hello
[2017.11.29-11.18.37:294][987]LogBlueprintUserMessages: [Bob_Shoot_C_21] Hello
[2017.11.29-11.18.41:810][256]LogBlueprintUserMessages: [Bob_Shoot_C_31] Hello
[2017.11.29-11.18.41:992][266]LogBlueprintUserMessages: [Bob_Shoot_C_32] Hello
[2017.11.29-11.18.42:171][277]LogBlueprintUserMessages: [Bob_Shoot_C_33] Hello
[2017.11.29-11.18.42:291][284]LogBlueprintUserMessages: [Bob_Shoot_C_34] Hello
[2017.11.29-11.18.42:448][293]LogBlueprintUserMessages: [Bob_Shoot_C_35] Hello
[2017.11.29-11.18.42:602][302]LogBlueprintUserMessages: [Bob_Shoot_C_36] Hello
[2017.11.29-11.19.01:176][409]Cmd: LevelEditor.ToggleImmersive
[2017.11.29-11.19.03:516][522]LogSlate: Took 0.001415 seconds to synchronously load lazily loaded font '../../../Engine/Content/Slate/Fonts/Roboto-Light.ttf' (159K)
[2017.11.29-11.19.08:087][817]LogBlueprintUserMessages: Early EndPlayMap Detection: Level '/Game/2DSideScrollerBP/Maps/2DSideScrollerExampleMap.2DSideScrollerExampleMap:PersistentLevel' has LevelScriptBlueprint '/Game/2DSideScrollerBP/Maps/2DSideScrollerExampleMap.2DSideScrollerExampleMap:PersistentLevel.2DSideScrollerExampleMap' with GeneratedClass '/Game/2DSideScrollerBP/Maps/2DSideScrollerExampleMap.2DSideScrollerExampleMap_C' with ClassGeneratedBy '/Game/2DSideScrollerBP/Maps/2DSideScrollerExampleMap.2DSideScrollerExampleMap:PersistentLevel.2DSideScrollerExampleMap'
[2017.11.29-11.19.08:171][817]LogBlueprintUserMessages: Late EndPlayMap Detection: Level '/Game/2DSideScrollerBP/Maps/2DSideScrollerExampleMap.2DSideScrollerExampleMap:PersistentLevel' has LevelScriptBlueprint '/Game/2DSideScrollerBP/Maps/2DSideScrollerExampleMap.2DSideScrollerExampleMap:PersistentLevel.2DSideScrollerExampleMap' with GeneratedClass '/Game/2DSideScrollerBP/Maps/2DSideScrollerExampleMap.2DSideScrollerExampleMap_C' with ClassGeneratedBy '/Game/2DSideScrollerBP/Maps/2DSideScrollerExampleMap.2DSideScrollerExampleMap:PersistentLevel.2DSideScrollerExampleMap'
[2017.11.29-11.19.23:395][103]LogTemp: Executing iPhonePackager certificates Engine -bundlename com.YourCompany.ProjektXV00
[2017.11.29-11.19.23:395][103]LogTemp: CWD: C:\Program Files\Epic Games\UE_4.17\Engine\Binaries\DotNET\IOS
[2017.11.29-11.19.23:395][103]LogTemp: Initial Dir: C:\Program Files\Epic Games\UE_4.17
[2017.11.29-11.19.23:395][103]LogTemp: Env CWD: C:\Program Files\Epic Games\UE_4.17\Engine\Binaries\DotNET\IOS
[2017.11.29-11.19.23:395][103]LogTemp: BranchPath = LEIF/C/Program Files/Epic Games/UE_4.17/Engine/Binaries --- GameBranchPath = LEIF/C/Program Files/Epic Games/UE_4.17/Engine/Binaries
[2017.11.29-11.19.23:472][107]LogTemp: IPP ERROR: Could not find provision directory 'C:\Users\Leif\AppData\Local/Apple Computer/MobileDevice/Provisioning Profiles/'.
[2017.11.29-11.20.05:227][598]LogTemp: Repeating last play command: New Editor Window (PIE)
[2017.11.29-11.20.05:259][598]LogBlueprintUserMessages: Early PlayInEditor Detection: Level '/Game/2DSideScrollerBP/Maps/2DSideScrollerExampleMap.2DSideScrollerExampleMap:PersistentLevel' has LevelScriptBlueprint '/Game/2DSideScrollerBP/Maps/2DSideScrollerExampleMap.2DSideScrollerExampleMap:PersistentLevel.2DSideScrollerExampleMap' with GeneratedClass '/Game/2DSideScrollerBP/Maps/2DSideScrollerExampleMap.2DSideScrollerExampleMap_C' with ClassGeneratedBy '/Game/2DSideScrollerBP/Maps/2DSideScrollerExampleMap.2DSideScrollerExampleMap:PersistentLevel.2DSideScrollerExampleMap'
[2017.11.29-11.20.05:259][598]LogPlayLevel: PlayLevel: No blueprints needed recompiling
[2017.11.29-11.20.05:260][598]PIE: New page: PIE session: 2DSideScrollerExampleMap (Nov 29, 2017, 1:20:05 PM)
[2017.11.29-11.20.05:260][598]LogPlayLevel: Creating play world package: /Game/2DSideScrollerBP/Maps/UEDPIE_0_2DSideScrollerExampleMap
[2017.11.29-11.20.05:268][598]LogPlayLevel: PIE: StaticDuplicateObject took: (0.008388s)
[2017.11.29-11.20.05:269][598]LogAIModule: Creating AISystem for world 2DSideScrollerExampleMap
[2017.11.29-11.20.05:269][598]LogPlayLevel: PIE: World Init took: (0.001155s)
[2017.11.29-11.20.05:270][598]LogPlayLevel: PIE: Created PIE world by copying editor world from /Game/2DSideScrollerBP/Maps/2DSideScrollerExampleMap.2DSideScrollerExampleMap to /Game/2DSideScrollerBP/Maps/UEDPIE_0_2DSideScrollerExampleMap.2DSideScrollerExampleMap (0.009994s)
[2017.11.29-11.20.05:292][598]LogInit: XAudio2 using 'Speakers (Conexant SmartAudio HD)' : 2 channels at 48 kHz using 32 bits per sample (channel mask 0x3)
[2017.11.29-11.20.05:308][598]LogInit: FAudioDevice initialized.
[2017.11.29-11.20.05:368][598]LogLoad: Game class is '2DSideScrollerGameMode_C'
[2017.11.29-11.20.05:373][598]LogWorld: Bringing World /Game/2DSideScrollerBP/Maps/UEDPIE_0_2DSideScrollerExampleMap.2DSideScrollerExampleMap up for play (max tick rate 0) at 2017.11.29-12.20.05
[2017.11.29-11.20.05:374][598]LogWorld: Bringing up level for play took: 0.004179
[2017.11.29-11.20.05:379][598]PIE: Play in editor start time for /Game/2DSideScrollerBP/Maps/UEDPIE_0_2DSideScrollerExampleMap -0.684
[2017.11.29-11.20.05:381][598]LogBlueprintUserMessages: Late PlayInEditor Detection: Level '/Game/2DSideScrollerBP/Maps/2DSideScrollerExampleMap.2DSideScrollerExampleMap:PersistentLevel' has LevelScriptBlueprint '/Game/2DSideScrollerBP/Maps/2DSideScrollerExampleMap.2DSideScrollerExampleMap:PersistentLevel.2DSideScrollerExampleMap' with GeneratedClass '/Game/2DSideScrollerBP/Maps/2DSideScrollerExampleMap.2DSideScrollerExampleMap_C' with ClassGeneratedBy '/Game/2DSideScrollerBP/Maps/2DSideScrollerExampleMap.2DSideScrollerExampleMap:PersistentLevel.2DSideScrollerExampleMap'
[2017.11.29-11.20.15:306][208]LogSlate: Took 0.016154 seconds to synchronously load lazily loaded font '../../../Engine/Content/Editor/Slate/Fonts/DroidSansMono.ttf' (77K)
[2017.11.29-11.20.30:974][280]LogBlueprintUserMessages: Early EndPlayMap Detection: Level '/Game/2DSideScrollerBP/Maps/2DSideScrollerExampleMap.2DSideScrollerExampleMap:PersistentLevel' has LevelScriptBlueprint '/Game/2DSideScrollerBP/Maps/2DSideScrollerExampleMap.2DSideScrollerExampleMap:PersistentLevel.2DSideScrollerExampleMap' with GeneratedClass '/Game/2DSideScrollerBP/Maps/2DSideScrollerExampleMap.2DSideScrollerExampleMap_C' with ClassGeneratedBy '/Game/2DSideScrollerBP/Maps/2DSideScrollerExampleMap.2DSideScrollerExampleMap:PersistentLevel.2DSideScrollerExampleMap'
[2017.11.29-11.20.31:050][280]LogBlueprintUserMessages: Late EndPlayMap Detection: Level '/Game/2DSideScrollerBP/Maps/2DSideScrollerExampleMap.2DSideScrollerExampleMap:PersistentLevel' has LevelScriptBlueprint '/Game/2DSideScrollerBP/Maps/2DSideScrollerExampleMap.2DSideScrollerExampleMap:PersistentLevel.2DSideScrollerExampleMap' with GeneratedClass '/Game/2DSideScrollerBP/Maps/2DSideScrollerExampleMap.2DSideScrollerExampleMap_C' with ClassGeneratedBy '/Game/2DSideScrollerBP/Maps/2DSideScrollerExampleMap.2DSideScrollerExampleMap:PersistentLevel.2DSideScrollerExampleMap'
[2017.11.29-11.20.38:038][ 34]LogSlate: Took 0.000201 seconds to synchronously load lazily loaded font '../../../Engine/Content/Slate/Fonts/Roboto-Light.ttf' (159K)
[2017.11.29-11.20.38:709][ 34]LogContentBrowser: Native class hierarchy updated for 'BlueprintGraph' in 0.0012 seconds. Added 113 classes and 0 folders.
[2017.11.29-11.20.39:728][ 34]LogSlate: Took 0.000221 seconds to synchronously load lazily loaded font '../../../Engine/Content/Slate/Fonts/Roboto-Regular.ttf' (155K)
[2017.11.29-11.20.39:854][ 34]LogSlate: Took 0.010099 seconds to synchronously load lazily loaded font '../../../Engine/Content/Editor/Slate/Fonts/Roboto-BoldCondensed.ttf' (158K)
[2017.11.29-11.20.40:048][ 35]LogSlate: Took 0.005707 seconds to synchronously load lazily loaded font '../../../Engine/Content/Editor/Slate/Fonts/Roboto-Italic.ttf' (157K)
[2017.11.29-11.20.57:653][329]LogTemp: Repeating last play command: New Editor Window (PIE)
[2017.11.29-11.20.57:693][329]LogBlueprintUserMessages: Early PlayInEditor Detection: Level '/Game/2DSideScrollerBP/Maps/2DSideScrollerExampleMap.2DSideScrollerExampleMap:PersistentLevel' has LevelScriptBlueprint '/Game/2DSideScrollerBP/Maps/2DSideScrollerExampleMap.2DSideScrollerExampleMap:PersistentLevel.2DSideScrollerExampleMap' with GeneratedClass '/Game/2DSideScrollerBP/Maps/2DSideScrollerExampleMap.2DSideScrollerExampleMap_C' with ClassGeneratedBy '/Game/2DSideScrollerBP/Maps/2DSideScrollerExampleMap.2DSideScrollerExampleMap:PersistentLevel.2DSideScrollerExampleMap'
[2017.11.29-11.20.57:694][329]BlueprintLog: New page: Pre-Play auto-recompile
[2017.11.29-11.20.57:724][329]LogPlayLevel: [PlayLevel] Compiling MeleeLeicht before play...
[2017.11.29-11.20.57:734][329]LogPlayLevel: [PlayLevel]   Compiling MeleeSchwer as a dependent...
[2017.11.29-11.20.57:756][329]LogPlayLevel: [PlayLevel]   Compiling Enemy as a dependent...
[2017.11.29-11.20.58:253][329]LogPlayLevel: PlayLevel: Blueprint regeneration took 559 ms (3 blueprints)
[2017.11.29-11.20.58:253][329]PIE: New page: PIE session: 2DSideScrollerExampleMap (Nov 29, 2017, 1:20:58 PM)
[2017.11.29-11.20.58:254][329]LogPlayLevel: Creating play world package: /Game/2DSideScrollerBP/Maps/UEDPIE_0_2DSideScrollerExampleMap
[2017.11.29-11.20.58:259][329]LogPlayLevel: PIE: StaticDuplicateObject took: (0.005413s)
[2017.11.29-11.20.58:260][329]LogAIModule: Creating AISystem for world 2DSideScrollerExampleMap
[2017.11.29-11.20.58:261][329]LogPlayLevel: PIE: World Init took: (0.001401s)
[2017.11.29-11.20.58:261][329]LogPlayLevel: PIE: Created PIE world by copying editor world from /Game/2DSideScrollerBP/Maps/2DSideScrollerExampleMap.2DSideScrollerExampleMap to /Game/2DSideScrollerBP/Maps/UEDPIE_0_2DSideScrollerExampleMap.2DSideScrollerExampleMap (0.007714s)
[2017.11.29-11.20.58:301][329]LogInit: XAudio2 using 'Speakers (Conexant SmartAudio HD)' : 2 channels at 48 kHz using 32 bits per sample (channel mask 0x3)
[2017.11.29-11.20.58:316][329]LogInit: FAudioDevice initialized.
[2017.11.29-11.20.58:390][329]LogLoad: Game class is '2DSideScrollerGameMode_C'
[2017.11.29-11.20.58:394][329]LogWorld: Bringing World /Game/2DSideScrollerBP/Maps/UEDPIE_0_2DSideScrollerExampleMap.2DSideScrollerExampleMap up for play (max tick rate 0) at 2017.11.29-12.20.58
[2017.11.29-11.20.58:395][329]LogWorld: Bringing up level for play took: 0.004921
[2017.11.29-11.20.58:408][329]PIE: Play in editor start time for /Game/2DSideScrollerBP/Maps/UEDPIE_0_2DSideScrollerExampleMap 0.345
[2017.11.29-11.20.58:409][329]LogBlueprintUserMessages: Late PlayInEditor Detection: Level '/Game/2DSideScrollerBP/Maps/2DSideScrollerExampleMap.2DSideScrollerExampleMap:PersistentLevel' has LevelScriptBlueprint '/Game/2DSideScrollerBP/Maps/2DSideScrollerExampleMap.2DSideScrollerExampleMap:PersistentLevel.2DSideScrollerExampleMap' with GeneratedClass '/Game/2DSideScrollerBP/Maps/2DSideScrollerExampleMap.2DSideScrollerExampleMap_C' with ClassGeneratedBy '/Game/2DSideScrollerBP/Maps/2DSideScrollerExampleMap.2DSideScrollerExampleMap:PersistentLevel.2DSideScrollerExampleMap'
[2017.11.29-11.21.08:116][734]LogBlueprintUserMessages: Early EndPlayMap Detection: Level '/Game/2DSideScrollerBP/Maps/2DSideScrollerExampleMap.2DSideScrollerExampleMap:PersistentLevel' has LevelScriptBlueprint '/Game/2DSideScrollerBP/Maps/2DSideScrollerExampleMap.2DSideScrollerExampleMap:PersistentLevel.2DSideScrollerExampleMap' with GeneratedClass '/Game/2DSideScrollerBP/Maps/2DSideScrollerExampleMap.2DSideScrollerExampleMap_C' with ClassGeneratedBy '/Game/2DSideScrollerBP/Maps/2DSideScrollerExampleMap.2DSideScrollerExampleMap:PersistentLevel.2DSideScrollerExampleMap'
[2017.11.29-11.21.08:201][734]LogBlueprintUserMessages: Late EndPlayMap Detection: Level '/Game/2DSideScrollerBP/Maps/2DSideScrollerExampleMap.2DSideScrollerExampleMap:PersistentLevel' has LevelScriptBlueprint '/Game/2DSideScrollerBP/Maps/2DSideScrollerExampleMap.2DSideScrollerExampleMap:PersistentLevel.2DSideScrollerExampleMap' with GeneratedClass '/Game/2DSideScrollerBP/Maps/2DSideScrollerExampleMap.2DSideScrollerExampleMap_C' with ClassGeneratedBy '/Game/2DSideScrollerBP/Maps/2DSideScrollerExampleMap.2DSideScrollerExampleMap:PersistentLevel.2DSideScrollerExampleMap'
[2017.11.29-11.21.27:487][419]LogActorComponent: ReregisterComponent: (/Game/2DSideScrollerBP/Maps/2DSideScrollerExampleMap.2DSideScrollerExampleMap:PersistentLevel.Enemy2_44.CollisionCylinder) Not currently registered. Aborting.
[2017.11.29-11.21.27:487][419]LogActorComponent: ReregisterComponent: (/Game/2DSideScrollerBP/Maps/2DSideScrollerExampleMap.2DSideScrollerExampleMap:PersistentLevel.Enemy_942.CollisionCylinder) Not currently registered. Aborting.
[2017.11.29-11.21.27:487][419]LogActorComponent: ReregisterComponent: (/Engine/Transient.World_1:PersistentLevel.Enemy_C_0.CollisionCylinder) Not currently registered. Aborting.
[2017.11.29-11.21.33:446][853]LogTemp: Repeating last play command: New Editor Window (PIE)
[2017.11.29-11.21.33:475][853]LogBlueprintUserMessages: Early PlayInEditor Detection: Level '/Game/2DSideScrollerBP/Maps/2DSideScrollerExampleMap.2DSideScrollerExampleMap:PersistentLevel' has LevelScriptBlueprint '/Game/2DSideScrollerBP/Maps/2DSideScrollerExampleMap.2DSideScrollerExampleMap:PersistentLevel.2DSideScrollerExampleMap' with GeneratedClass '/Game/2DSideScrollerBP/Maps/2DSideScrollerExampleMap.2DSideScrollerExampleMap_C' with ClassGeneratedBy '/Game/2DSideScrollerBP/Maps/2DSideScrollerExampleMap.2DSideScrollerExampleMap:PersistentLevel.2DSideScrollerExampleMap'
[2017.11.29-11.21.33:475][853]BlueprintLog: New page: Pre-Play auto-recompile
[2017.11.29-11.21.33:498][853]LogPlayLevel: [PlayLevel] Compiling MeleeLeicht before play...
[2017.11.29-11.21.33:510][853]LogPlayLevel: [PlayLevel]   Compiling MeleeSchwer as a dependent...
[2017.11.29-11.21.33:523][853]LogPlayLevel: [PlayLevel]   Compiling Enemy as a dependent...
[2017.11.29-11.21.34:033][853]LogPlayLevel: PlayLevel: Blueprint regeneration took 557 ms (3 blueprints)
[2017.11.29-11.21.34:033][853]PIE: New page: PIE session: 2DSideScrollerExampleMap (Nov 29, 2017, 1:21:34 PM)
[2017.11.29-11.21.34:033][853]LogPlayLevel: Creating play world package: /Game/2DSideScrollerBP/Maps/UEDPIE_0_2DSideScrollerExampleMap
[2017.11.29-11.21.34:038][853]LogPlayLevel: PIE: StaticDuplicateObject took: (0.005036s)
[2017.11.29-11.21.34:039][853]LogAIModule: Creating AISystem for world 2DSideScrollerExampleMap
[2017.11.29-11.21.34:039][853]LogPlayLevel: PIE: World Init took: (0.001012s)
[2017.11.29-11.21.34:039][853]LogPlayLevel: PIE: Created PIE world by copying editor world from /Game/2DSideScrollerBP/Maps/2DSideScrollerExampleMap.2DSideScrollerExampleMap to /Game/2DSideScrollerBP/Maps/UEDPIE_0_2DSideScrollerExampleMap.2DSideScrollerExampleMap (0.006431s)
[2017.11.29-11.21.34:072][853]LogInit: XAudio2 using 'Speakers (Conexant SmartAudio HD)' : 2 channels at 48 kHz using 32 bits per sample (channel mask 0x3)
[2017.11.29-11.21.34:087][853]LogInit: FAudioDevice initialized.
[2017.11.29-11.21.34:158][853]LogLoad: Game class is '2DSideScrollerGameMode_C'
[2017.11.29-11.21.34:165][853]LogWorld: Bringing World /Game/2DSideScrollerBP/Maps/UEDPIE_0_2DSideScrollerExampleMap.2DSideScrollerExampleMap up for play (max tick rate 0) at 2017.11.29-12.21.34
[2017.11.29-11.21.34:167][853]LogWorld: Bringing up level for play took: 0.008293
[2017.11.29-11.21.34:176][853]PIE: Play in editor start time for /Game/2DSideScrollerBP/Maps/UEDPIE_0_2DSideScrollerExampleMap 0.113
[2017.11.29-11.21.34:176][853]LogBlueprintUserMessages: Late PlayInEditor Detection: Level '/Game/2DSideScrollerBP/Maps/2DSideScrollerExampleMap.2DSideScrollerExampleMap:PersistentLevel' has LevelScriptBlueprint '/Game/2DSideScrollerBP/Maps/2DSideScrollerExampleMap.2DSideScrollerExampleMap:PersistentLevel.2DSideScrollerExampleMap' with GeneratedClass '/Game/2DSideScrollerBP/Maps/2DSideScrollerExampleMap.2DSideScrollerExampleMap_C' with ClassGeneratedBy '/Game/2DSideScrollerBP/Maps/2DSideScrollerExampleMap.2DSideScrollerExampleMap:PersistentLevel.2DSideScrollerExampleMap'
[2017.11.29-11.21.41:655][190]LogBlueprintUserMessages: [Bob_Shoot_C_0] Hello
[2017.11.29-11.21.41:806][197]LogBlueprintUserMessages: [Bob_Shoot_C_1] Hello
[2017.11.29-11.21.41:918][202]LogBlueprintUserMessages: [Bob_Shoot_C_2] Hello
[2017.11.29-11.21.42:048][208]LogBlueprintUserMessages: [Bob_Shoot_C_3] Hello
[2017.11.29-11.21.42:156][213]LogBlueprintUserMessages: [Bob_Shoot_C_4] Hello
[2017.11.29-11.21.42:243][217]LogBlueprintUserMessages: [Bob_Shoot_C_5] Hello
[2017.11.29-11.21.42:397][224]LogBlueprintUserMessages: [Bob_Shoot_C_6] Hello
[2017.11.29-11.21.42:521][230]LogBlueprintUserMessages: [Bob_Shoot_C_7] Hello
[2017.11.29-11.21.42:634][235]LogBlueprintUserMessages: [Bob_Shoot_C_8] Hello
[2017.11.29-11.21.49:758][558]LogBlueprintUserMessages: [Bob_Shoot_C_9] Hello
[2017.11.29-11.22.00:569][ 60]LogBlueprintUserMessages: Early EndPlayMap Detection: Level '/Game/2DSideScrollerBP/Maps/2DSideScrollerExampleMap.2DSideScrollerExampleMap:PersistentLevel' has LevelScriptBlueprint '/Game/2DSideScrollerBP/Maps/2DSideScrollerExampleMap.2DSideScrollerExampleMap:PersistentLevel.2DSideScrollerExampleMap' with GeneratedClass '/Game/2DSideScrollerBP/Maps/2DSideScrollerExampleMap.2DSideScrollerExampleMap_C' with ClassGeneratedBy '/Game/2DSideScrollerBP/Maps/2DSideScrollerExampleMap.2DSideScrollerExampleMap:PersistentLevel.2DSideScrollerExampleMap'
[2017.11.29-11.22.00:656][ 60]LogBlueprintUserMessages: Late EndPlayMap Detection: Level '/Game/2DSideScrollerBP/Maps/2DSideScrollerExampleMap.2DSideScrollerExampleMap:PersistentLevel' has LevelScriptBlueprint '/Game/2DSideScrollerBP/Maps/2DSideScrollerExampleMap.2DSideScrollerExampleMap:PersistentLevel.2DSideScrollerExampleMap' with GeneratedClass '/Game/2DSideScrollerBP/Maps/2DSideScrollerExampleMap.2DSideScrollerExampleMap_C' with ClassGeneratedBy '/Game/2DSideScrollerBP/Maps/2DSideScrollerExampleMap.2DSideScrollerExampleMap:PersistentLevel.2DSideScrollerExampleMap'
[2017.11.29-11.22.11:137][ 26]SourceControl: fatal: C:/Program Files/Epic Games/UE_4.17/Engine/Content/: 'C:/Program Files/Epic Games/UE_4.17/Engine/Content/' is outside repository
[2017.11.29-11.22.14:173][ 26]LogSavePackage: Save=93.23ms
[2017.11.29-11.22.14:173][ 26]LogSavePackage: Moving '../../../../../../Users/Leif/Documents/GitHub/Projekt-B-Projekt-X/ProjektX_V0_1/Saved/EnemyBDC0AD2E45C3ECC7C808D29887690F2A.tmp' to '../../../../../../Users/Leif/Documents/GitHub/Projekt-B-Projekt-X/ProjektX_V0_1/Content/2DSideScrollerBP/Blueprints/Enemy.uasset'
[2017.11.29-11.22.14:186][ 26]LogSavePackage: Display: Finished SavePackage ../../../../../../Users/Leif/Documents/GitHub/Projekt-B-Projekt-X/ProjektX_V0_1/Content/2DSideScrollerBP/Blueprints/Enemy.uasset
[2017.11.29-11.22.14:901][ 26]LogSavePackage: Save=142.38ms
[2017.11.29-11.22.14:901][ 26]LogSavePackage: Moving '../../../../../../Users/Leif/Documents/GitHub/Projekt-B-Projekt-X/ProjektX_V0_1/Saved/2DSideScrollerExampleMap7E6D1A484E7393F33D2EC3A9D5F7FC37.tmp' to '../../../../../../Users/Leif/Documents/GitHub/Projekt-B-Projekt-X/ProjektX_V0_1/Content/2DSideScrollerBP/Maps/2DSideScrollerExampleMap.umap'
[2017.11.29-11.22.14:912][ 26]LogSavePackage: Display: Finished SavePackage ../../../../../../Users/Leif/Documents/GitHub/Projekt-B-Projekt-X/ProjektX_V0_1/Content/2DSideScrollerBP/Maps/2DSideScrollerExampleMap.umap
[2017.11.29-11.22.14:991][ 26]LogFileHelpers: Saving map '2DSideScrollerExampleMap' took 0.799
[2017.11.29-11.22.41:372][ 26]LogSourceControl: FGitCheckInWorker: commit successful
[2017.11.29-11.22.41:527][ 26]SourceControl: [master ec2313d] Some fixes + projectilePrototyp
[2017.11.29-11.22.41:527][ 26]SourceControl:  4 files changed, 0 insertions(+), 0 deletions(-)
[2017.11.29-11.22.41:527][ 26]SourceControl:  rewrite ProjektX_V0_1/Content/2DSideScrollerBP/Blueprints/Bob.uasset (72%)
[2017.11.29-11.22.41:527][ 26]SourceControl:  rewrite ProjektX_V0_1/Content/2DSideScrollerBP/Blueprints/Bob_Shoot.uasset (67%)
[2017.11.29-11.22.41:527][ 26]SourceControl:  rewrite ProjektX_V0_1/Content/2DSideScrollerBP/Maps/2DSideScrollerExampleMap.umap (70%)
[2017.11.29-11.22.41:538][ 26]SourceControl: Commited [master ec2313d] Some fixes + projectilePrototyp.
[2017.11.29-11.23.39:960][737]LogWindowsTextInputMethodSystem: Display: IME system now deactivated.
[2017.11.29-11.23.40:285][738]Cmd: QUIT_EDITOR
[2017.11.29-11.23.40:545][738]LogExit: Preparing to exit.
[2017.11.29-11.23.41:320][738]LogDirectoryWatcher: A directory notification for 'C:/Users/Leif/Documents/GitHub/Projekt-B-Projekt-X/ProjektX_V0_1/Content/' was aborted.
[2017.11.29-11.23.41:440][738]LogExit: Editor shut down
[2017.11.29-11.23.41:446][738]LogExit: Transaction tracking system shut down
[2017.11.29-11.23.41:732][738]LogDirectoryWatcher: A directory notification for '../../../Engine/Content/' was aborted.
[2017.11.29-11.23.41:732][738]LogDirectoryWatcher: A directory notification for '../../../../../../Users/Leif/Documents/GitHub/Projekt-B-Projekt-X/ProjektX_V0_1/Content/' was aborted.
[2017.11.29-11.23.41:732][738]LogDirectoryWatcher: A directory notification for '../../../Engine/Plugins/2D/Paper2D/Content/' was aborted.
[2017.11.29-11.23.41:732][738]LogDirectoryWatcher: A directory notification for '../../../Engine/Plugins/Runtime/Oculus/OculusVR/Content/' was aborted.
[2017.11.29-11.23.41:732][738]LogDirectoryWatcher: A directory notification for '../../../Engine/Plugins/Runtime/Steam/SteamVR/Content/' was aborted.
[2017.11.29-11.23.41:967][738]LogExit: Object subsystem successfully closed.
[2017.11.29-11.23.42:031][738]LogD3D11RHI: Shutdown
[2017.11.29-11.23.42:031][738]LogD3D11RHI: CleanupD3DDevice
[2017.11.29-11.23.42:310][738]LogD3D11RHI: ~FD3D11DynamicRHI
[2017.11.29-11.23.42:382][738]LogModuleManager: Shutting down and abandoning module BlueprintGraph (538)
[2017.11.29-11.23.42:382][738]LogModuleManager: Shutting down and abandoning module BlueprintProfiler (536)
[2017.11.29-11.23.42:383][738]LogModuleManager: Shutting down and abandoning module ExternalImagePicker (534)
[2017.11.29-11.23.42:384][738]LogModuleManager: Shutting down and abandoning module MovieSceneCapture (532)
[2017.11.29-11.23.42:384][738]LogModuleManager: Shutting down and abandoning module HierarchicalLODOutliner (530)
[2017.11.29-11.23.42:384][738]LogModuleManager: Shutting down and abandoning module SceneOutliner (528)
[2017.11.29-11.23.42:385][738]LogModuleManager: Shutting down and abandoning module AddContentDialog (526)
[2017.11.29-11.23.42:385][738]LogDirectoryWatcher: A directory notification for 'C:/Program Files/Epic Games/UE_4.17/FeaturePacks/' was aborted.
[2017.11.29-11.23.42:388][738]LogModuleManager: Shutting down and abandoning module WidgetCarousel (525)
[2017.11.29-11.23.42:388][738]LogModuleManager: Shutting down and abandoning module EditorWidgets (522)
[2017.11.29-11.23.42:388][738]LogModuleManager: Shutting down and abandoning module CollectionManager (520)
[2017.11.29-11.23.42:388][738]LogDirectoryWatcher: A directory notification for 'C:/Users/Leif/Documents/GitHub/Projekt-B-Projekt-X/ProjektX_V0_1/Content/Collections/' was aborted.
[2017.11.29-11.23.42:388][738]LogDirectoryWatcher: A directory notification for 'C:/Users/Leif/Documents/GitHub/Projekt-B-Projekt-X/ProjektX_V0_1/Content/Developers/Leif/Collections/' was aborted.
[2017.11.29-11.23.42:388][738]LogDirectoryWatcher: A directory notification for 'C:/Users/Leif/Documents/GitHub/Projekt-B-Projekt-X/ProjektX_V0_1/Saved/Collections/' was aborted.
[2017.11.29-11.23.42:388][738]LogModuleManager: Shutting down and abandoning module StatsViewer (518)
[2017.11.29-11.23.42:389][738]LogModuleManager: Shutting down and abandoning module FoliageEdit (516)
[2017.11.29-11.23.42:389][738]LogModuleManager: Shutting down and abandoning module LandscapeEditor (514)
[2017.11.29-11.23.42:389][738]LogModuleManager: Shutting down and abandoning module MeshPaintMode (512)
[2017.11.29-11.23.42:389][738]LogModuleManager: Shutting down and abandoning module SceneDepthPickerMode (510)
[2017.11.29-11.23.42:390][738]LogModuleManager: Shutting down and abandoning module ActorPickerMode (508)
[2017.11.29-11.23.42:390][738]LogModuleManager: Shutting down and abandoning module GeometryMode (506)
[2017.11.29-11.23.42:390][738]LogModuleManager: Shutting down and abandoning module TextureAlignMode (504)
[2017.11.29-11.23.42:390][738]LogModuleManager: Shutting down and abandoning module BspMode (502)
[2017.11.29-11.23.42:390][738]LogModuleManager: Shutting down and abandoning module PIEPreviewDeviceProfileSelector (500)
[2017.11.29-11.23.42:390][738]LogModuleManager: Shutting down and abandoning module HardwareSurvey (498)
[2017.11.29-11.23.42:390][738]LogModuleManager: Shutting down and abandoning module SequenceRecorderSections (496)
[2017.11.29-11.23.42:390][738]LogModuleManager: Shutting down and abandoning module AutomationWorker (494)
[2017.11.29-11.23.42:390][738]LogModuleManager: Shutting down and abandoning module MatineeToLevelSequence (492)
[2017.11.29-11.23.42:391][738]LogModuleManager: Shutting down and abandoning module LevelSequenceEditor (490)
[2017.11.29-11.23.42:393][738]LogModuleManager: Shutting down and abandoning module PlacementMode (489)
[2017.11.29-11.23.42:393][738]LogModuleManager: Shutting down and abandoning module WmfMediaFactory (486)
[2017.11.29-11.23.42:393][738]LogModuleManager: Shutting down and abandoning module WmfMediaEditor (484)
[2017.11.29-11.23.42:393][738]LogModuleManager: Shutting down and abandoning module AvfMediaFactory (482)
[2017.11.29-11.23.42:393][738]LogModuleManager: Shutting down and abandoning module AvfMediaEditor (480)
[2017.11.29-11.23.42:393][738]LogModuleManager: Shutting down and abandoning module AndroidMediaFactory (478)
[2017.11.29-11.23.42:393][738]LogModuleManager: Shutting down and abandoning module Media (477)
[2017.11.29-11.23.42:393][738]LogModuleManager: Shutting down and abandoning module AndroidMediaEditor (474)
[2017.11.29-11.23.42:393][738]LogModuleManager: Shutting down and abandoning module CharacterAI (472)
[2017.11.29-11.23.42:393][738]LogModuleManager: Shutting down and abandoning module AudioCapture (470)
[2017.11.29-11.23.42:393][738]LogModuleManager: Shutting down and abandoning module SequenceRecorder (469)
[2017.11.29-11.23.42:394][738]LogModuleManager: Shutting down and abandoning module SmartSnapping (466)
[2017.11.29-11.23.42:394][738]LogModuleManager: Shutting down and abandoning module SessionServices (464)
[2017.11.29-11.23.42:394][738]LogModuleManager: Shutting down and abandoning module ViewportSnapping (462)
[2017.11.29-11.23.42:394][738]LogModuleManager: Shutting down and abandoning module ViewportInteraction (460)
[2017.11.29-11.23.42:394][738]LogModuleManager: Shutting down and abandoning module ClothPainter (458)
[2017.11.29-11.23.42:395][738]LogModuleManager: Shutting down and abandoning module LogVisualizer (456)
[2017.11.29-11.23.42:396][738]LogModuleManager: Shutting down and abandoning module IntroTutorials (454)
[2017.11.29-11.23.42:398][738]LogModuleManager: Shutting down and abandoning module GameProjectGeneration (453)
[2017.11.29-11.23.42:398][738]LogModuleManager: Shutting down and abandoning module IOSPlatformEditor (450)
[2017.11.29-11.23.42:398][738]LogModuleManager: Shutting down and abandoning module HTML5PlatformEditor (448)
[2017.11.29-11.23.42:398][738]LogModuleManager: Shutting down and abandoning module AndroidPlatformEditor (446)
[2017.11.29-11.23.42:398][738]LogModuleManager: Shutting down and abandoning module AndroidDeviceDetection (445)
[2017.11.29-11.23.43:172][738]LogModuleManager: Shutting down and abandoning module WindowsPlatformEditor (442)
[2017.11.29-11.23.43:172][738]LogModuleManager: Shutting down and abandoning module IOSRuntimeSettings (440)
[2017.11.29-11.23.43:172][738]LogModuleManager: Shutting down and abandoning module AndroidRuntimeSettings (438)
[2017.11.29-11.23.43:172][738]LogModuleManager: Shutting down and abandoning module InputBindingEditor (436)
[2017.11.29-11.23.43:172][738]LogModuleManager: Shutting down and abandoning module MergeActors (434)
[2017.11.29-11.23.43:175][738]LogModuleManager: Shutting down and abandoning module SizeMap (432)
[2017.11.29-11.23.43:175][738]LogModuleManager: Shutting down and abandoning module TreeMap (430)
[2017.11.29-11.23.43:176][738]LogModuleManager: Shutting down and abandoning module ReferenceViewer (428)
[2017.11.29-11.23.43:176][738]LogModuleManager: Shutting down and abandoning module LocalizationDashboard (426)
[2017.11.29-11.23.43:177][738]LogModuleManager: Shutting down and abandoning module LocalizationService (425)
[2017.11.29-11.23.43:178][738]LogModuleManager: Shutting down and abandoning module HardwareTargeting (422)
[2017.11.29-11.23.43:178][738]LogModuleManager: Shutting down and abandoning module DeviceProfileEditor (420)
[2017.11.29-11.23.43:178][738]LogModuleManager: Shutting down and abandoning module UndoHistory (418)
[2017.11.29-11.23.43:178][738]LogModuleManager: Shutting down and abandoning module XmlParser (416)
[2017.11.29-11.23.43:178][738]LogModuleManager: Shutting down and abandoning module Blutility (414)
[2017.11.29-11.23.43:178][738]LogModuleManager: Shutting down and abandoning module ProjectSettingsViewer (412)
[2017.11.29-11.23.43:178][738]LogModuleManager: Shutting down and abandoning module ProjectTargetPlatformEditor (411)
[2017.11.29-11.23.43:178][738]LogModuleManager: Shutting down and abandoning module EditorSettingsViewer (408)
[2017.11.29-11.23.43:179][738]LogModuleManager: Shutting down and abandoning module SettingsEditor (406)
[2017.11.29-11.23.43:179][738]LogModuleManager: Shutting down and abandoning module ProjectLauncher (404)
[2017.11.29-11.23.43:180][738]LogModuleManager: Shutting down and abandoning module SessionFrontend (402)
[2017.11.29-11.23.43:180][738]LogModuleManager: Shutting down and abandoning module ProfilerClient (400)
[2017.11.29-11.23.43:180][738]LogModuleManager: Shutting down and abandoning module DeviceManager (398)
[2017.11.29-11.23.43:181][738]LogModuleManager: Shutting down and abandoning module TargetDeviceServices (397)
[2017.11.29-11.23.43:245][738]LogModuleManager: Shutting down and abandoning module AutomationController (394)
[2017.11.29-11.23.43:248][738]LogModuleManager: Shutting down and abandoning module AutomationWindow (392)
[2017.11.29-11.23.43:249][738]LogModuleManager: Shutting down and abandoning module Layers (390)
[2017.11.29-11.23.43:251][738]LogModuleManager: Shutting down and abandoning module ComponentVisualizers (388)
[2017.11.29-11.23.43:251][738]LogModuleManager: Shutting down and abandoning module DetailCustomizations (386)
[2017.11.29-11.23.43:251][738]LogModuleManager: Shutting down and abandoning module PackagesDialog (384)
[2017.11.29-11.23.43:251][738]LogModuleManager: Shutting down and abandoning module Persona (382)
[2017.11.29-11.23.43:253][738]LogModuleManager: Shutting down and abandoning module AdvancedPreviewScene (381)
[2017.11.29-11.23.43:253][738]LogModuleManager: Shutting down and abandoning module AnimGraph (379)
[2017.11.29-11.23.43:253][738]LogModuleManager: Shutting down and abandoning module Kismet (376)
[2017.11.29-11.23.43:265][738]LogModuleManager: Shutting down and abandoning module ClassViewer (374)
[2017.11.29-11.23.43:265][738]LogModuleManager: Shutting down and abandoning module Toolbox (372)
[2017.11.29-11.23.43:265][738]LogModuleManager: Shutting down and abandoning module ModuleUI (370)
[2017.11.29-11.23.43:266][738]LogModuleManager: Shutting down and abandoning module MovieSceneTools (368)
[2017.11.29-11.23.43:267][738]LogModuleManager: Shutting down and abandoning module OutputLog (366)
[2017.11.29-11.23.43:267][738]LogModuleManager: Shutting down and abandoning module GammaUI (364)
[2017.11.29-11.23.43:267][738]LogModuleManager: Shutting down and abandoning module Documentation (362)
[2017.11.29-11.23.43:267][738]LogModuleManager: Shutting down and abandoning module MovieSceneTracks (360)
[2017.11.29-11.23.43:267][738]LogModuleManager: Shutting down and abandoning module MovieScene (358)
[2017.11.29-11.23.43:267][738]LogModuleManager: Shutting down and abandoning module Niagara (356)
[2017.11.29-11.23.43:267][738]LogModuleManager: Shutting down and abandoning module NiagaraEditor (355)
[2017.11.29-11.23.43:269][738]LogModuleManager: Shutting down and abandoning module StreamingPauseRendering (352)
[2017.11.29-11.23.43:269][738]LogModuleManager: Shutting down and abandoning module LauncherPlatform (350)
[2017.11.29-11.23.43:269][738]LogModuleManager: Shutting down and abandoning module AnalyticsET (348)
[2017.11.29-11.23.43:269][738]LogModuleManager: Shutting down and abandoning module PortalServices (346)
[2017.11.29-11.23.43:269][738]LogModuleManager: Shutting down and abandoning module PortalRpc (344)
[2017.11.29-11.23.43:269][738]LogModuleManager: Shutting down and abandoning module MessagingRpc (342)
[2017.11.29-11.23.43:269][738]LogModuleManager: Shutting down and abandoning module AIModule (340)
[2017.11.29-11.23.43:269][738]LogModuleManager: Shutting down and abandoning module GameplayDebugger (339)
[2017.11.29-11.23.43:269][738]LogModuleManager: Shutting down and abandoning module AITestSuite (337)
[2017.11.29-11.23.43:269][738]LogModuleManager: Shutting down and abandoning module ProfilerService (334)
[2017.11.29-11.23.43:480][738]LogModuleManager: Shutting down and abandoning module TaskGraph (332)
[2017.11.29-11.23.43:483][738]LogModuleManager: Shutting down and abandoning module SteamVRController (330)
[2017.11.29-11.23.43:483][738]LogModuleManager: Shutting down and abandoning module ProceduralMeshComponentEditor (328)
[2017.11.29-11.23.43:483][738]LogModuleManager: Shutting down and abandoning module ProceduralMeshComponent (326)
[2017.11.29-11.23.43:483][738]LogModuleManager: Shutting down and abandoning module OculusInput (324)
[2017.11.29-11.23.43:484][738]LogModuleManager: Shutting down and abandoning module MobilePatchingUtils (322)
[2017.11.29-11.23.43:484][738]LogModuleManager: Shutting down and abandoning module CustomMeshComponent (320)
[2017.11.29-11.23.43:484][738]LogModuleManager: Shutting down and abandoning module CableComponent (318)
[2017.11.29-11.23.43:484][738]LogModuleManager: Shutting down and abandoning module ArchVisCharacter (316)
[2017.11.29-11.23.43:484][738]LogModuleManager: Shutting down and abandoning module AndroidPermission (314)
[2017.11.29-11.23.43:484][738]LogModuleManager: Shutting down and abandoning module MediaPlayerEditor (310)
[2017.11.29-11.23.43:489][738]LogModuleManager: Shutting down and abandoning module HTML5Networking (308)
[2017.11.29-11.23.43:489][738]LogModuleManager: Shutting down and abandoning module AlembicImporter (306)
[2017.11.29-11.23.43:490][738]LogModuleManager: Shutting down and abandoning module AlembicLibrary (305)
[2017.11.29-11.23.43:495][738]LogModuleManager: Shutting down and abandoning module GeometryCache (304)
[2017.11.29-11.23.43:495][738]LogModuleManager: Shutting down and abandoning module GeometryCacheEd (303)
[2017.11.29-11.23.43:495][738]LogModuleManager: Shutting down and abandoning module SpeedTreeImporter (298)
[2017.11.29-11.23.43:495][738]LogModuleManager: Shutting down and abandoning module PluginBrowser (296)
[2017.11.29-11.23.43:499][738]LogModuleManager: Shutting down and abandoning module MobileLauncherProfileWizard (294)
[2017.11.29-11.23.43:499][738]LogModuleManager: Shutting down and abandoning module VisualStudioSourceCodeAccess (292)
[2017.11.29-11.23.43:499][738]LogModuleManager: Shutting down and abandoning module DesktopPlatform (291)
[2017.11.29-11.23.43:500][738]LogModuleManager: Shutting down and abandoning module UObjectPlugin (288)
[2017.11.29-11.23.43:500][738]LogModuleManager: Shutting down and abandoning module SubversionSourceControl (286)
[2017.11.29-11.23.43:500][738]LogModuleManager: Shutting down and abandoning module PerforceSourceControl (284)
[2017.11.29-11.23.43:502][738]LogModuleManager: Shutting down and abandoning module GitSourceControl (282)
[2017.11.29-11.23.43:502][738]LogModuleManager: Shutting down and abandoning module SourceControl (281)
[2017.11.29-11.23.43:502][738]LogModuleManager: Shutting down and abandoning module LightPropagationVolumeEditor (278)
[2017.11.29-11.23.43:502][738]LogModuleManager: Shutting down and abandoning module PaperTiledImporter (276)
[2017.11.29-11.23.43:502][738]LogModuleManager: Shutting down and abandoning module PaperSpriteSheetImporter (274)
[2017.11.29-11.23.43:502][738]LogModuleManager: Shutting down and abandoning module Paper2DEditor (272)
[2017.11.29-11.23.43:502][738]LogModuleManager: Shutting down and abandoning module MeshPaint (271)
[2017.11.29-11.23.43:503][738]LogModuleManager: Shutting down and abandoning module LevelEditor (269)
[2017.11.29-11.23.43:504][738]LogModuleManager: Shutting down and abandoning module PixelInspectorModule (268)
[2017.11.29-11.23.43:505][738]LogModuleManager: Shutting down and abandoning module MainFrame (266)
[2017.11.29-11.23.43:505][738]LogModuleManager: Shutting down and abandoning module HotReload (265)
[2017.11.29-11.23.43:506][738]LogModuleManager: Shutting down and abandoning module RuntimePhysXCooking (260)
[2017.11.29-11.23.43:506][738]LogModuleManager: Shutting down and abandoning module PhysXVehiclesEditor (258)
[2017.11.29-11.23.43:506][738]LogModuleManager: Shutting down and abandoning module PhysXVehicles (256)
[2017.11.29-11.23.43:507][738]LogModuleManager: Shutting down and abandoning module OculusEditor (254)
[2017.11.29-11.23.43:507][738]LogModuleManager: Shutting down and abandoning module LocationServicesBPLibrary (252)
[2017.11.29-11.23.43:507][738]LogModuleManager: Shutting down and abandoning module ImmediatePhysicsEditor (250)
[2017.11.29-11.23.43:507][738]LogModuleManager: Shutting down and abandoning module ImmediatePhysics (248)
[2017.11.29-11.23.43:507][738]LogModuleManager: Shutting down and abandoning module UdpMessaging (246)
[2017.11.29-11.23.43:608][738]LogModuleManager: Shutting down and abandoning module TcpMessaging (244)
[2017.11.29-11.23.43:712][738]LogModuleManager: Shutting down and abandoning module GameplayTagsEditor (242)
[2017.11.29-11.23.43:714][738]LogModuleManager: Shutting down and abandoning module FacialAnimationEditor (240)
[2017.11.29-11.23.43:714][738]LogModuleManager: Shutting down and abandoning module FacialAnimation (238)
[2017.11.29-11.23.43:714][738]LogModuleManager: Shutting down and abandoning module AssetManagerEditor (236)
[2017.11.29-11.23.43:715][738]LogModuleManager: Shutting down and abandoning module GraphEditor (235)
[2017.11.29-11.23.43:715][738]LogModuleManager: Shutting down and abandoning module ContentBrowser (233)
[2017.11.29-11.23.43:716][738]LogModuleManager: Shutting down and abandoning module LightPropagationVolumeRuntime (230)
[2017.11.29-11.23.43:716][738]LogModuleManager: Shutting down and abandoning module Paper2D (228)
[2017.11.29-11.23.43:716][738]LogModuleManager: Shutting down and abandoning module WindowsMoviePlayer (226)
[2017.11.29-11.23.43:716][738]LogModuleManager: Shutting down and abandoning module WmfMedia (224)
[2017.11.29-11.23.43:717][738]LogModuleManager: Shutting down and abandoning module PacketHandler (222)
[2017.11.29-11.23.43:717][738]LogModuleManager: Shutting down and abandoning module ClothingSystemEditor (220)
[2017.11.29-11.23.43:717][738]LogModuleManager: Shutting down and abandoning module ClothingSystemRuntime (218)
[2017.11.29-11.23.43:718][738]LogModuleManager: Shutting down and abandoning module Overlay (216)
[2017.11.29-11.23.43:718][738]LogModuleManager: Shutting down and abandoning module OverlayEditor (215)
[2017.11.29-11.23.43:718][738]LogModuleManager: Shutting down and abandoning module MediaAssets (212)
[2017.11.29-11.23.43:718][738]LogModuleManager: Shutting down and abandoning module VREditor (210)
[2017.11.29-11.23.43:719][738]LogModuleManager: Shutting down and abandoning module StringTableEditor (208)
[2017.11.29-11.23.43:719][738]LogModuleManager: Shutting down and abandoning module GameplayTasksEditor (206)
[2017.11.29-11.23.43:719][738]LogModuleManager: Shutting down and abandoning module BehaviorTreeEditor (204)
[2017.11.29-11.23.43:721][738]LogModuleManager: Shutting down and abandoning module FunctionalTesting (202)
[2017.11.29-11.23.43:721][738]LogModuleManager: Shutting down and abandoning module CollisionAnalyzer (200)
[2017.11.29-11.23.43:721][738]LogModuleManager: Shutting down and abandoning module WorkspaceMenuStructure (199)
[2017.11.29-11.23.43:721][738]LogModuleManager: Shutting down and abandoning module UMG (196)
[2017.11.29-11.23.43:722][738]LogModuleManager: Shutting down and abandoning module UMGEditor (195)
[2017.11.29-11.23.43:723][738]LogModuleManager: Shutting down and abandoning module Sequencer (194)
[2017.11.29-11.23.43:724][738]LogModuleManager: Shutting down and abandoning module MessageLog (191)
[2017.11.29-11.23.43:724][738]LogModuleManager: Shutting down and abandoning module SlateReflector (186)
[2017.11.29-11.23.43:729][738]LogModuleManager: Shutting down and abandoning module Slate (184)
[2017.11.29-11.23.43:729][738]LogModuleManager: Shutting down and abandoning module EditorStyle (182)
[2017.11.29-11.23.43:734][738]LogModuleManager: Shutting down and abandoning module MRMesh (180)
[2017.11.29-11.23.43:734][738]LogModuleManager: Shutting down and abandoning module SourceCodeAccess (178)
[2017.11.29-11.23.43:734][738]LogModuleManager: Shutting down and abandoning module HeadMountedDisplay (176)
[2017.11.29-11.23.43:734][738]LogModuleManager: Shutting down and abandoning module XAudio2 (174)
[2017.11.29-11.23.43:734][738]LogModuleManager: Shutting down and abandoning module Networking (172)
[2017.11.29-11.23.43:734][738]LogModuleManager: Shutting down and abandoning module Core (168)
[2017.11.29-11.23.43:734][738]LogModuleManager: Shutting down and abandoning module KismetCompiler (164)
[2017.11.29-11.23.43:735][738]LogModuleManager: Shutting down and abandoning module LevelSequence (162)
[2017.11.29-11.23.43:735][738]LogModuleManager: Shutting down and abandoning module MeshUtilities (160)
[2017.11.29-11.23.43:736][738]LogModuleManager: Shutting down and abandoning module MeshMergeUtilities (159)
[2017.11.29-11.23.43:736][738]LogModuleManager: Shutting down and abandoning module MeshReductionInterface (158)
[2017.11.29-11.23.43:737][738]LogModuleManager: Shutting down and abandoning module SimplygonSwarm (157)
[2017.11.29-11.23.43:737][738]LogModuleManager: Shutting down and abandoning module SimplygonMeshReduction (155)
[2017.11.29-11.23.43:737][738]LogModuleManager: Shutting down and abandoning module QuadricMeshReduction (153)
[2017.11.29-11.23.43:737][738]LogModuleManager: Shutting down and abandoning module MaterialBaking (149)
[2017.11.29-11.23.43:738][738]LogModuleManager: Shutting down and abandoning module DirectoryWatcher (146)
[2017.11.29-11.23.43:745][738]LogModuleManager: Shutting down and abandoning module DerivedDataCache (144)
[2017.11.29-11.23.43:766][738]LogDerivedDataCache: Shutdown
[2017.11.29-11.23.43:766][738]LogModuleManager: Shutting down and abandoning module TargetPlatform (142)
[2017.11.29-11.23.43:766][738]LogModuleManager: Shutting down and abandoning module VulkanShaderFormat (141)
[2017.11.29-11.23.43:767][738]LogModuleManager: Shutting down and abandoning module ShaderFormatVectorVM (139)
[2017.11.29-11.23.43:767][738]LogModuleManager: Shutting down and abandoning module ShaderFormatOpenGL (137)
[2017.11.29-11.23.43:767][738]LogModuleManager: Shutting down and abandoning module ShaderFormatD3D (135)
[2017.11.29-11.23.43:768][738]LogModuleManager: Shutting down and abandoning module MetalShaderFormat (133)
[2017.11.29-11.23.43:768][738]LogModuleManager: Shutting down and abandoning module TextureFormatUncompressed (131)
[2017.11.29-11.23.43:768][738]LogModuleManager: Shutting down and abandoning module TextureFormatPVR (129)
[2017.11.29-11.23.43:768][738]LogModuleManager: Shutting down and abandoning module TextureFormatDXT (127)
[2017.11.29-11.23.43:769][738]LogModuleManager: Shutting down and abandoning module TextureFormatIntelISPCTexComp (125)
[2017.11.29-11.23.43:769][738]LogModuleManager: Shutting down and abandoning module TextureFormatASTC (123)
[2017.11.29-11.23.43:769][738]LogModuleManager: Shutting down and abandoning module ImageWrapper (122)
[2017.11.29-11.23.43:769][738]LogModuleManager: Shutting down and abandoning module TextureFormatAndroid (119)
[2017.11.29-11.23.43:769][738]LogModuleManager: Shutting down and abandoning module AudioFormatOpus (117)
[2017.11.29-11.23.43:769][738]LogModuleManager: Shutting down and abandoning module AudioFormatOgg (115)
[2017.11.29-11.23.43:769][738]LogModuleManager: Shutting down and abandoning module AudioFormatADPCM (113)
[2017.11.29-11.23.43:769][738]LogModuleManager: Shutting down and abandoning module LinuxTargetPlatform (111)
[2017.11.29-11.23.43:769][738]LogModuleManager: Shutting down and abandoning module LinuxServerTargetPlatform (109)
[2017.11.29-11.23.43:769][738]LogModuleManager: Shutting down and abandoning module LinuxNoEditorTargetPlatform (107)
[2017.11.29-11.23.43:769][738]LogModuleManager: Shutting down and abandoning module LinuxClientTargetPlatform (105)
[2017.11.29-11.23.43:769][738]LogModuleManager: Shutting down and abandoning module TVOSTargetPlatform (103)
[2017.11.29-11.23.43:770][738]LogModuleManager: Shutting down and abandoning module Messaging (101)
[2017.11.29-11.23.43:770][738]LogModuleManager: Shutting down and abandoning module IOSTargetPlatform (99)
[2017.11.29-11.23.43:770][738]LogModuleManager: Shutting down and abandoning module HTML5TargetPlatform (97)
[2017.11.29-11.23.43:770][738]LogModuleManager: Shutting down and abandoning module Android_PVRTCTargetPlatform (95)
[2017.11.29-11.23.43:770][738]LogModuleManager: Shutting down and abandoning module Android_MultiTargetPlatform (93)
[2017.11.29-11.23.43:770][738]LogModuleManager: Shutting down and abandoning module Android_ETC2TargetPlatform (91)
[2017.11.29-11.23.43:770][738]LogModuleManager: Shutting down and abandoning module Android_ETC1TargetPlatform (89)
[2017.11.29-11.23.43:770][738]LogModuleManager: Shutting down and abandoning module Android_DXTTargetPlatform (87)
[2017.11.29-11.23.43:770][738]LogModuleManager: Shutting down and abandoning module Android_ATCTargetPlatform (85)
[2017.11.29-11.23.43:770][738]LogModuleManager: Shutting down and abandoning module Android_ASTCTargetPlatform (83)
[2017.11.29-11.23.43:770][738]LogModuleManager: Shutting down and abandoning module AndroidTargetPlatform (81)
[2017.11.29-11.23.43:770][738]LogModuleManager: Shutting down and abandoning module WindowsTargetPlatform (79)
[2017.11.29-11.23.43:770][738]LogModuleManager: Shutting down and abandoning module WindowsServerTargetPlatform (77)
[2017.11.29-11.23.43:770][738]LogModuleManager: Shutting down and abandoning module WindowsNoEditorTargetPlatform (75)
[2017.11.29-11.23.43:770][738]LogModuleManager: Shutting down and abandoning module WindowsClientTargetPlatform (73)
[2017.11.29-11.23.43:770][738]LogModuleManager: Shutting down and abandoning module MacTargetPlatform (71)
[2017.11.29-11.23.43:770][738]LogModuleManager: Shutting down and abandoning module MacServerTargetPlatform (69)
[2017.11.29-11.23.43:770][738]LogModuleManager: Shutting down and abandoning module MacNoEditorTargetPlatform (67)
[2017.11.29-11.23.43:770][738]LogModuleManager: Shutting down and abandoning module MacClientTargetPlatform (65)
[2017.11.29-11.23.43:770][738]LogModuleManager: Shutting down and abandoning module AllDesktopTargetPlatform (63)
[2017.11.29-11.23.43:770][738]LogModuleManager: Shutting down and abandoning module InputCore (60)
[2017.11.29-11.23.43:771][738]LogModuleManager: Shutting down and abandoning module Settings (58)
[2017.11.29-11.23.43:771][738]LogModuleManager: Shutting down and abandoning module PhysXCooking (56)
[2017.11.29-11.23.43:771][738]LogModuleManager: Shutting down and abandoning module SteamVR (54)
[2017.11.29-11.23.43:771][738]LogModuleManager: Shutting down and abandoning module OculusHMD (52)
[2017.11.29-11.23.43:771][738]LogModuleManager: Shutting down and abandoning module ExampleDeviceProfileSelector (50)
[2017.11.29-11.23.43:771][738]LogModuleManager: Shutting down and abandoning module OnlineBlueprintSupport (48)
[2017.11.29-11.23.43:771][738]LogModuleManager: Shutting down and abandoning module OnlineSubsystem (44)
[2017.11.29-11.23.43:771][738]LogOnline: Display: Unloading online subsystem: NULL
[2017.11.29-11.23.43:772][738]LogModuleManager: Shutting down and abandoning module XMPP (43)
[2017.11.29-11.23.43:773][738]LogModuleManager: Shutting down and abandoning module HTTP (41)
[2017.11.29-11.23.43:773][738]LogHttp: Display: Http module shutting down, but needs to wait on 1 outstanding Http requests:
[2017.11.29-11.23.43:774][738]LogHttp: Display: 	verb=[POST] url=[https://datarouter.ol.epicgames.com/datarouter/api/v1/public/data?SessionID=%7B904D7BB0-4D32-AB7A-F1C8-43BF0971387A%7D&AppID=UEEditor.Rocket.Release&AppVersion=4.17.1-3586342%2B%2B%2BUE4%2BRelease-4.17&UserID=efba3ab9482b305128aa6e811f8e1b76%7C69587fd7c6ae41c4ad6af4aa39d8897a%7C4823cf29-f1b7-4149-9c67-b669424bd616&AppEnvironment=datacollector-binary&UploadType=eteventstream] status=Processing
[2017.11.29-11.23.43:804][738]LogModuleManager: Shutting down and abandoning module SSL (40)
[2017.11.29-11.23.43:806][738]LogModuleManager: Shutting down and abandoning module AnimationModifiers (36)
[2017.11.29-11.23.43:807][738]LogModuleManager: Shutting down and abandoning module PropertyEditor (35)
[2017.11.29-11.23.43:807][738]LogModuleManager: Shutting down and abandoning module AudioEditor (32)
[2017.11.29-11.23.43:808][738]LogModuleManager: Shutting down and abandoning module TextureCompressor (30)
[2017.11.29-11.23.43:811][738]LogModuleManager: Shutting down and abandoning module ShaderCore (28)
[2017.11.29-11.23.43:811][738]LogModuleManager: Shutting down and abandoning module Landscape (26)
[2017.11.29-11.23.43:811][738]LogModuleManager: Shutting down and abandoning module SlateRHIRenderer (24)
[2017.11.29-11.23.43:816][738]LogModuleManager: Shutting down and abandoning module OpenGLDrv (22)
[2017.11.29-11.23.43:816][738]LogModuleManager: Shutting down and abandoning module D3D11RHI (20)
[2017.11.29-11.23.43:816][738]LogModuleManager: Shutting down and abandoning module AnimGraphRuntime (18)
[2017.11.29-11.23.43:816][738]LogModuleManager: Shutting down and abandoning module Renderer (16)
[2017.11.29-11.23.43:817][738]LogModuleManager: Shutting down and abandoning module Engine (14)
[2017.11.29-11.23.43:817][738]LogModuleManager: Shutting down and abandoning module CoreUObject (12)
[2017.11.29-11.23.43:817][738]LogModuleManager: Shutting down and abandoning module NetworkFile (10)
[2017.11.29-11.23.43:817][738]LogModuleManager: Shutting down and abandoning module CookedIterativeFile (8)
[2017.11.29-11.23.43:817][738]LogModuleManager: Shutting down and abandoning module StreamingFile (6)
[2017.11.29-11.23.43:817][738]LogModuleManager: Shutting down and abandoning module SandboxFile (4)
[2017.11.29-11.23.43:817][738]LogModuleManager: Shutting down and abandoning module PakFile (2)
[2017.11.29-11.23.43:821][738]LogExit: Exiting.
[2017.11.29-11.23.43:917][738]Log file closed, 11/29/17 12:23:43
